{"total": {"lines":{"total":4110,"covered":2871,"skipped":0,"pct":69.85},"statements":{"total":5783,"covered":3610,"skipped":0,"pct":62.42},"functions":{"total":2189,"covered":1136,"skipped":0,"pct":51.89},"branches":{"total":3724,"covered":1597,"skipped":0,"pct":42.88},"branchesTrue":{"total":0,"covered":0,"skipped":0,"pct":100}}
,"/Users/amir/dev/nodejs/doable-dev-58/src/middleware.ts": {"lines":{"total":12,"covered":0,"skipped":0,"pct":0},"functions":{"total":2,"covered":0,"skipped":0,"pct":0},"statements":{"total":13,"covered":0,"skipped":0,"pct":0},"branches":{"total":11,"covered":0,"skipped":0,"pct":0}}
,"/Users/amir/dev/nodejs/doable-dev-58/src/_pages/calendar-day/ui/CalendarDayPage.tsx": {"lines":{"total":43,"covered":35,"skipped":0,"pct":81.39},"functions":{"total":32,"covered":27,"skipped":0,"pct":84.37},"statements":{"total":73,"covered":48,"skipped":0,"pct":65.75},"branches":{"total":9,"covered":6,"skipped":0,"pct":66.66}}
,"/Users/amir/dev/nodejs/doable-dev-58/src/_pages/tasks-todo/api/useGoalsLoader.tsx": {"lines":{"total":3,"covered":2,"skipped":0,"pct":66.66},"functions":{"total":3,"covered":1,"skipped":0,"pct":33.33},"statements":{"total":3,"covered":2,"skipped":0,"pct":66.66},"branches":{"total":3,"covered":1,"skipped":0,"pct":33.33}}
,"/Users/amir/dev/nodejs/doable-dev-58/src/_pages/tasks-todo/api/useTasksLoader.tsx": {"lines":{"total":3,"covered":2,"skipped":0,"pct":66.66},"functions":{"total":3,"covered":1,"skipped":0,"pct":33.33},"statements":{"total":3,"covered":2,"skipped":0,"pct":66.66},"branches":{"total":3,"covered":1,"skipped":0,"pct":33.33}}
,"/Users/amir/dev/nodejs/doable-dev-58/src/_pages/tasks-todo/model/groupTasks.tsx": {"lines":{"total":30,"covered":27,"skipped":0,"pct":90},"functions":{"total":18,"covered":16,"skipped":0,"pct":88.88},"statements":{"total":57,"covered":46,"skipped":0,"pct":80.7},"branches":{"total":51,"covered":32,"skipped":0,"pct":62.74}}
,"/Users/amir/dev/nodejs/doable-dev-58/src/_pages/tasks-todo/model/sortTasks.tsx": {"lines":{"total":24,"covered":18,"skipped":0,"pct":75},"functions":{"total":26,"covered":15,"skipped":0,"pct":57.69},"statements":{"total":38,"covered":27,"skipped":0,"pct":71.05},"branches":{"total":55,"covered":28,"skipped":0,"pct":50.9}}
,"/Users/amir/dev/nodejs/doable-dev-58/src/_pages/tasks-todo/ui/ErrorState.tsx": {"lines":{"total":3,"covered":1,"skipped":0,"pct":33.33},"functions":{"total":2,"covered":0,"skipped":0,"pct":0},"statements":{"total":5,"covered":1,"skipped":0,"pct":20},"branches":{"total":6,"covered":0,"skipped":0,"pct":0}}
,"/Users/amir/dev/nodejs/doable-dev-58/src/_pages/tasks-todo/ui/Goals.tsx": {"lines":{"total":8,"covered":4,"skipped":0,"pct":50},"functions":{"total":3,"covered":1,"skipped":0,"pct":33.33},"statements":{"total":8,"covered":4,"skipped":0,"pct":50},"branches":{"total":12,"covered":4,"skipped":0,"pct":33.33}}
,"/Users/amir/dev/nodejs/doable-dev-58/src/_pages/tasks-todo/ui/LastSelectedTaskHeader.tsx": {"lines":{"total":6,"covered":5,"skipped":0,"pct":83.33},"functions":{"total":4,"covered":2,"skipped":0,"pct":50},"statements":{"total":13,"covered":8,"skipped":0,"pct":61.53},"branches":{"total":3,"covered":1,"skipped":0,"pct":33.33}}
,"/Users/amir/dev/nodejs/doable-dev-58/src/_pages/tasks-todo/ui/Section.tsx": {"lines":{"total":2,"covered":1,"skipped":0,"pct":50},"functions":{"total":2,"covered":1,"skipped":0,"pct":50},"statements":{"total":3,"covered":2,"skipped":0,"pct":66.66},"branches":{"total":0,"covered":0,"skipped":0,"pct":100}}
,"/Users/amir/dev/nodejs/doable-dev-58/src/_pages/tasks-todo/ui/TaskActions.tsx": {"lines":{"total":28,"covered":10,"skipped":0,"pct":35.71},"functions":{"total":23,"covered":6,"skipped":0,"pct":26.08},"statements":{"total":46,"covered":11,"skipped":0,"pct":23.91},"branches":{"total":32,"covered":7,"skipped":0,"pct":21.87}}
,"/Users/amir/dev/nodejs/doable-dev-58/src/_pages/tasks-todo/ui/TaskWithActions.tsx": {"lines":{"total":5,"covered":3,"skipped":0,"pct":60},"functions":{"total":2,"covered":1,"skipped":0,"pct":50},"statements":{"total":6,"covered":4,"skipped":0,"pct":66.66},"branches":{"total":0,"covered":0,"skipped":0,"pct":100}}
,"/Users/amir/dev/nodejs/doable-dev-58/src/_pages/tasks-todo/ui/Tasks.tsx": {"lines":{"total":82,"covered":42,"skipped":0,"pct":51.21},"functions":{"total":36,"covered":13,"skipped":0,"pct":36.11},"statements":{"total":140,"covered":44,"skipped":0,"pct":31.42},"branches":{"total":86,"covered":13,"skipped":0,"pct":15.11}}
,"/Users/amir/dev/nodejs/doable-dev-58/src/_pages/tasks-todo/ui/TasksTodoPage.tsx": {"lines":{"total":5,"covered":4,"skipped":0,"pct":80},"functions":{"total":4,"covered":3,"skipped":0,"pct":75},"statements":{"total":6,"covered":4,"skipped":0,"pct":66.66},"branches":{"total":0,"covered":0,"skipped":0,"pct":100}}
,"/Users/amir/dev/nodejs/doable-dev-58/src/_pages/tasks-todo/ui/TodoList.tsx": {"lines":{"total":23,"covered":14,"skipped":0,"pct":60.86},"functions":{"total":10,"covered":4,"skipped":0,"pct":40},"statements":{"total":30,"covered":16,"skipped":0,"pct":53.33},"branches":{"total":22,"covered":7,"skipped":0,"pct":31.81}}
,"/Users/amir/dev/nodejs/doable-dev-58/src/app/layout-with-sidebar.tsx": {"lines":{"total":26,"covered":20,"skipped":0,"pct":76.92},"functions":{"total":12,"covered":7,"skipped":0,"pct":58.33},"statements":{"total":32,"covered":25,"skipped":0,"pct":78.12},"branches":{"total":23,"covered":10,"skipped":0,"pct":43.47}}
,"/Users/amir/dev/nodejs/doable-dev-58/src/app/layout.tsx": {"lines":{"total":3,"covered":2,"skipped":0,"pct":66.66},"functions":{"total":2,"covered":1,"skipped":0,"pct":50},"statements":{"total":5,"covered":2,"skipped":0,"pct":40},"branches":{"total":0,"covered":0,"skipped":0,"pct":100}}
,"/Users/amir/dev/nodejs/doable-dev-58/src/app/api/api-auth.ts": {"lines":{"total":24,"covered":24,"skipped":0,"pct":100},"functions":{"total":14,"covered":11,"skipped":0,"pct":78.57},"statements":{"total":31,"covered":28,"skipped":0,"pct":90.32},"branches":{"total":19,"covered":19,"skipped":0,"pct":100}}
,"/Users/amir/dev/nodejs/doable-dev-58/src/app/api/timer-helpers.ts": {"lines":{"total":7,"covered":7,"skipped":0,"pct":100},"functions":{"total":2,"covered":1,"skipped":0,"pct":50},"statements":{"total":8,"covered":7,"skipped":0,"pct":87.5},"branches":{"total":0,"covered":0,"skipped":0,"pct":100}}
,"/Users/amir/dev/nodejs/doable-dev-58/src/app/api/api-keys/create/route.ts": {"lines":{"total":13,"covered":13,"skipped":0,"pct":100},"functions":{"total":3,"covered":3,"skipped":0,"pct":100},"statements":{"total":14,"covered":14,"skipped":0,"pct":100},"branches":{"total":2,"covered":2,"skipped":0,"pct":100}}
,"/Users/amir/dev/nodejs/doable-dev-58/src/app/api/api-keys/list/route.ts": {"lines":{"total":4,"covered":4,"skipped":0,"pct":100},"functions":{"total":4,"covered":4,"skipped":0,"pct":100},"statements":{"total":7,"covered":7,"skipped":0,"pct":100},"branches":{"total":12,"covered":11,"skipped":0,"pct":91.66}}
,"/Users/amir/dev/nodejs/doable-dev-58/src/app/api/api-keys/revoke/route.ts": {"lines":{"total":7,"covered":7,"skipped":0,"pct":100},"functions":{"total":1,"covered":1,"skipped":0,"pct":100},"statements":{"total":7,"covered":7,"skipped":0,"pct":100},"branches":{"total":5,"covered":5,"skipped":0,"pct":100}}
,"/Users/amir/dev/nodejs/doable-dev-58/src/app/api/auth/[...better-auth]/route.ts": {"lines":{"total":1,"covered":1,"skipped":0,"pct":100},"functions":{"total":0,"covered":0,"skipped":0,"pct":100},"statements":{"total":2,"covered":1,"skipped":0,"pct":50},"branches":{"total":0,"covered":0,"skipped":0,"pct":100}}
,"/Users/amir/dev/nodejs/doable-dev-58/src/app/api/coverage-data/route.ts": {"lines":{"total":5,"covered":4,"skipped":0,"pct":80},"functions":{"total":2,"covered":1,"skipped":0,"pct":50},"statements":{"total":7,"covered":4,"skipped":0,"pct":57.14},"branches":{"total":2,"covered":0,"skipped":0,"pct":0}}
,"/Users/amir/dev/nodejs/doable-dev-58/src/app/api/create-completed-task/route.ts": {"lines":{"total":18,"covered":0,"skipped":0,"pct":0},"functions":{"total":1,"covered":0,"skipped":0,"pct":0},"statements":{"total":18,"covered":0,"skipped":0,"pct":0},"branches":{"total":13,"covered":0,"skipped":0,"pct":0}}
,"/Users/amir/dev/nodejs/doable-dev-58/src/app/api/create-goal/route.ts": {"lines":{"total":10,"covered":8,"skipped":0,"pct":80},"functions":{"total":2,"covered":1,"skipped":0,"pct":50},"statements":{"total":11,"covered":8,"skipped":0,"pct":72.72},"branches":{"total":9,"covered":5,"skipped":0,"pct":55.55}}
,"/Users/amir/dev/nodejs/doable-dev-58/src/app/api/create-goal-milestone/route.ts": {"lines":{"total":10,"covered":9,"skipped":0,"pct":90},"functions":{"total":2,"covered":1,"skipped":0,"pct":50},"statements":{"total":11,"covered":9,"skipped":0,"pct":81.81},"branches":{"total":2,"covered":0,"skipped":0,"pct":0}}
,"/Users/amir/dev/nodejs/doable-dev-58/src/app/api/create-list/route.ts": {"lines":{"total":14,"covered":0,"skipped":0,"pct":0},"functions":{"total":1,"covered":0,"skipped":0,"pct":0},"statements":{"total":14,"covered":0,"skipped":0,"pct":0},"branches":{"total":12,"covered":0,"skipped":0,"pct":0}}
,"/Users/amir/dev/nodejs/doable-dev-58/src/app/api/create-task/route.ts": {"lines":{"total":10,"covered":8,"skipped":0,"pct":80},"functions":{"total":2,"covered":1,"skipped":0,"pct":50},"statements":{"total":11,"covered":8,"skipped":0,"pct":72.72},"branches":{"total":9,"covered":5,"skipped":0,"pct":55.55}}
,"/Users/amir/dev/nodejs/doable-dev-58/src/app/api/current-initiative/route.ts": {"lines":{"total":13,"covered":5,"skipped":0,"pct":38.46},"functions":{"total":4,"covered":1,"skipped":0,"pct":25},"statements":{"total":16,"covered":5,"skipped":0,"pct":31.25},"branches":{"total":8,"covered":2,"skipped":0,"pct":25}}
,"/Users/amir/dev/nodejs/doable-dev-58/src/app/api/current-initiative/[date]/route.ts": {"lines":{"total":32,"covered":0,"skipped":0,"pct":0},"functions":{"total":6,"covered":0,"skipped":0,"pct":0},"statements":{"total":32,"covered":0,"skipped":0,"pct":0},"branches":{"total":19,"covered":0,"skipped":0,"pct":0}}
,"/Users/amir/dev/nodejs/doable-dev-58/src/app/api/current-initiative/history/route.ts": {"lines":{"total":12,"covered":11,"skipped":0,"pct":91.66},"functions":{"total":4,"covered":1,"skipped":0,"pct":25},"statements":{"total":15,"covered":11,"skipped":0,"pct":73.33},"branches":{"total":7,"covered":5,"skipped":0,"pct":71.42}}
,"/Users/amir/dev/nodejs/doable-dev-58/src/app/api/delete-list/route.ts": {"lines":{"total":17,"covered":0,"skipped":0,"pct":0},"functions":{"total":1,"covered":0,"skipped":0,"pct":0},"statements":{"total":17,"covered":0,"skipped":0,"pct":0},"branches":{"total":13,"covered":0,"skipped":0,"pct":0}}
,"/Users/amir/dev/nodejs/doable-dev-58/src/app/api/delete-time-entry/route.ts": {"lines":{"total":6,"covered":0,"skipped":0,"pct":0},"functions":{"total":1,"covered":0,"skipped":0,"pct":0},"statements":{"total":6,"covered":0,"skipped":0,"pct":0},"branches":{"total":2,"covered":0,"skipped":0,"pct":0}}
,"/Users/amir/dev/nodejs/doable-dev-58/src/app/api/get-goal-milestones/route.ts": {"lines":{"total":7,"covered":7,"skipped":0,"pct":100},"functions":{"total":2,"covered":1,"skipped":0,"pct":50},"statements":{"total":8,"covered":7,"skipped":0,"pct":87.5},"branches":{"total":2,"covered":1,"skipped":0,"pct":50}}
,"/Users/amir/dev/nodejs/doable-dev-58/src/app/api/get-goals/route.ts": {"lines":{"total":3,"covered":3,"skipped":0,"pct":100},"functions":{"total":2,"covered":1,"skipped":0,"pct":50},"statements":{"total":4,"covered":3,"skipped":0,"pct":75},"branches":{"total":0,"covered":0,"skipped":0,"pct":100}}
,"/Users/amir/dev/nodejs/doable-dev-58/src/app/api/get-lists/route.ts": {"lines":{"total":12,"covered":8,"skipped":0,"pct":66.66},"functions":{"total":2,"covered":1,"skipped":0,"pct":50},"statements":{"total":13,"covered":8,"skipped":0,"pct":61.53},"branches":{"total":2,"covered":0,"skipped":0,"pct":0}}
,"/Users/amir/dev/nodejs/doable-dev-58/src/app/api/get-tasks/route.ts": {"lines":{"total":4,"covered":4,"skipped":0,"pct":100},"functions":{"total":2,"covered":1,"skipped":0,"pct":50},"statements":{"total":6,"covered":4,"skipped":0,"pct":66.66},"branches":{"total":0,"covered":0,"skipped":0,"pct":100}}
,"/Users/amir/dev/nodejs/doable-dev-58/src/app/api/get-time-entries/route.ts": {"lines":{"total":3,"covered":3,"skipped":0,"pct":100},"functions":{"total":2,"covered":1,"skipped":0,"pct":50},"statements":{"total":4,"covered":3,"skipped":0,"pct":75},"branches":{"total":0,"covered":0,"skipped":0,"pct":100}}
,"/Users/amir/dev/nodejs/doable-dev-58/src/app/api/goals/route.ts": {"lines":{"total":27,"covered":27,"skipped":0,"pct":100},"functions":{"total":3,"covered":3,"skipped":0,"pct":100},"statements":{"total":28,"covered":28,"skipped":0,"pct":100},"branches":{"total":21,"covered":20,"skipped":0,"pct":95.23}}
,"/Users/amir/dev/nodejs/doable-dev-58/src/app/api/goals/serialize.ts": {"lines":{"total":3,"covered":3,"skipped":0,"pct":100},"functions":{"total":4,"covered":2,"skipped":0,"pct":50},"statements":{"total":3,"covered":3,"skipped":0,"pct":100},"branches":{"total":2,"covered":2,"skipped":0,"pct":100}}
,"/Users/amir/dev/nodejs/doable-dev-58/src/app/api/goals/[id]/route.ts": {"lines":{"total":47,"covered":47,"skipped":0,"pct":100},"functions":{"total":12,"covered":7,"skipped":0,"pct":58.33},"statements":{"total":57,"covered":49,"skipped":0,"pct":85.96},"branches":{"total":30,"covered":26,"skipped":0,"pct":86.66}}
,"/Users/amir/dev/nodejs/doable-dev-58/src/app/api/initiative/route.ts": {"lines":{"total":13,"covered":13,"skipped":0,"pct":100},"functions":{"total":3,"covered":3,"skipped":0,"pct":100},"statements":{"total":13,"covered":13,"skipped":0,"pct":100},"branches":{"total":8,"covered":8,"skipped":0,"pct":100}}
,"/Users/amir/dev/nodejs/doable-dev-58/src/app/api/initiative/serialize.ts": {"lines":{"total":5,"covered":5,"skipped":0,"pct":100},"functions":{"total":6,"covered":3,"skipped":0,"pct":50},"statements":{"total":7,"covered":5,"skipped":0,"pct":71.42},"branches":{"total":18,"covered":12,"skipped":0,"pct":66.66}}
,"/Users/amir/dev/nodejs/doable-dev-58/src/app/api/initiative/[date]/route.ts": {"lines":{"total":28,"covered":27,"skipped":0,"pct":96.42},"functions":{"total":4,"covered":4,"skipped":0,"pct":100},"statements":{"total":28,"covered":27,"skipped":0,"pct":96.42},"branches":{"total":19,"covered":18,"skipped":0,"pct":94.73}}
,"/Users/amir/dev/nodejs/doable-dev-58/src/app/api/initiative/history/route.ts": {"lines":{"total":11,"covered":11,"skipped":0,"pct":100},"functions":{"total":2,"covered":2,"skipped":0,"pct":100},"statements":{"total":11,"covered":11,"skipped":0,"pct":100},"branches":{"total":7,"covered":7,"skipped":0,"pct":100}}
,"/Users/amir/dev/nodejs/doable-dev-58/src/app/api/lists/route.ts": {"lines":{"total":22,"covered":21,"skipped":0,"pct":95.45},"functions":{"total":4,"covered":2,"skipped":0,"pct":50},"statements":{"total":25,"covered":23,"skipped":0,"pct":92},"branches":{"total":28,"covered":20,"skipped":0,"pct":71.42}}
,"/Users/amir/dev/nodejs/doable-dev-58/src/app/api/lists/serialize.ts": {"lines":{"total":1,"covered":1,"skipped":0,"pct":100},"functions":{"total":2,"covered":1,"skipped":0,"pct":50},"statements":{"total":1,"covered":1,"skipped":0,"pct":100},"branches":{"total":0,"covered":0,"skipped":0,"pct":100}}
,"/Users/amir/dev/nodejs/doable-dev-58/src/app/api/lists/[id]/route.ts": {"lines":{"total":72,"covered":68,"skipped":0,"pct":94.44},"functions":{"total":6,"covered":6,"skipped":0,"pct":100},"statements":{"total":72,"covered":68,"skipped":0,"pct":94.44},"branches":{"total":49,"covered":46,"skipped":0,"pct":93.87}}
,"/Users/amir/dev/nodejs/doable-dev-58/src/app/api/reorder-lists/route.ts": {"lines":{"total":14,"covered":14,"skipped":0,"pct":100},"functions":{"total":4,"covered":4,"skipped":0,"pct":100},"statements":{"total":15,"covered":15,"skipped":0,"pct":100},"branches":{"total":6,"covered":6,"skipped":0,"pct":100}}
,"/Users/amir/dev/nodejs/doable-dev-58/src/app/api/reorder-tasks/route.ts": {"lines":{"total":16,"covered":16,"skipped":0,"pct":100},"functions":{"total":4,"covered":4,"skipped":0,"pct":100},"statements":{"total":17,"covered":17,"skipped":0,"pct":100},"branches":{"total":11,"covered":11,"skipped":0,"pct":100}}
,"/Users/amir/dev/nodejs/doable-dev-58/src/app/api/start-timer/route.ts": {"lines":{"total":9,"covered":8,"skipped":0,"pct":88.88},"functions":{"total":2,"covered":1,"skipped":0,"pct":50},"statements":{"total":10,"covered":8,"skipped":0,"pct":80},"branches":{"total":2,"covered":0,"skipped":0,"pct":0}}
,"/Users/amir/dev/nodejs/doable-dev-58/src/app/api/stop-timer/route.ts": {"lines":{"total":7,"covered":7,"skipped":0,"pct":100},"functions":{"total":2,"covered":1,"skipped":0,"pct":50},"statements":{"total":9,"covered":7,"skipped":0,"pct":77.77},"branches":{"total":2,"covered":1,"skipped":0,"pct":50}}
,"/Users/amir/dev/nodejs/doable-dev-58/src/app/api/tasks/buildTaskListConditions.ts": {"lines":{"total":51,"covered":32,"skipped":0,"pct":62.74},"functions":{"total":8,"covered":2,"skipped":0,"pct":25},"statements":{"total":62,"covered":33,"skipped":0,"pct":53.22},"branches":{"total":51,"covered":25,"skipped":0,"pct":49.01}}
,"/Users/amir/dev/nodejs/doable-dev-58/src/app/api/tasks/route.ts": {"lines":{"total":35,"covered":31,"skipped":0,"pct":88.57},"functions":{"total":10,"covered":5,"skipped":0,"pct":50},"statements":{"total":42,"covered":36,"skipped":0,"pct":85.71},"branches":{"total":28,"covered":22,"skipped":0,"pct":78.57}}
,"/Users/amir/dev/nodejs/doable-dev-58/src/app/api/tasks/serialize.ts": {"lines":{"total":3,"covered":3,"skipped":0,"pct":100},"functions":{"total":4,"covered":3,"skipped":0,"pct":75},"statements":{"total":3,"covered":3,"skipped":0,"pct":100},"branches":{"total":2,"covered":2,"skipped":0,"pct":100}}
,"/Users/amir/dev/nodejs/doable-dev-58/src/app/api/tasks/[id]/route.ts": {"lines":{"total":43,"covered":43,"skipped":0,"pct":100},"functions":{"total":12,"covered":7,"skipped":0,"pct":58.33},"statements":{"total":49,"covered":43,"skipped":0,"pct":87.75},"branches":{"total":16,"covered":16,"skipped":0,"pct":100}}
,"/Users/amir/dev/nodejs/doable-dev-58/src/app/api/update-goal/route.ts": {"lines":{"total":14,"covered":13,"skipped":0,"pct":92.85},"functions":{"total":2,"covered":1,"skipped":0,"pct":50},"statements":{"total":19,"covered":17,"skipped":0,"pct":89.47},"branches":{"total":14,"covered":7,"skipped":0,"pct":50}}
,"/Users/amir/dev/nodejs/doable-dev-58/src/app/api/update-list/route.ts": {"lines":{"total":25,"covered":0,"skipped":0,"pct":0},"functions":{"total":1,"covered":0,"skipped":0,"pct":0},"statements":{"total":25,"covered":0,"skipped":0,"pct":0},"branches":{"total":18,"covered":0,"skipped":0,"pct":0}}
,"/Users/amir/dev/nodejs/doable-dev-58/src/app/api/update-task/route.ts": {"lines":{"total":13,"covered":13,"skipped":0,"pct":100},"functions":{"total":2,"covered":1,"skipped":0,"pct":50},"statements":{"total":14,"covered":13,"skipped":0,"pct":92.85},"branches":{"total":4,"covered":2,"skipped":0,"pct":50}}
,"/Users/amir/dev/nodejs/doable-dev-58/src/app/api/update-time-entry/route.ts": {"lines":{"total":19,"covered":0,"skipped":0,"pct":0},"functions":{"total":1,"covered":0,"skipped":0,"pct":0},"statements":{"total":19,"covered":0,"skipped":0,"pct":0},"branches":{"total":16,"covered":0,"skipped":0,"pct":0}}
,"/Users/amir/dev/nodejs/doable-dev-58/src/app/login/page.tsx": {"lines":{"total":85,"covered":56,"skipped":0,"pct":65.88},"functions":{"total":36,"covered":21,"skipped":0,"pct":58.33},"statements":{"total":117,"covered":67,"skipped":0,"pct":57.26},"branches":{"total":87,"covered":17,"skipped":0,"pct":19.54}}
,"/Users/amir/dev/nodejs/doable-dev-58/src/app/settings/page.tsx": {"lines":{"total":2,"covered":1,"skipped":0,"pct":50},"functions":{"total":2,"covered":1,"skipped":0,"pct":50},"statements":{"total":2,"covered":1,"skipped":0,"pct":50},"branches":{"total":0,"covered":0,"skipped":0,"pct":100}}
,"/Users/amir/dev/nodejs/doable-dev-58/src/entities/current-initiative/model/current-initiative.ts": {"lines":{"total":33,"covered":29,"skipped":0,"pct":87.87},"functions":{"total":18,"covered":12,"skipped":0,"pct":66.66},"statements":{"total":43,"covered":35,"skipped":0,"pct":81.39},"branches":{"total":40,"covered":32,"skipped":0,"pct":80}}
,"/Users/amir/dev/nodejs/doable-dev-58/src/entities/goal/model/goal.ts": {"lines":{"total":3,"covered":3,"skipped":0,"pct":100},"functions":{"total":5,"covered":5,"skipped":0,"pct":100},"statements":{"total":5,"covered":5,"skipped":0,"pct":100},"branches":{"total":0,"covered":0,"skipped":0,"pct":100}}
,"/Users/amir/dev/nodejs/doable-dev-58/src/entities/goal/model/milestone.ts": {"lines":{"total":3,"covered":3,"skipped":0,"pct":100},"functions":{"total":5,"covered":5,"skipped":0,"pct":100},"statements":{"total":5,"covered":5,"skipped":0,"pct":100},"branches":{"total":0,"covered":0,"skipped":0,"pct":100}}
,"/Users/amir/dev/nodejs/doable-dev-58/src/entities/goal/ui/Goal.tsx": {"lines":{"total":2,"covered":1,"skipped":0,"pct":50},"functions":{"total":2,"covered":1,"skipped":0,"pct":50},"statements":{"total":3,"covered":2,"skipped":0,"pct":66.66},"branches":{"total":2,"covered":1,"skipped":0,"pct":50}}
,"/Users/amir/dev/nodejs/doable-dev-58/src/entities/goal/ui/GoalFormFields.tsx": {"lines":{"total":6,"covered":4,"skipped":0,"pct":66.66},"functions":{"total":6,"covered":4,"skipped":0,"pct":66.66},"statements":{"total":7,"covered":5,"skipped":0,"pct":71.42},"branches":{"total":3,"covered":1,"skipped":0,"pct":33.33}}
,"/Users/amir/dev/nodejs/doable-dev-58/src/entities/list/model/list.ts": {"lines":{"total":11,"covered":7,"skipped":0,"pct":63.63},"functions":{"total":8,"covered":4,"skipped":0,"pct":50},"statements":{"total":17,"covered":9,"skipped":0,"pct":52.94},"branches":{"total":5,"covered":1,"skipped":0,"pct":20}}
,"/Users/amir/dev/nodejs/doable-dev-58/src/entities/task/model/task.ts": {"lines":{"total":26,"covered":26,"skipped":0,"pct":100},"functions":{"total":25,"covered":24,"skipped":0,"pct":96},"statements":{"total":36,"covered":36,"skipped":0,"pct":100},"branches":{"total":33,"covered":31,"skipped":0,"pct":93.93}}
,"/Users/amir/dev/nodejs/doable-dev-58/src/entities/task/model/toggleCompleted.tsx": {"lines":{"total":12,"covered":8,"skipped":0,"pct":66.66},"functions":{"total":9,"covered":4,"skipped":0,"pct":44.44},"statements":{"total":15,"covered":10,"skipped":0,"pct":66.66},"branches":{"total":8,"covered":1,"skipped":0,"pct":12.5}}
,"/Users/amir/dev/nodejs/doable-dev-58/src/entities/task/ui/Task.tsx": {"lines":{"total":29,"covered":21,"skipped":0,"pct":72.41},"functions":{"total":14,"covered":9,"skipped":0,"pct":64.28},"statements":{"total":53,"covered":29,"skipped":0,"pct":54.71},"branches":{"total":55,"covered":25,"skipped":0,"pct":45.45}}
,"/Users/amir/dev/nodejs/doable-dev-58/src/entities/task/ui/TaskBadges.tsx": {"lines":{"total":7,"covered":6,"skipped":0,"pct":85.71},"functions":{"total":4,"covered":1,"skipped":0,"pct":25},"statements":{"total":15,"covered":8,"skipped":0,"pct":53.33},"branches":{"total":24,"covered":10,"skipped":0,"pct":41.66}}
,"/Users/amir/dev/nodejs/doable-dev-58/src/entities/task/ui/TaskDetails.tsx": {"lines":{"total":38,"covered":22,"skipped":0,"pct":57.89},"functions":{"total":26,"covered":11,"skipped":0,"pct":42.3},"statements":{"total":57,"covered":26,"skipped":0,"pct":45.61},"branches":{"total":63,"covered":31,"skipped":0,"pct":49.2}}
,"/Users/amir/dev/nodejs/doable-dev-58/src/entities/task/ui/TaskName.tsx": {"lines":{"total":3,"covered":2,"skipped":0,"pct":66.66},"functions":{"total":2,"covered":1,"skipped":0,"pct":50},"statements":{"total":4,"covered":3,"skipped":0,"pct":75},"branches":{"total":8,"covered":4,"skipped":0,"pct":50}}
,"/Users/amir/dev/nodejs/doable-dev-58/src/features/api-keys/manage/api/mutations.ts": {"lines":{"total":12,"covered":4,"skipped":0,"pct":33.33},"functions":{"total":14,"covered":2,"skipped":0,"pct":14.28},"statements":{"total":12,"covered":4,"skipped":0,"pct":33.33},"branches":{"total":0,"covered":0,"skipped":0,"pct":100}}
,"/Users/amir/dev/nodejs/doable-dev-58/src/features/api-keys/manage/api/queries.ts": {"lines":{"total":3,"covered":3,"skipped":0,"pct":100},"functions":{"total":4,"covered":2,"skipped":0,"pct":50},"statements":{"total":3,"covered":3,"skipped":0,"pct":100},"branches":{"total":0,"covered":0,"skipped":0,"pct":100}}
,"/Users/amir/dev/nodejs/doable-dev-58/src/features/api-keys/manage/model/types.ts": {"lines":{"total":0,"covered":0,"skipped":0,"pct":100},"functions":{"total":0,"covered":0,"skipped":0,"pct":100},"statements":{"total":0,"covered":0,"skipped":0,"pct":100},"branches":{"total":0,"covered":0,"skipped":0,"pct":100}}
,"/Users/amir/dev/nodejs/doable-dev-58/src/features/api-keys/manage/ui/ApiKeyCreateSection.tsx": {"lines":{"total":10,"covered":6,"skipped":0,"pct":60},"functions":{"total":8,"covered":6,"skipped":0,"pct":75},"statements":{"total":16,"covered":9,"skipped":0,"pct":56.25},"branches":{"total":6,"covered":1,"skipped":0,"pct":16.66}}
,"/Users/amir/dev/nodejs/doable-dev-58/src/features/api-keys/manage/ui/ApiKeysList.tsx": {"lines":{"total":4,"covered":2,"skipped":0,"pct":50},"functions":{"total":5,"covered":2,"skipped":0,"pct":40},"statements":{"total":6,"covered":3,"skipped":0,"pct":50},"branches":{"total":12,"covered":3,"skipped":0,"pct":25}}
,"/Users/amir/dev/nodejs/doable-dev-58/src/features/api-keys/manage/ui/ApiKeysManager.tsx": {"lines":{"total":13,"covered":12,"skipped":0,"pct":92.3},"functions":{"total":13,"covered":12,"skipped":0,"pct":92.3},"statements":{"total":22,"covered":21,"skipped":0,"pct":95.45},"branches":{"total":3,"covered":2,"skipped":0,"pct":66.66}}
,"/Users/amir/dev/nodejs/doable-dev-58/src/features/api-keys/manage/ui/RevokedKeysList.tsx": {"lines":{"total":4,"covered":2,"skipped":0,"pct":50},"functions":{"total":3,"covered":1,"skipped":0,"pct":33.33},"statements":{"total":6,"covered":4,"skipped":0,"pct":66.66},"branches":{"total":9,"covered":4,"skipped":0,"pct":44.44}}
,"/Users/amir/dev/nodejs/doable-dev-58/src/features/current-initiative/balance/ui/BalanceIndicator.tsx": {"lines":{"total":56,"covered":28,"skipped":0,"pct":50},"functions":{"total":19,"covered":11,"skipped":0,"pct":57.89},"statements":{"total":84,"covered":40,"skipped":0,"pct":47.61},"branches":{"total":52,"covered":14,"skipped":0,"pct":26.92}}
,"/Users/amir/dev/nodejs/doable-dev-58/src/features/current-initiative/banner/ui/TodayFocusBanner.tsx": {"lines":{"total":54,"covered":28,"skipped":0,"pct":51.85},"functions":{"total":23,"covered":12,"skipped":0,"pct":52.17},"statements":{"total":78,"covered":33,"skipped":0,"pct":42.3},"branches":{"total":120,"covered":33,"skipped":0,"pct":27.5}}
,"/Users/amir/dev/nodejs/doable-dev-58/src/features/current-initiative/history/ui/InitiativeHistory.tsx": {"lines":{"total":21,"covered":6,"skipped":0,"pct":28.57},"functions":{"total":6,"covered":2,"skipped":0,"pct":33.33},"statements":{"total":24,"covered":7,"skipped":0,"pct":29.16},"branches":{"total":40,"covered":7,"skipped":0,"pct":17.5}}
,"/Users/amir/dev/nodejs/doable-dev-58/src/features/current-initiative/pick/ui/InitiativePicker.tsx": {"lines":{"total":78,"covered":35,"skipped":0,"pct":44.87},"functions":{"total":33,"covered":14,"skipped":0,"pct":42.42},"statements":{"total":116,"covered":43,"skipped":0,"pct":37.06},"branches":{"total":138,"covered":35,"skipped":0,"pct":25.36}}
,"/Users/amir/dev/nodejs/doable-dev-58/src/features/goals/actions/ui/DeleteGoalButton.tsx": {"lines":{"total":6,"covered":5,"skipped":0,"pct":83.33},"functions":{"total":5,"covered":3,"skipped":0,"pct":60},"statements":{"total":10,"covered":7,"skipped":0,"pct":70},"branches":{"total":0,"covered":0,"skipped":0,"pct":100}}
,"/Users/amir/dev/nodejs/doable-dev-58/src/features/goals/add/AddGoalDialog.tsx": {"lines":{"total":17,"covered":16,"skipped":0,"pct":94.11},"functions":{"total":5,"covered":3,"skipped":0,"pct":60},"statements":{"total":29,"covered":23,"skipped":0,"pct":79.31},"branches":{"total":7,"covered":2,"skipped":0,"pct":28.57}}
,"/Users/amir/dev/nodejs/doable-dev-58/src/features/goals/edit/ui/AddMilestoneForm.tsx": {"lines":{"total":19,"covered":15,"skipped":0,"pct":78.94},"functions":{"total":12,"covered":8,"skipped":0,"pct":66.66},"statements":{"total":27,"covered":16,"skipped":0,"pct":59.25},"branches":{"total":7,"covered":2,"skipped":0,"pct":28.57}}
,"/Users/amir/dev/nodejs/doable-dev-58/src/features/goals/edit/ui/EditGoalButton.tsx": {"lines":{"total":2,"covered":1,"skipped":0,"pct":50},"functions":{"total":2,"covered":1,"skipped":0,"pct":50},"statements":{"total":3,"covered":2,"skipped":0,"pct":66.66},"branches":{"total":0,"covered":0,"skipped":0,"pct":100}}
,"/Users/amir/dev/nodejs/doable-dev-58/src/features/goals/edit/ui/EditGoalDialog.tsx": {"lines":{"total":13,"covered":12,"skipped":0,"pct":92.3},"functions":{"total":6,"covered":4,"skipped":0,"pct":66.66},"statements":{"total":21,"covered":15,"skipped":0,"pct":71.42},"branches":{"total":13,"covered":6,"skipped":0,"pct":46.15}}
,"/Users/amir/dev/nodejs/doable-dev-58/src/features/goals/edit/ui/MilestoneTimeline.tsx": {"lines":{"total":17,"covered":8,"skipped":0,"pct":47.05},"functions":{"total":6,"covered":2,"skipped":0,"pct":33.33},"statements":{"total":21,"covered":9,"skipped":0,"pct":42.85},"branches":{"total":10,"covered":2,"skipped":0,"pct":20}}
,"/Users/amir/dev/nodejs/doable-dev-58/src/features/lists/manage/api/useArchiveList.ts": {"lines":{"total":12,"covered":12,"skipped":0,"pct":100},"functions":{"total":6,"covered":4,"skipped":0,"pct":66.66},"statements":{"total":12,"covered":12,"skipped":0,"pct":100},"branches":{"total":0,"covered":0,"skipped":0,"pct":100}}
,"/Users/amir/dev/nodejs/doable-dev-58/src/features/lists/manage/api/useCreateList.ts": {"lines":{"total":10,"covered":8,"skipped":0,"pct":80},"functions":{"total":4,"covered":3,"skipped":0,"pct":75},"statements":{"total":19,"covered":12,"skipped":0,"pct":63.15},"branches":{"total":19,"covered":8,"skipped":0,"pct":42.1}}
,"/Users/amir/dev/nodejs/doable-dev-58/src/features/lists/manage/api/useDeleteList.ts": {"lines":{"total":7,"covered":7,"skipped":0,"pct":100},"functions":{"total":4,"covered":3,"skipped":0,"pct":75},"statements":{"total":7,"covered":7,"skipped":0,"pct":100},"branches":{"total":0,"covered":0,"skipped":0,"pct":100}}
,"/Users/amir/dev/nodejs/doable-dev-58/src/features/lists/manage/api/useUpdateList.ts": {"lines":{"total":8,"covered":8,"skipped":0,"pct":100},"functions":{"total":4,"covered":3,"skipped":0,"pct":75},"statements":{"total":9,"covered":9,"skipped":0,"pct":100},"branches":{"total":8,"covered":8,"skipped":0,"pct":100}}
,"/Users/amir/dev/nodejs/doable-dev-58/src/features/lists/manage/ui/ListFormDialog.tsx": {"lines":{"total":54,"covered":36,"skipped":0,"pct":66.66},"functions":{"total":24,"covered":14,"skipped":0,"pct":58.33},"statements":{"total":83,"covered":47,"skipped":0,"pct":56.62},"branches":{"total":101,"covered":32,"skipped":0,"pct":31.68}}
,"/Users/amir/dev/nodejs/doable-dev-58/src/features/lists/manage/ui/ListItem.tsx": {"lines":{"total":16,"covered":10,"skipped":0,"pct":62.5},"functions":{"total":11,"covered":7,"skipped":0,"pct":63.63},"statements":{"total":24,"covered":11,"skipped":0,"pct":45.83},"branches":{"total":36,"covered":14,"skipped":0,"pct":38.88}}
,"/Users/amir/dev/nodejs/doable-dev-58/src/features/lists/manage/ui/ListManager.tsx": {"lines":{"total":38,"covered":28,"skipped":0,"pct":73.68},"functions":{"total":25,"covered":14,"skipped":0,"pct":56},"statements":{"total":72,"covered":43,"skipped":0,"pct":59.72},"branches":{"total":28,"covered":4,"skipped":0,"pct":14.28}}
,"/Users/amir/dev/nodejs/doable-dev-58/src/features/lists/manage/ui/SortableListItem.tsx": {"lines":{"total":5,"covered":3,"skipped":0,"pct":60},"functions":{"total":2,"covered":1,"skipped":0,"pct":50},"statements":{"total":6,"covered":4,"skipped":0,"pct":66.66},"branches":{"total":0,"covered":0,"skipped":0,"pct":100}}
,"/Users/amir/dev/nodejs/doable-dev-58/src/features/tasks/actions/model/reAddModalStore.ts": {"lines":{"total":3,"covered":3,"skipped":0,"pct":100},"functions":{"total":4,"covered":4,"skipped":0,"pct":100},"statements":{"total":6,"covered":6,"skipped":0,"pct":100},"branches":{"total":0,"covered":0,"skipped":0,"pct":100}}
,"/Users/amir/dev/nodejs/doable-dev-58/src/features/tasks/actions/ui/BlockerButton.tsx": {"lines":{"total":6,"covered":5,"skipped":0,"pct":83.33},"functions":{"total":5,"covered":3,"skipped":0,"pct":60},"statements":{"total":10,"covered":7,"skipped":0,"pct":70},"branches":{"total":8,"covered":4,"skipped":0,"pct":50}}
,"/Users/amir/dev/nodejs/doable-dev-58/src/features/tasks/actions/ui/DeleteButton.tsx": {"lines":{"total":8,"covered":7,"skipped":0,"pct":87.5},"functions":{"total":4,"covered":2,"skipped":0,"pct":50},"statements":{"total":13,"covered":9,"skipped":0,"pct":69.23},"branches":{"total":11,"covered":4,"skipped":0,"pct":36.36}}
,"/Users/amir/dev/nodejs/doable-dev-58/src/features/tasks/actions/ui/EstimatedTimeButton.tsx": {"lines":{"total":9,"covered":3,"skipped":0,"pct":33.33},"functions":{"total":8,"covered":2,"skipped":0,"pct":25},"statements":{"total":13,"covered":4,"skipped":0,"pct":30.76},"branches":{"total":6,"covered":2,"skipped":0,"pct":33.33}}
,"/Users/amir/dev/nodejs/doable-dev-58/src/features/tasks/actions/ui/ReAddButton.tsx": {"lines":{"total":12,"covered":6,"skipped":0,"pct":50},"functions":{"total":9,"covered":4,"skipped":0,"pct":44.44},"statements":{"total":19,"covered":8,"skipped":0,"pct":42.1},"branches":{"total":14,"covered":6,"skipped":0,"pct":42.85}}
,"/Users/amir/dev/nodejs/doable-dev-58/src/features/tasks/actions/ui/ReAddDialog.tsx": {"lines":{"total":40,"covered":1,"skipped":0,"pct":2.5},"functions":{"total":12,"covered":0,"skipped":0,"pct":0},"statements":{"total":47,"covered":1,"skipped":0,"pct":2.12},"branches":{"total":49,"covered":0,"skipped":0,"pct":0}}
,"/Users/amir/dev/nodejs/doable-dev-58/src/features/tasks/actions/ui/ReAddModalRoot.tsx": {"lines":{"total":4,"covered":3,"skipped":0,"pct":75},"functions":{"total":4,"covered":2,"skipped":0,"pct":50},"statements":{"total":7,"covered":4,"skipped":0,"pct":57.14},"branches":{"total":6,"covered":1,"skipped":0,"pct":16.66}}
,"/Users/amir/dev/nodejs/doable-dev-58/src/features/tasks/actions/ui/SnoozeButton.tsx": {"lines":{"total":12,"covered":10,"skipped":0,"pct":83.33},"functions":{"total":9,"covered":5,"skipped":0,"pct":55.55},"statements":{"total":18,"covered":14,"skipped":0,"pct":77.77},"branches":{"total":12,"covered":5,"skipped":0,"pct":41.66}}
,"/Users/amir/dev/nodejs/doable-dev-58/src/features/tasks/actions/ui/StarButton.tsx": {"lines":{"total":9,"covered":9,"skipped":0,"pct":100},"functions":{"total":6,"covered":4,"skipped":0,"pct":66.66},"statements":{"total":15,"covered":11,"skipped":0,"pct":73.33},"branches":{"total":12,"covered":5,"skipped":0,"pct":41.66}}
,"/Users/amir/dev/nodejs/doable-dev-58/src/features/tasks/add/model/addTaskStore.ts": {"lines":{"total":2,"covered":2,"skipped":0,"pct":100},"functions":{"total":2,"covered":2,"skipped":0,"pct":100},"statements":{"total":3,"covered":3,"skipped":0,"pct":100},"branches":{"total":0,"covered":0,"skipped":0,"pct":100}}
,"/Users/amir/dev/nodejs/doable-dev-58/src/features/tasks/add/ui/AddTaskForm.tsx": {"lines":{"total":56,"covered":41,"skipped":0,"pct":73.21},"functions":{"total":29,"covered":18,"skipped":0,"pct":62.06},"statements":{"total":81,"covered":47,"skipped":0,"pct":58.02},"branches":{"total":22,"covered":6,"skipped":0,"pct":27.27}}
,"/Users/amir/dev/nodejs/doable-dev-58/src/features/tasks/edit/model/editTaskModalStore.ts": {"lines":{"total":3,"covered":3,"skipped":0,"pct":100},"functions":{"total":4,"covered":4,"skipped":0,"pct":100},"statements":{"total":6,"covered":5,"skipped":0,"pct":83.33},"branches":{"total":0,"covered":0,"skipped":0,"pct":100}}
,"/Users/amir/dev/nodejs/doable-dev-58/src/features/tasks/edit/ui/EditTaskButton.tsx": {"lines":{"total":5,"covered":4,"skipped":0,"pct":80},"functions":{"total":6,"covered":5,"skipped":0,"pct":83.33},"statements":{"total":9,"covered":6,"skipped":0,"pct":66.66},"branches":{"total":0,"covered":0,"skipped":0,"pct":100}}
,"/Users/amir/dev/nodejs/doable-dev-58/src/features/tasks/edit/ui/EditTaskDialog.tsx": {"lines":{"total":51,"covered":27,"skipped":0,"pct":52.94},"functions":{"total":21,"covered":10,"skipped":0,"pct":47.61},"statements":{"total":77,"covered":31,"skipped":0,"pct":40.25},"branches":{"total":84,"covered":16,"skipped":0,"pct":19.04}}
,"/Users/amir/dev/nodejs/doable-dev-58/src/features/tasks/edit/ui/EditTaskModalRoot.tsx": {"lines":{"total":4,"covered":4,"skipped":0,"pct":100},"functions":{"total":4,"covered":3,"skipped":0,"pct":75},"statements":{"total":7,"covered":6,"skipped":0,"pct":85.71},"branches":{"total":6,"covered":2,"skipped":0,"pct":33.33}}
,"/Users/amir/dev/nodejs/doable-dev-58/src/features/tasks/filter/model/calculateTotalEstimatedTime.ts": {"lines":{"total":4,"covered":4,"skipped":0,"pct":100},"functions":{"total":4,"covered":4,"skipped":0,"pct":100},"statements":{"total":4,"covered":4,"skipped":0,"pct":100},"branches":{"total":8,"covered":8,"skipped":0,"pct":100}}
,"/Users/amir/dev/nodejs/doable-dev-58/src/features/tasks/filter/model/filterStore.tsx": {"lines":{"total":21,"covered":21,"skipped":0,"pct":100},"functions":{"total":14,"covered":9,"skipped":0,"pct":64.28},"statements":{"total":26,"covered":25,"skipped":0,"pct":96.15},"branches":{"total":10,"covered":9,"skipped":0,"pct":90}}
,"/Users/amir/dev/nodejs/doable-dev-58/src/features/tasks/filter/model/filterTasks.tsx": {"lines":{"total":17,"covered":12,"skipped":0,"pct":70.58},"functions":{"total":13,"covered":11,"skipped":0,"pct":84.61},"statements":{"total":24,"covered":15,"skipped":0,"pct":62.5},"branches":{"total":20,"covered":15,"skipped":0,"pct":75}}
,"/Users/amir/dev/nodejs/doable-dev-58/src/features/tasks/filter/model/filterUrl.ts": {"lines":{"total":8,"covered":8,"skipped":0,"pct":100},"functions":{"total":6,"covered":6,"skipped":0,"pct":100},"statements":{"total":11,"covered":11,"skipped":0,"pct":100},"branches":{"total":14,"covered":14,"skipped":0,"pct":100}}
,"/Users/amir/dev/nodejs/doable-dev-58/src/features/tasks/filter/ui/TaskFilters.tsx": {"lines":{"total":62,"covered":53,"skipped":0,"pct":85.48},"functions":{"total":21,"covered":9,"skipped":0,"pct":42.85},"statements":{"total":74,"covered":61,"skipped":0,"pct":82.43},"branches":{"total":58,"covered":23,"skipped":0,"pct":39.65}}
,"/Users/amir/dev/nodejs/doable-dev-58/src/features/tasks/print/lib/printStyles.ts": {"lines":{"total":1,"covered":1,"skipped":0,"pct":100},"functions":{"total":0,"covered":0,"skipped":0,"pct":100},"statements":{"total":2,"covered":1,"skipped":0,"pct":50},"branches":{"total":0,"covered":0,"skipped":0,"pct":100}}
,"/Users/amir/dev/nodejs/doable-dev-58/src/features/tasks/print/lib/printTemplate.ts": {"lines":{"total":8,"covered":0,"skipped":0,"pct":0},"functions":{"total":13,"covered":0,"skipped":0,"pct":0},"statements":{"total":12,"covered":0,"skipped":0,"pct":0},"branches":{"total":8,"covered":0,"skipped":0,"pct":0}}
,"/Users/amir/dev/nodejs/doable-dev-58/src/features/tasks/print/lib/printUtils.ts": {"lines":{"total":21,"covered":16,"skipped":0,"pct":76.19},"functions":{"total":27,"covered":12,"skipped":0,"pct":44.44},"statements":{"total":33,"covered":19,"skipped":0,"pct":57.57},"branches":{"total":36,"covered":19,"skipped":0,"pct":52.77}}
,"/Users/amir/dev/nodejs/doable-dev-58/src/features/tasks/print/ui/PrintButton.tsx": {"lines":{"total":20,"covered":14,"skipped":0,"pct":70},"functions":{"total":5,"covered":2,"skipped":0,"pct":40},"statements":{"total":40,"covered":18,"skipped":0,"pct":45},"branches":{"total":19,"covered":0,"skipped":0,"pct":0}}
,"/Users/amir/dev/nodejs/doable-dev-58/src/features/tasks/reorder/model/reorderStore.tsx": {"lines":{"total":4,"covered":4,"skipped":0,"pct":100},"functions":{"total":5,"covered":5,"skipped":0,"pct":100},"statements":{"total":7,"covered":7,"skipped":0,"pct":100},"branches":{"total":0,"covered":0,"skipped":0,"pct":100}}
,"/Users/amir/dev/nodejs/doable-dev-58/src/features/tasks/reorder/model/useReorderMutation.tsx": {"lines":{"total":31,"covered":10,"skipped":0,"pct":32.25},"functions":{"total":27,"covered":4,"skipped":0,"pct":14.81},"statements":{"total":47,"covered":10,"skipped":0,"pct":21.27},"branches":{"total":16,"covered":0,"skipped":0,"pct":0}}
,"/Users/amir/dev/nodejs/doable-dev-58/src/features/tasks/search/model/spotlight.ts": {"lines":{"total":69,"covered":65,"skipped":0,"pct":94.2},"functions":{"total":33,"covered":30,"skipped":0,"pct":90.9},"statements":{"total":127,"covered":115,"skipped":0,"pct":90.55},"branches":{"total":74,"covered":55,"skipped":0,"pct":74.32}}
,"/Users/amir/dev/nodejs/doable-dev-58/src/features/tasks/search/model/useSpotlightOpen.ts": {"lines":{"total":3,"covered":3,"skipped":0,"pct":100},"functions":{"total":2,"covered":1,"skipped":0,"pct":50},"statements":{"total":3,"covered":3,"skipped":0,"pct":100},"branches":{"total":0,"covered":0,"skipped":0,"pct":100}}
,"/Users/amir/dev/nodejs/doable-dev-58/src/features/tasks/search/model/useSpotlightQuery.ts": {"lines":{"total":4,"covered":4,"skipped":0,"pct":100},"functions":{"total":3,"covered":2,"skipped":0,"pct":66.66},"statements":{"total":5,"covered":5,"skipped":0,"pct":100},"branches":{"total":2,"covered":1,"skipped":0,"pct":50}}
,"/Users/amir/dev/nodejs/doable-dev-58/src/features/tasks/search/model/useSpotlightSelectTask.ts": {"lines":{"total":5,"covered":3,"skipped":0,"pct":60},"functions":{"total":6,"covered":2,"skipped":0,"pct":33.33},"statements":{"total":8,"covered":4,"skipped":0,"pct":50},"branches":{"total":0,"covered":0,"skipped":0,"pct":100}}
,"/Users/amir/dev/nodejs/doable-dev-58/src/features/tasks/search/model/useSpotlightSelection.ts": {"lines":{"total":14,"covered":8,"skipped":0,"pct":57.14},"functions":{"total":10,"covered":4,"skipped":0,"pct":40},"statements":{"total":21,"covered":8,"skipped":0,"pct":38.09},"branches":{"total":18,"covered":5,"skipped":0,"pct":27.77}}
,"/Users/amir/dev/nodejs/doable-dev-58/src/features/tasks/search/ui/Spotlight.tsx": {"lines":{"total":15,"covered":13,"skipped":0,"pct":86.66},"functions":{"total":16,"covered":14,"skipped":0,"pct":87.5},"statements":{"total":31,"covered":21,"skipped":0,"pct":67.74},"branches":{"total":25,"covered":10,"skipped":0,"pct":40}}
,"/Users/amir/dev/nodejs/doable-dev-58/src/features/tasks/search/ui/SpotlightHeader.tsx": {"lines":{"total":2,"covered":1,"skipped":0,"pct":50},"functions":{"total":2,"covered":1,"skipped":0,"pct":50},"statements":{"total":3,"covered":2,"skipped":0,"pct":66.66},"branches":{"total":0,"covered":0,"skipped":0,"pct":100}}
,"/Users/amir/dev/nodejs/doable-dev-58/src/features/tasks/search/ui/SpotlightResults.tsx": {"lines":{"total":24,"covered":16,"skipped":0,"pct":66.66},"functions":{"total":15,"covered":7,"skipped":0,"pct":46.66},"statements":{"total":40,"covered":22,"skipped":0,"pct":55},"branches":{"total":27,"covered":12,"skipped":0,"pct":44.44}}
,"/Users/amir/dev/nodejs/doable-dev-58/src/features/tasks/temp-select/model/tempSelectStore.ts": {"lines":{"total":12,"covered":12,"skipped":0,"pct":100},"functions":{"total":11,"covered":9,"skipped":0,"pct":81.81},"statements":{"total":16,"covered":15,"skipped":0,"pct":93.75},"branches":{"total":2,"covered":2,"skipped":0,"pct":100}}
,"/Users/amir/dev/nodejs/doable-dev-58/src/features/timeline/model/aggregateTimeByList.ts": {"lines":{"total":19,"covered":19,"skipped":0,"pct":100},"functions":{"total":8,"covered":8,"skipped":0,"pct":100},"statements":{"total":34,"covered":34,"skipped":0,"pct":100},"branches":{"total":30,"covered":24,"skipped":0,"pct":80}}
,"/Users/amir/dev/nodejs/doable-dev-58/src/features/timeline/model/mapTimeEntriesToBlocks.ts": {"lines":{"total":8,"covered":8,"skipped":0,"pct":100},"functions":{"total":8,"covered":8,"skipped":0,"pct":100},"statements":{"total":16,"covered":16,"skipped":0,"pct":100},"branches":{"total":20,"covered":19,"skipped":0,"pct":95}}
,"/Users/amir/dev/nodejs/doable-dev-58/src/features/timeline/ui/QuickAddFromGapDialog.tsx": {"lines":{"total":57,"covered":33,"skipped":0,"pct":57.89},"functions":{"total":27,"covered":15,"skipped":0,"pct":55.55},"statements":{"total":88,"covered":46,"skipped":0,"pct":52.27},"branches":{"total":42,"covered":6,"skipped":0,"pct":14.28}}
,"/Users/amir/dev/nodejs/doable-dev-58/src/features/timeline/ui/TodayTimeline.tsx": {"lines":{"total":31,"covered":18,"skipped":0,"pct":58.06},"functions":{"total":15,"covered":7,"skipped":0,"pct":46.66},"statements":{"total":47,"covered":18,"skipped":0,"pct":38.29},"branches":{"total":14,"covered":4,"skipped":0,"pct":28.57}}
,"/Users/amir/dev/nodejs/doable-dev-58/src/features/timer/model/timerStore.ts": {"lines":{"total":2,"covered":2,"skipped":0,"pct":100},"functions":{"total":3,"covered":3,"skipped":0,"pct":100},"statements":{"total":5,"covered":4,"skipped":0,"pct":80},"branches":{"total":0,"covered":0,"skipped":0,"pct":100}}
,"/Users/amir/dev/nodejs/doable-dev-58/src/features/timer/model/useTimerSync.ts": {"lines":{"total":10,"covered":10,"skipped":0,"pct":100},"functions":{"total":7,"covered":6,"skipped":0,"pct":85.71},"statements":{"total":15,"covered":14,"skipped":0,"pct":93.33},"branches":{"total":14,"covered":11,"skipped":0,"pct":78.57}}
,"/Users/amir/dev/nodejs/doable-dev-58/src/features/timer/ui/ActiveTimerBar.tsx": {"lines":{"total":98,"covered":61,"skipped":0,"pct":62.24},"functions":{"total":45,"covered":27,"skipped":0,"pct":60},"statements":{"total":165,"covered":80,"skipped":0,"pct":48.48},"branches":{"total":85,"covered":28,"skipped":0,"pct":32.94}}
,"/Users/amir/dev/nodejs/doable-dev-58/src/features/timer/ui/TaskStartTimerButton.tsx": {"lines":{"total":14,"covered":11,"skipped":0,"pct":78.57},"functions":{"total":8,"covered":6,"skipped":0,"pct":75},"statements":{"total":26,"covered":16,"skipped":0,"pct":61.53},"branches":{"total":16,"covered":7,"skipped":0,"pct":43.75}}
,"/Users/amir/dev/nodejs/doable-dev-58/src/features/timer/ui/TaskTimeSpentBadge.tsx": {"lines":{"total":6,"covered":5,"skipped":0,"pct":83.33},"functions":{"total":8,"covered":6,"skipped":0,"pct":75},"statements":{"total":18,"covered":10,"skipped":0,"pct":55.55},"branches":{"total":13,"covered":9,"skipped":0,"pct":69.23}}
,"/Users/amir/dev/nodejs/doable-dev-58/src/shared/api/current-initiative.ts": {"lines":{"total":33,"covered":23,"skipped":0,"pct":69.69},"functions":{"total":33,"covered":13,"skipped":0,"pct":39.39},"statements":{"total":42,"covered":24,"skipped":0,"pct":57.14},"branches":{"total":22,"covered":3,"skipped":0,"pct":13.63}}
,"/Users/amir/dev/nodejs/doable-dev-58/src/shared/api/goal-milestones.ts": {"lines":{"total":13,"covered":13,"skipped":0,"pct":100},"functions":{"total":15,"covered":8,"skipped":0,"pct":53.33},"statements":{"total":16,"covered":14,"skipped":0,"pct":87.5},"branches":{"total":6,"covered":2,"skipped":0,"pct":33.33}}
,"/Users/amir/dev/nodejs/doable-dev-58/src/shared/api/goals.ts": {"lines":{"total":28,"covered":26,"skipped":0,"pct":92.85},"functions":{"total":30,"covered":13,"skipped":0,"pct":43.33},"statements":{"total":35,"covered":27,"skipped":0,"pct":77.14},"branches":{"total":10,"covered":2,"skipped":0,"pct":20}}
,"/Users/amir/dev/nodejs/doable-dev-58/src/shared/api/lists.ts": {"lines":{"total":89,"covered":64,"skipped":0,"pct":71.91},"functions":{"total":91,"covered":28,"skipped":0,"pct":30.76},"statements":{"total":142,"covered":77,"skipped":0,"pct":54.22},"branches":{"total":75,"covered":10,"skipped":0,"pct":13.33}}
,"/Users/amir/dev/nodejs/doable-dev-58/src/shared/api/tasks.tsx": {"lines":{"total":62,"covered":56,"skipped":0,"pct":90.32},"functions":{"total":67,"covered":34,"skipped":0,"pct":50.74},"statements":{"total":95,"covered":80,"skipped":0,"pct":84.21},"branches":{"total":24,"covered":9,"skipped":0,"pct":37.5}}
,"/Users/amir/dev/nodejs/doable-dev-58/src/shared/api/time-entries.ts": {"lines":{"total":22,"covered":16,"skipped":0,"pct":72.72},"functions":{"total":30,"covered":10,"skipped":0,"pct":33.33},"statements":{"total":23,"covered":17,"skipped":0,"pct":73.91},"branches":{"total":0,"covered":0,"skipped":0,"pct":100}}
,"/Users/amir/dev/nodejs/doable-dev-58/src/shared/hooks/use-mobile.tsx": {"lines":{"total":11,"covered":11,"skipped":0,"pct":100},"functions":{"total":10,"covered":8,"skipped":0,"pct":80},"statements":{"total":18,"covered":17,"skipped":0,"pct":94.44},"branches":{"total":0,"covered":0,"skipped":0,"pct":100}}
,"/Users/amir/dev/nodejs/doable-dev-58/src/shared/hooks/useCollapsible.ts": {"lines":{"total":20,"covered":11,"skipped":0,"pct":55},"functions":{"total":14,"covered":4,"skipped":0,"pct":28.57},"statements":{"total":21,"covered":11,"skipped":0,"pct":52.38},"branches":{"total":13,"covered":0,"skipped":0,"pct":0}}
,"/Users/amir/dev/nodejs/doable-dev-58/src/shared/lib/aiSuggestions.ts": {"lines":{"total":26,"covered":19,"skipped":0,"pct":73.07},"functions":{"total":13,"covered":8,"skipped":0,"pct":61.53},"statements":{"total":48,"covered":25,"skipped":0,"pct":52.08},"branches":{"total":46,"covered":28,"skipped":0,"pct":60.86}}
,"/Users/amir/dev/nodejs/doable-dev-58/src/shared/lib/api.ts": {"lines":{"total":22,"covered":11,"skipped":0,"pct":50},"functions":{"total":10,"covered":4,"skipped":0,"pct":40},"statements":{"total":31,"covered":15,"skipped":0,"pct":48.38},"branches":{"total":30,"covered":10,"skipped":0,"pct":33.33}}
,"/Users/amir/dev/nodejs/doable-dev-58/src/shared/lib/auth-client.ts": {"lines":{"total":1,"covered":1,"skipped":0,"pct":100},"functions":{"total":0,"covered":0,"skipped":0,"pct":100},"statements":{"total":2,"covered":1,"skipped":0,"pct":50},"branches":{"total":4,"covered":2,"skipped":0,"pct":50}}
,"/Users/amir/dev/nodejs/doable-dev-58/src/shared/lib/auth.ts": {"lines":{"total":18,"covered":13,"skipped":0,"pct":72.22},"functions":{"total":8,"covered":3,"skipped":0,"pct":37.5},"statements":{"total":24,"covered":13,"skipped":0,"pct":54.16},"branches":{"total":24,"covered":6,"skipped":0,"pct":25}}
,"/Users/amir/dev/nodejs/doable-dev-58/src/shared/lib/colors.ts": {"lines":{"total":17,"covered":16,"skipped":0,"pct":94.11},"functions":{"total":8,"covered":6,"skipped":0,"pct":75},"statements":{"total":21,"covered":20,"skipped":0,"pct":95.23},"branches":{"total":16,"covered":15,"skipped":0,"pct":93.75}}
,"/Users/amir/dev/nodejs/doable-dev-58/src/shared/lib/dayjs.ts": {"lines":{"total":1,"covered":1,"skipped":0,"pct":100},"functions":{"total":0,"covered":0,"skipped":0,"pct":100},"statements":{"total":1,"covered":1,"skipped":0,"pct":100},"branches":{"total":0,"covered":0,"skipped":0,"pct":100}}
,"/Users/amir/dev/nodejs/doable-dev-58/src/shared/lib/db.ts": {"lines":{"total":6,"covered":6,"skipped":0,"pct":100},"functions":{"total":4,"covered":2,"skipped":0,"pct":50},"statements":{"total":7,"covered":6,"skipped":0,"pct":85.71},"branches":{"total":6,"covered":2,"skipped":0,"pct":33.33}}
,"/Users/amir/dev/nodejs/doable-dev-58/src/shared/lib/duration-options.ts": {"lines":{"total":1,"covered":1,"skipped":0,"pct":100},"functions":{"total":0,"covered":0,"skipped":0,"pct":100},"statements":{"total":2,"covered":1,"skipped":0,"pct":50},"branches":{"total":0,"covered":0,"skipped":0,"pct":100}}
,"/Users/amir/dev/nodejs/doable-dev-58/src/shared/lib/format-duration.ts": {"lines":{"total":18,"covered":18,"skipped":0,"pct":100},"functions":{"total":4,"covered":4,"skipped":0,"pct":100},"statements":{"total":27,"covered":27,"skipped":0,"pct":100},"branches":{"total":31,"covered":29,"skipped":0,"pct":93.54}}
,"/Users/amir/dev/nodejs/doable-dev-58/src/shared/lib/instance-tools.ts": {"lines":{"total":3,"covered":3,"skipped":0,"pct":100},"functions":{"total":4,"covered":3,"skipped":0,"pct":75},"statements":{"total":3,"covered":3,"skipped":0,"pct":100},"branches":{"total":0,"covered":0,"skipped":0,"pct":100}}
,"/Users/amir/dev/nodejs/doable-dev-58/src/shared/lib/listUtils.ts": {"lines":{"total":11,"covered":10,"skipped":0,"pct":90.9},"functions":{"total":24,"covered":18,"skipped":0,"pct":75},"statements":{"total":27,"covered":23,"skipped":0,"pct":85.18},"branches":{"total":18,"covered":10,"skipped":0,"pct":55.55}}
,"/Users/amir/dev/nodejs/doable-dev-58/src/shared/lib/react-query.tsx": {"lines":{"total":6,"covered":5,"skipped":0,"pct":83.33},"functions":{"total":3,"covered":2,"skipped":0,"pct":66.66},"statements":{"total":7,"covered":5,"skipped":0,"pct":71.42},"branches":{"total":0,"covered":0,"skipped":0,"pct":100}}
,"/Users/amir/dev/nodejs/doable-dev-58/src/shared/lib/safari-detection.ts": {"lines":{"total":6,"covered":5,"skipped":0,"pct":83.33},"functions":{"total":2,"covered":1,"skipped":0,"pct":50},"statements":{"total":10,"covered":5,"skipped":0,"pct":50},"branches":{"total":13,"covered":6,"skipped":0,"pct":46.15}}
,"/Users/amir/dev/nodejs/doable-dev-58/src/shared/lib/toggleMarkdownCheckbox.ts": {"lines":{"total":9,"covered":9,"skipped":0,"pct":100},"functions":{"total":6,"covered":6,"skipped":0,"pct":100},"statements":{"total":9,"covered":9,"skipped":0,"pct":100},"branches":{"total":4,"covered":4,"skipped":0,"pct":100}}
,"/Users/amir/dev/nodejs/doable-dev-58/src/shared/lib/url-utils.ts": {"lines":{"total":17,"covered":14,"skipped":0,"pct":82.35},"functions":{"total":8,"covered":4,"skipped":0,"pct":50},"statements":{"total":26,"covered":20,"skipped":0,"pct":76.92},"branches":{"total":21,"covered":10,"skipped":0,"pct":47.61}}
,"/Users/amir/dev/nodejs/doable-dev-58/src/shared/lib/utils.ts": {"lines":{"total":30,"covered":24,"skipped":0,"pct":80},"functions":{"total":22,"covered":11,"skipped":0,"pct":50},"statements":{"total":52,"covered":39,"skipped":0,"pct":75},"branches":{"total":28,"covered":11,"skipped":0,"pct":39.28}}
,"/Users/amir/dev/nodejs/doable-dev-58/src/shared/lib/api/api-route-wrapper.ts": {"lines":{"total":5,"covered":5,"skipped":0,"pct":100},"functions":{"total":4,"covered":4,"skipped":0,"pct":100},"statements":{"total":5,"covered":5,"skipped":0,"pct":100},"branches":{"total":0,"covered":0,"skipped":0,"pct":100}}
,"/Users/amir/dev/nodejs/doable-dev-58/src/shared/lib/api/auth-errors.ts": {"lines":{"total":10,"covered":10,"skipped":0,"pct":100},"functions":{"total":6,"covered":6,"skipped":0,"pct":100},"statements":{"total":10,"covered":10,"skipped":0,"pct":100},"branches":{"total":8,"covered":7,"skipped":0,"pct":87.5}}
,"/Users/amir/dev/nodejs/doable-dev-58/src/shared/lib/api/initiative-helpers.ts": {"lines":{"total":78,"covered":76,"skipped":0,"pct":97.43},"functions":{"total":46,"covered":34,"skipped":0,"pct":73.91},"statements":{"total":103,"covered":90,"skipped":0,"pct":87.37},"branches":{"total":76,"covered":59,"skipped":0,"pct":77.63}}
,"/Users/amir/dev/nodejs/doable-dev-58/src/shared/lib/api/route-wrapper.ts": {"lines":{"total":7,"covered":7,"skipped":0,"pct":100},"functions":{"total":8,"covered":8,"skipped":0,"pct":100},"statements":{"total":7,"covered":7,"skipped":0,"pct":100},"branches":{"total":4,"covered":4,"skipped":0,"pct":100}}
,"/Users/amir/dev/nodejs/doable-dev-58/src/shared/lib/api/serialize-helpers.ts": {"lines":{"total":4,"covered":4,"skipped":0,"pct":100},"functions":{"total":2,"covered":2,"skipped":0,"pct":100},"statements":{"total":6,"covered":6,"skipped":0,"pct":100},"branches":{"total":6,"covered":5,"skipped":0,"pct":83.33}}
,"/Users/amir/dev/nodejs/doable-dev-58/src/shared/lib/auth/user-auth.ts": {"lines":{"total":7,"covered":5,"skipped":0,"pct":71.42},"functions":{"total":2,"covered":1,"skipped":0,"pct":50},"statements":{"total":7,"covered":5,"skipped":0,"pct":71.42},"branches":{"total":4,"covered":0,"skipped":0,"pct":0}}
,"/Users/amir/dev/nodejs/doable-dev-58/src/shared/lib/db/list-queries.ts": {"lines":{"total":24,"covered":19,"skipped":0,"pct":79.16},"functions":{"total":24,"covered":9,"skipped":0,"pct":37.5},"statements":{"total":27,"covered":19,"skipped":0,"pct":70.37},"branches":{"total":16,"covered":9,"skipped":0,"pct":56.25}}
,"/Users/amir/dev/nodejs/doable-dev-58/src/shared/lib/drizzle/schema.ts": {"lines":{"total":31,"covered":28,"skipped":0,"pct":90.32},"functions":{"total":40,"covered":0,"skipped":0,"pct":0},"statements":{"total":62,"covered":39,"skipped":0,"pct":62.9},"branches":{"total":0,"covered":0,"skipped":0,"pct":100}}
,"/Users/amir/dev/nodejs/doable-dev-58/src/shared/lib/validation/list-validation.ts": {"lines":{"total":35,"covered":34,"skipped":0,"pct":97.14},"functions":{"total":4,"covered":4,"skipped":0,"pct":100},"statements":{"total":35,"covered":34,"skipped":0,"pct":97.14},"branches":{"total":61,"covered":59,"skipped":0,"pct":96.72}}
,"/Users/amir/dev/nodejs/doable-dev-58/src/shared/types/aiSuggestions.ts": {"lines":{"total":0,"covered":0,"skipped":0,"pct":100},"functions":{"total":0,"covered":0,"skipped":0,"pct":100},"statements":{"total":0,"covered":0,"skipped":0,"pct":100},"branches":{"total":0,"covered":0,"skipped":0,"pct":100}}
,"/Users/amir/dev/nodejs/doable-dev-58/src/shared/ui/IconButtonToggle.tsx": {"lines":{"total":4,"covered":2,"skipped":0,"pct":50},"functions":{"total":4,"covered":2,"skipped":0,"pct":50},"statements":{"total":5,"covered":3,"skipped":0,"pct":60},"branches":{"total":0,"covered":0,"skipped":0,"pct":100}}
,"/Users/amir/dev/nodejs/doable-dev-58/src/shared/ui/alert-dialog.tsx": {"lines":{"total":36,"covered":21,"skipped":0,"pct":58.33},"functions":{"total":8,"covered":0,"skipped":0,"pct":0},"statements":{"total":43,"covered":22,"skipped":0,"pct":51.16},"branches":{"total":0,"covered":0,"skipped":0,"pct":100}}
,"/Users/amir/dev/nodejs/doable-dev-58/src/shared/ui/badge.tsx": {"lines":{"total":5,"covered":4,"skipped":0,"pct":80},"functions":{"total":2,"covered":1,"skipped":0,"pct":50},"statements":{"total":7,"covered":5,"skipped":0,"pct":71.42},"branches":{"total":0,"covered":0,"skipped":0,"pct":100}}
,"/Users/amir/dev/nodejs/doable-dev-58/src/shared/ui/button.tsx": {"lines":{"total":6,"covered":6,"skipped":0,"pct":100},"functions":{"total":3,"covered":2,"skipped":0,"pct":66.66},"statements":{"total":12,"covered":11,"skipped":0,"pct":91.66},"branches":{"total":7,"covered":6,"skipped":0,"pct":85.71}}
,"/Users/amir/dev/nodejs/doable-dev-58/src/shared/ui/calendar.tsx": {"lines":{"total":6,"covered":3,"skipped":0,"pct":50},"functions":{"total":4,"covered":1,"skipped":0,"pct":25},"statements":{"total":7,"covered":4,"skipped":0,"pct":57.14},"branches":{"total":7,"covered":2,"skipped":0,"pct":28.57}}
,"/Users/amir/dev/nodejs/doable-dev-58/src/shared/ui/card.tsx": {"lines":{"total":21,"covered":12,"skipped":0,"pct":57.14},"functions":{"total":6,"covered":0,"skipped":0,"pct":0},"statements":{"total":27,"covered":14,"skipped":0,"pct":51.85},"branches":{"total":0,"covered":0,"skipped":0,"pct":100}}
,"/Users/amir/dev/nodejs/doable-dev-58/src/shared/ui/checkbox.tsx": {"lines":{"total":4,"covered":2,"skipped":0,"pct":50},"functions":{"total":1,"covered":0,"skipped":0,"pct":0},"statements":{"total":4,"covered":2,"skipped":0,"pct":50},"branches":{"total":0,"covered":0,"skipped":0,"pct":100}}
,"/Users/amir/dev/nodejs/doable-dev-58/src/shared/ui/collapsible-actions.tsx": {"lines":{"total":4,"covered":2,"skipped":0,"pct":50},"functions":{"total":2,"covered":1,"skipped":0,"pct":50},"statements":{"total":5,"covered":3,"skipped":0,"pct":60},"branches":{"total":14,"covered":5,"skipped":0,"pct":35.71}}
,"/Users/amir/dev/nodejs/doable-dev-58/src/shared/ui/color-picker.tsx": {"lines":{"total":7,"covered":4,"skipped":0,"pct":57.14},"functions":{"total":7,"covered":4,"skipped":0,"pct":57.14},"statements":{"total":11,"covered":6,"skipped":0,"pct":54.54},"branches":{"total":8,"covered":4,"skipped":0,"pct":50}}
,"/Users/amir/dev/nodejs/doable-dev-58/src/shared/ui/dialog.tsx": {"lines":{"total":26,"covered":17,"skipped":0,"pct":65.38},"functions":{"total":6,"covered":0,"skipped":0,"pct":0},"statements":{"total":35,"covered":20,"skipped":0,"pct":57.14},"branches":{"total":0,"covered":0,"skipped":0,"pct":100}}
,"/Users/amir/dev/nodejs/doable-dev-58/src/shared/ui/input.tsx": {"lines":{"total":5,"covered":4,"skipped":0,"pct":80},"functions":{"total":2,"covered":1,"skipped":0,"pct":50},"statements":{"total":6,"covered":4,"skipped":0,"pct":66.66},"branches":{"total":0,"covered":0,"skipped":0,"pct":100}}
,"/Users/amir/dev/nodejs/doable-dev-58/src/shared/ui/label.tsx": {"lines":{"total":5,"covered":3,"skipped":0,"pct":60},"functions":{"total":1,"covered":0,"skipped":0,"pct":0},"statements":{"total":5,"covered":3,"skipped":0,"pct":60},"branches":{"total":0,"covered":0,"skipped":0,"pct":100}}
,"/Users/amir/dev/nodejs/doable-dev-58/src/shared/ui/popover.tsx": {"lines":{"total":6,"covered":4,"skipped":0,"pct":66.66},"functions":{"total":1,"covered":0,"skipped":0,"pct":0},"statements":{"total":8,"covered":4,"skipped":0,"pct":50},"branches":{"total":5,"covered":1,"skipped":0,"pct":20}}
,"/Users/amir/dev/nodejs/doable-dev-58/src/shared/ui/progress.tsx": {"lines":{"total":4,"covered":2,"skipped":0,"pct":50},"functions":{"total":1,"covered":0,"skipped":0,"pct":0},"statements":{"total":4,"covered":2,"skipped":0,"pct":50},"branches":{"total":4,"covered":2,"skipped":0,"pct":50}}
,"/Users/amir/dev/nodejs/doable-dev-58/src/shared/ui/select.tsx": {"lines":{"total":32,"covered":19,"skipped":0,"pct":59.37},"functions":{"total":7,"covered":0,"skipped":0,"pct":0},"statements":{"total":36,"covered":19,"skipped":0,"pct":52.77},"branches":{"total":8,"covered":5,"skipped":0,"pct":62.5}}
,"/Users/amir/dev/nodejs/doable-dev-58/src/shared/ui/separator.tsx": {"lines":{"total":5,"covered":3,"skipped":0,"pct":60},"functions":{"total":1,"covered":0,"skipped":0,"pct":0},"statements":{"total":5,"covered":3,"skipped":0,"pct":60},"branches":{"total":7,"covered":4,"skipped":0,"pct":57.14}}
,"/Users/amir/dev/nodejs/doable-dev-58/src/shared/ui/sheet.tsx": {"lines":{"total":25,"covered":21,"skipped":0,"pct":84},"functions":{"total":9,"covered":2,"skipped":0,"pct":22.22},"statements":{"total":35,"covered":29,"skipped":0,"pct":82.85},"branches":{"total":2,"covered":0,"skipped":0,"pct":0}}
,"/Users/amir/dev/nodejs/doable-dev-58/src/shared/ui/sidebar.tsx": {"lines":{"total":81,"covered":73,"skipped":0,"pct":90.12},"functions":{"total":37,"covered":30,"skipped":0,"pct":81.08},"statements":{"total":109,"covered":96,"skipped":0,"pct":88.07},"branches":{"total":60,"covered":24,"skipped":0,"pct":40}}
,"/Users/amir/dev/nodejs/doable-dev-58/src/shared/ui/slider.tsx": {"lines":{"total":4,"covered":2,"skipped":0,"pct":50},"functions":{"total":1,"covered":0,"skipped":0,"pct":0},"statements":{"total":4,"covered":2,"skipped":0,"pct":50},"branches":{"total":0,"covered":0,"skipped":0,"pct":100}}
,"/Users/amir/dev/nodejs/doable-dev-58/src/shared/ui/tabs.tsx": {"lines":{"total":14,"covered":8,"skipped":0,"pct":57.14},"functions":{"total":3,"covered":0,"skipped":0,"pct":0},"statements":{"total":16,"covered":9,"skipped":0,"pct":56.25},"branches":{"total":0,"covered":0,"skipped":0,"pct":100}}
,"/Users/amir/dev/nodejs/doable-dev-58/src/shared/ui/textarea.tsx": {"lines":{"total":4,"covered":3,"skipped":0,"pct":75},"functions":{"total":2,"covered":1,"skipped":0,"pct":50},"statements":{"total":5,"covered":4,"skipped":0,"pct":80},"branches":{"total":0,"covered":0,"skipped":0,"pct":100}}
,"/Users/amir/dev/nodejs/doable-dev-58/src/shared/ui/tooltip.tsx": {"lines":{"total":8,"covered":7,"skipped":0,"pct":87.5},"functions":{"total":1,"covered":0,"skipped":0,"pct":0},"statements":{"total":11,"covered":10,"skipped":0,"pct":90.9},"branches":{"total":3,"covered":1,"skipped":0,"pct":33.33}}
,"/Users/amir/dev/nodejs/doable-dev-58/src/shared/ui/charts/DoughnutChart.stories.tsx": {"lines":{"total":7,"covered":0,"skipped":0,"pct":0},"functions":{"total":1,"covered":0,"skipped":0,"pct":0},"statements":{"total":7,"covered":0,"skipped":0,"pct":0},"branches":{"total":0,"covered":0,"skipped":0,"pct":100}}
,"/Users/amir/dev/nodejs/doable-dev-58/src/shared/ui/charts/DoughnutChart.tsx": {"lines":{"total":12,"covered":6,"skipped":0,"pct":50},"functions":{"total":14,"covered":8,"skipped":0,"pct":57.14},"statements":{"total":21,"covered":11,"skipped":0,"pct":52.38},"branches":{"total":2,"covered":1,"skipped":0,"pct":50}}
,"/Users/amir/dev/nodejs/doable-dev-58/src/shared/ui/task/AiSuggestionBanner.tsx": {"lines":{"total":9,"covered":1,"skipped":0,"pct":11.11},"functions":{"total":4,"covered":0,"skipped":0,"pct":0},"statements":{"total":12,"covered":1,"skipped":0,"pct":8.33},"branches":{"total":21,"covered":0,"skipped":0,"pct":0}}
,"/Users/amir/dev/nodejs/doable-dev-58/src/shared/ui/task/BlockerToggle.tsx": {"lines":{"total":5,"covered":2,"skipped":0,"pct":40},"functions":{"total":5,"covered":2,"skipped":0,"pct":40},"statements":{"total":6,"covered":3,"skipped":0,"pct":50},"branches":{"total":8,"covered":2,"skipped":0,"pct":25}}
,"/Users/amir/dev/nodejs/doable-dev-58/src/shared/ui/task/CategorySelector.tsx": {"lines":{"total":4,"covered":3,"skipped":0,"pct":75},"functions":{"total":4,"covered":3,"skipped":0,"pct":75},"statements":{"total":5,"covered":4,"skipped":0,"pct":80},"branches":{"total":0,"covered":0,"skipped":0,"pct":100}}
,"/Users/amir/dev/nodejs/doable-dev-58/src/shared/ui/task/DatePickerButton.tsx": {"lines":{"total":39,"covered":22,"skipped":0,"pct":56.41},"functions":{"total":28,"covered":9,"skipped":0,"pct":32.14},"statements":{"total":52,"covered":27,"skipped":0,"pct":51.92},"branches":{"total":21,"covered":6,"skipped":0,"pct":28.57}}
,"/Users/amir/dev/nodejs/doable-dev-58/src/shared/ui/task/DurationSelector.tsx": {"lines":{"total":4,"covered":2,"skipped":0,"pct":50},"functions":{"total":4,"covered":2,"skipped":0,"pct":50},"statements":{"total":5,"covered":3,"skipped":0,"pct":60},"branches":{"total":4,"covered":1,"skipped":0,"pct":25}}
,"/Users/amir/dev/nodejs/doable-dev-58/src/shared/ui/task/EstimatedDurationSelector.tsx": {"lines":{"total":18,"covered":13,"skipped":0,"pct":72.22},"functions":{"total":13,"covered":4,"skipped":0,"pct":30.76},"statements":{"total":21,"covered":15,"skipped":0,"pct":71.42},"branches":{"total":24,"covered":8,"skipped":0,"pct":33.33}}
,"/Users/amir/dev/nodejs/doable-dev-58/src/shared/ui/task/GoalSelector.tsx": {"lines":{"total":5,"covered":2,"skipped":0,"pct":40},"functions":{"total":5,"covered":2,"skipped":0,"pct":40},"statements":{"total":8,"covered":3,"skipped":0,"pct":37.5},"branches":{"total":13,"covered":4,"skipped":0,"pct":30.76}}
,"/Users/amir/dev/nodejs/doable-dev-58/src/shared/ui/task/MarkdownAreaField.tsx": {"lines":{"total":31,"covered":13,"skipped":0,"pct":41.93},"functions":{"total":17,"covered":5,"skipped":0,"pct":29.41},"statements":{"total":47,"covered":14,"skipped":0,"pct":29.78},"branches":{"total":43,"covered":1,"skipped":0,"pct":2.32}}
,"/Users/amir/dev/nodejs/doable-dev-58/src/shared/ui/task/SelectTaskCategory.tsx": {"lines":{"total":16,"covered":9,"skipped":0,"pct":56.25},"functions":{"total":8,"covered":5,"skipped":0,"pct":62.5},"statements":{"total":22,"covered":13,"skipped":0,"pct":59.09},"branches":{"total":23,"covered":11,"skipped":0,"pct":47.82}}
,"/Users/amir/dev/nodejs/doable-dev-58/src/shared/ui/task/StarredToggle.tsx": {"lines":{"total":5,"covered":2,"skipped":0,"pct":40},"functions":{"total":5,"covered":2,"skipped":0,"pct":40},"statements":{"total":6,"covered":3,"skipped":0,"pct":50},"branches":{"total":8,"covered":2,"skipped":0,"pct":25}}
,"/Users/amir/dev/nodejs/doable-dev-58/src/shared/ui/task/TaskDatePicker.tsx": {"lines":{"total":4,"covered":2,"skipped":0,"pct":50},"functions":{"total":4,"covered":2,"skipped":0,"pct":50},"statements":{"total":5,"covered":3,"skipped":0,"pct":60},"branches":{"total":0,"covered":0,"skipped":0,"pct":100}}
,"/Users/amir/dev/nodejs/doable-dev-58/src/shared/ui/task/TaskFormFields.tsx": {"lines":{"total":20,"covered":12,"skipped":0,"pct":60},"functions":{"total":16,"covered":9,"skipped":0,"pct":56.25},"statements":{"total":23,"covered":15,"skipped":0,"pct":65.21},"branches":{"total":26,"covered":10,"skipped":0,"pct":38.46}}
,"/Users/amir/dev/nodejs/doable-dev-58/src/shared/ui/task/TaskMetadataFields.tsx": {"lines":{"total":2,"covered":1,"skipped":0,"pct":50},"functions":{"total":2,"covered":1,"skipped":0,"pct":50},"statements":{"total":3,"covered":2,"skipped":0,"pct":66.66},"branches":{"total":0,"covered":0,"skipped":0,"pct":100}}
,"/Users/amir/dev/nodejs/doable-dev-58/src/shared/ui/task/useTaskMetadata.ts": {"lines":{"total":7,"covered":7,"skipped":0,"pct":100},"functions":{"total":8,"covered":7,"skipped":0,"pct":87.5},"statements":{"total":9,"covered":8,"skipped":0,"pct":88.88},"branches":{"total":0,"covered":0,"skipped":0,"pct":100}}
,"/Users/amir/dev/nodejs/doable-dev-58/src/shared/ui/timeline/DayTimeline.stories.tsx": {"lines":{"total":58,"covered":0,"skipped":0,"pct":0},"functions":{"total":44,"covered":0,"skipped":0,"pct":0},"statements":{"total":58,"covered":0,"skipped":0,"pct":0},"branches":{"total":1,"covered":0,"skipped":0,"pct":0}}
,"/Users/amir/dev/nodejs/doable-dev-58/src/shared/ui/timeline/DayTimeline.tsx": {"lines":{"total":184,"covered":152,"skipped":0,"pct":82.6},"functions":{"total":68,"covered":33,"skipped":0,"pct":48.52},"statements":{"total":289,"covered":227,"skipped":0,"pct":78.54},"branches":{"total":145,"covered":58,"skipped":0,"pct":40}}
,"/Users/amir/dev/nodejs/doable-dev-58/src/shared/ui/timeline/TimelineBar.stories.tsx": {"lines":{"total":14,"covered":0,"skipped":0,"pct":0},"functions":{"total":3,"covered":0,"skipped":0,"pct":0},"statements":{"total":14,"covered":0,"skipped":0,"pct":0},"branches":{"total":1,"covered":0,"skipped":0,"pct":0}}
,"/Users/amir/dev/nodejs/doable-dev-58/src/shared/ui/timeline/TimelineBar.tsx": {"lines":{"total":73,"covered":59,"skipped":0,"pct":80.82},"functions":{"total":31,"covered":17,"skipped":0,"pct":54.83},"statements":{"total":129,"covered":83,"skipped":0,"pct":64.34},"branches":{"total":56,"covered":26,"skipped":0,"pct":46.42}}
,"/Users/amir/dev/nodejs/doable-dev-58/src/shared/ui/timer/StartTimerButton.stories.tsx": {"lines":{"total":8,"covered":0,"skipped":0,"pct":0},"functions":{"total":2,"covered":0,"skipped":0,"pct":0},"statements":{"total":8,"covered":0,"skipped":0,"pct":0},"branches":{"total":0,"covered":0,"skipped":0,"pct":100}}
,"/Users/amir/dev/nodejs/doable-dev-58/src/shared/ui/timer/StartTimerButton.tsx": {"lines":{"total":2,"covered":1,"skipped":0,"pct":50},"functions":{"total":2,"covered":1,"skipped":0,"pct":50},"statements":{"total":3,"covered":2,"skipped":0,"pct":66.66},"branches":{"total":16,"covered":5,"skipped":0,"pct":31.25}}
,"/Users/amir/dev/nodejs/doable-dev-58/src/shared/ui/timer/TimeSpentBadge.stories.tsx": {"lines":{"total":8,"covered":0,"skipped":0,"pct":0},"functions":{"total":0,"covered":0,"skipped":0,"pct":100},"statements":{"total":8,"covered":0,"skipped":0,"pct":0},"branches":{"total":0,"covered":0,"skipped":0,"pct":100}}
,"/Users/amir/dev/nodejs/doable-dev-58/src/shared/ui/timer/TimeSpentBadge.tsx": {"lines":{"total":6,"covered":5,"skipped":0,"pct":83.33},"functions":{"total":2,"covered":1,"skipped":0,"pct":50},"statements":{"total":11,"covered":6,"skipped":0,"pct":54.54},"branches":{"total":18,"covered":4,"skipped":0,"pct":22.22}}
,"/Users/amir/dev/nodejs/doable-dev-58/src/shared/ui/timer/TimerBar.stories.tsx": {"lines":{"total":9,"covered":0,"skipped":0,"pct":0},"functions":{"total":1,"covered":0,"skipped":0,"pct":0},"statements":{"total":9,"covered":0,"skipped":0,"pct":0},"branches":{"total":0,"covered":0,"skipped":0,"pct":100}}
,"/Users/amir/dev/nodejs/doable-dev-58/src/shared/ui/timer/TimerBar.tsx": {"lines":{"total":8,"covered":5,"skipped":0,"pct":62.5},"functions":{"total":10,"covered":5,"skipped":0,"pct":50},"statements":{"total":11,"covered":6,"skipped":0,"pct":54.54},"branches":{"total":59,"covered":23,"skipped":0,"pct":38.98}}
}
