TN:
SF:src/middleware.ts
FN:6,middleware
FN:9,(anonymous_1)
FNF:2
FNH:0
FNDA:0,middleware
FNDA:0,(anonymous_1)
DA:4,0
DA:7,0
DA:9,0
DA:10,0
DA:13,0
DA:18,0
DA:22,0
DA:25,0
DA:26,0
DA:27,0
DA:30,0
DA:33,0
LF:12
LH:0
BRDA:9,0,0,0
BRDA:9,0,1,0
BRDA:13,1,0,0
BRDA:13,1,1,0
BRDA:14,2,0,0
BRDA:14,2,1,0
BRDA:14,2,2,0
BRDA:22,3,0,0
BRDA:22,3,1,0
BRDA:25,4,0,0
BRDA:25,4,1,0
BRF:11
BRH:0
end_of_record
TN:
SF:src/_pages/calendar-day/ui/CalendarDayPage.tsx
FN:14,CalendarDayPage
FN:15,(anonymous_1)
FN:28,(anonymous_2)
FN:33,(anonymous_3)
FN:37,(anonymous_4)
FN:38,(anonymous_5)
FN:41,(anonymous_6)
FN:42,(anonymous_7)
FN:46,(anonymous_8)
FN:58,(anonymous_9)
FN:64,(anonymous_10)
FN:70,(anonymous_11)
FN:14,CalendarDayPage
FN:15,(anonymous_1)
FN:37,(anonymous_4)
FN:38,(anonymous_5)
FN:41,(anonymous_6)
FN:42,(anonymous_7)
FN:46,(anonymous_8)
FN:58,(anonymous_9)
FN:64,(anonymous_10)
FN:70,(anonymous_11)
FN:24,(anonymous_2)
FN:29,(anonymous_3)
FN:34,(anonymous_4)
FN:34,(anonymous_5)
FN:38,(anonymous_6)
FN:39,(anonymous_7)
FN:42,(anonymous_8)
FN:54,(anonymous_9)
FN:61,(anonymous_10)
FN:66,(anonymous_11)
FNF:32
FNH:27
FNDA:0,CalendarDayPage
FNDA:0,(anonymous_1)
FNDA:25,(anonymous_2)
FNDA:25,(anonymous_3)
FNDA:14,(anonymous_4)
FNDA:14,(anonymous_5)
FNDA:14,(anonymous_6)
FNDA:14,(anonymous_7)
FNDA:0,(anonymous_8)
FNDA:0,(anonymous_9)
FNDA:14,(anonymous_10)
FNDA:0,(anonymous_11)
FNDA:30,CalendarDayPage
FNDA:16,(anonymous_1)
FNDA:14,(anonymous_4)
FNDA:14,(anonymous_5)
FNDA:14,(anonymous_6)
FNDA:14,(anonymous_7)
FNDA:14,(anonymous_8)
FNDA:14,(anonymous_9)
FNDA:14,(anonymous_10)
FNDA:14,(anonymous_11)
FNDA:22,(anonymous_2)
FNDA:22,(anonymous_3)
FNDA:8,(anonymous_4)
FNDA:8,(anonymous_5)
FNDA:8,(anonymous_6)
FNDA:8,(anonymous_7)
FNDA:8,(anonymous_8)
FNDA:8,(anonymous_9)
FNDA:8,(anonymous_10)
FNDA:8,(anonymous_11)
DA:14,29
DA:15,30
DA:16,22
DA:17,14
DA:19,14
DA:20,14
DA:21,14
DA:22,22
DA:23,22
DA:24,36
DA:25,22
DA:27,8
DA:28,25
DA:29,22
DA:32,8
DA:33,25
DA:34,14
DA:37,8
DA:38,14
DA:39,0
DA:41,8
DA:42,14
DA:43,0
DA:45,8
DA:47,0
DA:48,14
DA:54,14
DA:57,8
DA:59,14
DA:61,14
DA:64,8
DA:65,0
DA:66,14
DA:67,0
DA:69,8
DA:71,8
DA:72,14
DA:73,8
DA:74,0
DA:75,14
DA:78,0
DA:80,14
DA:85,0
LF:43
LH:35
BRDA:19,0,0,0
BRDA:20,1,0,0
BRDA:21,2,0,0
BRDA:19,3,0,6
BRDA:20,4,0,4
BRDA:21,5,0,2
BRDA:16,6,0,14
BRDA:17,7,0,14
BRDA:19,8,0,20
BRF:9
BRH:6
end_of_record
TN:
SF:src/_pages/tasks-todo/api/useGoalsLoader.tsx
FN:3,useGoalsLoader
FN:3,useGoalsLoader
FN:1,useGoalsLoader
FNF:3
FNH:1
FNDA:0,useGoalsLoader
FNDA:580,useGoalsLoader
FNDA:0,useGoalsLoader
DA:3,0
DA:4,580
DA:5,570
LF:3
LH:2
BRDA:4,0,0,0
BRDA:4,1,0,152
BRDA:3,2,0,0
BRF:3
BRH:1
end_of_record
TN:
SF:src/_pages/tasks-todo/api/useTasksLoader.tsx
FN:3,useTasksLoader
FN:3,useTasksLoader
FN:1,useTasksLoader
FNF:3
FNH:1
FNDA:0,useTasksLoader
FNDA:1109,useTasksLoader
FNDA:0,useTasksLoader
DA:3,0
DA:4,1109
DA:6,1088
LF:3
LH:2
BRDA:4,0,0,0
BRDA:4,1,0,334
BRDA:3,2,0,0
BRF:3
BRH:1
end_of_record
TN:
SF:src/_pages/tasks-todo/model/groupTasks.tsx
FN:18,groupTasksByList
FN:27,(anonymous_1)
FN:34,(anonymous_2)
FN:35,(anonymous_3)
FN:53,(anonymous_4)
FN:62,useGroupedTasksByList
FN:18,groupTasksByList
FN:27,(anonymous_1)
FN:34,(anonymous_2)
FN:35,(anonymous_3)
FN:53,(anonymous_4)
FN:62,useGroupedTasksByList
FN:17,groupTasksByList
FN:24,(anonymous_1)
FN:31,(anonymous_2)
FN:34,(anonymous_3)
FN:48,(anonymous_4)
FN:55,useGroupedTasksByList
FNF:18
FNH:16
FNDA:13,groupTasksByList
FNDA:66832,(anonymous_1)
FNDA:23,(anonymous_2)
FNDA:17,(anonymous_3)
FNDA:24,(anonymous_4)
FNDA:0,useGroupedTasksByList
FNDA:612,groupTasksByList
FNDA:66804,(anonymous_1)
FNDA:2716,(anonymous_2)
FNDA:280,(anonymous_3)
FNDA:642,(anonymous_4)
FNDA:612,useGroupedTasksByList
FNDA:0,groupTasksByList
FNDA:612,(anonymous_1)
FNDA:612,(anonymous_2)
FNDA:612,(anonymous_3)
FNDA:612,(anonymous_4)
FNDA:612,useGroupedTasksByList
DA:18,0
DA:22,612
DA:24,625
DA:26,0
DA:27,625
DA:28,66832
DA:29,66832
DA:30,66832
DA:31,0
DA:34,2716
DA:35,625
DA:36,612
DA:37,1504
DA:40,297
DA:41,7
DA:42,283
DA:43,1224
DA:45,612
DA:46,612
DA:47,292
DA:48,20
DA:49,20
DA:50,19
DA:53,642
DA:56,642
DA:57,612
DA:64,612
DA:66,612
DA:67,612
DA:68,612
LF:30
LH:27
BRDA:22,0,0,9
BRDA:28,1,0,666
BRDA:28,1,1,4
BRDA:36,2,0,297
BRDA:36,2,1,280
BRDA:37,3,0,297
BRDA:37,3,1,280
BRDA:40,4,0,7
BRDA:40,4,1,10
BRDA:41,5,0,4
BRDA:41,5,1,3
BRDA:42,6,0,1
BRDA:42,6,1,2
BRDA:47,7,0,272
BRDA:47,7,1,2
BRDA:47,8,0,292
BRDA:47,8,1,272
BRDA:48,9,0,0
BRDA:48,9,1,2
BRDA:49,10,0,1
BRDA:49,10,1,1
BRDA:55,11,0,666
BRDA:55,11,1,643
BRDA:64,12,0,0
BRDA:66,13,0,0
BRDA:22,14,0,612
BRDA:22,14,1,612
BRDA:36,15,0,262
BRDA:36,15,1,18
BRDA:37,16,0,0
BRDA:55,17,0,604
BRDA:55,17,1,38
BRDA:64,18,0,612
BRDA:64,18,1,612
BRDA:66,19,0,224
BRDA:17,20,0,0
BRDA:26,21,0,0
BRDA:34,22,0,0
BRDA:34,22,1,0
BRDA:35,23,0,0
BRDA:35,23,1,0
BRDA:36,24,0,0
BRDA:37,25,0,0
BRDA:42,26,0,0
BRDA:42,26,1,0
BRDA:43,27,0,0
BRDA:45,28,0,0
BRDA:50,29,0,0
BRDA:50,29,1,0
BRDA:55,30,0,642
BRDA:56,31,0,0
BRF:51
BRH:32
end_of_record
TN:
SF:src/_pages/tasks-todo/model/sortTasks.tsx
FN:6,useSortedTasks
FN:7,(anonymous_1)
FN:24,sortTasksByDateWithManualOrder
FN:25,(anonymous_3)
FN:34,sortBlockerTasksBottomWithManualOrder
FN:35,(anonymous_5)
FN:44,sortByManualOrder
FN:45,(anonymous_7)
FN:48,unixTime
FN:6,useSortedTasks
FN:24,sortTasksByDateWithManualOrder
FN:25,(anonymous_4)
FN:34,sortBlockerTasksBottomWithManualOrder
FN:35,(anonymous_6)
FN:44,sortByManualOrder
FN:45,(anonymous_8)
FN:48,unixTime
FN:4,useSortedTasks
FN:6,(anonymous_1)
FN:21,sortTasksByDateWithManualOrder
FN:7,(anonymous_3)
FN:25,sortBlockerTasksBottomWithManualOrder
FN:28,(anonymous_5)
FN:35,sortByManualOrder
FN:38,(anonymous_7)
FN:40,unixTime
FNF:26
FNH:15
FNDA:0,useSortedTasks
FNDA:2624,(anonymous_1)
FNDA:6,sortTasksByDateWithManualOrder
FNDA:16,(anonymous_3)
FNDA:7,sortBlockerTasksBottomWithManualOrder
FNDA:16,(anonymous_5)
FNDA:5,sortByManualOrder
FNDA:9,(anonymous_7)
FNDA:32,unixTime
FNDA:1004,useSortedTasks
FNDA:12,sortTasksByDateWithManualOrder
FNDA:0,(anonymous_4)
FNDA:38,sortBlockerTasksBottomWithManualOrder
FNDA:0,(anonymous_6)
FNDA:954,sortByManualOrder
FNDA:115042,(anonymous_8)
FNDA:0,unixTime
FNDA:0,useSortedTasks
FNDA:1004,(anonymous_1)
FNDA:0,sortTasksByDateWithManualOrder
FNDA:0,(anonymous_3)
FNDA:0,sortBlockerTasksBottomWithManualOrder
FNDA:0,(anonymous_5)
FNDA:0,sortByManualOrder
FNDA:16,(anonymous_7)
FNDA:0,unixTime
DA:6,0
DA:7,2624
DA:8,1052
DA:10,0
DA:11,1004
DA:13,1004
DA:15,1016
DA:17,38
DA:19,954
DA:23,0
DA:25,18
DA:26,16
DA:27,16
DA:29,12
DA:30,0
DA:33,0
DA:35,45
DA:36,38
DA:37,16
DA:38,38
DA:39,13
DA:41,0
DA:45,115042
DA:49,32
LF:24
LH:18
BRDA:11,0,0,0
BRDA:11,0,1,1004
BRDA:11,1,0,1004
BRDA:11,1,1,0
BRDA:13,2,0,12
BRDA:13,2,1,38
BRDA:13,2,2,954
BRDA:27,3,0,10
BRDA:27,3,1,6
BRDA:29,4,0,6
BRDA:29,4,1,1
BRDA:29,5,0,6
BRDA:29,5,1,0
BRDA:37,6,0,3
BRDA:37,6,1,13
BRDA:39,7,0,13
BRDA:39,7,1,0
BRDA:39,8,0,13
BRDA:39,8,1,0
BRDA:45,9,0,115051
BRDA:45,9,1,115043
BRDA:45,10,0,9
BRDA:45,10,1,2
BRDA:49,11,0,31
BRDA:49,11,1,1
BRDA:11,12,0,1004
BRDA:11,12,1,0
BRDA:29,13,0,6
BRDA:29,13,1,1
BRDA:29,14,0,0
BRDA:29,14,1,0
BRDA:39,15,0,13
BRDA:39,15,1,0
BRDA:39,16,0,0
BRDA:39,16,1,0
BRDA:45,17,0,115051
BRDA:45,17,1,115043
BRDA:45,18,0,115042
BRDA:45,18,1,115042
BRDA:8,19,0,0
BRDA:8,19,1,0
BRDA:8,20,0,0
BRDA:8,20,1,0
BRDA:10,21,0,0
BRDA:10,21,1,0
BRDA:10,21,2,0
BRDA:23,22,0,0
BRDA:23,22,1,0
BRDA:30,23,0,0
BRDA:33,24,0,0
BRDA:33,24,1,0
BRDA:38,25,0,0
BRDA:38,25,1,0
BRDA:41,26,0,0
BRDA:41,26,1,0
BRF:55
BRH:28
end_of_record
TN:
SF:src/_pages/tasks-todo/ui/ErrorState.tsx
FN:1,ErrorState
FN:1,ErrorState
FNF:2
FNH:0
FNDA:0,ErrorState
FNDA:0,ErrorState
DA:1,52
DA:2,0
DA:3,0
LF:3
LH:1
BRDA:2,0,0,0
BRDA:2,0,1,0
BRDA:2,1,0,0
BRDA:2,1,1,0
BRDA:1,2,0,0
BRDA:1,2,1,0
BRF:6
BRH:0
end_of_record
TN:
SF:src/_pages/tasks-todo/ui/Goals.tsx
FN:8,Goals
FN:36,(anonymous_1)
FN:8,Goals
FNF:3
FNH:1
FNDA:0,Goals
FNDA:0,(anonymous_1)
FNDA:580,Goals
DA:8,52
DA:9,580
DA:11,570
DA:12,0
DA:24,570
DA:25,0
DA:32,0
DA:37,0
LF:8
LH:4
BRDA:11,0,0,0
BRDA:11,0,1,0
BRDA:17,1,0,0
BRDA:17,1,1,0
BRDA:24,2,0,152
BRDA:24,2,1,0
BRDA:24,3,0,570
BRDA:24,3,1,152
BRDA:17,4,0,0
BRDA:17,4,1,0
BRDA:17,5,0,0
BRDA:17,5,1,570
BRF:12
BRH:4
end_of_record
TN:
SF:src/_pages/tasks-todo/ui/LastSelectedTaskHeader.tsx
FN:10,LastSelectedTaskHeader
FN:14,(anonymous_1)
FN:10,LastSelectedTaskHeader
FN:14,(anonymous_1)
FNF:4
FNH:2
FNDA:0,LastSelectedTaskHeader
FNDA:0,(anonymous_1)
FNDA:588,LastSelectedTaskHeader
FNDA:97448,(anonymous_1)
DA:10,588
DA:11,588
DA:12,588
DA:14,97448
DA:16,588
DA:18,0
LF:6
LH:5
BRDA:16,0,0,510
BRDA:16,0,1,0
BRDA:11,1,0,0
BRF:3
BRH:1
end_of_record
TN:
SF:src/_pages/tasks-todo/ui/Section.tsx
FN:8,ContentSection
FN:8,ContentSection
FNF:2
FNH:1
FNDA:0,ContentSection
FNDA:568,ContentSection
DA:8,568
DA:9,0
LF:2
LH:1
BRF:0
BRH:0
end_of_record
TN:
SF:src/_pages/tasks-todo/ui/TaskActions.tsx
FN:12,TaskActions
FN:19,(anonymous_1)
FN:23,(anonymous_2)
FN:24,(anonymous_3)
FN:32,(anonymous_4)
FN:38,(anonymous_5)
FN:43,(anonymous_6)
FN:66,ResetSelectedButton
FN:70,(anonymous_8)
FN:71,(anonymous_9)
FN:12,TaskActions
FN:23,(anonymous_2)
FN:24,(anonymous_3)
FN:32,(anonymous_4)
FN:38,(anonymous_5)
FN:43,(anonymous_6)
FN:66,ResetSelectedButton
FN:70,(anonymous_9)
FN:16,(anonymous_1)
FN:19,(anonymous_2)
FN:21,(anonymous_3)
FN:28,(anonymous_4)
FN:13,(anonymous_9)
FNF:23
FNH:6
FNDA:0,TaskActions
FNDA:48876,(anonymous_1)
FNDA:0,(anonymous_2)
FNDA:0,(anonymous_3)
FNDA:0,(anonymous_4)
FNDA:0,(anonymous_5)
FNDA:0,(anonymous_6)
FNDA:0,ResetSelectedButton
FNDA:0,(anonymous_8)
FNDA:0,(anonymous_9)
FNDA:392,TaskActions
FNDA:0,(anonymous_2)
FNDA:0,(anonymous_3)
FNDA:0,(anonymous_4)
FNDA:0,(anonymous_5)
FNDA:0,(anonymous_6)
FNDA:0,ResetSelectedButton
FNDA:0,(anonymous_9)
FNDA:392,(anonymous_1)
FNDA:392,(anonymous_2)
FNDA:392,(anonymous_3)
FNDA:0,(anonymous_4)
FNDA:48,(anonymous_9)
DA:12,104
DA:13,488
DA:14,392
DA:16,392
DA:17,392
DA:19,48876
DA:21,392
DA:23,392
DA:24,392
DA:26,0
DA:27,0
DA:28,0
DA:31,0
DA:32,0
DA:36,0
DA:39,0
DA:44,0
DA:50,0
DA:64,0
DA:66,52
DA:67,0
DA:68,0
DA:70,0
DA:71,0
DA:73,0
DA:74,0
DA:75,0
DA:79,0
LF:28
LH:10
BRDA:14,0,0,0
BRDA:19,1,0,48876
BRDA:19,1,1,0
BRDA:21,2,0,392
BRDA:21,2,1,392
BRDA:26,3,0,0
BRDA:26,3,1,0
BRDA:52,4,0,392
BRDA:52,4,1,0
BRDA:59,5,0,0
BRDA:59,5,1,0
BRDA:59,5,2,0
BRDA:67,6,0,0
BRDA:71,7,0,0
BRDA:71,7,1,0
BRDA:14,8,0,104
BRDA:19,9,0,48876
BRDA:19,9,1,0
BRDA:59,10,0,276
BRDA:59,10,1,0
BRDA:67,11,0,0
BRDA:71,12,0,0
BRDA:71,12,1,0
BRDA:16,13,0,0
BRDA:16,13,1,0
BRDA:17,14,0,0
BRDA:17,14,1,0
BRDA:23,15,0,0
BRDA:48,16,0,0
BRDA:64,17,0,0
BRDA:13,18,0,0
BRDA:13,18,1,0
BRF:32
BRH:7
end_of_record
TN:
SF:src/_pages/tasks-todo/ui/TaskWithActions.tsx
FN:9,TaskWithActions
FN:9,TaskWithActions
FNF:2
FNH:1
FNDA:0,TaskWithActions
FNDA:82609,TaskWithActions
DA:9,82609
DA:11,0
DA:18,82588
DA:20,82588
DA:25,0
LF:5
LH:3
BRF:0
BRH:0
end_of_record
TN:
SF:src/_pages/tasks-todo/ui/Tasks.tsx
FN:30,Tasks
FN:49,(anonymous_1)
FN:55,(anonymous_2)
FN:74,(anonymous_3)
FN:77,(anonymous_4)
FN:85,(anonymous_5)
FN:99,(anonymous_6)
FN:100,(anonymous_7)
FN:104,(anonymous_8)
FN:105,(anonymous_9)
FN:114,(anonymous_10)
FN:115,(anonymous_11)
FN:141,(anonymous_12)
FN:172,(anonymous_13)
FN:176,(anonymous_14)
FN:180,(anonymous_15)
FN:30,Tasks
FN:49,(anonymous_1)
FN:55,(anonymous_2)
FN:74,(anonymous_3)
FN:77,(anonymous_4)
FN:85,(anonymous_5)
FN:100,(anonymous_7)
FN:105,(anonymous_9)
FN:114,(anonymous_10)
FN:115,(anonymous_11)
FN:43,(anonymous_1)
FN:48,(anonymous_2)
FN:67,(anonymous_3)
FN:70,(anonymous_4)
FN:79,(anonymous_5)
FN:92,(anonymous_6)
FN:95,(anonymous_8)
FN:108,(anonymous_10)
FN:109,(anonymous_11)
FN:134,(anonymous_12)
FNF:36
FNH:13
FNDA:0,Tasks
FNDA:0,(anonymous_1)
FNDA:104,(anonymous_2)
FNDA:0,(anonymous_3)
FNDA:0,(anonymous_4)
FNDA:0,(anonymous_5)
FNDA:0,(anonymous_6)
FNDA:633,(anonymous_7)
FNDA:0,(anonymous_8)
FNDA:633,(anonymous_9)
FNDA:633,(anonymous_10)
FNDA:633,(anonymous_11)
FNDA:0,(anonymous_12)
FNDA:0,(anonymous_13)
FNDA:66804,(anonymous_14)
FNDA:0,(anonymous_15)
FNDA:633,Tasks
FNDA:0,(anonymous_1)
FNDA:104,(anonymous_2)
FNDA:0,(anonymous_3)
FNDA:0,(anonymous_4)
FNDA:0,(anonymous_5)
FNDA:0,(anonymous_7)
FNDA:0,(anonymous_9)
FNDA:0,(anonymous_10)
FNDA:0,(anonymous_11)
FNDA:633,(anonymous_1)
FNDA:633,(anonymous_2)
FNDA:633,(anonymous_3)
FNDA:633,(anonymous_4)
FNDA:633,(anonymous_5)
FNDA:0,(anonymous_6)
FNDA:0,(anonymous_8)
FNDA:0,(anonymous_10)
FNDA:0,(anonymous_11)
FNDA:0,(anonymous_12)
DA:30,52
DA:31,633
DA:32,612
DA:33,612
DA:34,612
DA:35,612
DA:36,612
DA:37,612
DA:39,612
DA:40,612
DA:42,0
DA:43,612
DA:44,612
DA:45,612
DA:48,612
DA:49,0
DA:52,612
DA:55,612
DA:56,104
DA:57,0
DA:60,612
DA:67,0
DA:68,612
DA:69,612
DA:70,1224
DA:71,0
DA:74,612
DA:75,612
DA:76,0
DA:77,0
DA:79,0
DA:80,0
DA:81,0
DA:82,612
DA:83,0
DA:85,612
DA:86,0
DA:88,612
DA:89,612
DA:91,0
DA:92,0
DA:95,1224
DA:96,0
DA:98,612
DA:99,612
DA:100,612
DA:104,0
DA:105,0
DA:108,612
DA:109,0
DA:110,0
DA:113,612
DA:114,0
DA:115,0
DA:117,0
DA:119,612
DA:120,612
DA:123,612
DA:124,612
DA:126,0
DA:127,0
DA:128,0
DA:129,0
DA:130,0
DA:131,0
DA:132,0
DA:133,0
DA:134,0
DA:135,612
DA:138,0
DA:141,0
DA:142,612
DA:148,0
DA:154,0
DA:156,612
DA:157,0
DA:160,382
DA:161,0
DA:164,0
DA:173,0
DA:176,66804
DA:181,0
LF:82
LH:42
BRDA:43,0,0,0
BRDA:43,0,1,0
BRDA:45,1,0,0
BRDA:45,1,1,0
BRDA:46,2,0,0
BRDA:46,2,1,0
BRDA:48,3,0,0
BRDA:48,3,1,612
BRDA:48,4,0,612
BRDA:48,4,1,136
BRDA:49,5,0,0
BRDA:49,5,1,0
BRDA:79,6,0,0
BRDA:79,6,1,0
BRDA:91,7,0,0
BRDA:91,7,1,0
BRDA:91,8,0,0
BRDA:91,8,1,0
BRDA:109,9,0,0
BRDA:109,9,1,0
BRDA:109,10,0,0
BRDA:109,10,1,0
BRDA:109,10,2,0
BRDA:117,11,0,0
BRDA:117,11,1,0
BRDA:117,12,0,0
BRDA:117,12,1,0
BRDA:117,12,2,0
BRDA:127,13,0,0
BRDA:127,13,1,0
BRDA:127,14,0,0
BRDA:127,14,1,0
BRDA:131,15,0,0
BRDA:131,15,1,0
BRDA:154,16,0,0
BRDA:154,16,1,0
BRDA:156,17,0,230
BRDA:156,17,1,0
BRDA:156,18,0,612
BRDA:156,18,1,230
BRDA:160,19,0,20
BRDA:160,19,1,0
BRDA:190,20,0,0
BRDA:190,20,1,0
BRDA:43,21,0,612
BRDA:43,21,1,500
BRDA:44,22,0,612
BRDA:44,22,1,612
BRDA:45,23,0,0
BRDA:45,23,1,612
BRDA:46,24,0,0
BRDA:46,24,1,0
BRDA:49,25,0,0
BRDA:49,25,1,0
BRDA:49,26,0,0
BRDA:49,26,1,0
BRDA:127,27,0,0
BRDA:127,27,1,0
BRDA:131,28,0,0
BRDA:190,29,0,0
BRDA:190,29,1,362
BRDA:39,30,0,0
BRDA:39,30,1,0
BRDA:42,31,0,0
BRDA:42,31,1,0
BRDA:43,32,0,0
BRDA:43,32,1,0
BRDA:43,33,0,0
BRDA:43,33,1,0
BRDA:71,34,0,0
BRDA:83,35,0,0
BRDA:83,36,0,0
BRDA:83,36,1,0
BRDA:98,37,0,0
BRDA:98,38,0,0
BRDA:98,38,1,0
BRDA:98,38,2,0
BRDA:110,39,0,0
BRDA:110,39,1,0
BRDA:110,39,2,0
BRDA:120,40,0,0
BRDA:120,40,1,0
BRDA:120,41,0,0
BRDA:120,41,1,0
BRDA:126,42,0,0
BRDA:148,43,0,0
BRF:86
BRH:13
end_of_record
TN:
SF:src/_pages/tasks-todo/ui/TasksTodoPage.tsx
FN:7,TasksTodoPage
FN:10,(anonymous_1)
FN:7,TasksTodoPage
FN:10,(anonymous_1)
FNF:4
FNH:3
FNDA:0,TasksTodoPage
FNDA:492,(anonymous_1)
FNDA:360,TasksTodoPage
FNDA:492,(anonymous_1)
DA:7,448
DA:8,756
DA:10,328
DA:11,492
DA:14,0
LF:5
LH:4
BRF:0
BRH:0
end_of_record
TN:
SF:src/_pages/tasks-todo/ui/TodoList.tsx
FN:19,LoadingState
FN:28,UnauthenticatedState
FN:37,StatusFilterHeader
FN:51,TodoListContent
FN:79,TodoList
FN:19,LoadingState
FN:28,UnauthenticatedState
FN:37,StatusFilterHeader
FN:51,TodoListContent
FN:79,TodoList
FNF:10
FNH:4
FNDA:0,LoadingState
FNDA:0,UnauthenticatedState
FNDA:0,StatusFilterHeader
FNDA:0,TodoListContent
FNDA:0,TodoList
FNDA:220,LoadingState
FNDA:0,UnauthenticatedState
FNDA:392,StatusFilterHeader
FNDA:507,TodoListContent
FNDA:459,TodoList
DA:19,52
DA:20,0
DA:28,52
DA:29,0
DA:37,392
DA:38,0
DA:48,0
DA:50,0
DA:51,507
DA:52,476
DA:53,476
DA:54,476
DA:55,476
DA:57,476
DA:59,0
DA:79,52
DA:80,459
DA:81,428
DA:83,428
DA:84,0
DA:87,208
DA:88,0
DA:91,0
LF:23
LH:14
BRDA:54,0,0,0
BRDA:54,0,1,0
BRDA:61,1,0,476
BRDA:61,1,1,0
BRDA:65,2,0,476
BRDA:65,2,1,0
BRDA:66,3,0,476
BRDA:66,3,1,0
BRDA:67,4,0,476
BRDA:67,4,1,0
BRDA:83,5,0,220
BRDA:83,5,1,0
BRDA:87,6,0,0
BRDA:87,6,1,0
BRDA:54,7,0,476
BRDA:54,7,1,306
BRDA:37,8,0,0
BRDA:37,8,1,0
BRDA:53,9,0,0
BRDA:53,9,1,0
BRDA:64,10,0,0
BRDA:57,11,0,0
BRF:22
BRH:7
end_of_record
TN:
SF:src/app/layout-with-sidebar.tsx
FN:13,MobileMenuButton
FN:22,UserSection
FN:50,(anonymous_2)
FN:75,LayoutWithSidebar
FN:92,(anonymous_4)
FN:13,MobileMenuButton
FN:22,UserSection
FN:50,(anonymous_2)
FN:75,LayoutWithSidebar
FN:92,(anonymous_4)
FN:14,MobileMenuButton
FN:24,(anonymous_1)
FNF:12
FNH:7
FNDA:0,MobileMenuButton
FNDA:0,UserSection
FNDA:0,(anonymous_2)
FNDA:0,LayoutWithSidebar
FNDA:0,(anonymous_4)
FNDA:39,MobileMenuButton
FNDA:39,UserSection
FNDA:416,(anonymous_2)
FNDA:39,LayoutWithSidebar
FNDA:528,(anonymous_4)
FNDA:454,MobileMenuButton
FNDA:102,(anonymous_1)
DA:3,64
DA:14,39
DA:15,493
DA:16,493
DA:23,39
DA:24,103
DA:26,102
DA:27,0
DA:29,103
DA:30,455
DA:40,0
DA:41,0
DA:50,2
DA:51,2
DA:52,2
DA:55,0
DA:76,185
DA:77,185
DA:78,185
DA:81,185
DA:83,0
DA:89,495
DA:90,495
DA:93,495
DA:94,0
DA:99,495
LF:26
LH:20
BRDA:26,0,0,39
BRDA:26,0,1,0
BRDA:40,1,0,0
BRDA:40,1,1,0
BRDA:57,2,0,0
BRDA:57,2,1,0
BRDA:58,3,0,0
BRDA:58,3,1,0
BRDA:81,4,0,39
BRDA:81,4,1,39
BRDA:81,4,2,39
BRDA:109,5,0,0
BRDA:109,5,1,0
BRDA:136,6,0,39
BRDA:136,6,1,0
BRDA:58,7,0,0
BRDA:58,8,0,0
BRDA:58,8,1,0
BRDA:110,9,0,39
BRDA:90,10,0,456
BRDA:90,10,1,446
BRDA:90,10,2,302
BRDA:143,11,0,456
BRF:23
BRH:10
end_of_record
TN:
SF:src/app/layout.tsx
FN:49,RootLayout
FN:49,RootLayout
FNF:2
FNH:1
FNDA:0,RootLayout
FNDA:665,RootLayout
DA:8,230
DA:40,230
DA:54,0
LF:3
LH:2
BRF:0
BRH:0
end_of_record
TN:
SF:src/app/api/api-auth.ts
FN:11,extractApiKey
FN:22,getApiKeyFromHeaders
FN:24,(anonymous_2)
FN:27,getApiKeyFromRequest
FN:28,(anonymous_4)
FN:31,hashApiKey
FN:39,authenticateApiKey
FN:11,extractApiKey
FN:22,getApiKeyFromHeaders
FN:24,(anonymous_2)
FN:27,getApiKeyFromRequest
FN:28,(anonymous_4)
FN:31,hashApiKey
FN:39,authenticateApiKey
FNF:14
FNH:11
FNDA:17,extractApiKey
FNDA:6,getApiKeyFromHeaders
FNDA:20,(anonymous_2)
FNDA:11,getApiKeyFromRequest
FNDA:39,(anonymous_4)
FNDA:17,hashApiKey
FNDA:6,authenticateApiKey
FNDA:295,extractApiKey
FNDA:0,getApiKeyFromHeaders
FNDA:0,(anonymous_2)
FNDA:295,getApiKeyFromRequest
FNDA:1475,(anonymous_4)
FNDA:0,hashApiKey
FNDA:295,authenticateApiKey
DA:12,312
DA:13,312
DA:15,312
DA:16,302
DA:17,2
DA:19,300
DA:23,6
DA:24,20
DA:28,1475
DA:32,17
DA:33,17
DA:34,1
DA:36,16
DA:40,301
DA:41,301
DA:42,296
DA:44,5
DA:45,5
DA:48,5
DA:49,2
DA:51,3
DA:52,3
DA:53,3
DA:59,3
LF:24
LH:24
BRDA:12,0,0,312
BRDA:12,0,1,308
BRDA:13,1,0,312
BRDA:13,1,1,301
BRDA:13,1,2,301
BRDA:15,2,0,10
BRDA:15,2,1,7
BRDA:15,3,0,312
BRDA:15,3,1,11
BRDA:16,4,0,2
BRDA:16,4,1,5
BRDA:16,5,0,302
BRDA:16,5,1,2
BRDA:33,6,0,1
BRDA:33,6,1,16
BRDA:41,7,0,296
BRDA:41,7,1,5
BRDA:48,8,0,2
BRDA:48,8,1,3
BRF:19
BRH:19
end_of_record
TN:
SF:src/app/api/timer-helpers.ts
FN:10,stopRunningTimers
FN:10,stopRunningTimers
FNF:2
FNH:1
FNDA:0,stopRunningTimers
FNDA:56,stopRunningTimers
DA:11,56
DA:13,56
DA:20,56
DA:21,28
DA:22,28
DA:23,28
DA:28,56
LF:7
LH:7
BRF:0
BRH:0
end_of_record
TN:
SF:src/app/api/api-keys/create/route.ts
FN:8,generateApiKey
FN:16,createApiKeyHandler
FN:17,(anonymous_2)
FNF:3
FNH:3
FNDA:4,generateApiKey
FNDA:4,createApiKeyHandler
FNDA:1,(anonymous_2)
DA:9,4
DA:10,4
DA:11,4
DA:12,4
DA:13,4
DA:17,4
DA:18,4
DA:20,4
DA:21,4
DA:23,4
DA:24,4
DA:35,3
DA:45,1
LF:13
LH:13
BRDA:37,0,0,3
BRDA:37,0,1,2
BRF:2
BRH:2
end_of_record
TN:
SF:src/app/api/api-keys/list/route.ts
FN:7,listApiKeysHandler
FN:12,(anonymous_1)
FN:7,listApiKeysHandler
FN:12,(anonymous_1)
FNF:4
FNH:4
FNDA:3,listApiKeysHandler
FNDA:2,(anonymous_1)
FNDA:121,listApiKeysHandler
FNDA:242,(anonymous_1)
DA:8,124
DA:12,242
DA:22,123
DA:25,31
LF:4
LH:4
BRDA:14,0,0,2
BRDA:14,0,1,1
BRDA:18,1,0,2
BRDA:18,1,1,1
BRDA:19,2,0,2
BRDA:19,2,1,1
BRDA:14,3,0,242
BRDA:14,3,1,121
BRDA:18,4,0,242
BRDA:18,4,1,0
BRDA:19,5,0,242
BRDA:19,5,1,121
BRF:12
BRH:11
end_of_record
TN:
SF:src/app/api/api-keys/revoke/route.ts
FN:7,revokeApiKeyHandler
FNF:1
FNH:1
FNDA:3,revokeApiKeyHandler
DA:8,3
DA:9,3
DA:10,3
DA:11,1
DA:14,2
DA:18,1
DA:21,1
LF:7
LH:7
BRDA:10,0,0,1
BRDA:10,0,1,2
BRDA:10,1,0,3
BRDA:10,1,1,2
BRDA:10,1,2,2
BRF:5
BRH:5
end_of_record
TN:
SF:src/app/api/auth/[...better-auth]/route.ts
FNF:0
FNH:0
DA:4,243
LF:1
LH:1
BRF:0
BRH:0
end_of_record
TN:
SF:src/app/api/coverage-data/route.ts
FN:7,GET
FN:7,GET
FNF:2
FNH:1
FNDA:0,GET
FNDA:136,GET
DA:3,124
DA:8,136
DA:9,136
DA:10,0
DA:12,136
LF:5
LH:4
BRDA:9,0,0,0
BRDA:9,0,1,0
BRF:2
BRH:0
end_of_record
TN:
SF:src/app/api/create-completed-task/route.ts
FN:9,createCompletedTaskHandler
FNF:1
FNH:0
FNDA:0,createCompletedTaskHandler
DA:10,0
DA:12,0
DA:13,0
DA:15,0
DA:16,0
DA:19,0
DA:20,0
DA:21,0
DA:22,0
DA:25,0
DA:27,0
DA:28,0
DA:38,0
DA:40,0
DA:48,0
DA:49,0
DA:51,0
DA:54,0
LF:18
LH:0
BRDA:12,0,0,0
BRDA:12,0,1,0
BRDA:12,1,0,0
BRDA:12,1,1,0
BRDA:15,2,0,0
BRDA:15,2,1,0
BRDA:15,3,0,0
BRDA:15,3,1,0
BRDA:21,4,0,0
BRDA:21,4,1,0
BRDA:21,5,0,0
BRDA:21,5,1,0
BRDA:21,5,2,0
BRF:13
BRH:0
end_of_record
TN:
SF:src/app/api/create-goal/route.ts
FN:7,createGoalHandler
FN:7,createGoalHandler
FNF:2
FNH:1
FNDA:0,createGoalHandler
FNDA:123,createGoalHandler
DA:8,123
DA:10,123
DA:11,0
DA:14,123
DA:15,0
DA:18,123
DA:20,123
DA:21,123
DA:23,123
DA:26,58
LF:10
LH:8
BRDA:10,0,0,0
BRDA:10,0,1,0
BRDA:10,1,0,123
BRDA:10,1,1,123
BRDA:10,1,2,123
BRDA:14,2,0,0
BRDA:14,2,1,0
BRDA:14,3,0,123
BRDA:14,3,1,123
BRF:9
BRH:5
end_of_record
TN:
SF:src/app/api/create-goal-milestone/route.ts
FN:7,createGoalMilestoneHandler
FN:7,createGoalMilestoneHandler
FNF:2
FNH:1
FNDA:0,createGoalMilestoneHandler
FNDA:13,createGoalMilestoneHandler
DA:8,13
DA:10,13
DA:14,13
DA:15,0
DA:18,13
DA:22,13
DA:26,13
DA:30,13
DA:34,13
DA:37,13
LF:10
LH:9
BRDA:14,0,0,0
BRDA:14,0,1,0
BRF:2
BRH:0
end_of_record
TN:
SF:src/app/api/create-list/route.ts
FN:9,createListHandler
FNF:1
FNH:0
FNDA:0,createListHandler
DA:10,0
DA:11,0
DA:13,0
DA:14,0
DA:17,0
DA:20,0
DA:22,0
DA:23,0
DA:27,0
DA:33,0
DA:35,0
DA:45,0
DA:49,0
DA:52,0
LF:14
LH:0
BRDA:13,0,0,0
BRDA:13,0,1,0
BRDA:22,1,0,0
BRDA:22,1,1,0
BRDA:33,2,0,0
BRDA:33,2,1,0
BRDA:37,3,0,0
BRDA:37,3,1,0
BRDA:38,4,0,0
BRDA:38,4,1,0
BRDA:41,5,0,0
BRDA:41,5,1,0
BRF:12
BRH:0
end_of_record
TN:
SF:src/app/api/create-task/route.ts
FN:9,createTaskHandler
FN:9,createTaskHandler
FNF:2
FNH:1
FNDA:0,createTaskHandler
FNDA:130,createTaskHandler
DA:10,130
DA:12,130
DA:13,0
DA:16,130
DA:17,0
DA:20,130
DA:28,130
DA:29,130
DA:31,130
DA:34,91
LF:10
LH:8
BRDA:12,0,0,0
BRDA:12,0,1,0
BRDA:12,1,0,130
BRDA:12,1,1,130
BRDA:12,1,2,130
BRDA:16,2,0,0
BRDA:16,2,1,0
BRDA:16,3,0,130
BRDA:16,3,1,130
BRF:9
BRH:5
end_of_record
TN:
SF:src/app/api/current-initiative/route.ts
FN:30,getInitiativeHandler
FN:52,createInitiativeHandler
FN:30,getInitiativeHandler
FN:52,createInitiativeHandler
FNF:4
FNH:1
FNDA:0,getInitiativeHandler
FNDA:0,createInitiativeHandler
FNDA:509,getInitiativeHandler
FNDA:0,createInitiativeHandler
DA:35,509
DA:37,500
DA:45,500
DA:56,0
DA:57,0
DA:59,0
DA:60,0
DA:63,0
DA:70,0
DA:71,0
DA:74,0
DA:77,190
DA:78,190
LF:13
LH:5
BRDA:38,0,0,0
BRDA:38,0,1,500
BRDA:39,1,0,0
BRDA:39,1,1,500
BRDA:59,2,0,0
BRDA:59,2,1,0
BRDA:70,3,0,0
BRDA:70,3,1,0
BRF:8
BRH:2
end_of_record
TN:
SF:src/app/api/current-initiative/[date]/route.ts
FN:23,patchHandler
FN:78,getHandler
FN:101,PATCH
FN:103,(anonymous_3)
FN:108,GET
FN:110,(anonymous_5)
FNF:6
FNH:0
FNDA:0,patchHandler
FNDA:0,getHandler
FNDA:0,PATCH
FNDA:0,(anonymous_3)
FNDA:0,GET
FNDA:0,(anonymous_5)
DA:28,0
DA:29,0
DA:31,0
DA:32,0
DA:35,0
DA:37,0
DA:38,0
DA:41,0
DA:47,0
DA:49,0
DA:50,0
DA:53,0
DA:56,0
DA:58,0
DA:59,0
DA:63,0
DA:71,0
DA:72,0
DA:75,0
DA:83,0
DA:84,0
DA:86,0
DA:87,0
DA:90,0
DA:91,0
DA:93,0
DA:94,0
DA:97,0
DA:102,0
DA:103,0
DA:109,0
DA:110,0
LF:32
LH:0
BRDA:31,0,0,0
BRDA:31,0,1,0
BRDA:37,1,0,0
BRDA:37,1,1,0
BRDA:37,2,0,0
BRDA:37,2,1,0
BRDA:37,2,2,0
BRDA:43,3,0,0
BRDA:43,3,1,0
BRDA:49,4,0,0
BRDA:49,4,1,0
BRDA:58,5,0,0
BRDA:58,5,1,0
BRDA:71,6,0,0
BRDA:71,6,1,0
BRDA:86,7,0,0
BRDA:86,7,1,0
BRDA:93,8,0,0
BRDA:93,8,1,0
BRF:19
BRH:0
end_of_record
TN:
SF:src/app/api/current-initiative/history/route.ts
FN:16,getHistoryHandler
FN:35,(anonymous_1)
FN:16,getHistoryHandler
FN:35,(anonymous_1)
FNF:4
FNH:1
FNDA:0,getHistoryHandler
FNDA:0,(anonymous_1)
FNDA:121,getHistoryHandler
FNDA:0,(anonymous_1)
DA:20,121
DA:22,121
DA:23,121
DA:24,121
DA:25,121
DA:26,121
DA:27,121
DA:28,121
DA:32,121
DA:34,121
DA:35,0
DA:41,31
LF:12
LH:11
BRDA:25,0,0,121
BRDA:25,0,1,0
BRDA:27,1,0,121
BRDA:27,1,1,0
BRDA:27,2,0,121
BRDA:27,2,1,121
BRDA:27,2,2,121
BRF:7
BRH:5
end_of_record
TN:
SF:src/app/api/delete-list/route.ts
FN:10,deleteListHandler
FNF:1
FNH:0
FNDA:0,deleteListHandler
DA:11,0
DA:13,0
DA:14,0
DA:18,0
DA:20,0
DA:21,0
DA:25,0
DA:27,0
DA:28,0
DA:35,0
DA:36,0
DA:38,0
DA:39,0
DA:43,0
DA:47,0
DA:49,0
DA:52,0
LF:17
LH:0
BRDA:13,0,0,0
BRDA:13,0,1,0
BRDA:20,1,0,0
BRDA:20,1,1,0
BRDA:27,2,0,0
BRDA:27,2,1,0
BRDA:27,3,0,0
BRDA:27,3,1,0
BRDA:27,3,2,0
BRDA:35,4,0,0
BRDA:35,4,1,0
BRDA:38,5,0,0
BRDA:38,5,1,0
BRF:13
BRH:0
end_of_record
TN:
SF:src/app/api/delete-time-entry/route.ts
FN:7,deleteTimeEntryHandler
FNF:1
FNH:0
FNDA:0,deleteTimeEntryHandler
DA:8,0
DA:10,0
DA:11,0
DA:14,0
DA:17,0
DA:20,0
LF:6
LH:0
BRDA:10,0,0,0
BRDA:10,0,1,0
BRF:2
BRH:0
end_of_record
TN:
SF:src/app/api/get-goal-milestones/route.ts
FN:7,getGoalMilestonesHandler
FN:7,getGoalMilestonesHandler
FNF:2
FNH:1
FNDA:0,getGoalMilestonesHandler
FNDA:16796,getGoalMilestonesHandler
DA:8,16796
DA:10,16749
DA:14,16636
DA:15,123
DA:18,16513
DA:23,16513
DA:26,184
LF:7
LH:7
BRDA:14,0,0,123
BRDA:14,0,1,0
BRF:2
BRH:1
end_of_record
TN:
SF:src/app/api/get-goals/route.ts
FN:7,getGoalsHandler
FN:7,getGoalsHandler
FNF:2
FNH:1
FNDA:0,getGoalsHandler
FNDA:546,getGoalsHandler
DA:8,546
DA:12,537
DA:15,181
LF:3
LH:3
BRF:0
BRH:0
end_of_record
TN:
SF:src/app/api/get-lists/route.ts
FN:5,getListsHandler
FN:5,getListsHandler
FNF:2
FNH:1
FNDA:0,getListsHandler
FNDA:632,getListsHandler
DA:6,632
DA:7,632
DA:8,632
DA:13,632
DA:14,632
DA:17,618
DA:18,0
DA:19,0
DA:22,0
DA:25,0
DA:29,618
DA:32,204
LF:12
LH:8
BRDA:17,0,0,0
BRDA:17,0,1,0
BRF:2
BRH:0
end_of_record
TN:
SF:src/app/api/get-tasks/route.ts
FN:8,getTasksHandler
FN:8,getTasksHandler
FNF:2
FNH:1
FNDA:0,getTasksHandler
FNDA:692,getTasksHandler
DA:9,692
DA:10,692
DA:17,685
DA:20,230
LF:4
LH:4
BRF:0
BRH:0
end_of_record
TN:
SF:src/app/api/get-time-entries/route.ts
FN:7,getTimeEntriesHandler
FN:7,getTimeEntriesHandler
FNF:2
FNH:1
FNDA:0,getTimeEntriesHandler
FNDA:454,getTimeEntriesHandler
DA:8,454
DA:12,442
DA:15,190
LF:3
LH:3
BRF:0
BRH:0
end_of_record
TN:
SF:src/app/api/goals/route.ts
FN:15,getHandler
FN:42,(anonymous_1)
FN:52,postHandler
FNF:3
FNH:3
FNDA:4,getHandler
FNDA:2,(anonymous_1)
FNDA:5,postHandler
DA:16,4
DA:18,4
DA:19,4
DA:21,4
DA:23,4
DA:24,3
DA:27,4
DA:28,1
DA:29,1
DA:30,1
DA:34,4
DA:42,4
DA:44,4
DA:53,5
DA:55,5
DA:56,2
DA:59,3
DA:60,1
DA:64,2
DA:68,2
DA:69,1
DA:72,1
DA:74,1
DA:85,1
DA:93,1
DA:96,1
DA:97,1
LF:27
LH:27
BRDA:23,0,0,3
BRDA:23,0,1,1
BRDA:27,1,0,1
BRDA:27,1,1,3
BRDA:29,2,0,1
BRDA:29,2,1,0
BRDA:55,3,0,2
BRDA:55,3,1,3
BRDA:55,4,0,5
BRDA:55,4,1,4
BRDA:55,4,2,4
BRDA:59,5,0,1
BRDA:59,5,1,2
BRDA:59,6,0,3
BRDA:59,6,1,2
BRDA:68,7,0,1
BRDA:68,7,1,1
BRDA:77,8,0,1
BRDA:77,8,1,1
BRDA:78,9,0,1
BRDA:78,9,1,1
BRF:21
BRH:20
end_of_record
TN:
SF:src/app/api/goals/serialize.ts
FN:12,serializeGoal
FN:20,serializeGoalWithList
FN:12,serializeGoal
FN:20,serializeGoalWithList
FNF:4
FNH:2
FNDA:11,serializeGoal
FNDA:8,serializeGoalWithList
FNDA:0,serializeGoal
FNDA:0,serializeGoalWithList
DA:13,11
DA:14,11
DA:21,8
LF:3
LH:3
BRDA:23,0,0,8
BRDA:23,0,1,1
BRF:2
BRH:2
end_of_record
TN:
SF:src/app/api/goals/[id]/route.ts
FN:14,GET
FN:15,(anonymous_1)
FN:50,PATCH
FN:51,(anonymous_3)
FN:124,DELETE
FN:125,(anonymous_5)
FN:14,GET
FN:15,(anonymous_1)
FN:50,PATCH
FN:51,(anonymous_3)
FN:124,DELETE
FN:125,(anonymous_5)
FNF:12
FNH:7
FNDA:4,GET
FNDA:3,(anonymous_1)
FNDA:6,PATCH
FNDA:5,(anonymous_3)
FNDA:5,DELETE
FNDA:4,(anonymous_5)
FNDA:0,GET
FNDA:0,(anonymous_1)
FNDA:0,PATCH
FNDA:0,(anonymous_3)
FNDA:123,DELETE
FNDA:0,(anonymous_5)
DA:15,4
DA:16,3
DA:17,3
DA:19,3
DA:20,1
DA:23,2
DA:37,2
DA:38,1
DA:41,1
DA:51,6
DA:52,5
DA:53,5
DA:55,5
DA:56,1
DA:59,4
DA:69,4
DA:70,1
DA:73,3
DA:81,3
DA:83,3
DA:84,3
DA:85,3
DA:86,3
DA:87,3
DA:88,1
DA:91,3
DA:92,1
DA:96,1
DA:97,1
DA:101,2
DA:105,2
DA:113,2
DA:125,128
DA:126,4
DA:127,4
DA:129,4
DA:130,1
DA:133,3
DA:142,3
DA:143,1
DA:146,2
DA:147,2
DA:149,2
DA:150,1
DA:153,1
DA:155,1
DA:159,1
LF:47
LH:47
BRDA:19,0,0,1
BRDA:19,0,1,2
BRDA:37,1,0,1
BRDA:37,1,1,1
BRDA:55,2,0,1
BRDA:55,2,1,4
BRDA:69,3,0,1
BRDA:69,3,1,3
BRDA:83,4,0,1
BRDA:83,4,1,2
BRDA:84,5,0,0
BRDA:84,5,1,3
BRDA:85,6,0,0
BRDA:85,6,1,3
BRDA:86,7,0,1
BRDA:86,7,1,2
BRDA:87,8,0,1
BRDA:87,8,1,2
BRDA:88,9,0,1
BRDA:88,9,1,0
BRDA:91,10,0,1
BRDA:91,10,1,2
BRDA:96,11,0,1
BRDA:96,11,1,0
BRDA:129,12,0,1
BRDA:129,12,1,3
BRDA:142,13,0,1
BRDA:142,13,1,2
BRDA:149,14,0,1
BRDA:149,14,1,1
BRF:30
BRH:26
end_of_record
TN:
SF:src/app/api/initiative/route.ts
FN:13,getHandler
FN:23,(anonymous_1)
FN:44,postHandler
FNF:3
FNH:3
FNDA:5,getHandler
FNDA:9,(anonymous_1)
FNDA:9,postHandler
DA:15,5
DA:17,5
DA:23,9
DA:45,9
DA:46,9
DA:48,9
DA:49,3
DA:52,6
DA:54,6
DA:55,2
DA:58,4
DA:61,1
DA:62,1
LF:13
LH:13
BRDA:19,0,0,2
BRDA:19,0,1,3
BRDA:20,1,0,1
BRDA:20,1,1,4
BRDA:48,2,0,3
BRDA:48,2,1,6
BRDA:54,3,0,2
BRDA:54,3,1,4
BRF:8
BRH:8
end_of_record
TN:
SF:src/app/api/initiative/serialize.ts
FN:19,toDateString
FN:24,serializeInitiative
FN:33,serializeInitiativeWithLists
FN:19,toDateString
FN:24,serializeInitiative
FN:33,serializeInitiativeWithLists
FNF:6
FNH:3
FNDA:24,toDateString
FNDA:24,serializeInitiative
FNDA:11,serializeInitiativeWithLists
FNDA:0,toDateString
FNDA:0,serializeInitiative
FNDA:0,serializeInitiativeWithLists
DA:20,24
DA:21,24
DA:25,24
DA:37,11
DA:38,11
LF:5
LH:5
BRDA:20,0,0,0
BRDA:20,0,1,24
BRDA:37,1,0,11
BRDA:37,1,1,9
BRDA:40,2,0,11
BRDA:40,2,1,0
BRDA:40,3,0,11
BRDA:40,3,1,1
BRDA:41,4,0,2
BRDA:41,4,1,9
BRDA:41,5,0,2
BRDA:41,5,1,0
BRDA:42,6,0,11
BRDA:42,6,1,0
BRDA:42,7,0,11
BRDA:42,7,1,1
BRDA:37,8,0,0
BRDA:37,8,1,0
BRF:18
BRH:12
end_of_record
TN:
SF:src/app/api/initiative/[date]/route.ts
FN:22,GET
FN:23,(anonymous_1)
FN:46,PATCH
FN:47,(anonymous_3)
FNF:4
FNH:4
FNDA:7,GET
FNDA:6,(anonymous_1)
FNDA:7,PATCH
FNDA:6,(anonymous_3)
DA:23,7
DA:24,6
DA:26,6
DA:27,3
DA:30,3
DA:31,3
DA:33,3
DA:34,1
DA:37,2
DA:47,7
DA:48,6
DA:50,6
DA:51,1
DA:54,5
DA:56,5
DA:57,1
DA:60,4
DA:66,4
DA:68,4
DA:69,1
DA:72,3
DA:75,3
DA:77,3
DA:78,1
DA:85,2
DA:93,2
DA:94,0
DA:97,2
LF:28
LH:27
BRDA:26,0,0,3
BRDA:26,0,1,3
BRDA:33,1,0,1
BRDA:33,1,1,2
BRDA:50,2,0,1
BRDA:50,2,1,5
BRDA:56,3,0,1
BRDA:56,3,1,4
BRDA:56,4,0,5
BRDA:56,4,1,4
BRDA:56,4,2,4
BRDA:62,5,0,1
BRDA:62,5,1,3
BRDA:68,6,0,1
BRDA:68,6,1,3
BRDA:77,7,0,1
BRDA:77,7,1,2
BRDA:93,8,0,0
BRDA:93,8,1,2
BRF:19
BRH:18
end_of_record
TN:
SF:src/app/api/initiative/history/route.ts
FN:12,getHandler
FN:27,(anonymous_1)
FNF:2
FNH:2
FNDA:9,getHandler
FNDA:8,(anonymous_1)
DA:13,9
DA:14,9
DA:15,9
DA:16,9
DA:17,4
DA:18,4
DA:19,1
DA:23,9
DA:25,9
DA:27,8
DA:35,1
LF:11
LH:11
BRDA:16,0,0,4
BRDA:16,0,1,5
BRDA:18,1,0,1
BRDA:18,1,1,3
BRDA:18,2,0,4
BRDA:18,2,1,3
BRDA:18,2,2,2
BRF:7
BRH:7
end_of_record
TN:
SF:src/app/api/lists/route.ts
FN:16,getHandler
FN:30,postHandler
FN:16,getHandler
FN:30,postHandler
FNF:4
FNH:2
FNDA:3,getHandler
FNDA:5,postHandler
FNDA:0,getHandler
FNDA:0,postHandler
DA:17,3
DA:18,3
DA:20,3
DA:22,3
DA:31,5
DA:33,5
DA:34,2
DA:37,3
DA:38,1
DA:41,2
DA:42,2
DA:43,0
DA:47,2
DA:48,2
DA:49,1
DA:53,1
DA:59,1
DA:61,1
DA:73,1
DA:77,1
DA:80,22
DA:81,22
LF:22
LH:21
BRDA:33,0,0,2
BRDA:33,0,1,3
BRDA:33,1,0,5
BRDA:33,1,1,4
BRDA:33,1,2,4
BRDA:37,2,0,1
BRDA:37,2,1,2
BRDA:42,3,0,0
BRDA:42,3,1,2
BRDA:48,4,0,1
BRDA:48,4,1,1
BRDA:59,5,0,1
BRDA:59,5,1,0
BRDA:64,6,0,1
BRDA:64,6,1,1
BRDA:65,7,0,1
BRDA:65,7,1,1
BRDA:68,8,0,1
BRDA:68,8,1,1
BRDA:33,9,0,5
BRDA:33,9,1,4
BRDA:33,9,2,4
BRDA:64,10,0,0
BRDA:64,10,1,0
BRDA:65,11,0,0
BRDA:65,11,1,0
BRDA:68,12,0,0
BRDA:68,12,1,0
BRF:28
BRH:20
end_of_record
TN:
SF:src/app/api/lists/serialize.ts
FN:12,serializeList
FN:12,serializeList
FNF:2
FNH:1
FNDA:10,serializeList
FNDA:0,serializeList
DA:13,10
LF:1
LH:1
BRF:0
BRH:0
end_of_record
TN:
SF:src/app/api/lists/[id]/route.ts
FN:23,GET
FN:24,(anonymous_1)
FN:47,PATCH
FN:48,(anonymous_3)
FN:138,DELETE
FN:139,(anonymous_5)
FNF:6
FNH:6
FNDA:4,GET
FNDA:3,(anonymous_1)
FNDA:12,PATCH
FNDA:11,(anonymous_3)
FNDA:8,DELETE
FNDA:7,(anonymous_5)
DA:24,4
DA:25,3
DA:26,3
DA:28,3
DA:29,1
DA:32,2
DA:34,2
DA:35,1
DA:38,1
DA:48,12
DA:49,11
DA:50,11
DA:52,11
DA:53,1
DA:56,10
DA:57,10
DA:58,1
DA:61,9
DA:64,9
DA:65,2
DA:66,1
DA:69,1
DA:71,1
DA:75,1
DA:79,7
DA:81,7
DA:82,4
DA:83,1
DA:85,3
DA:86,1
DA:90,2
DA:91,2
DA:92,1
DA:95,1
DA:98,4
DA:99,1
DA:102,4
DA:103,0
DA:104,0
DA:105,0
DA:107,0
DA:110,4
DA:111,1
DA:114,4
DA:115,1
DA:118,3
DA:120,3
DA:124,3
DA:128,3
DA:139,8
DA:140,7
DA:141,7
DA:143,7
DA:144,1
DA:147,6
DA:148,6
DA:149,1
DA:152,5
DA:154,5
DA:155,5
DA:157,5
DA:158,1
DA:168,4
DA:169,3
DA:170,3
DA:171,1
DA:174,2
DA:175,2
DA:176,1
DA:179,1
DA:182,2
DA:184,2
LF:72
LH:68
BRDA:28,0,0,1
BRDA:28,0,1,2
BRDA:34,1,0,1
BRDA:34,1,1,1
BRDA:52,2,0,1
BRDA:52,2,1,10
BRDA:57,3,0,1
BRDA:57,3,1,9
BRDA:64,4,0,2
BRDA:64,4,1,7
BRDA:65,5,0,1
BRDA:65,5,1,1
BRDA:81,6,0,4
BRDA:81,6,1,3
BRDA:82,7,0,1
BRDA:82,7,1,3
BRDA:82,8,0,4
BRDA:82,8,1,4
BRDA:85,9,0,1
BRDA:85,9,1,2
BRDA:91,10,0,1
BRDA:91,10,1,1
BRDA:91,11,0,2
BRDA:91,11,1,2
BRDA:98,12,0,1
BRDA:98,12,1,3
BRDA:102,13,0,0
BRDA:102,13,1,4
BRDA:104,14,0,0
BRDA:104,14,1,0
BRDA:110,15,0,1
BRDA:110,15,1,3
BRDA:114,16,0,1
BRDA:114,16,1,3
BRDA:143,17,0,1
BRDA:143,17,1,6
BRDA:148,18,0,1
BRDA:148,18,1,5
BRDA:157,19,0,1
BRDA:157,19,1,4
BRDA:157,20,0,5
BRDA:157,20,1,1
BRDA:157,20,2,4
BRDA:168,21,0,3
BRDA:168,21,1,1
BRDA:170,22,0,1
BRDA:170,22,1,2
BRDA:175,23,0,1
BRDA:175,23,1,1
BRF:49
BRH:46
end_of_record
TN:
SF:src/app/api/reorder-lists/route.ts
FN:11,reorderListsHandler
FN:26,(anonymous_1)
FN:37,(anonymous_2)
FN:56,(anonymous_3)
FNF:4
FNH:4
FNDA:5,reorderListsHandler
FNDA:6,(anonymous_1)
FNDA:1,(anonymous_2)
FNDA:3,(anonymous_3)
DA:12,5
DA:14,5
DA:15,2
DA:21,3
DA:26,6
DA:30,3
DA:31,1
DA:37,2
DA:38,1
DA:39,3
DA:51,1
DA:56,3
DA:60,1
DA:67,1
LF:14
LH:14
BRDA:14,0,0,2
BRDA:14,0,1,3
BRDA:14,1,0,5
BRDA:14,1,1,4
BRDA:30,2,0,1
BRDA:30,2,1,2
BRF:6
BRH:6
end_of_record
TN:
SF:src/app/api/reorder-tasks/route.ts
FN:15,reorderTasksHandler
FN:31,(anonymous_1)
FN:39,(anonymous_2)
FN:58,(anonymous_3)
FNF:4
FNH:4
FNDA:7,reorderTasksHandler
FNDA:6,(anonymous_1)
FNDA:1,(anonymous_2)
FNDA:3,(anonymous_3)
DA:16,7
DA:18,7
DA:19,2
DA:22,5
DA:23,2
DA:26,3
DA:31,6
DA:35,3
DA:36,1
DA:39,2
DA:40,1
DA:41,3
DA:53,1
DA:58,3
DA:62,1
DA:69,1
LF:16
LH:16
BRDA:18,0,0,2
BRDA:18,0,1,5
BRDA:18,1,0,7
BRDA:18,1,1,6
BRDA:22,2,0,2
BRDA:22,2,1,3
BRDA:22,3,0,5
BRDA:22,3,1,4
BRDA:22,3,2,4
BRDA:35,4,0,1
BRDA:35,4,1,2
BRF:11
BRH:11
end_of_record
TN:
SF:src/app/api/start-timer/route.ts
FN:9,startTimerHandler
FN:9,startTimerHandler
FNF:2
FNH:1
FNDA:0,startTimerHandler
FNDA:28,startTimerHandler
DA:10,28
DA:12,28
DA:13,0
DA:16,28
DA:18,28
DA:20,28
DA:26,28
DA:30,28
DA:33,28
LF:9
LH:8
BRDA:12,0,0,0
BRDA:12,0,1,0
BRF:2
BRH:0
end_of_record
TN:
SF:src/app/api/stop-timer/route.ts
FN:8,stopTimerHandler
FN:8,stopTimerHandler
FNF:2
FNH:1
FNDA:0,stopTimerHandler
FNDA:84,stopTimerHandler
DA:9,84
DA:16,84
DA:17,56
DA:20,28
DA:22,28
DA:26,28
DA:29,56
LF:7
LH:7
BRDA:16,0,0,56
BRDA:16,0,1,0
BRF:2
BRH:1
end_of_record
TN:
SF:src/app/api/tasks/buildTaskListConditions.ts
FN:18,parseDate
FN:24,buildTaskListConditions
FN:55,(anonymous_2)
FN:57,(anonymous_3)
FN:67,(anonymous_4)
FN:18,parseDate
FN:24,buildTaskListConditions
FN:67,(anonymous_4)
FNF:8
FNH:2
FNDA:28,parseDate
FNDA:14,buildTaskListConditions
FNDA:0,(anonymous_2)
FNDA:0,(anonymous_3)
FNDA:0,(anonymous_4)
FNDA:0,parseDate
FNDA:0,buildTaskListConditions
FNDA:0,(anonymous_4)
DA:19,28
DA:20,2
DA:21,2
DA:36,14
DA:38,14
DA:41,14
DA:43,13
DA:44,0
DA:45,0
DA:49,13
DA:53,14
DA:55,14
DA:56,0
DA:57,14
DA:59,14
DA:60,0
DA:61,0
DA:62,0
DA:63,0
DA:64,0
DA:65,0
DA:66,0
DA:67,0
DA:68,0
DA:69,0
DA:70,0
DA:75,0
DA:78,0
DA:79,0
DA:80,0
DA:81,0
DA:84,14
DA:85,14
DA:86,1
DA:88,14
DA:89,14
DA:90,1
DA:95,14
DA:96,4
DA:97,4
DA:98,3
DA:103,14
DA:104,1
DA:105,1
DA:106,1
DA:115,14
DA:116,14
DA:117,1
DA:118,13
DA:119,3
DA:124,14
LF:51
LH:32
BRDA:19,0,0,26
BRDA:19,0,1,2
BRDA:21,1,0,0
BRDA:21,1,1,2
BRDA:33,2,0,13
BRDA:34,3,0,14
BRDA:41,4,0,1
BRDA:41,4,1,13
BRDA:43,5,0,0
BRDA:43,5,1,13
BRDA:53,6,0,0
BRDA:53,6,1,14
BRDA:59,7,0,0
BRDA:59,7,1,14
BRDA:61,8,0,0
BRDA:61,8,1,0
BRDA:63,9,0,0
BRDA:63,9,1,0
BRDA:66,10,0,0
BRDA:66,10,1,0
BRDA:68,11,0,0
BRDA:68,11,1,0
BRDA:68,12,0,0
BRDA:68,12,1,0
BRDA:68,12,2,0
BRDA:78,13,0,0
BRDA:78,13,1,0
BRDA:85,14,0,1
BRDA:85,14,1,13
BRDA:89,15,0,1
BRDA:89,15,1,13
BRDA:95,16,0,4
BRDA:95,16,1,10
BRDA:97,17,0,3
BRDA:97,17,1,1
BRDA:103,18,0,1
BRDA:103,18,1,13
BRDA:105,19,0,1
BRDA:105,19,1,0
BRDA:116,20,0,1
BRDA:116,20,1,13
BRDA:118,21,0,3
BRDA:118,21,1,10
BRDA:33,22,0,0
BRDA:34,23,0,0
BRDA:43,24,0,0
BRDA:43,24,1,0
BRDA:63,25,0,0
BRDA:63,25,1,0
BRDA:66,26,0,0
BRDA:118,27,0,0
BRF:51
BRH:25
end_of_record
TN:
SF:src/app/api/tasks/route.ts
FN:11,getHandler
FN:40,(anonymous_1)
FN:46,(anonymous_2)
FN:56,(anonymous_3)
FN:78,postHandler
FN:11,getHandler
FN:40,(anonymous_1)
FN:46,(anonymous_2)
FN:56,(anonymous_3)
FN:78,postHandler
FNF:10
FNH:5
FNDA:5,getHandler
FNDA:12,(anonymous_1)
FNDA:12,(anonymous_2)
FNDA:2,(anonymous_3)
FNDA:6,postHandler
FNDA:0,getHandler
FNDA:0,(anonymous_1)
FNDA:0,(anonymous_2)
FNDA:0,(anonymous_3)
FNDA:0,postHandler
DA:12,5
DA:13,5
DA:14,5
DA:16,5
DA:30,5
DA:31,5
DA:33,5
DA:39,5
DA:40,5
DA:41,12
DA:42,5
DA:43,5
DA:46,5
DA:47,12
DA:48,5
DA:49,0
DA:50,0
DA:51,0
DA:53,0
DA:56,5
DA:57,2
DA:58,2
DA:69,5
DA:79,6
DA:82,6
DA:83,2
DA:86,4
DA:87,2
DA:91,2
DA:94,2
DA:104,2
DA:105,2
DA:107,2
DA:110,20
DA:111,20
LF:35
LH:31
BRDA:30,0,0,5
BRDA:30,0,1,3
BRDA:31,1,0,5
BRDA:31,1,1,0
BRDA:41,2,0,7
BRDA:41,2,1,5
BRDA:47,3,0,7
BRDA:47,3,1,5
BRDA:48,4,0,5
BRDA:48,4,1,0
BRDA:49,5,0,0
BRDA:49,5,1,0
BRDA:51,6,0,0
BRDA:51,6,1,0
BRDA:82,7,0,2
BRDA:82,7,1,4
BRDA:82,8,0,6
BRDA:82,8,1,5
BRDA:82,8,2,5
BRDA:86,9,0,2
BRDA:86,9,1,2
BRDA:86,10,0,4
BRDA:86,10,1,3
BRDA:82,11,0,6
BRDA:82,11,1,5
BRDA:82,11,2,5
BRDA:86,12,0,4
BRDA:86,12,1,3
BRF:28
BRH:22
end_of_record
TN:
SF:src/app/api/tasks/serialize.ts
FN:20,serializeTask
FN:33,serializeTaskWithDescription
FN:20,serializeTask
FN:33,serializeTaskWithDescription
FNF:4
FNH:3
FNDA:5,serializeTask
FNDA:3,serializeTaskWithDescription
FNDA:130,serializeTask
FNDA:0,serializeTaskWithDescription
DA:21,135
DA:22,135
DA:34,3
LF:3
LH:3
BRDA:36,0,0,3
BRDA:36,0,1,1
BRF:2
BRH:2
end_of_record
TN:
SF:src/app/api/tasks/[id]/route.ts
FN:15,GET
FN:16,(anonymous_1)
FN:52,PATCH
FN:53,(anonymous_3)
FN:118,DELETE
FN:119,(anonymous_5)
FN:15,GET
FN:16,(anonymous_1)
FN:52,PATCH
FN:53,(anonymous_3)
FN:118,DELETE
FN:119,(anonymous_5)
FNF:12
FNH:7
FNDA:4,GET
FNDA:3,(anonymous_1)
FNDA:5,PATCH
FNDA:4,(anonymous_3)
FNDA:5,DELETE
FNDA:4,(anonymous_5)
FNDA:0,GET
FNDA:0,(anonymous_1)
FNDA:0,PATCH
FNDA:0,(anonymous_3)
FNDA:130,DELETE
FNDA:0,(anonymous_5)
DA:16,4
DA:17,3
DA:18,3
DA:20,3
DA:21,1
DA:24,2
DA:38,2
DA:39,1
DA:42,1
DA:53,5
DA:54,4
DA:55,4
DA:57,4
DA:58,1
DA:62,3
DA:72,3
DA:73,1
DA:76,2
DA:78,2
DA:84,2
DA:85,2
DA:86,24
DA:87,2
DA:90,2
DA:92,2
DA:94,2
DA:98,2
DA:106,2
DA:119,135
DA:120,4
DA:121,4
DA:123,4
DA:124,1
DA:128,3
DA:137,3
DA:138,1
DA:141,2
DA:142,2
DA:144,2
DA:146,1
DA:149,1
DA:152,1
DA:156,1
LF:43
LH:43
BRDA:20,0,0,1
BRDA:20,0,1,2
BRDA:38,1,0,1
BRDA:38,1,1,1
BRDA:57,2,0,1
BRDA:57,2,1,3
BRDA:72,3,0,1
BRDA:72,3,1,2
BRDA:86,4,0,2
BRDA:86,4,1,22
BRDA:123,5,0,1
BRDA:123,5,1,3
BRDA:137,6,0,1
BRDA:137,6,1,2
BRDA:144,7,0,1
BRDA:144,7,1,1
BRF:16
BRH:16
end_of_record
TN:
SF:src/app/api/update-goal/route.ts
FN:7,updateGoalHandler
FN:7,updateGoalHandler
FNF:2
FNH:1
FNDA:0,updateGoalHandler
FNDA:39,updateGoalHandler
DA:8,39
DA:16,39
DA:18,39
DA:19,39
DA:20,39
DA:21,39
DA:22,39
DA:23,39
DA:26,39
DA:30,39
DA:34,39
DA:35,0
DA:38,39
DA:41,13
LF:14
LH:13
BRDA:18,0,0,39
BRDA:18,0,1,0
BRDA:19,1,0,39
BRDA:19,1,1,0
BRDA:20,2,0,39
BRDA:20,2,1,0
BRDA:21,3,0,39
BRDA:21,3,1,0
BRDA:22,4,0,39
BRDA:22,4,1,0
BRDA:23,5,0,13
BRDA:23,5,1,26
BRDA:34,6,0,0
BRDA:34,6,1,0
BRF:14
BRH:7
end_of_record
TN:
SF:src/app/api/update-list/route.ts
FN:9,updateListHandler
FNF:1
FNH:0
FNDA:0,updateListHandler
DA:10,0
DA:13,0
DA:14,0
DA:16,0
DA:17,0
DA:20,0
DA:21,0
DA:22,0
DA:25,0
DA:27,0
DA:31,0
DA:35,0
DA:37,0
DA:38,0
DA:41,0
DA:43,0
DA:45,0
DA:46,0
DA:49,0
DA:51,0
DA:52,0
DA:55,0
DA:65,0
DA:69,0
DA:72,0
LF:25
LH:0
BRDA:13,0,0,0
BRDA:13,0,1,0
BRDA:16,1,0,0
BRDA:16,1,1,0
BRDA:21,2,0,0
BRDA:21,2,1,0
BRDA:37,3,0,0
BRDA:37,3,1,0
BRDA:45,4,0,0
BRDA:45,4,1,0
BRDA:51,5,0,0
BRDA:51,5,1,0
BRDA:51,6,0,0
BRDA:51,6,1,0
BRDA:58,7,0,0
BRDA:58,7,1,0
BRDA:59,8,0,0
BRDA:59,8,1,0
BRF:18
BRH:0
end_of_record
TN:
SF:src/app/api/update-task/route.ts
FN:14,updateTaskHandler
FN:14,updateTaskHandler
FNF:2
FNH:1
FNDA:0,updateTaskHandler
FNDA:58,updateTaskHandler
DA:8,30
DA:15,58
DA:17,58
DA:18,58
DA:19,696
DA:20,622
DA:24,58
DA:26,58
DA:30,58
DA:34,58
DA:35,43
DA:38,15
DA:41,30
LF:13
LH:13
BRDA:19,0,0,622
BRDA:19,0,1,0
BRDA:34,1,0,43
BRDA:34,1,1,0
BRF:4
BRH:2
end_of_record
TN:
SF:src/app/api/update-time-entry/route.ts
FN:8,updateTimeEntryHandler
FNF:1
FNH:0
FNDA:0,updateTimeEntryHandler
DA:9,0
DA:11,0
DA:12,0
DA:15,0
DA:19,0
DA:20,0
DA:23,0
DA:25,0
DA:26,0
DA:28,0
DA:29,0
DA:32,0
DA:33,0
DA:35,0
DA:36,0
DA:39,0
DA:43,0
DA:47,0
DA:50,0
LF:19
LH:0
BRDA:11,0,0,0
BRDA:11,0,1,0
BRDA:19,1,0,0
BRDA:19,1,1,0
BRDA:25,2,0,0
BRDA:25,2,1,0
BRDA:28,3,0,0
BRDA:28,3,1,0
BRDA:32,4,0,0
BRDA:32,4,1,0
BRDA:33,5,0,0
BRDA:33,5,1,0
BRDA:33,6,0,0
BRDA:33,6,1,0
BRDA:35,7,0,0
BRDA:35,7,1,0
BRF:16
BRH:0
end_of_record
TN:
SF:src/app/login/page.tsx
FN:18,redirectAfterLogin
FN:23,useAuthentication
FN:27,(anonymous_2)
FN:58,(anonymous_3)
FN:111,ErrorMessage
FN:122,AuthFormFields
FN:139,(anonymous_6)
FN:149,(anonymous_7)
FN:158,(anonymous_8)
FN:167,AuthModeToggle
FN:204,TestUserButton
FN:228,LoginPage
FN:238,(anonymous_12)
FN:239,(anonymous_13)
FN:242,(anonymous_14)
FN:247,(anonymous_15)
FN:18,redirectAfterLogin
FN:23,useAuthentication
FN:27,(anonymous_2)
FN:58,(anonymous_3)
FN:111,ErrorMessage
FN:122,AuthFormFields
FN:167,AuthModeToggle
FN:204,TestUserButton
FN:228,LoginPage
FN:238,(anonymous_12)
FN:239,(anonymous_13)
FN:242,(anonymous_14)
FN:247,(anonymous_15)
FN:17,redirectAfterLogin
FN:22,useAuthentication
FN:24,(anonymous_2)
FN:55,(anonymous_3)
FN:225,(anonymous_12)
FN:230,(anonymous_14)
FN:234,(anonymous_15)
FNF:36
FNH:21
FNDA:0,redirectAfterLogin
FNDA:0,useAuthentication
FNDA:0,(anonymous_2)
FNDA:0,(anonymous_3)
FNDA:0,ErrorMessage
FNDA:0,AuthFormFields
FNDA:9,(anonymous_6)
FNDA:25,(anonymous_7)
FNDA:29,(anonymous_8)
FNDA:0,AuthModeToggle
FNDA:0,TestUserButton
FNDA:0,LoginPage
FNDA:0,(anonymous_12)
FNDA:0,(anonymous_13)
FNDA:0,(anonymous_14)
FNDA:0,(anonymous_15)
FNDA:1,redirectAfterLogin
FNDA:76,useAuthentication
FNDA:10,(anonymous_2)
FNDA:9,(anonymous_3)
FNDA:76,ErrorMessage
FNDA:76,AuthFormFields
FNDA:76,AuthModeToggle
FNDA:76,TestUserButton
FNDA:76,LoginPage
FNDA:45,(anonymous_12)
FNDA:81,(anonymous_13)
FNDA:10,(anonymous_14)
FNDA:9,(anonymous_15)
FNDA:0,redirectAfterLogin
FNDA:9,useAuthentication
FNDA:76,(anonymous_2)
FNDA:76,(anonymous_3)
FNDA:0,(anonymous_12)
FNDA:76,(anonymous_14)
FNDA:76,(anonymous_15)
DA:18,0
DA:19,1
DA:23,30
DA:24,85
DA:25,85
DA:27,76
DA:28,76
DA:29,1
DA:31,1
DA:33,1
DA:35,0
DA:38,1
DA:40,1
DA:43,1
DA:44,1
DA:46,1
DA:47,1
DA:50,2
DA:51,1
DA:52,0
DA:53,9
DA:54,0
DA:55,9
DA:56,0
DA:58,76
DA:59,76
DA:60,76
DA:62,9
DA:63,9
DA:64,0
DA:65,76
DA:67,76
DA:68,76
DA:70,0
DA:71,0
DA:73,0
DA:74,0
DA:76,0
DA:77,0
DA:80,0
DA:81,0
DA:82,0
DA:83,0
DA:86,0
DA:87,0
DA:89,0
DA:90,0
DA:93,0
DA:94,0
DA:95,0
DA:96,0
DA:97,9
DA:99,9
DA:102,76
DA:111,76
DA:112,76
DA:114,0
DA:122,85
DA:131,0
DA:139,9
DA:149,25
DA:158,29
DA:167,85
DA:174,0
DA:204,85
DA:211,85
DA:212,9
DA:215,0
DA:220,85
DA:225,9
DA:228,1
DA:229,76
DA:230,76
DA:231,76
DA:232,76
DA:234,9
DA:236,85
DA:238,76
DA:239,81
DA:242,85
DA:243,10
DA:244,10
DA:247,85
DA:248,9
DA:251,0
LF:85
LH:56
BRDA:33,0,0,0
BRDA:33,0,1,1
BRDA:37,1,0,0
BRDA:37,1,1,0
BRDA:46,2,0,0
BRDA:46,2,1,0
BRDA:47,3,0,0
BRDA:47,3,1,0
BRDA:62,4,0,0
BRDA:62,4,1,0
BRDA:62,5,0,0
BRDA:62,5,1,0
BRDA:76,6,0,0
BRDA:76,6,1,0
BRDA:77,7,0,0
BRDA:77,7,1,0
BRDA:89,8,0,0
BRDA:89,8,1,0
BRDA:90,9,0,0
BRDA:90,9,1,0
BRDA:96,10,0,0
BRDA:96,10,1,0
BRDA:112,11,0,76
BRDA:112,11,1,0
BRDA:133,12,0,76
BRDA:133,12,1,0
BRDA:138,13,0,0
BRDA:138,13,1,0
BRDA:176,14,0,0
BRDA:176,14,1,0
BRDA:211,15,0,0
BRDA:211,15,1,0
BRDA:255,16,0,0
BRDA:255,16,1,76
BRDA:257,17,0,0
BRDA:257,17,1,76
BRDA:271,18,0,2
BRDA:271,18,1,74
BRDA:271,19,0,0
BRDA:271,19,1,74
BRDA:37,20,0,0
BRDA:37,20,1,0
BRDA:46,21,0,1
BRDA:46,21,1,1
BRDA:47,22,0,0
BRDA:47,22,1,0
BRDA:76,23,0,0
BRDA:76,23,1,0
BRDA:77,24,0,0
BRDA:77,24,1,0
BRDA:89,25,0,0
BRDA:89,25,1,0
BRDA:90,26,0,0
BRDA:90,26,1,0
BRDA:96,27,0,0
BRDA:96,27,1,0
BRDA:138,28,0,9
BRDA:138,28,1,0
BRDA:177,29,0,0
BRDA:31,30,0,0
BRDA:31,30,1,0
BRDA:35,31,0,0
BRDA:35,31,1,1
BRDA:43,32,0,0
BRDA:44,33,0,0
BRDA:44,33,1,0
BRDA:59,34,0,0
BRDA:59,35,0,0
BRDA:59,35,1,0
BRDA:73,36,0,0
BRDA:74,37,0,0
BRDA:74,37,1,0
BRDA:86,38,0,0
BRDA:87,39,0,0
BRDA:87,39,1,0
BRDA:94,40,0,0
BRDA:94,40,1,0
BRDA:23,41,0,9
BRDA:111,42,0,9
BRDA:132,43,0,0
BRDA:132,43,1,0
BRDA:245,44,0,0
BRDA:245,44,1,9
BRDA:253,45,0,0
BRDA:253,45,1,9
BRDA:266,46,0,0
BRDA:266,46,1,18
BRF:87
BRH:17
end_of_record
TN:
SF:src/app/settings/page.tsx
FN:7,SettingsPage
FN:7,SettingsPage
FNF:2
FNH:1
FNDA:0,SettingsPage
FNDA:62,SettingsPage
DA:7,11
DA:8,0
LF:2
LH:1
BRF:0
BRH:0
end_of_record
TN:
SF:src/entities/current-initiative/model/current-initiative.ts
FN:29,(anonymous_1)
FN:33,(anonymous_2)
FN:34,(anonymous_3)
FN:37,(anonymous_4)
FN:44,(anonymous_5)
FN:51,(anonymous_6)
FN:74,calculateBalance
FN:97,(anonymous_8)
FN:110,getSuggestedList
FN:118,(anonymous_10)
FN:125,(anonymous_11)
FN:141,transformDateToUTCString
FN:34,(anonymous_2)
FN:74,calculateBalance
FN:97,(anonymous_7)
FN:110,getSuggestedList
FN:125,(anonymous_10)
FN:141,transformDateToUTCString
FNF:18
FNH:12
FNDA:5,(anonymous_1)
FNDA:0,(anonymous_2)
FNDA:0,(anonymous_3)
FNDA:0,(anonymous_4)
FNDA:2,(anonymous_5)
FNDA:3,(anonymous_6)
FNDA:23,calculateBalance
FNDA:35,(anonymous_8)
FNDA:15,getSuggestedList
FNDA:3029,(anonymous_10)
FNDA:19,(anonymous_11)
FNDA:0,transformDateToUTCString
FNDA:0,(anonymous_2)
FNDA:621,calculateBalance
FNDA:3847,(anonymous_7)
FNDA:500,getSuggestedList
FNDA:2500,(anonymous_10)
FNDA:0,transformDateToUTCString
DA:15,4
DA:24,4
DA:27,4
DA:30,5
DA:34,0
DA:38,0
DA:45,2
DA:52,3
DA:78,644
DA:81,644
DA:82,3882
DA:86,644
DA:87,21
DA:88,21
DA:89,20
DA:90,20
DA:91,20
DA:92,17
DA:97,3847
DA:113,515
DA:114,1
DA:118,3029
DA:120,514
DA:121,1
DA:125,513
DA:127,2519
DA:129,2507
DA:131,12
DA:132,9
DA:135,7
DA:138,513
DA:142,0
DA:143,0
LF:33
LH:29
BRDA:45,0,0,2
BRDA:45,0,1,1
BRDA:52,1,0,3
BRDA:52,1,1,2
BRDA:87,2,0,21
BRDA:87,2,1,18
BRDA:88,3,0,20
BRDA:88,3,1,1
BRDA:88,4,0,21
BRDA:88,4,1,21
BRDA:91,5,0,17
BRDA:91,5,1,3
BRDA:91,6,0,20
BRDA:91,6,1,4
BRDA:100,7,0,3882
BRDA:100,7,1,0
BRDA:101,8,0,3882
BRDA:101,8,1,3866
BRDA:113,9,0,1
BRDA:113,9,1,14
BRDA:120,10,0,1
BRDA:120,10,1,13
BRDA:127,11,0,2507
BRDA:127,11,1,12
BRDA:127,12,0,2519
BRDA:127,12,1,2510
BRDA:131,13,0,3
BRDA:131,13,1,9
BRDA:132,14,0,2
BRDA:132,14,1,7
BRDA:142,15,0,0
BRDA:142,15,1,0
BRDA:45,16,0,0
BRDA:45,16,1,0
BRDA:24,17,0,0
BRDA:24,17,1,202
BRDA:87,18,0,0
BRDA:87,18,1,0
BRDA:91,19,0,20
BRDA:91,19,1,4
BRF:40
BRH:32
end_of_record
TN:
SF:src/entities/goal/model/goal.ts
FN:22,(anonymous_0)
FN:26,(anonymous_1)
FN:27,(anonymous_2)
FN:30,(anonymous_3)
FN:27,(anonymous_2)
FNF:5
FNH:5
FNDA:2514,(anonymous_0)
FNDA:53,(anonymous_1)
FNDA:11,(anonymous_2)
FNDA:20,(anonymous_3)
FNDA:2475,(anonymous_2)
DA:23,2514
DA:27,2475
DA:31,20
LF:3
LH:3
BRF:0
BRH:0
end_of_record
TN:
SF:src/entities/goal/model/milestone.ts
FN:18,(anonymous_0)
FN:22,(anonymous_1)
FN:23,(anonymous_2)
FN:26,(anonymous_3)
FN:23,(anonymous_2)
FNF:5
FNH:5
FNDA:61,(anonymous_0)
FNDA:1766,(anonymous_1)
FNDA:13,(anonymous_2)
FNDA:8,(anonymous_3)
FNDA:34,(anonymous_2)
DA:19,61
DA:23,1766
DA:27,8
LF:3
LH:3
BRF:0
BRH:0
end_of_record
TN:
SF:src/entities/goal/ui/Goal.tsx
FN:5,Goal
FN:5,Goal
FNF:2
FNH:1
FNDA:0,Goal
FNDA:18196,Goal
DA:5,18196
DA:6,0
LF:2
LH:1
BRDA:10,0,0,18186
BRDA:10,0,1,0
BRF:2
BRH:1
end_of_record
TN:
SF:src/entities/goal/ui/GoalFormFields.tsx
FN:15,GoalFormFields
FN:40,(anonymous_1)
FN:54,(anonymous_2)
FN:15,GoalFormFields
FN:39,(anonymous_1)
FN:53,(anonymous_2)
FNF:6
FNH:4
FNDA:0,GoalFormFields
FNDA:78,(anonymous_1)
FNDA:0,(anonymous_2)
FNDA:266,GoalFormFields
FNDA:266,(anonymous_1)
FNDA:266,(anonymous_2)
DA:15,266
DA:23,0
DA:39,266
DA:40,78
DA:53,266
DA:54,0
LF:6
LH:4
BRDA:21,0,0,0
BRDA:21,1,0,174
BRDA:22,2,0,0
BRF:3
BRH:1
end_of_record
TN:
SF:src/entities/list/model/list.ts
FN:37,(anonymous_1)
FN:41,(anonymous_2)
FN:45,(anonymous_3)
FN:46,(anonymous_4)
FN:49,(anonymous_5)
FN:54,transformDateToUTCString
FN:46,(anonymous_3)
FN:54,transformDateToUTCString
FNF:8
FNH:4
FNDA:840,(anonymous_1)
FNDA:423,(anonymous_2)
FNDA:59,(anonymous_3)
FNDA:0,(anonymous_4)
FNDA:0,(anonymous_5)
FNDA:0,transformDateToUTCString
FNDA:423,(anonymous_3)
FNDA:0,transformDateToUTCString
DA:18,3
DA:29,3
DA:32,3
DA:35,3
DA:38,840
DA:42,423
DA:46,423
DA:50,0
DA:55,0
DA:56,0
DA:57,0
LF:11
LH:7
BRDA:55,0,0,0
BRDA:55,0,1,0
BRDA:29,1,0,0
BRDA:29,1,1,280
BRDA:56,2,0,0
BRF:5
BRH:1
end_of_record
TN:
SF:src/entities/task/model/task.ts
FN:62,(anonymous_1)
FN:66,(anonymous_2)
FN:67,(anonymous_3)
FN:70,(anonymous_4)
FN:75,isTaskInFuture
FN:79,isTaskInBacklog
FN:83,isTaskDeleted
FN:87,isTaskDeletedAgo
FN:91,isTaskCompletedAgo
FN:95,isTaskSelected
FN:99,isTaskToday
FN:103,isTaskTomorrow
FN:107,isTaskOverdue
FN:111,transformDateToUTCString
FN:67,(anonymous_2)
FN:75,isTaskInFuture
FN:79,isTaskInBacklog
FN:83,isTaskDeleted
FN:87,isTaskDeletedAgo
FN:91,isTaskCompletedAgo
FN:95,isTaskSelected
FN:99,isTaskToday
FN:103,isTaskTomorrow
FN:107,isTaskOverdue
FN:111,transformDateToUTCString
FNF:25
FNH:24
FNDA:19162,(anonymous_1)
FNDA:77,(anonymous_2)
FNDA:3,(anonymous_3)
FNDA:38,(anonymous_4)
FNDA:13,isTaskInFuture
FNDA:12,isTaskInBacklog
FNDA:18,isTaskDeleted
FNDA:5,isTaskDeletedAgo
FNDA:4,isTaskCompletedAgo
FNDA:8,isTaskSelected
FNDA:19,isTaskToday
FNDA:10,isTaskTomorrow
FNDA:13,isTaskOverdue
FNDA:18,transformDateToUTCString
FNDA:19130,(anonymous_2)
FNDA:0,isTaskInFuture
FNDA:125000,isTaskInBacklog
FNDA:308470,isTaskDeleted
FNDA:171148,isTaskDeletedAgo
FNDA:171148,isTaskCompletedAgo
FNDA:171876,isTaskSelected
FNDA:116808,isTaskToday
FNDA:81686,isTaskTomorrow
FNDA:200908,isTaskOverdue
FNDA:95,transformDateToUTCString
DA:25,7
DA:33,7
DA:36,7
DA:41,7
DA:43,19190
DA:48,7
DA:51,7
DA:54,7
DA:56,19190
DA:58,19190
DA:60,19190
DA:63,19162
DA:67,19130
DA:71,38
DA:76,13
DA:80,125012
DA:84,308488
DA:88,171153
DA:92,171152
DA:96,171884
DA:100,116827
DA:104,81696
DA:108,200921
DA:112,104
DA:113,95
DA:114,24
LF:26
LH:26
BRDA:80,0,0,12
BRDA:80,0,1,8
BRDA:88,1,0,5
BRDA:88,1,1,4
BRDA:92,2,0,4
BRDA:92,2,1,2
BRDA:100,3,0,19
BRDA:100,3,1,14
BRDA:104,4,0,10
BRDA:104,4,1,7
BRDA:108,5,0,13
BRDA:108,5,1,10
BRDA:108,5,2,6
BRDA:112,6,0,9
BRDA:112,6,1,9
BRDA:51,7,0,0
BRDA:51,7,1,280
BRDA:54,8,0,0
BRDA:54,8,1,280
BRDA:80,9,0,125000
BRDA:80,9,1,111770
BRDA:88,10,0,171148
BRDA:88,10,1,4
BRDA:92,11,0,171148
BRDA:92,11,1,24798
BRDA:100,12,0,116808
BRDA:100,12,1,13012
BRDA:104,13,0,81686
BRDA:104,13,1,9250
BRDA:108,14,0,200908
BRDA:108,14,1,3390
BRDA:108,14,2,1178
BRDA:113,15,0,71
BRF:33
BRH:31
end_of_record
TN:
SF:src/entities/task/model/toggleCompleted.tsx
FN:5,useToggleTaskCompleted
FN:9,(anonymous_1)
FN:14,(anonymous_2)
FN:5,useToggleTaskCompleted
FN:9,(anonymous_1)
FN:14,(anonymous_2)
FN:3,useToggleTaskCompleted
FN:6,(anonymous_1)
FN:12,(anonymous_2)
FNF:9
FNH:4
FNDA:0,useToggleTaskCompleted
FNDA:0,(anonymous_1)
FNDA:0,(anonymous_2)
FNDA:82612,useToggleTaskCompleted
FNDA:2,(anonymous_1)
FNDA:0,(anonymous_2)
FNDA:0,useToggleTaskCompleted
FNDA:82612,(anonymous_1)
FNDA:82612,(anonymous_2)
DA:5,0
DA:6,82612
DA:8,82612
DA:9,82612
DA:10,2
DA:11,2
DA:12,2
DA:13,82612
DA:14,82612
DA:15,0
DA:16,0
DA:17,0
LF:12
LH:8
BRDA:10,0,0,0
BRDA:10,0,1,2
BRDA:15,1,0,0
BRDA:15,1,1,0
BRDA:8,2,0,0
BRDA:8,2,1,0
BRDA:13,3,0,0
BRDA:13,3,1,0
BRF:8
BRH:1
end_of_record
TN:
SF:src/entities/task/ui/Task.tsx
FN:25,Task
FN:30,(anonymous_1)
FN:35,(anonymous_2)
FN:41,(anonymous_3)
FN:46,(anonymous_4)
FN:110,(anonymous_5)
FN:126,(anonymous_6)
FN:25,Task
FN:35,(anonymous_2)
FN:41,(anonymous_3)
FN:46,(anonymous_4)
FN:26,(anonymous_1)
FN:30,(anonymous_2)
FN:37,(anonymous_3)
FNF:14
FNH:9
FNDA:0,Task
FNDA:215641,(anonymous_1)
FNDA:0,(anonymous_2)
FNDA:0,(anonymous_3)
FNDA:0,(anonymous_4)
FNDA:4,(anonymous_5)
FNDA:0,(anonymous_6)
FNDA:82612,Task
FNDA:3,(anonymous_2)
FNDA:82614,(anonymous_3)
FNDA:13,(anonymous_4)
FNDA:82612,(anonymous_1)
FNDA:82612,(anonymous_2)
FNDA:3,(anonymous_3)
DA:25,82612
DA:26,82612
DA:27,82612
DA:28,82612
DA:29,82612
DA:30,215641
DA:31,82612
DA:32,82612
DA:33,82612
DA:35,82612
DA:36,3
DA:37,165224
DA:38,6
DA:41,82612
DA:42,2
DA:43,82614
DA:46,82612
DA:48,13
DA:51,82612
DA:53,82612
DA:54,0
DA:57,0
DA:63,0
DA:64,0
DA:67,0
DA:70,0
DA:110,4
DA:122,0
DA:126,0
LF:29
LH:21
BRDA:25,0,0,0
BRDA:42,1,0,0
BRDA:42,1,1,0
BRDA:48,2,0,13
BRDA:48,2,1,0
BRDA:51,3,0,0
BRDA:51,3,1,0
BRDA:57,4,0,0
BRDA:57,4,1,0
BRDA:58,5,0,0
BRDA:58,5,1,0
BRDA:58,5,2,0
BRDA:58,5,3,0
BRDA:76,6,0,12328
BRDA:76,6,1,70284
BRDA:77,7,0,82612
BRDA:77,7,1,4
BRDA:77,7,2,4
BRDA:78,8,0,82612
BRDA:78,8,1,4
BRDA:79,9,0,82612
BRDA:79,9,1,186
BRDA:80,10,0,82612
BRDA:80,10,1,82608
BRDA:81,11,0,82612
BRDA:81,11,1,0
BRDA:87,12,0,82612
BRDA:87,12,1,0
BRDA:92,13,0,82612
BRDA:92,13,1,0
BRDA:106,14,0,82612
BRDA:106,14,1,0
BRDA:122,15,0,82612
BRDA:122,15,1,0
BRDA:25,16,0,0
BRDA:106,17,0,632
BRDA:106,17,1,81980
BRDA:106,18,0,82612
BRDA:106,18,1,81980
BRDA:122,19,0,632
BRDA:122,19,1,81980
BRDA:122,20,0,82612
BRDA:122,20,1,81980
BRDA:16,21,0,0
BRDA:37,22,0,0
BRDA:43,23,0,0
BRDA:46,24,0,0
BRDA:51,25,0,0
BRDA:51,26,0,0
BRDA:51,26,1,0
BRDA:51,26,2,0
BRDA:51,26,3,0
BRDA:67,27,0,0
BRDA:67,27,1,0
BRDA:67,27,2,0
BRF:55
BRH:25
end_of_record
TN:
SF:src/entities/task/ui/TaskBadges.tsx
FN:15,TaskBadges
FN:18,(anonymous_1)
FN:15,TaskBadges
FN:18,(anonymous_1)
FNF:4
FNH:1
FNDA:0,TaskBadges
FNDA:0,(anonymous_1)
FNDA:96022,TaskBadges
FNDA:0,(anonymous_1)
DA:15,96022
DA:16,96022
DA:17,96022
DA:18,96022
DA:21,96022
DA:22,96022
DA:24,0
LF:7
LH:6
BRDA:17,0,0,0
BRDA:18,1,0,0
BRDA:18,1,1,96022
BRDA:27,2,0,96022
BRDA:27,2,1,2212
BRDA:27,2,2,0
BRDA:29,3,0,0
BRDA:29,3,1,0
BRDA:29,3,2,0
BRDA:29,3,3,0
BRDA:31,4,0,96022
BRDA:31,4,1,88
BRDA:31,4,2,0
BRDA:44,5,0,96022
BRDA:44,5,1,0
BRDA:51,6,0,96022
BRDA:51,6,1,0
BRDA:17,7,0,11256
BRDA:29,8,0,96022
BRDA:29,8,1,2300
BRDA:29,8,2,0
BRDA:15,9,0,0
BRDA:22,10,0,0
BRDA:22,10,1,0
BRF:24
BRH:10
end_of_record
TN:
SF:src/entities/task/ui/TaskDetails.tsx
FN:15,TaskDetails
FN:18,(anonymous_1)
FN:42,(anonymous_2)
FN:48,(anonymous_3)
FN:55,(anonymous_4)
FN:62,(anonymous_5)
FN:66,(anonymous_6)
FN:67,(anonymous_7)
FN:73,(anonymous_8)
FN:76,(anonymous_9)
FN:106,DescriptionIndicator
FN:119,(anonymous_11)
FN:137,getCheckboxIndexFromEvent
FN:15,TaskDetails
FN:18,(anonymous_1)
FN:55,(anonymous_4)
FN:62,(anonymous_5)
FN:73,(anonymous_8)
FN:106,DescriptionIndicator
FN:119,(anonymous_11)
FN:137,getCheckboxIndexFromEvent
FN:16,(anonymous_1)
FN:45,(anonymous_3)
FN:61,(anonymous_6)
FN:62,(anonymous_7)
FN:98,(anonymous_11)
FNF:26
FNH:11
FNDA:0,TaskDetails
FNDA:0,(anonymous_1)
FNDA:0,(anonymous_2)
FNDA:0,(anonymous_3)
FNDA:0,(anonymous_4)
FNDA:0,(anonymous_5)
FNDA:3,(anonymous_6)
FNDA:0,(anonymous_7)
FNDA:0,(anonymous_8)
FNDA:0,(anonymous_9)
FNDA:0,DescriptionIndicator
FNDA:0,(anonymous_11)
FNDA:0,getCheckboxIndexFromEvent
FNDA:6292,TaskDetails
FNDA:0,(anonymous_1)
FNDA:78,(anonymous_4)
FNDA:3,(anonymous_5)
FNDA:78,(anonymous_8)
FNDA:6292,DescriptionIndicator
FNDA:4,(anonymous_11)
FNDA:3,getCheckboxIndexFromEvent
FNDA:6292,(anonymous_1)
FNDA:0,(anonymous_3)
FNDA:78,(anonymous_6)
FNDA:3,(anonymous_7)
FNDA:0,(anonymous_11)
DA:15,6292
DA:16,6292
DA:18,26
DA:19,0
DA:20,0
DA:21,0
DA:22,0
DA:23,0
DA:25,0
DA:27,0
DA:42,0
DA:43,0
DA:45,0
DA:48,0
DA:55,78
DA:56,0
DA:58,78
DA:59,78
DA:61,78
DA:62,78
DA:63,3
DA:64,3
DA:66,3
DA:67,0
DA:73,78
DA:74,78
DA:75,0
DA:76,174
DA:79,0
DA:106,6292
DA:107,6292
DA:109,0
DA:120,4
DA:121,4
DA:138,3
DA:139,3
DA:140,3
DA:141,3
LF:38
LH:22
BRDA:16,0,0,6266
BRDA:16,0,1,0
BRDA:16,1,0,6292
BRDA:16,1,1,6292
BRDA:19,2,0,0
BRDA:19,2,1,0
BRDA:19,3,0,0
BRDA:19,3,1,0
BRDA:21,4,0,0
BRDA:21,4,1,0
BRDA:21,5,0,0
BRDA:21,5,1,0
BRDA:56,6,0,0
BRDA:56,6,1,0
BRDA:61,7,0,78
BRDA:61,7,1,78
BRDA:64,8,0,3
BRDA:64,8,1,0
BRDA:75,9,0,78
BRDA:75,9,1,0
BRDA:76,10,0,0
BRDA:76,10,1,0
BRDA:83,11,0,78
BRDA:83,11,1,78
BRDA:84,12,0,78
BRDA:84,12,1,30
BRDA:107,13,0,6292
BRDA:107,13,1,0
BRDA:117,14,0,6292
BRDA:117,14,1,26
BRDA:124,15,0,26
BRDA:124,15,1,6266
BRDA:131,16,0,26
BRDA:131,16,1,6266
BRDA:139,17,0,0
BRDA:139,17,1,0
BRDA:64,18,0,3
BRDA:64,18,1,3
BRDA:74,19,0,78
BRDA:74,19,1,78
BRDA:75,20,0,78
BRDA:75,20,1,78
BRDA:75,21,0,78
BRDA:75,21,1,78
BRDA:76,22,0,174
BRDA:76,22,1,78
BRDA:76,23,0,0
BRDA:76,23,1,78
BRDA:76,24,0,78
BRDA:76,24,1,78
BRDA:15,25,0,0
BRDA:15,26,0,0
BRDA:15,26,1,0
BRDA:18,27,0,0
BRDA:18,28,0,0
BRDA:18,28,1,0
BRDA:20,29,0,0
BRDA:20,29,1,0
BRDA:58,30,0,0
BRDA:72,31,0,0
BRDA:72,31,1,0
BRDA:110,32,0,0
BRDA:110,32,1,0
BRF:63
BRH:31
end_of_record
TN:
SF:src/entities/task/ui/TaskName.tsx
FN:8,TaskName
FN:8,TaskName
FNF:2
FNH:1
FNDA:0,TaskName
FNDA:82610,TaskName
DA:8,82610
DA:9,82610
DA:11,0
LF:3
LH:2
BRDA:15,0,0,0
BRDA:15,0,1,0
BRDA:16,1,0,82610
BRDA:16,1,1,4
BRDA:15,2,0,82610
BRDA:15,2,1,12328
BRDA:12,3,0,0
BRDA:12,3,1,0
BRF:8
BRH:4
end_of_record
TN:
SF:src/features/api-keys/manage/api/mutations.ts
FN:8,useCreateApiKeyMutation
FN:11,(anonymous_1)
FN:14,(anonymous_2)
FN:18,(anonymous_3)
FN:22,useRevokeApiKeyMutation
FN:25,(anonymous_5)
FN:28,(anonymous_6)
FN:32,(anonymous_7)
FN:8,useCreateApiKeyMutation
FN:11,(anonymous_1)
FN:14,(anonymous_2)
FN:22,useRevokeApiKeyMutation
FN:25,(anonymous_5)
FN:28,(anonymous_6)
FNF:14
FNH:2
FNDA:0,useCreateApiKeyMutation
FNDA:0,(anonymous_1)
FNDA:0,(anonymous_2)
FNDA:0,(anonymous_3)
FNDA:0,useRevokeApiKeyMutation
FNDA:0,(anonymous_5)
FNDA:0,(anonymous_6)
FNDA:0,(anonymous_7)
FNDA:156,useCreateApiKeyMutation
FNDA:0,(anonymous_1)
FNDA:0,(anonymous_2)
FNDA:156,useRevokeApiKeyMutation
FNDA:0,(anonymous_5)
FNDA:0,(anonymous_6)
DA:9,156
DA:10,156
DA:12,0
DA:15,0
DA:16,0
DA:18,0
DA:23,156
DA:24,156
DA:26,0
DA:29,0
DA:30,0
DA:32,0
LF:12
LH:4
BRF:0
BRH:0
end_of_record
TN:
SF:src/features/api-keys/manage/api/queries.ts
FN:7,useApiKeysQuery
FN:10,(anonymous_1)
FN:7,useApiKeysQuery
FN:10,(anonymous_1)
FNF:4
FNH:2
FNDA:0,useApiKeysQuery
FNDA:0,(anonymous_1)
FNDA:156,useApiKeysQuery
FNDA:11,(anonymous_1)
DA:8,156
DA:11,11
DA:12,10
LF:3
LH:3
BRF:0
BRH:0
end_of_record
TN:
SF:src/features/api-keys/manage/model/types.ts
FNF:0
FNH:0
LF:0
LH:0
BRF:0
BRH:0
end_of_record
TN:
SF:src/features/api-keys/manage/ui/ApiKeyCreateSection.tsx
FN:16,ApiKeyCreateSection
FN:19,(anonymous_1)
FN:36,(anonymous_2)
FN:39,(anonymous_3)
FN:16,ApiKeyCreateSection
FN:19,(anonymous_1)
FN:16,(anonymous_1)
FN:33,(anonymous_2)
FNF:8
FNH:6
FNDA:0,ApiKeyCreateSection
FNDA:0,(anonymous_1)
FNDA:114,(anonymous_2)
FNDA:114,(anonymous_3)
FNDA:42,ApiKeyCreateSection
FNDA:114,(anonymous_1)
FNDA:42,(anonymous_1)
FNDA:42,(anonymous_2)
DA:16,156
DA:17,42
DA:19,42
DA:20,0
DA:21,0
DA:22,0
DA:27,0
DA:33,42
DA:36,114
DA:39,114
LF:10
LH:6
BRDA:20,0,0,0
BRDA:20,0,1,0
BRDA:39,1,0,0
BRDA:39,1,1,0
BRDA:45,2,0,42
BRDA:45,2,1,0
BRF:6
BRH:1
end_of_record
TN:
SF:src/features/api-keys/manage/ui/ApiKeysList.tsx
FN:13,ApiKeysList
FN:23,(anonymous_1)
FN:31,(anonymous_2)
FN:13,ApiKeysList
FN:31,(anonymous_2)
FNF:5
FNH:2
FNDA:0,ApiKeysList
FNDA:0,(anonymous_1)
FNDA:0,(anonymous_2)
FNDA:42,ApiKeysList
FNDA:20,(anonymous_2)
DA:13,156
DA:14,0
DA:24,0
DA:31,20
LF:4
LH:2
BRDA:17,0,0,0
BRDA:17,0,1,0
BRDA:19,1,0,0
BRDA:19,1,1,0
BRDA:26,2,0,0
BRDA:26,2,1,0
BRDA:18,3,0,22
BRDA:20,4,0,0
BRDA:26,5,0,20
BRDA:26,5,1,0
BRDA:26,6,0,0
BRDA:26,6,1,20
BRF:12
BRH:3
end_of_record
TN:
SF:src/features/api-keys/manage/ui/ApiKeysManager.tsx
FN:12,ApiKeysManager
FN:19,(anonymous_1)
FN:19,(anonymous_2)
FN:20,(anonymous_3)
FN:20,(anonymous_4)
FN:37,(anonymous_5)
FN:39,(anonymous_6)
FN:49,(anonymous_7)
FN:12,ApiKeysManager
FN:16,(anonymous_1)
FN:19,(anonymous_3)
FN:36,(anonymous_6)
FN:47,(anonymous_7)
FNF:13
FNH:12
FNDA:0,ApiKeysManager
FNDA:167,(anonymous_1)
FNDA:154,(anonymous_2)
FNDA:167,(anonymous_3)
FNDA:154,(anonymous_4)
FNDA:114,(anonymous_5)
FNDA:114,(anonymous_6)
FNDA:114,(anonymous_7)
FNDA:42,ApiKeysManager
FNDA:198,(anonymous_1)
FNDA:198,(anonymous_3)
FNDA:42,(anonymous_6)
FNDA:42,(anonymous_7)
DA:12,125
DA:13,114
DA:14,156
DA:16,270
DA:17,156
DA:19,198
DA:20,53
DA:22,0
DA:36,42
DA:38,114
DA:39,114
DA:47,42
DA:49,114
LF:13
LH:12
BRDA:13,0,0,0
BRDA:13,1,0,22
BRDA:12,2,0,114
BRF:3
BRH:2
end_of_record
TN:
SF:src/features/api-keys/manage/ui/RevokedKeysList.tsx
FN:9,RevokedKeysList
FN:15,(anonymous_1)
FN:9,RevokedKeysList
FNF:3
FNH:1
FNDA:0,RevokedKeysList
FNDA:0,(anonymous_1)
FNDA:42,RevokedKeysList
DA:9,384
DA:10,42
DA:11,0
DA:16,0
LF:4
LH:2
BRDA:10,0,0,22
BRDA:10,0,1,0
BRDA:18,1,0,0
BRDA:18,1,1,0
BRDA:18,2,0,20
BRDA:18,2,1,20
BRDA:9,3,0,114
BRDA:18,4,0,0
BRDA:18,4,1,0
BRF:9
BRH:4
end_of_record
TN:
SF:src/features/current-initiative/balance/ui/BalanceIndicator.tsx
FN:10,getDaysAgoLabel
FN:27,calculateDaysSince
FN:36,BalanceIndicator
FN:52,(anonymous_3)
FN:53,(anonymous_4)
FN:57,(anonymous_5)
FN:58,(anonymous_6)
FN:79,(anonymous_7)
FN:10,getDaysAgoLabel
FN:27,calculateDaysSince
FN:36,BalanceIndicator
FN:57,(anonymous_5)
FN:58,(anonymous_6)
FN:79,(anonymous_7)
FN:11,getDaysAgoLabel
FN:28,calculateDaysSince
FN:59,(anonymous_3)
FN:60,(anonymous_5)
FN:60,(anonymous_6)
FNF:19
FNH:11
FNDA:0,getDaysAgoLabel
FNDA:0,calculateDaysSince
FNDA:0,BalanceIndicator
FNDA:500,(anonymous_3)
FNDA:500,(anonymous_4)
FNDA:0,(anonymous_5)
FNDA:0,(anonymous_6)
FNDA:0,(anonymous_7)
FNDA:0,getDaysAgoLabel
FNDA:0,calculateDaysSince
FNDA:656,BalanceIndicator
FNDA:500,(anonymous_5)
FNDA:500,(anonymous_6)
FNDA:500,(anonymous_7)
FNDA:660,getDaysAgoLabel
FNDA:1760,calculateDaysSince
FNDA:1430,(anonymous_3)
FNDA:660,(anonymous_5)
FNDA:1206,(anonymous_6)
DA:3,64
DA:8,216
DA:10,64
DA:11,0
DA:12,660
DA:13,660
DA:14,0
DA:15,0
DA:16,0
DA:18,0
DA:19,0
DA:20,0
DA:21,0
DA:22,0
DA:23,0
DA:24,0
DA:25,0
DA:28,0
DA:29,1760
DA:30,1760
DA:31,0
DA:32,0
DA:33,0
DA:34,0
DA:37,656
DA:39,1156
DA:40,1156
DA:41,500
DA:43,390
DA:44,0
DA:45,110
DA:47,110
DA:50,0
DA:51,110
DA:52,0
DA:53,0
DA:56,0
DA:57,0
DA:59,1430
DA:60,660
DA:61,110
DA:62,550
DA:63,550
DA:64,110
DA:65,1100
DA:66,0
DA:67,0
DA:69,0
DA:70,0
DA:71,110
DA:73,0
DA:80,110
DA:81,110
DA:82,660
DA:84,660
DA:88,660
LF:56
LH:28
BRDA:11,0,0,0
BRDA:11,0,1,0
BRDA:18,1,0,0
BRDA:18,1,1,0
BRDA:21,2,0,0
BRDA:21,2,1,0
BRDA:28,3,0,0
BRDA:28,3,1,0
BRDA:39,4,0,656
BRDA:39,4,1,0
BRDA:43,5,0,0
BRDA:43,5,1,0
BRDA:43,6,0,390
BRDA:43,6,1,110
BRDA:43,6,2,0
BRDA:63,7,0,0
BRDA:63,7,1,0
BRDA:63,8,0,0
BRDA:63,8,1,0
BRDA:64,9,0,0
BRDA:64,9,1,0
BRDA:65,10,0,1100
BRDA:65,10,1,0
BRDA:69,11,0,0
BRDA:69,11,1,0
BRDA:81,12,0,0
BRDA:81,12,1,0
BRDA:89,13,0,0
BRDA:89,13,1,0
BRDA:97,14,0,0
BRDA:97,14,1,0
BRDA:101,15,0,0
BRDA:101,15,1,0
BRDA:101,15,2,0
BRDA:12,16,0,660
BRDA:19,17,0,0
BRDA:22,18,0,0
BRDA:29,19,0,1760
BRDA:41,20,0,390
BRDA:45,21,0,0
BRDA:45,22,0,110
BRDA:45,22,1,110
BRDA:45,22,2,110
BRDA:65,23,0,550
BRDA:65,23,1,550
BRDA:66,24,0,0
BRDA:67,25,0,0
BRDA:71,26,0,0
BRDA:84,27,0,660
BRDA:84,27,1,0
BRDA:92,28,0,660
BRDA:92,28,1,0
BRF:52
BRH:14
end_of_record
TN:
SF:src/features/current-initiative/banner/ui/TodayFocusBanner.tsx
FN:13,TodayFocusBanner
FN:30,(anonymous_1)
FN:43,(anonymous_2)
FN:53,(anonymous_3)
FN:58,(anonymous_4)
FN:68,(anonymous_5)
FN:118,(anonymous_6)
FN:134,(anonymous_7)
FN:142,(anonymous_8)
FN:182,(anonymous_9)
FN:13,TodayFocusBanner
FN:30,(anonymous_1)
FN:53,(anonymous_3)
FN:58,(anonymous_4)
FN:68,(anonymous_5)
FN:134,(anonymous_7)
FN:182,(anonymous_9)
FN:24,(anonymous_1)
FN:38,(anonymous_2)
FN:47,(anonymous_3)
FN:52,(anonymous_4)
FN:62,(anonymous_5)
FN:133,(anonymous_8)
FNF:23
FNH:12
FNDA:0,TodayFocusBanner
FNDA:22,(anonymous_1)
FNDA:616,(anonymous_2)
FNDA:118,(anonymous_3)
FNDA:0,(anonymous_4)
FNDA:0,(anonymous_5)
FNDA:0,(anonymous_6)
FNDA:0,(anonymous_7)
FNDA:0,(anonymous_8)
FNDA:0,(anonymous_9)
FNDA:118,TodayFocusBanner
FNDA:22,(anonymous_1)
FNDA:88,(anonymous_3)
FNDA:0,(anonymous_4)
FNDA:0,(anonymous_5)
FNDA:0,(anonymous_7)
FNDA:0,(anonymous_9)
FNDA:118,(anonymous_1)
FNDA:118,(anonymous_2)
FNDA:118,(anonymous_3)
FNDA:118,(anonymous_4)
FNDA:118,(anonymous_5)
FNDA:118,(anonymous_8)
DA:13,52
DA:14,236
DA:15,236
DA:16,118
DA:18,118
DA:19,118
DA:21,118
DA:24,118
DA:25,118
DA:26,0
DA:30,118
DA:31,118
DA:32,118
DA:34,118
DA:35,30
DA:36,0
DA:38,176
DA:39,0
DA:40,0
DA:42,88
DA:43,616
DA:45,88
DA:46,88
DA:47,0
DA:49,88
DA:51,0
DA:52,88
DA:53,88
DA:54,88
DA:58,88
DA:59,0
DA:60,0
DA:61,0
DA:62,0
DA:63,0
DA:64,176
DA:65,0
DA:66,0
DA:68,88
DA:69,0
DA:70,0
DA:72,0
DA:73,0
DA:78,0
DA:79,0
DA:85,88
DA:87,0
DA:118,0
DA:133,88
DA:135,0
DA:136,0
DA:138,0
DA:142,0
DA:182,0
LF:54
LH:28
BRDA:25,0,0,0
BRDA:25,0,1,0
BRDA:26,1,0,0
BRDA:26,1,1,0
BRDA:34,2,0,30
BRDA:34,2,1,0
BRDA:38,3,0,0
BRDA:38,3,1,0
BRDA:38,4,0,88
BRDA:38,4,1,88
BRDA:45,5,0,0
BRDA:45,5,1,0
BRDA:52,6,0,88
BRDA:52,6,1,0
BRDA:52,6,2,0
BRDA:52,6,3,0
BRDA:54,7,0,88
BRDA:54,7,1,0
BRDA:56,8,0,0
BRDA:56,8,1,0
BRDA:59,9,0,0
BRDA:59,9,1,0
BRDA:59,10,0,0
BRDA:59,10,1,0
BRDA:69,11,0,0
BRDA:69,11,1,0
BRDA:70,12,0,0
BRDA:70,12,1,0
BRDA:72,13,0,0
BRDA:72,13,1,0
BRDA:85,14,0,0
BRDA:85,14,1,0
BRDA:91,15,0,88
BRDA:91,15,1,0
BRDA:97,16,0,0
BRDA:97,16,1,0
BRDA:101,17,0,0
BRDA:101,17,1,0
BRDA:102,18,0,0
BRDA:102,18,1,0
BRDA:109,19,0,88
BRDA:109,19,1,0
BRDA:122,20,0,88
BRDA:122,20,1,0
BRDA:125,21,0,88
BRDA:125,21,1,0
BRDA:125,22,0,88
BRDA:125,22,1,88
BRDA:127,23,0,88
BRDA:127,23,1,0
BRDA:132,24,0,88
BRDA:132,24,1,0
BRDA:146,25,0,0
BRDA:146,25,1,0
BRDA:150,26,0,0
BRDA:150,26,1,0
BRDA:152,27,0,0
BRDA:152,27,1,0
BRDA:163,28,0,88
BRDA:163,28,1,0
BRDA:174,29,0,0
BRDA:174,29,1,0
BRDA:182,30,0,88
BRDA:182,30,1,0
BRDA:24,31,0,118
BRDA:24,31,1,118
BRDA:25,32,0,0
BRDA:25,32,1,118
BRDA:26,33,0,0
BRDA:26,33,1,0
BRDA:52,34,0,88
BRDA:52,34,1,88
BRDA:52,35,0,88
BRDA:52,35,1,0
BRDA:52,36,0,0
BRDA:52,36,1,88
BRDA:52,37,0,88
BRDA:52,37,1,88
BRDA:85,38,0,88
BRDA:85,38,1,88
BRDA:98,39,0,88
BRDA:101,40,0,88
BRDA:101,40,1,0
BRDA:125,41,0,88
BRDA:125,41,1,88
BRDA:21,42,0,0
BRDA:21,42,1,0
BRDA:31,43,0,0
BRDA:32,44,0,0
BRDA:32,45,0,0
BRDA:32,45,1,0
BRDA:39,46,0,0
BRDA:46,47,0,0
BRDA:46,47,1,88
BRDA:46,47,2,0
BRDA:46,47,3,0
BRDA:49,48,0,0
BRDA:49,48,1,0
BRDA:51,49,0,0
BRDA:51,49,1,0
BRDA:51,50,0,0
BRDA:51,50,1,0
BRDA:63,51,0,0
BRDA:63,51,1,0
BRDA:64,52,0,0
BRDA:65,53,0,0
BRDA:65,53,1,0
BRDA:79,54,0,0
BRDA:79,54,1,0
BRDA:85,55,0,0
BRDA:85,55,1,0
BRDA:96,56,0,0
BRDA:115,57,0,0
BRDA:115,57,1,0
BRDA:116,58,0,0
BRDA:116,58,1,0
BRDA:134,59,0,88
BRDA:134,59,1,0
BRDA:141,60,0,88
BRDA:141,60,1,0
BRF:120
BRH:33
end_of_record
TN:
SF:src/features/current-initiative/history/ui/InitiativeHistory.tsx
FN:7,InitiativeHistory
FN:61,(anonymous_1)
FN:97,formatHistoryDate
FN:7,InitiativeHistory
FN:61,(anonymous_1)
FN:97,formatHistoryDate
FNF:6
FNH:2
FNDA:0,InitiativeHistory
FNDA:0,(anonymous_1)
FNDA:0,formatHistoryDate
FNDA:42,InitiativeHistory
FNDA:114,(anonymous_1)
FNDA:0,formatHistoryDate
DA:7,125
DA:8,156
DA:10,42
DA:11,0
DA:24,20
DA:25,0
DA:38,20
DA:40,0
DA:60,20
DA:62,0
DA:65,0
DA:95,0
DA:97,0
DA:98,0
DA:99,0
DA:100,0
DA:102,0
DA:103,0
DA:105,0
DA:106,0
DA:108,0
LF:21
LH:6
BRDA:10,0,0,22
BRDA:10,0,1,0
BRDA:24,1,0,0
BRDA:24,1,1,0
BRDA:38,2,0,20
BRDA:38,2,1,20
BRDA:47,3,0,0
BRDA:47,3,1,0
BRDA:62,4,0,0
BRDA:62,4,1,0
BRDA:71,5,0,0
BRDA:71,5,1,0
BRDA:74,6,0,0
BRDA:74,6,1,0
BRDA:76,7,0,0
BRDA:76,7,1,0
BRDA:79,8,0,0
BRDA:79,8,1,0
BRDA:83,9,0,0
BRDA:83,9,1,0
BRDA:102,10,0,0
BRDA:102,10,1,0
BRDA:105,11,0,0
BRDA:105,11,1,0
BRDA:38,12,0,20
BRDA:38,12,1,20
BRDA:48,13,0,20
BRDA:71,14,0,0
BRDA:71,14,1,0
BRDA:74,15,0,0
BRDA:74,15,1,0
BRDA:76,16,0,0
BRDA:76,16,1,0
BRDA:79,17,0,0
BRDA:79,17,1,0
BRDA:83,18,0,0
BRDA:83,18,1,0
BRDA:73,19,0,20
BRDA:73,19,1,0
BRDA:7,20,0,0
BRF:40
BRH:7
end_of_record
TN:
SF:src/features/current-initiative/pick/ui/InitiativePicker.tsx
FN:15,getDaysLabel
FN:28,calculateDaysSinceLastUsed
FN:37,InitiativePicker
FN:55,(anonymous_3)
FN:72,(anonymous_4)
FN:78,(anonymous_5)
FN:84,(anonymous_6)
FN:89,(anonymous_7)
FN:99,(anonymous_8)
FN:128,(anonymous_9)
FN:147,(anonymous_10)
FN:159,(anonymous_11)
FN:216,(anonymous_12)
FN:15,getDaysLabel
FN:28,calculateDaysSinceLastUsed
FN:37,InitiativePicker
FN:55,(anonymous_3)
FN:78,(anonymous_5)
FN:84,(anonymous_6)
FN:89,(anonymous_7)
FN:99,(anonymous_8)
FN:147,(anonymous_10)
FN:216,(anonymous_12)
FN:13,getDaysLabel
FN:26,calculateDaysSinceLastUsed
FN:51,(anonymous_3)
FN:68,(anonymous_4)
FN:74,(anonymous_5)
FN:80,(anonymous_6)
FN:82,(anonymous_7)
FN:94,(anonymous_8)
FN:125,(anonymous_9)
FN:150,(anonymous_11)
FNF:33
FNH:14
FNDA:0,getDaysLabel
FNDA:0,calculateDaysSinceLastUsed
FNDA:0,InitiativePicker
FNDA:4,(anonymous_3)
FNDA:14,(anonymous_4)
FNDA:0,(anonymous_5)
FNDA:4,(anonymous_6)
FNDA:0,(anonymous_7)
FNDA:0,(anonymous_8)
FNDA:0,(anonymous_9)
FNDA:0,(anonymous_10)
FNDA:0,(anonymous_11)
FNDA:0,(anonymous_12)
FNDA:0,getDaysLabel
FNDA:0,calculateDaysSinceLastUsed
FNDA:4,InitiativePicker
FNDA:4,(anonymous_3)
FNDA:12,(anonymous_5)
FNDA:2,(anonymous_6)
FNDA:0,(anonymous_7)
FNDA:0,(anonymous_8)
FNDA:0,(anonymous_10)
FNDA:0,(anonymous_12)
FNDA:0,getDaysLabel
FNDA:0,calculateDaysSinceLastUsed
FNDA:4,(anonymous_3)
FNDA:4,(anonymous_4)
FNDA:4,(anonymous_5)
FNDA:4,(anonymous_6)
FNDA:4,(anonymous_7)
FNDA:4,(anonymous_8)
FNDA:4,(anonymous_9)
FNDA:0,(anonymous_11)
DA:8,162
DA:13,52
DA:15,0
DA:16,0
DA:17,0
DA:18,0
DA:19,0
DA:20,0
DA:21,0
DA:22,0
DA:23,0
DA:24,0
DA:25,0
DA:28,0
DA:29,0
DA:30,0
DA:31,0
DA:32,0
DA:33,0
DA:34,0
DA:37,52
DA:38,4
DA:39,8
DA:40,8
DA:42,4
DA:43,4
DA:46,4
DA:48,0
DA:49,4
DA:50,4
DA:51,0
DA:55,4
DA:56,4
DA:59,4
DA:60,0
DA:67,2
DA:68,4
DA:69,0
DA:71,2
DA:72,14
DA:74,2
DA:75,0
DA:78,12
DA:80,2
DA:82,0
DA:83,2
DA:84,2
DA:85,2
DA:89,2
DA:90,0
DA:92,0
DA:94,0
DA:95,2
DA:96,2
DA:97,0
DA:99,2
DA:100,2
DA:101,0
DA:103,0
DA:105,0
DA:107,0
DA:111,0
DA:112,0
DA:117,2
DA:119,0
DA:125,2
DA:128,0
DA:146,2
DA:147,2
DA:148,2
DA:149,0
DA:150,2
DA:151,0
DA:152,0
DA:153,0
DA:155,0
DA:159,0
DA:216,0
LF:78
LH:35
BRDA:16,0,0,0
BRDA:16,0,1,0
BRDA:19,1,0,0
BRDA:19,1,1,0
BRDA:22,2,0,0
BRDA:22,2,1,0
BRDA:29,3,0,0
BRDA:29,3,1,0
BRDA:50,4,0,0
BRDA:50,4,1,0
BRDA:51,5,0,0
BRDA:51,5,1,0
BRDA:59,6,0,2
BRDA:59,6,1,0
BRDA:67,7,0,0
BRDA:67,7,1,0
BRDA:67,8,0,2
BRDA:67,8,1,2
BRDA:74,9,0,0
BRDA:74,9,1,0
BRDA:83,10,0,2
BRDA:83,10,1,0
BRDA:83,10,2,0
BRDA:83,10,3,0
BRDA:85,11,0,2
BRDA:85,11,1,0
BRDA:87,12,0,0
BRDA:87,12,1,0
BRDA:90,13,0,0
BRDA:90,13,1,0
BRDA:90,14,0,0
BRDA:90,14,1,0
BRDA:100,15,0,0
BRDA:100,15,1,0
BRDA:101,16,0,0
BRDA:101,16,1,0
BRDA:103,17,0,0
BRDA:103,17,1,0
BRDA:117,18,0,0
BRDA:117,18,1,0
BRDA:132,19,0,2
BRDA:132,19,1,0
BRDA:132,19,2,0
BRDA:135,20,0,2
BRDA:135,20,1,2
BRDA:136,21,0,2
BRDA:136,21,1,2
BRDA:136,21,2,0
BRDA:140,22,0,2
BRDA:140,22,1,0
BRDA:145,23,0,2
BRDA:145,23,1,0
BRDA:148,24,0,0
BRDA:148,24,1,0
BRDA:150,25,0,0
BRDA:150,25,1,0
BRDA:163,26,0,0
BRDA:163,26,1,0
BRDA:167,27,0,0
BRDA:167,27,1,0
BRDA:171,28,0,0
BRDA:171,28,1,0
BRDA:174,29,0,0
BRDA:174,29,1,0
BRDA:179,30,0,0
BRDA:179,30,1,0
BRDA:188,31,0,2
BRDA:188,31,1,2
BRDA:188,31,2,0
BRDA:202,32,0,0
BRDA:202,32,1,2
BRDA:207,33,0,2
BRDA:207,33,1,0
BRDA:207,33,2,0
BRDA:216,34,0,2
BRDA:216,34,1,0
BRDA:49,35,0,4
BRDA:49,35,1,4
BRDA:50,36,0,0
BRDA:50,36,1,4
BRDA:51,37,0,0
BRDA:51,37,1,0
BRDA:83,38,0,2
BRDA:83,38,1,2
BRDA:83,39,0,2
BRDA:83,39,1,0
BRDA:83,40,0,2
BRDA:83,40,1,2
BRDA:117,41,0,2
BRDA:117,41,1,2
BRDA:135,42,0,2
BRDA:135,42,1,2
BRDA:148,43,0,0
BRDA:148,43,1,0
BRDA:151,44,0,0
BRDA:151,44,1,0
BRDA:15,45,0,0
BRDA:18,46,0,0
BRDA:21,47,0,0
BRDA:28,48,0,0
BRDA:48,49,0,0
BRDA:48,49,1,0
BRDA:69,50,0,0
BRDA:78,51,0,0
BRDA:78,51,1,0
BRDA:78,51,2,0
BRDA:78,51,3,0
BRDA:83,52,0,0
BRDA:83,52,1,0
BRDA:83,53,0,0
BRDA:83,53,1,0
BRDA:95,54,0,0
BRDA:95,54,1,0
BRDA:96,55,0,0
BRDA:97,56,0,0
BRDA:97,56,1,0
BRDA:112,57,0,0
BRDA:112,57,1,0
BRDA:125,58,0,0
BRDA:125,58,1,0
BRDA:125,58,2,0
BRDA:127,59,0,0
BRDA:127,59,1,0
BRDA:146,60,0,2
BRDA:146,60,1,0
BRDA:151,61,0,2
BRDA:151,61,1,0
BRDA:158,62,0,2
BRDA:158,62,1,0
BRDA:169,63,0,2
BRDA:169,63,1,0
BRDA:172,64,0,2
BRDA:172,64,1,0
BRDA:175,65,0,2
BRDA:175,65,1,0
BRDA:202,66,0,0
BRDA:202,66,1,0
BRDA:202,66,2,0
BRF:138
BRH:35
end_of_record
TN:
SF:src/features/goals/actions/ui/DeleteGoalButton.tsx
FN:7,DeleteGoalButton
FN:10,(anonymous_1)
FN:7,DeleteGoalButton
FN:10,(anonymous_1)
FN:7,(anonymous_1)
FNF:5
FNH:3
FNDA:0,DeleteGoalButton
FNDA:0,(anonymous_1)
FNDA:18138,DeleteGoalButton
FNDA:1,(anonymous_1)
FNDA:18138,(anonymous_1)
DA:7,18138
DA:8,18138
DA:10,18138
DA:11,1
DA:12,1
DA:15,0
LF:6
LH:5
BRF:0
BRH:0
end_of_record
TN:
SF:src/features/goals/add/AddGoalDialog.tsx
FN:9,AddGoalDialog
FN:16,(anonymous_1)
FN:9,AddGoalDialog
FN:16,(anonymous_1)
FN:13,(anonymous_1)
FNF:5
FNH:3
FNDA:0,AddGoalDialog
FNDA:0,(anonymous_1)
FNDA:510,AddGoalDialog
FNDA:10,(anonymous_1)
FNDA:510,(anonymous_1)
DA:9,52
DA:10,510
DA:11,510
DA:12,510
DA:13,510
DA:14,510
DA:16,510
DA:17,510
DA:18,510
DA:19,510
DA:20,10
DA:21,510
DA:22,10
DA:23,520
DA:24,10
DA:25,10
DA:28,0
LF:17
LH:16
BRDA:14,0,0,0
BRDA:20,1,0,10
BRDA:20,1,1,0
BRDA:14,2,0,2
BRDA:12,3,0,0
BRDA:18,4,0,0
BRDA:18,4,1,0
BRF:7
BRH:2
end_of_record
TN:
SF:src/features/goals/edit/ui/AddMilestoneForm.tsx
FN:8,AddMilestoneForm
FN:21,(anonymous_1)
FN:28,(anonymous_2)
FN:44,(anonymous_3)
FN:57,(anonymous_4)
FN:8,AddMilestoneForm
FN:21,(anonymous_1)
FN:28,(anonymous_2)
FN:17,(anonymous_1)
FN:26,(anonymous_2)
FN:41,(anonymous_3)
FN:56,(anonymous_4)
FNF:12
FNH:8
FNDA:0,AddMilestoneForm
FNDA:0,(anonymous_1)
FNDA:0,(anonymous_2)
FNDA:21,(anonymous_3)
FNDA:0,(anonymous_4)
FNDA:136,AddMilestoneForm
FNDA:1,(anonymous_1)
FNDA:1,(anonymous_2)
FNDA:136,(anonymous_1)
FNDA:1,(anonymous_2)
FNDA:136,(anonymous_3)
FNDA:136,(anonymous_4)
DA:8,136
DA:11,0
DA:16,0
DA:17,136
DA:18,136
DA:19,136
DA:21,136
DA:22,1
DA:23,1
DA:25,1
DA:26,1
DA:27,1
DA:29,1
DA:30,1
DA:36,0
DA:41,136
DA:44,21
DA:56,136
DA:57,0
LF:19
LH:15
BRDA:23,0,0,0
BRDA:23,0,1,0
BRDA:65,1,0,136
BRDA:65,1,1,44
BRDA:19,2,0,0
BRDA:62,3,0,0
BRDA:62,3,1,0
BRF:7
BRH:2
end_of_record
TN:
SF:src/features/goals/edit/ui/EditGoalButton.tsx
FN:6,EditGoalButton
FN:6,EditGoalButton
FNF:2
FNH:1
FNDA:0,EditGoalButton
FNDA:18174,EditGoalButton
DA:6,18174
DA:7,0
LF:2
LH:1
BRF:0
BRH:0
end_of_record
TN:
SF:src/features/goals/edit/ui/EditGoalDialog.tsx
FN:12,EditGoalDialog
FN:18,(anonymous_1)
FN:58,(anonymous_2)
FN:12,EditGoalDialog
FN:18,(anonymous_1)
FN:14,(anonymous_1)
FNF:6
FNH:4
FNDA:0,EditGoalDialog
FNDA:0,(anonymous_1)
FNDA:1,(anonymous_2)
FNDA:21752,EditGoalDialog
FNDA:2,(anonymous_1)
FNDA:21752,(anonymous_1)
DA:12,21752
DA:13,21752
DA:14,21752
DA:15,21752
DA:16,21752
DA:18,21752
DA:19,2
DA:20,2
DA:21,2
DA:23,2
DA:24,2
DA:27,0
DA:58,1
LF:13
LH:12
BRDA:14,0,0,0
BRDA:14,0,1,0
BRDA:15,1,0,21752
BRDA:15,1,1,21752
BRDA:16,2,0,0
BRDA:14,3,0,21752
BRDA:14,3,1,21752
BRDA:15,4,0,21752
BRDA:15,4,1,0
BRDA:16,5,0,8136
BRDA:12,6,0,0
BRDA:12,6,1,0
BRDA:13,7,0,0
BRF:13
BRH:6
end_of_record
TN:
SF:src/features/goals/edit/ui/MilestoneTimeline.tsx
FN:4,MilestoneTimeline
FN:21,(anonymous_1)
FN:36,formatMilestoneDate
FN:4,MilestoneTimeline
FN:36,formatMilestoneDate
FN:34,formatMilestoneDate
FNF:6
FNH:2
FNDA:0,MilestoneTimeline
FNDA:0,(anonymous_1)
FNDA:0,formatMilestoneDate
FNDA:92,MilestoneTimeline
FNDA:86,formatMilestoneDate
FNDA:0,formatMilestoneDate
DA:4,92
DA:11,92
DA:12,0
DA:15,92
DA:16,0
DA:19,0
DA:22,0
DA:36,0
DA:37,86
DA:38,86
DA:39,86
DA:41,86
DA:42,86
DA:43,0
DA:44,0
DA:45,0
DA:47,0
LF:17
LH:8
BRDA:11,0,0,0
BRDA:11,0,1,0
BRDA:15,1,0,6
BRDA:15,1,1,0
BRDA:41,2,0,86
BRDA:41,2,1,0
BRDA:44,3,0,0
BRDA:44,3,1,0
BRDA:38,4,0,0
BRDA:42,5,0,0
BRF:10
BRH:2
end_of_record
TN:
SF:src/features/lists/manage/api/useArchiveList.ts
FN:3,useArchiveList
FN:6,(anonymous_1)
FN:15,(anonymous_2)
FN:3,useArchiveList
FN:6,(anonymous_1)
FN:15,(anonymous_2)
FNF:6
FNH:4
FNDA:4,useArchiveList
FNDA:2,(anonymous_1)
FNDA:2,(anonymous_2)
FNDA:210,useArchiveList
FNDA:0,(anonymous_1)
FNDA:0,(anonymous_2)
DA:4,214
DA:6,214
DA:7,2
DA:8,2
DA:9,1
DA:11,1
DA:15,214
DA:16,2
DA:17,2
DA:18,1
DA:20,1
DA:24,214
LF:12
LH:12
BRF:0
BRH:0
end_of_record
TN:
SF:src/features/lists/manage/api/useCreateList.ts
FN:3,useCreateList
FN:6,(anonymous_1)
FN:3,useCreateList
FN:6,(anonymous_1)
FNF:4
FNH:3
FNDA:4,useCreateList
FNDA:4,(anonymous_1)
FNDA:1096,useCreateList
FNDA:0,(anonymous_1)
DA:4,552
DA:6,1096
DA:7,548
DA:9,3
DA:10,3
DA:11,2
DA:12,0
DA:13,1
DA:15,0
DA:17,552
LF:10
LH:8
BRDA:6,0,0,0
BRDA:7,1,0,1
BRDA:7,1,1,3
BRDA:10,2,0,3
BRDA:10,2,1,2
BRDA:10,3,0,3
BRDA:10,3,1,3
BRDA:6,4,0,0
BRDA:6,5,0,0
BRDA:6,5,1,0
BRDA:6,6,0,0
BRDA:6,6,1,0
BRDA:10,7,0,3
BRDA:10,7,1,2
BRDA:6,8,0,0
BRDA:10,9,0,0
BRDA:10,9,1,0
BRDA:10,10,0,0
BRDA:10,10,1,0
BRF:19
BRH:8
end_of_record
TN:
SF:src/features/lists/manage/api/useDeleteList.ts
FN:3,useDeleteList
FN:6,(anonymous_1)
FN:3,useDeleteList
FN:6,(anonymous_1)
FNF:4
FNH:3
FNDA:2,useDeleteList
FNDA:2,(anonymous_1)
FNDA:210,useDeleteList
FNDA:0,(anonymous_1)
DA:4,212
DA:6,212
DA:7,2
DA:8,2
DA:9,1
DA:11,1
DA:15,212
LF:7
LH:7
BRF:0
BRH:0
end_of_record
TN:
SF:src/features/lists/manage/api/useUpdateList.ts
FN:3,useUpdateList
FN:6,(anonymous_1)
FN:3,useUpdateList
FN:6,(anonymous_1)
FNF:4
FNH:3
FNDA:4,useUpdateList
FNDA:4,(anonymous_1)
FNDA:548,useUpdateList
FNDA:0,(anonymous_1)
DA:4,552
DA:6,552
DA:7,4
DA:9,3
DA:10,3
DA:11,2
DA:13,1
DA:17,552
LF:8
LH:8
BRDA:7,0,0,1
BRDA:7,0,1,3
BRDA:10,1,0,3
BRDA:10,1,1,2
BRDA:10,2,0,3
BRDA:10,2,1,3
BRDA:10,3,0,3
BRDA:10,3,1,2
BRF:8
BRH:8
end_of_record
TN:
SF:src/features/lists/manage/ui/ListFormDialog.tsx
FN:24,ListFormDialog
FN:40,(anonymous_1)
FN:44,(anonymous_2)
FN:57,(anonymous_3)
FN:64,(anonymous_4)
FN:79,(anonymous_5)
FN:84,(anonymous_6)
FN:107,(anonymous_7)
FN:118,(anonymous_8)
FN:131,(anonymous_9)
FN:24,ListFormDialog
FN:40,(anonymous_1)
FN:44,(anonymous_2)
FN:57,(anonymous_3)
FN:64,(anonymous_4)
FN:79,(anonymous_5)
FN:84,(anonymous_6)
FN:36,(anonymous_1)
FN:40,(anonymous_2)
FN:55,(anonymous_3)
FN:58,(anonymous_4)
FN:73,(anonymous_5)
FN:77,(anonymous_6)
FN:127,(anonymous_9)
FNF:24
FNH:14
FNDA:0,ListFormDialog
FNDA:2590,(anonymous_1)
FNDA:226,(anonymous_2)
FNDA:0,(anonymous_3)
FNDA:0,(anonymous_4)
FNDA:0,(anonymous_5)
FNDA:0,(anonymous_6)
FNDA:0,(anonymous_7)
FNDA:116,(anonymous_8)
FNDA:0,(anonymous_9)
FNDA:548,ListFormDialog
FNDA:2590,(anonymous_1)
FNDA:226,(anonymous_2)
FNDA:1,(anonymous_3)
FNDA:0,(anonymous_4)
FNDA:1,(anonymous_5)
FNDA:0,(anonymous_6)
FNDA:548,(anonymous_1)
FNDA:548,(anonymous_2)
FNDA:548,(anonymous_3)
FNDA:548,(anonymous_4)
FNDA:0,(anonymous_5)
FNDA:548,(anonymous_6)
FNDA:548,(anonymous_9)
DA:24,548
DA:27,0
DA:30,0
DA:31,548
DA:32,1096
DA:33,548
DA:35,548
DA:36,548
DA:37,548
DA:38,548
DA:40,2590
DA:41,548
DA:43,0
DA:44,548
DA:45,226
DA:46,236
DA:47,226
DA:48,226
DA:49,226
DA:50,10
DA:51,10
DA:52,10
DA:53,10
DA:55,548
DA:57,548
DA:58,1
DA:59,2
DA:60,1
DA:61,549
DA:62,0
DA:64,548
DA:65,0
DA:67,0
DA:68,0
DA:69,0
DA:70,0
DA:73,0
DA:74,0
DA:75,0
DA:77,0
DA:79,548
DA:80,549
DA:81,1
DA:84,548
DA:85,0
DA:86,0
DA:90,548
DA:91,548
DA:92,548
DA:94,0
DA:107,0
DA:118,116
DA:127,548
DA:131,0
LF:54
LH:36
BRDA:33,0,0,0
BRDA:40,1,0,516
BRDA:40,1,1,32
BRDA:41,2,0,32
BRDA:41,2,1,516
BRDA:45,3,0,10
BRDA:45,3,1,0
BRDA:46,4,0,10
BRDA:46,4,1,216
BRDA:46,5,0,10
BRDA:46,5,1,8
BRDA:47,6,0,0
BRDA:47,6,1,10
BRDA:47,7,0,10
BRDA:47,7,1,8
BRDA:47,8,0,0
BRDA:47,8,1,0
BRDA:48,9,0,0
BRDA:48,9,1,0
BRDA:48,10,0,10
BRDA:48,10,1,8
BRDA:49,11,0,0
BRDA:49,11,1,0
BRDA:49,12,0,10
BRDA:49,12,1,8
BRDA:49,13,0,0
BRDA:49,13,1,0
BRDA:67,14,0,0
BRDA:67,14,1,0
BRDA:68,15,0,0
BRDA:68,15,1,0
BRDA:69,16,0,0
BRDA:69,16,1,0
BRDA:69,17,0,0
BRDA:69,17,1,0
BRDA:70,18,0,0
BRDA:70,18,1,0
BRDA:73,19,0,0
BRDA:73,19,1,0
BRDA:85,20,0,0
BRDA:85,20,1,0
BRDA:85,21,0,0
BRDA:85,21,1,0
BRDA:90,22,0,32
BRDA:90,22,1,516
BRDA:91,23,0,32
BRDA:91,23,1,516
BRDA:92,24,0,32
BRDA:92,24,1,516
BRDA:148,25,0,548
BRDA:148,25,1,0
BRDA:150,26,0,0
BRDA:150,26,1,548
BRDA:33,27,0,90
BRDA:46,28,0,0
BRDA:46,28,1,10
BRDA:47,29,0,0
BRDA:47,29,1,0
BRDA:48,30,0,0
BRDA:48,30,1,10
BRDA:49,31,0,0
[...]
FNF:8
FNH:5
FNDA:0,SelectTaskCategory
FNDA:1063,(anonymous_1)
FNDA:0,(anonymous_2)
FNDA:0,(anonymous_3)
FNDA:2076,SelectTaskCategory
FNDA:1063,(anonymous_1)
FNDA:2076,(anonymous_1)
FNDA:2076,(anonymous_2)
DA:10,2076
DA:11,2076
DA:12,2076
DA:15,0
DA:16,0
DA:17,0
DA:18,2076
DA:19,1063
DA:20,1063
DA:21,22
DA:23,1063
DA:24,932
DA:26,0
DA:28,0
DA:29,0
DA:35,0
LF:16
LH:9
BRDA:11,0,0,0
BRDA:19,1,0,22
BRDA:19,1,1,0
BRDA:19,2,0,1063
BRDA:19,2,1,131
BRDA:19,2,2,23
BRDA:23,3,0,932
BRDA:23,3,1,0
BRDA:29,4,0,1858
BRDA:29,4,1,218
BRDA:31,5,0,174
BRDA:31,5,1,1902
BRDA:11,6,0,174
BRDA:10,7,0,0
BRDA:16,8,0,0
BRDA:16,9,0,0
BRDA:16,9,1,0
BRDA:16,9,2,0
BRDA:20,10,0,22
BRDA:26,11,0,0
BRDA:26,11,1,0
BRDA:30,12,0,0
BRDA:30,12,1,0
BRF:23
BRH:11
end_of_record
TN:
SF:src/shared/ui/task/StarredToggle.tsx
FN:10,StarredToggle
FN:13,(anonymous_1)
FN:16,(anonymous_2)
FN:10,StarredToggle
FN:15,(anonymous_2)
FNF:5
FNH:2
FNDA:0,StarredToggle
FNDA:0,(anonymous_1)
FNDA:0,(anonymous_2)
FNDA:2058,StarredToggle
FNDA:2058,(anonymous_2)
DA:10,2058
DA:11,0
DA:13,0
DA:15,2058
DA:16,0
LF:5
LH:2
BRDA:13,0,0,0
BRDA:13,0,1,2058
BRDA:18,1,0,0
BRDA:18,1,1,2058
BRDA:13,2,0,0
BRDA:13,2,1,0
BRDA:16,3,0,0
BRDA:16,3,1,0
BRF:8
BRH:2
end_of_record
TN:
SF:src/shared/ui/task/TaskDatePicker.tsx
FN:9,TaskDatePicker
FN:13,(anonymous_1)
FN:9,TaskDatePicker
FN:12,(anonymous_1)
FNF:4
FNH:2
FNDA:0,TaskDatePicker
FNDA:0,(anonymous_1)
FNDA:2058,TaskDatePicker
FNDA:2058,(anonymous_1)
DA:9,2058
DA:10,0
DA:12,2058
DA:13,0
LF:4
LH:2
BRF:0
BRH:0
end_of_record
TN:
SF:src/shared/ui/task/TaskFormFields.tsx
FN:23,TaskFormFields
FN:45,(anonymous_1)
FN:54,(anonymous_2)
FN:55,(anonymous_3)
FN:67,(anonymous_4)
FN:68,(anonymous_5)
FN:80,(anonymous_6)
FN:81,(anonymous_7)
FN:23,TaskFormFields
FN:43,(anonymous_1)
FN:52,(anonymous_2)
FN:53,(anonymous_3)
FN:65,(anonymous_4)
FN:66,(anonymous_5)
FN:78,(anonymous_6)
FN:79,(anonymous_7)
FNF:16
FNH:9
FNDA:0,TaskFormFields
FNDA:660,(anonymous_1)
FNDA:0,(anonymous_2)
FNDA:0,(anonymous_3)
FNDA:0,(anonymous_4)
FNDA:0,(anonymous_5)
FNDA:0,(anonymous_6)
FNDA:0,(anonymous_7)
FNDA:2058,TaskFormFields
FNDA:2058,(anonymous_1)
FNDA:2058,(anonymous_2)
FNDA:2058,(anonymous_3)
FNDA:2058,(anonymous_4)
FNDA:2058,(anonymous_5)
FNDA:2058,(anonymous_6)
FNDA:2058,(anonymous_7)
DA:23,2058
DA:25,0
DA:34,2058
DA:35,2058
DA:36,2058
DA:38,0
DA:43,2058
DA:45,660
DA:52,2058
DA:53,2058
DA:54,0
DA:55,0
DA:65,2058
DA:66,2058
DA:67,0
DA:68,0
DA:78,2058
DA:79,2058
DA:80,0
DA:81,0
LF:20
LH:12
BRDA:34,0,0,4116
BRDA:34,0,1,3984
BRDA:35,1,0,4116
BRDA:35,1,1,3984
BRDA:36,2,0,2058
BRDA:36,2,1,1992
BRDA:50,3,0,2058
BRDA:50,3,1,0
BRDA:50,3,2,0
BRDA:50,3,3,0
BRDA:62,4,0,2058
BRDA:62,4,1,0
BRDA:62,4,2,0
BRDA:62,4,3,0
BRDA:66,5,0,0
BRDA:66,5,1,0
BRDA:75,6,0,2058
BRDA:75,6,1,0
BRDA:75,6,2,0
BRDA:75,6,3,0
BRDA:66,7,0,0
BRDA:66,7,1,0
BRDA:27,8,0,0
BRDA:27,8,1,0
BRDA:64,9,0,2058
BRDA:64,9,1,0
BRF:26
BRH:10
end_of_record
TN:
SF:src/shared/ui/task/TaskMetadataFields.tsx
FN:14,TaskMetadataFields
FN:14,TaskMetadataFields
FNF:2
FNH:1
FNDA:0,TaskMetadataFields
FNDA:2058,TaskMetadataFields
DA:14,2058
DA:15,0
LF:2
LH:1
BRF:0
BRH:0
end_of_record
TN:
SF:src/shared/ui/task/useTaskMetadata.ts
FN:27,useTaskMetadata
FN:33,(anonymous_1)
FN:34,(anonymous_2)
FN:37,(anonymous_3)
FN:27,useTaskMetadata
FN:33,(anonymous_1)
FN:34,(anonymous_2)
FN:37,(anonymous_3)
FNF:8
FNH:7
FNDA:0,useTaskMetadata
FNDA:24,(anonymous_1)
FNDA:24,(anonymous_2)
FNDA:28,(anonymous_3)
FNDA:2420,useTaskMetadata
FNDA:24,(anonymous_1)
FNDA:48,(anonymous_2)
FNDA:28,(anonymous_3)
DA:18,214
DA:28,2420
DA:33,2420
DA:34,48
DA:37,2420
DA:38,28
DA:41,2420
LF:7
LH:7
BRF:0
BRH:0
end_of_record
TN:
SF:src/shared/ui/timeline/DayTimeline.stories.tsx
FN:13,(anonymous_0)
FN:24,todayAt
FN:38,(anonymous_2)
FN:39,(anonymous_3)
FN:75,(anonymous_4)
FN:76,(anonymous_5)
FN:77,(anonymous_6)
FN:78,(anonymous_7)
FN:79,(anonymous_8)
FN:160,(anonymous_9)
FN:161,(anonymous_10)
FN:162,(anonymous_11)
FN:163,(anonymous_12)
FN:164,(anonymous_13)
FN:191,(anonymous_14)
FN:192,(anonymous_15)
FN:193,(anonymous_16)
FN:220,(anonymous_17)
FN:221,(anonymous_18)
FN:222,(anonymous_19)
FN:223,(anonymous_20)
FN:259,(anonymous_21)
FN:260,(anonymous_22)
FN:261,(anonymous_23)
FN:324,(anonymous_24)
FN:325,(anonymous_25)
FN:326,(anonymous_26)
FN:327,(anonymous_27)
FN:328,(anonymous_28)
FN:385,(anonymous_29)
FN:386,(anonymous_30)
FN:387,(anonymous_31)
FN:388,(anonymous_32)
FN:389,(anonymous_33)
FN:463,(anonymous_34)
FN:464,(anonymous_35)
FN:465,(anonymous_36)
FN:466,(anonymous_37)
FN:467,(anonymous_38)
FN:525,(anonymous_39)
FN:526,(anonymous_40)
FN:527,(anonymous_41)
FN:528,(anonymous_42)
FN:529,(anonymous_43)
FNF:44
FNH:0
FNDA:0,(anonymous_0)
FNDA:0,todayAt
FNDA:0,(anonymous_2)
FNDA:0,(anonymous_3)
FNDA:0,(anonymous_4)
FNDA:0,(anonymous_5)
FNDA:0,(anonymous_6)
FNDA:0,(anonymous_7)
FNDA:0,(anonymous_8)
FNDA:0,(anonymous_9)
FNDA:0,(anonymous_10)
FNDA:0,(anonymous_11)
FNDA:0,(anonymous_12)
FNDA:0,(anonymous_13)
FNDA:0,(anonymous_14)
FNDA:0,(anonymous_15)
FNDA:0,(anonymous_16)
FNDA:0,(anonymous_17)
FNDA:0,(anonymous_18)
FNDA:0,(anonymous_19)
FNDA:0,(anonymous_20)
FNDA:0,(anonymous_21)
FNDA:0,(anonymous_22)
FNDA:0,(anonymous_23)
FNDA:0,(anonymous_24)
FNDA:0,(anonymous_25)
FNDA:0,(anonymous_26)
FNDA:0,(anonymous_27)
FNDA:0,(anonymous_28)
FNDA:0,(anonymous_29)
FNDA:0,(anonymous_30)
FNDA:0,(anonymous_31)
FNDA:0,(anonymous_32)
FNDA:0,(anonymous_33)
FNDA:0,(anonymous_34)
FNDA:0,(anonymous_35)
FNDA:0,(anonymous_36)
FNDA:0,(anonymous_37)
FNDA:0,(anonymous_38)
FNDA:0,(anonymous_39)
FNDA:0,(anonymous_40)
FNDA:0,(anonymous_41)
FNDA:0,(anonymous_42)
FNDA:0,(anonymous_43)
DA:5,0
DA:14,0
DA:25,0
DA:26,0
DA:27,0
DA:30,0
DA:34,0
DA:38,0
DA:39,0
DA:43,0
DA:75,0
DA:76,0
DA:77,0
DA:78,0
DA:79,0
DA:83,0
DA:160,0
DA:161,0
DA:162,0
DA:163,0
DA:164,0
DA:168,0
DA:191,0
DA:192,0
DA:193,0
DA:197,0
DA:220,0
DA:221,0
DA:222,0
DA:223,0
DA:227,0
DA:259,0
DA:260,0
DA:261,0
DA:265,0
DA:324,0
DA:325,0
DA:326,0
DA:327,0
DA:328,0
DA:332,0
DA:385,0
DA:386,0
DA:387,0
DA:388,0
DA:389,0
DA:394,0
DA:463,0
DA:464,0
DA:465,0
DA:466,0
DA:467,0
DA:472,0
DA:525,0
DA:526,0
DA:527,0
DA:528,0
DA:529,0
LF:58
LH:0
BRDA:24,0,0,0
BRF:1
BRH:0
end_of_record
TN:
SF:src/shared/ui/timeline/DayTimeline.tsx
FN:28,formatDateHeader
FN:37,computeHourRange
FN:59,timeToMinutesFromStart
FN:64,minutesToTop
FN:68,minutesToHeight
FN:72,formatTimeHHMM
FN:100,blocksVisuallyOverlap
FN:111,assignOverlapColumns
FN:147,(anonymous_8)
FN:186,computeVerticalLayout
FN:193,(anonymous_10)
FN:200,(anonymous_11)
FN:202,(anonymous_12)
FN:256,TimeBlockInlineEditor
FN:274,(anonymous_14)
FN:279,(anonymous_15)
FN:287,(anonymous_16)
FN:292,(anonymous_17)
FN:309,TimeBlock
FN:332,(anonymous_19)
FN:387,(anonymous_20)
FN:398,(anonymous_21)
FN:428,GapBlock
FN:448,(anonymous_23)
FN:460,DayTimeline
FN:472,(anonymous_25)
FN:474,(anonymous_26)
FN:477,(anonymous_27)
FN:512,(anonymous_28)
FN:529,(anonymous_29)
FN:540,(anonymous_30)
FN:547,(anonymous_31)
FN:548,(anonymous_32)
FN:553,(anonymous_33)
FN:28,formatDateHeader
FN:37,computeHourRange
FN:59,timeToMinutesFromStart
FN:64,minutesToTop
FN:68,minutesToHeight
FN:72,formatTimeHHMM
FN:100,blocksVisuallyOverlap
FN:111,assignOverlapColumns
FN:186,computeVerticalLayout
FN:193,(anonymous_10)
FN:256,TimeBlockInlineEditor
FN:309,TimeBlock
FN:332,(anonymous_19)
FN:387,(anonymous_20)
FN:398,(anonymous_21)
FN:428,GapBlock
FN:460,DayTimeline
FN:477,(anonymous_27)
FN:512,(anonymous_28)
FN:13,formatDateHeader
FN:35,computeHourRange
FN:57,timeToMinutesFromStart
FN:62,minutesToTop
FN:66,minutesToHeight
FN:70,formatTimeHHMM
FN:146,(anonymous_8)
FN:184,computeVerticalLayout
FN:192,(anonymous_10)
FN:198,(anonymous_11)
FN:200,(anonymous_12)
FN:273,(anonymous_15)
FN:307,(anonymous_19)
FN:426,(anonymous_23)
FN:523,(anonymous_29)
FNF:68
FNH:33
FNDA:0,formatDateHeader
FNDA:0,computeHourRange
FNDA:0,timeToMinutesFromStart
FNDA:0,minutesToTop
FNDA:0,minutesToHeight
FNDA:0,formatTimeHHMM
FNDA:0,blocksVisuallyOverlap
FNDA:0,assignOverlapColumns
FNDA:126,(anonymous_8)
FNDA:0,computeVerticalLayout
FNDA:14,(anonymous_10)
FNDA:482,(anonymous_11)
FNDA:14,(anonymous_12)
FNDA:0,TimeBlockInlineEditor
FNDA:0,(anonymous_14)
FNDA:0,(anonymous_15)
FNDA:0,(anonymous_16)
FNDA:0,(anonymous_17)
FNDA:0,TimeBlock
FNDA:0,(anonymous_19)
FNDA:0,(anonymous_20)
FNDA:0,(anonymous_21)
FNDA:0,GapBlock
FNDA:0,(anonymous_23)
FNDA:0,DayTimeline
FNDA:22,(anonymous_25)
FNDA:22,(anonymous_26)
FNDA:18,(anonymous_27)
FNDA:0,(anonymous_28)
FNDA:224,(anonymous_29)
FNDA:0,(anonymous_30)
FNDA:14,(anonymous_31)
FNDA:14,(anonymous_32)
FNDA:0,(anonymous_33)
FNDA:8,formatDateHeader
FNDA:8,computeHourRange
FNDA:232,timeToMinutesFromStart
FNDA:124,minutesToTop
FNDA:116,minutesToHeight
FNDA:472,formatTimeHHMM
FNDA:1458,blocksVisuallyOverlap
FNDA:8,assignOverlapColumns
FNDA:8,computeVerticalLayout
FNDA:130,(anonymous_10)
FNDA:0,TimeBlockInlineEditor
FNDA:116,TimeBlock
FNDA:0,(anonymous_19)
FNDA:0,(anonymous_20)
FNDA:0,(anonymous_21)
FNDA:4,GapBlock
FNDA:8,DayTimeline
FNDA:18,(anonymous_27)
FNDA:158,(anonymous_28)
FNDA:14,formatDateHeader
FNDA:14,computeHourRange
FNDA:0,timeToMinutesFromStart
FNDA:0,minutesToTop
FNDA:0,minutesToHeight
FNDA:0,formatTimeHHMM
FNDA:8,(anonymous_8)
FNDA:14,computeVerticalLayout
FNDA:8,(anonymous_10)
FNDA:116,(anonymous_11)
FNDA:8,(anonymous_12)
FNDA:0,(anonymous_15)
FNDA:0,(anonymous_19)
FNDA:0,(anonymous_23)
FNDA:144,(anonymous_29)
DA:7,176
DA:10,176
DA:11,176
DA:12,229
DA:14,53
DA:28,14
DA:29,8
DA:37,14
DA:38,8
DA:40,2
DA:41,4
DA:42,2
DA:44,2
DA:45,116
DA:46,118
DA:47,116
DA:48,2
DA:49,116
DA:51,232
DA:52,116
DA:55,0
DA:56,2
DA:59,0
DA:60,232
DA:61,232
DA:64,0
DA:65,124
DA:68,0
DA:69,116
DA:72,0
DA:73,472
DA:74,472
DA:100,0
DA:101,1458
DA:102,1458
DA:103,1458
DA:111,14
DA:112,8
DA:114,0
DA:115,2
DA:116,2
DA:118,2
DA:119,116
DA:121,2
DA:122,4
DA:123,4
DA:124,4
DA:126,4
DA:127,116
DA:128,116
DA:130,116
DA:131,6728
DA:132,1344
DA:133,224
DA:134,112
DA:137,2
DA:139,4
DA:140,4
DA:144,0
DA:145,2
DA:146,4
DA:147,112
DA:149,2
DA:150,4
DA:152,4
DA:153,116
DA:155,4
DA:156,116
DA:157,116
DA:158,396
DA:159,396
DA:160,416
DA:161,20
DA:162,20
DA:163,20
DA:165,4
DA:167,116
DA:168,116
DA:169,212
DA:170,96
DA:174,2
DA:175,4
DA:176,4
DA:177,116
DA:178,4
DA:179,116
DA:180,84
DA:186,14
DA:190,14
DA:192,8
DA:193,8
DA:194,116
DA:195,116
DA:198,130
DA:200,468
DA:202,130
DA:207,130
DA:210,14
DA:211,22
DA:213,0
DA:214,0
DA:215,22
DA:216,8
DA:217,114
DA:218,128
DA:220,8
DA:221,128
DA:222,110
DA:223,8
DA:225,8
DA:226,8
DA:227,4
DA:228,4
DA:229,4
DA:230,4
DA:231,4
DA:232,4
DA:233,4
DA:235,4
DA:236,4
DA:237,4
DA:239,4
DA:240,4
DA:248,14
DA:253,8
DA:256,212
DA:267,0
DA:268,0
DA:270,0
DA:273,0
DA:274,0
DA:279,0
DA:287,0
DA:292,0
DA:307,0
DA:309,116
DA:324,116
DA:325,116
DA:326,116
DA:327,116
DA:331,116
DA:333,116
DA:334,0
DA:336,116
DA:339,116
DA:340,116
DA:341,116
DA:342,116
DA:345,116
DA:352,0
DA:388,0
DA:389,0
DA:399,0
DA:400,0
DA:426,0
DA:428,81
DA:435,4
DA:437,0
DA:448,0
DA:452,18
DA:458,14
DA:460,224
DA:471,22
DA:472,22
DA:473,22
DA:474,22
DA:475,22
DA:477,22
DA:478,18
DA:479,18
DA:480,94
DA:482,18
DA:485,0
DA:513,368
DA:514,368
DA:515,368
DA:516,368
DA:517,0
DA:523,144
DA:529,224
DA:541,0
DA:547,14
DA:548,14
DA:554,0
LF:184
LH:152
BRDA:38,0,0,6
BRDA:38,0,1,0
BRDA:47,1,0,116
BRDA:47,1,1,0
BRDA:49,2,0,116
BRDA:49,2,1,0
BRDA:51,3,0,8
BRDA:51,3,1,0
BRDA:52,4,0,0
BRDA:52,4,1,0
BRDA:103,5,0,1458
BRDA:103,5,1,1458
BRDA:112,6,0,6
BRDA:112,6,1,0
BRDA:119,7,0,112
BRDA:119,7,1,0
BRDA:131,8,0,5384
BRDA:131,8,1,0
BRDA:132,9,0,112
BRDA:132,9,1,0
BRDA:139,10,0,4
BRDA:139,10,1,0
BRDA:157,11,0,492
BRDA:157,11,1,478
BRDA:158,12,0,20
BRDA:158,12,1,0
BRDA:167,13,0,96
BRDA:167,13,1,0
BRDA:179,14,0,84
BRDA:179,14,1,0
BRDA:195,15,0,116
BRDA:195,15,1,0
BRDA:221,16,0,110
BRDA:221,16,1,0
BRDA:221,17,0,114
BRDA:221,17,1,114
BRDA:221,17,2,114
BRDA:227,18,0,4
BRDA:227,18,1,0
BRDA:239,19,0,4
BRDA:239,19,1,0
BRDA:327,20,0,0
BRDA:327,20,1,116
BRDA:328,21,0,0
BRDA:328,21,1,0
BRDA:339,22,0,116
BRDA:339,22,1,116
BRDA:340,23,0,116
BRDA:340,23,1,0
BRDA:341,24,0,116
BRDA:341,24,1,0
BRDA:342,25,0,116
BRDA:342,25,1,0
BRDA:342,26,0,116
BRDA:342,26,1,0
BRDA:345,27,0,116
BRDA:345,27,1,0
BRDA:358,28,0,116
BRDA:358,28,1,0
BRDA:359,29,0,116
BRDA:359,29,1,0
BRDA:363,30,0,116
BRDA:363,30,1,0
BRDA:366,31,0,116
BRDA:366,31,1,0
BRDA:374,32,0,116
BRDA:374,32,1,0
BRDA:394,33,0,116
BRDA:394,33,1,0
BRDA:408,34,0,116
BRDA:408,34,1,0
BRDA:410,35,0,116
BRDA:410,35,1,0
BRDA:413,36,0,116
BRDA:413,36,1,116
BRDA:413,36,2,0
BRDA:416,37,0,116
BRDA:416,37,1,0
BRDA:419,38,0,0
BRDA:419,38,1,0
BRDA:443,39,0,4
BRDA:443,39,1,0
BRDA:451,40,0,4
BRDA:451,40,1,4
BRDA:451,40,2,0
BRDA:525,41,0,144
BRDA:525,41,1,144
BRDA:525,41,2,0
BRDA:558,42,0,8
BRDA:558,42,1,0
BRDA:157,43,0,492
BRDA:157,43,1,478
BRDA:333,44,0,0
BRDA:333,44,1,0
BRDA:342,45,0,116
BRDA:342,45,1,0
BRDA:448,46,0,0
BRDA:448,46,1,0
BRDA:37,47,0,14
BRDA:46,48,0,0
BRDA:46,48,1,0
BRDA:48,49,0,0
BRDA:48,49,1,0
BRDA:49,50,0,0
BRDA:102,51,0,0
BRDA:102,51,1,0
BRDA:111,52,0,14
BRDA:118,53,0,0
BRDA:130,54,0,0
BRDA:131,55,0,0
BRDA:137,56,0,0
BRDA:156,57,0,0
BRDA:156,57,1,0
BRDA:157,58,0,0
BRDA:165,59,0,0
BRDA:178,60,0,0
BRDA:194,61,0,0
BRDA:194,61,1,0
BRDA:216,62,0,0
BRDA:216,63,0,0
BRDA:216,63,1,0
BRDA:216,63,2,0
BRDA:222,64,0,0
BRDA:233,65,0,4
BRDA:326,66,0,0
BRDA:326,66,1,0
BRDA:327,67,0,0
BRDA:327,67,1,0
BRDA:331,68,0,0
BRDA:331,68,1,0
BRDA:333,69,0,0
BRDA:333,69,1,0
BRDA:336,70,0,0
BRDA:336,70,1,0
BRDA:340,71,0,0
BRDA:340,71,1,0
BRDA:348,72,0,116
BRDA:348,72,1,0
BRDA:370,73,0,0
BRDA:413,74,0,116
BRDA:413,74,1,116
BRDA:309,75,0,0
BRDA:309,75,1,0
BRDA:309,75,2,0
BRDA:546,76,0,14
BRF:145
BRH:58
end_of_record
TN:
SF:src/shared/ui/timeline/TimelineBar.stories.tsx
FN:12,(anonymous_0)
FN:24,todayAt
FN:248,(anonymous_2)
FNF:3
FNH:0
FNDA:0,(anonymous_0)
FNDA:0,todayAt
FNDA:0,(anonymous_2)
DA:4,0
DA:13,0
DA:25,0
DA:26,0
DA:27,0
DA:32,0
DA:48,0
DA:82,0
DA:116,0
DA:186,0
DA:192,0
DA:217,0
DA:248,0
DA:252,0
LF:14
LH:0
BRDA:24,0,0,0
BRF:1
BRH:0
end_of_record
TN:
SF:src/shared/ui/timeline/TimelineBar.tsx
FN:31,formatTime
FN:39,computeLayout
FN:44,(anonymous_2)
FN:50,(anonymous_3)
FN:54,(anonymous_4)
FN:67,(anonymous_5)
FN:126,TimelineBar
FN:127,(anonymous_7)
FN:147,(anonymous_8)
FN:160,(anonymous_9)
FN:174,(anonymous_10)
FN:199,(anonymous_11)
FN:220,(anonymous_12)
FN:221,(anonymous_13)
FN:31,formatTime
FN:39,computeLayout
FN:44,(anonymous_2)
FN:50,(anonymous_3)
FN:67,(anonymous_5)
FN:126,TimelineBar
FN:160,(anonymous_9)
FN:220,(anonymous_12)
FN:221,(anonymous_13)
FN:6,formatTime
FN:37,computeLayout
FN:42,(anonymous_2)
FN:48,(anonymous_3)
FN:52,(anonymous_4)
FN:65,(anonymous_5)
FN:173,(anonymous_10)
FN:198,(anonymous_11)
FNF:31
FNH:17
FNDA:0,formatTime
FNDA:0,computeLayout
FNDA:0,(anonymous_2)
FNDA:0,(anonymous_3)
FNDA:1374,(anonymous_4)
FNDA:0,(anonymous_5)
FNDA:0,TimelineBar
FNDA:60,(anonymous_7)
FNDA:0,(anonymous_8)
FNDA:0,(anonymous_9)
FNDA:0,(anonymous_10)
FNDA:0,(anonymous_11)
FNDA:0,(anonymous_12)
FNDA:0,(anonymous_13)
FNDA:7528,formatTime
FNDA:60,computeLayout
FNDA:1374,(anonymous_2)
FNDA:5526,(anonymous_3)
FNDA:3004,(anonymous_5)
FNDA:94,TimelineBar
FNDA:3774,(anonymous_9)
FNDA:3774,(anonymous_12)
FNDA:2854,(anonymous_13)
FNDA:0,formatTime
FNDA:0,computeLayout
FNDA:60,(anonymous_2)
FNDA:60,(anonymous_3)
FNDA:60,(anonymous_4)
FNDA:60,(anonymous_5)
FNDA:3774,(anonymous_10)
FNDA:3774,(anonymous_11)
DA:31,0
DA:32,7528
DA:39,0
DA:40,60
DA:42,24
DA:44,1374
DA:48,0
DA:50,5526
DA:52,24
DA:53,24
DA:54,1374
DA:58,24
DA:59,24
DA:60,24
DA:62,24
DA:64,24
DA:65,24
DA:67,24
DA:68,3004
DA:70,0
DA:71,24
DA:72,24
DA:73,256
DA:74,256
DA:75,256
DA:76,256
DA:77,208
DA:78,208
DA:79,0
DA:89,24
DA:90,24
DA:92,24
DA:93,1374
DA:94,1374
DA:96,24
DA:97,1374
DA:98,1374
DA:99,1374
DA:100,1374
DA:101,188
DA:111,24
DA:113,1374
DA:118,24
DA:120,1374
DA:121,0
DA:123,24
DA:126,106
DA:127,94
DA:129,94
DA:130,0
DA:143,0
DA:148,0
DA:159,58
DA:160,58
DA:161,3774
DA:162,456
DA:163,456
DA:164,456
DA:165,0
DA:173,456
DA:174,0
DA:178,58
DA:180,3318
DA:181,3318
DA:182,3318
DA:183,3318
DA:187,0
DA:198,3318
DA:199,0
DA:218,58
DA:220,3774
DA:222,2854
DA:223,0
LF:73
LH:59
BRDA:40,0,0,36
BRDA:40,0,1,0
BRDA:47,1,0,1370
BRDA:47,1,1,4
BRDA:54,2,0,0
BRDA:54,2,1,0
BRDA:62,3,0,0
BRDA:62,3,1,0
BRDA:76,4,0,48
BRDA:76,4,1,0
BRDA:76,5,0,256
BRDA:76,5,1,232
BRDA:97,6,0,188
BRDA:97,6,1,0
BRDA:129,7,0,36
BRDA:129,7,1,0
BRDA:161,8,0,456
BRDA:161,8,1,0
BRDA:171,9,0,456
BRDA:171,9,1,456
BRDA:183,10,0,20
BRDA:183,10,1,3298
BRDA:184,11,0,20
BRDA:184,11,1,20
BRDA:196,12,0,3318
BRDA:196,12,1,20
BRDA:200,13,0,20
BRDA:200,13,1,3298
BRDA:207,14,0,3318
BRDA:207,14,1,0
BRDA:220,15,0,3774
BRDA:220,15,1,3318
BRDA:54,16,0,294
BRDA:54,16,1,1080
BRDA:174,17,0,0
BRDA:174,17,1,0
BRDA:199,18,0,0
BRDA:199,18,1,0
BRDA:39,19,0,0
BRDA:46,20,0,0
BRDA:46,20,1,0
BRDA:52,21,0,0
BRDA:52,21,1,0
BRDA:60,22,0,0
BRDA:75,23,0,0
BRDA:75,24,0,0
BRDA:75,24,1,0
BRDA:96,25,0,0
BRDA:164,26,0,456
BRDA:164,26,1,3318
BRDA:180,27,0,0
BRDA:180,27,1,0
BRDA:185,28,0,0
BRDA:185,28,1,0
BRDA:198,29,0,0
BRDA:198,29,1,0
BRF:56
BRH:26
end_of_record
TN:
SF:src/shared/ui/timer/StartTimerButton.stories.tsx
FN:37,(anonymous_0)
FN:52,(anonymous_1)
FNF:2
FNH:0
FNDA:0,(anonymous_0)
FNDA:0,(anonymous_1)
DA:4,0
DA:16,0
DA:22,0
DA:28,0
DA:35,0
DA:38,0
DA:50,0
DA:53,0
LF:8
LH:0
BRF:0
BRH:0
end_of_record
TN:
SF:src/shared/ui/timer/StartTimerButton.tsx
FN:11,StartTimerButton
FN:11,StartTimerButton
FNF:2
FNH:1
FNDA:0,StartTimerButton
FNDA:82612,StartTimerButton
DA:11,82612
DA:12,0
LF:2
LH:1
BRDA:11,0,0,0
BRDA:11,1,0,0
BRDA:22,2,0,16
BRDA:22,2,1,82596
BRDA:27,3,0,16
BRDA:27,3,1,82596
BRDA:29,4,0,0
BRDA:29,4,1,0
BRDA:11,5,0,0
BRDA:11,6,0,0
BRDA:29,7,0,16
BRDA:11,8,0,0
BRDA:16,9,0,0
BRDA:16,9,1,0
BRDA:18,10,0,0
BRDA:18,10,1,0
BRF:16
BRH:5
end_of_record
TN:
SF:src/shared/ui/timer/TimeSpentBadge.stories.tsx
FNF:0
FNH:0
DA:4,0
DA:16,0
DA:23,0
DA:30,0
DA:37,0
DA:44,0
DA:51,0
DA:58,0
LF:8
LH:0
BRF:0
BRH:0
end_of_record
TN:
SF:src/shared/ui/timer/TimeSpentBadge.tsx
FN:12,TimeSpentBadge
FN:12,TimeSpentBadge
FNF:2
FNH:1
FNDA:0,TimeSpentBadge
FNDA:31732,TimeSpentBadge
DA:12,31732
DA:13,31732
DA:15,31732
DA:16,31732
DA:18,31732
DA:20,0
LF:6
LH:5
BRDA:13,0,0,0
BRDA:13,0,1,0
BRDA:16,1,0,0
BRDA:16,1,1,31732
BRDA:18,2,0,0
BRDA:18,2,1,31732
BRDA:26,3,0,0
BRDA:26,3,1,31732
BRDA:33,4,0,31732
BRDA:33,4,1,0
BRDA:12,5,0,0
BRDA:15,6,0,0
BRDA:15,6,1,0
BRDA:16,7,0,0
BRDA:16,7,1,0
BRDA:23,8,0,0
BRDA:23,8,1,0
BRDA:32,9,0,0
BRF:18
BRH:4
end_of_record
TN:
SF:src/shared/ui/timer/TimerBar.stories.tsx
FN:11,(anonymous_0)
FNF:1
FNH:0
FNDA:0,(anonymous_0)
DA:4,0
DA:12,0
DA:23,0
DA:32,0
DA:42,0
DA:51,0
DA:61,0
DA:71,0
DA:82,0
LF:9
LH:0
BRF:0
BRH:0
end_of_record
TN:
SF:src/shared/ui/timer/TimerBar.tsx
FN:25,TimerBar
FN:64,(anonymous_1)
FN:65,(anonymous_2)
FN:81,(anonymous_3)
FN:82,(anonymous_4)
FN:25,TimerBar
FN:63,(anonymous_1)
FN:64,(anonymous_2)
FN:80,(anonymous_3)
FN:81,(anonymous_4)
FNF:10
FNH:5
FNDA:0,TimerBar
FNDA:0,(anonymous_1)
FNDA:0,(anonymous_2)
FNDA:0,(anonymous_3)
FNDA:0,(anonymous_4)
FNDA:28,TimerBar
FNDA:28,(anonymous_1)
FNDA:28,(anonymous_2)
FNDA:28,(anonymous_3)
FNDA:28,(anonymous_4)
DA:25,52
DA:41,0
DA:63,28
DA:64,28
DA:65,0
DA:80,28
DA:81,28
DA:82,0
LF:8
LH:5
BRDA:30,0,0,0
BRDA:31,1,0,0
BRDA:47,2,0,20
BRDA:47,2,1,8
BRDA:55,3,0,20
BRDA:55,3,1,8
BRDA:68,4,0,28
BRDA:68,4,1,20
BRDA:72,5,0,20
BRDA:72,5,1,8
BRDA:73,6,0,0
BRDA:73,6,1,0
BRDA:80,7,0,8
BRDA:80,7,1,8
BRDA:90,8,0,28
BRDA:90,8,1,20
BRDA:101,9,0,28
BRDA:101,9,1,0
BRDA:102,10,0,0
BRDA:102,10,1,0
BRDA:106,11,0,28
BRDA:106,11,1,0
BRDA:109,12,0,0
BRDA:109,12,1,0
BRDA:115,13,0,28
BRDA:115,13,1,0
BRDA:123,14,0,0
BRDA:123,14,1,0
BRDA:152,15,0,20
BRDA:152,15,1,8
BRDA:30,16,0,0
BRDA:31,17,0,0
BRDA:64,18,0,0
BRDA:64,18,1,0
BRDA:65,19,0,0
BRDA:65,19,1,0
BRDA:74,20,0,20
BRDA:81,21,0,0
BRDA:81,21,1,0
BRDA:82,22,0,0
BRDA:82,22,1,0
BRDA:124,23,0,20
BRDA:40,24,0,0
BRDA:43,25,0,0
BRDA:43,25,1,0
BRDA:55,26,0,0
BRDA:55,26,1,0
BRDA:72,27,0,0
BRDA:72,27,1,0
BRDA:79,28,0,20
BRDA:79,28,1,8
BRDA:87,29,0,0
BRDA:87,29,1,0
BRDA:101,30,0,28
BRDA:101,30,1,0
BRDA:107,31,0,28
BRDA:107,31,1,0
BRDA:149,32,0,0
BRDA:149,32,1,0
BRF:59
BRH:23
end_of_record
