TN:
SF:src/middleware.ts
FN:6,middleware
FN:9,(anonymous_1)
FNF:2
FNH:0
FNDA:0,middleware
FNDA:0,(anonymous_1)
DA:4,0
DA:7,0
DA:9,0
DA:10,0
DA:13,0
DA:18,0
DA:22,0
DA:25,0
DA:26,0
DA:27,0
DA:30,0
DA:33,0
LF:12
LH:0
BRDA:9,0,0,0
BRDA:9,0,1,0
BRDA:13,1,0,0
BRDA:13,1,1,0
BRDA:14,2,0,0
BRDA:14,2,1,0
BRDA:14,2,2,0
BRDA:22,3,0,0
BRDA:22,3,1,0
BRDA:25,4,0,0
BRDA:25,4,1,0
BRF:11
BRH:0
end_of_record
TN:
SF:src/_pages/calendar-day/ui/CalendarDayPage.tsx
FN:14,CalendarDayPage
FN:15,(anonymous_1)
FN:28,(anonymous_2)
FN:33,(anonymous_3)
FN:37,(anonymous_4)
FN:38,(anonymous_5)
FN:41,(anonymous_6)
FN:42,(anonymous_7)
FN:46,(anonymous_8)
FN:58,(anonymous_9)
FN:64,(anonymous_10)
FN:70,(anonymous_11)
FN:14,CalendarDayPage
FN:15,(anonymous_1)
FN:37,(anonymous_4)
FN:38,(anonymous_5)
FN:41,(anonymous_6)
FN:42,(anonymous_7)
FN:46,(anonymous_8)
FN:58,(anonymous_9)
FN:64,(anonymous_10)
FN:70,(anonymous_11)
FN:24,(anonymous_2)
FN:29,(anonymous_3)
FN:34,(anonymous_4)
FN:34,(anonymous_5)
FN:38,(anonymous_6)
FN:39,(anonymous_7)
FN:42,(anonymous_8)
FN:54,(anonymous_9)
FN:61,(anonymous_10)
FN:66,(anonymous_11)
FNF:32
FNH:27
FNDA:0,CalendarDayPage
FNDA:0,(anonymous_1)
FNDA:31,(anonymous_2)
FNDA:31,(anonymous_3)
FNDA:20,(anonymous_4)
FNDA:20,(anonymous_5)
FNDA:20,(anonymous_6)
FNDA:20,(anonymous_7)
FNDA:0,(anonymous_8)
FNDA:0,(anonymous_9)
FNDA:20,(anonymous_10)
FNDA:0,(anonymous_11)
FNDA:36,CalendarDayPage
FNDA:22,(anonymous_1)
FNDA:20,(anonymous_4)
FNDA:20,(anonymous_5)
FNDA:20,(anonymous_6)
FNDA:20,(anonymous_7)
FNDA:20,(anonymous_8)
FNDA:20,(anonymous_9)
FNDA:20,(anonymous_10)
FNDA:20,(anonymous_11)
FNDA:28,(anonymous_2)
FNDA:28,(anonymous_3)
FNDA:8,(anonymous_4)
FNDA:8,(anonymous_5)
FNDA:8,(anonymous_6)
FNDA:8,(anonymous_7)
FNDA:8,(anonymous_8)
FNDA:8,(anonymous_9)
FNDA:8,(anonymous_10)
FNDA:8,(anonymous_11)
DA:14,41
DA:15,36
DA:16,28
DA:17,20
DA:19,20
DA:20,20
DA:21,20
DA:22,28
DA:23,28
DA:24,48
DA:25,28
DA:27,8
DA:28,31
DA:29,28
DA:32,8
DA:33,31
DA:34,20
DA:37,8
DA:38,20
DA:39,0
DA:41,8
DA:42,20
DA:43,0
DA:45,8
DA:47,0
DA:48,20
DA:54,20
DA:57,8
DA:59,20
DA:61,20
DA:64,8
DA:65,0
DA:66,20
DA:67,0
DA:69,8
DA:71,8
DA:72,20
DA:73,8
DA:74,0
DA:75,20
DA:78,0
DA:80,20
DA:85,0
LF:43
LH:35
BRDA:19,0,0,0
BRDA:20,1,0,0
BRDA:21,2,0,0
BRDA:19,3,0,2
BRDA:20,4,0,4
BRDA:21,5,0,6
BRDA:16,6,0,20
BRDA:17,7,0,20
BRDA:19,8,0,22
BRF:9
BRH:6
end_of_record
TN:
SF:src/_pages/tasks-todo/api/useGoalsLoader.tsx
FN:3,useGoalsLoader
FN:3,useGoalsLoader
FN:1,useGoalsLoader
FNF:3
FNH:1
FNDA:0,useGoalsLoader
FNDA:1674,useGoalsLoader
FNDA:0,useGoalsLoader
DA:3,0
DA:4,1674
DA:5,1664
LF:3
LH:2
BRDA:4,0,0,0
BRDA:4,1,0,414
BRDA:3,2,0,0
BRF:3
BRH:1
end_of_record
TN:
SF:src/_pages/tasks-todo/api/useTasksLoader.tsx
FN:3,useTasksLoader
FN:3,useTasksLoader
FN:1,useTasksLoader
FNF:3
FNH:1
FNDA:0,useTasksLoader
FNDA:3224,useTasksLoader
FNDA:0,useTasksLoader
DA:3,0
DA:4,3224
DA:6,3170
LF:3
LH:2
BRDA:4,0,0,0
BRDA:4,1,0,650
BRDA:3,2,0,0
BRF:3
BRH:1
end_of_record
TN:
SF:src/_pages/tasks-todo/model/groupTasks.tsx
FN:18,groupTasksByList
FN:27,(anonymous_1)
FN:34,(anonymous_2)
FN:35,(anonymous_3)
FN:53,(anonymous_4)
FN:62,useGroupedTasksByList
FN:18,groupTasksByList
FN:27,(anonymous_1)
FN:34,(anonymous_2)
FN:35,(anonymous_3)
FN:53,(anonymous_4)
FN:62,useGroupedTasksByList
FN:17,groupTasksByList
FN:24,(anonymous_1)
FN:31,(anonymous_2)
FN:34,(anonymous_3)
FN:48,(anonymous_4)
FN:55,useGroupedTasksByList
FNF:18
FNH:16
FNDA:13,groupTasksByList
FNDA:16652,(anonymous_1)
FNDA:23,(anonymous_2)
FNDA:17,(anonymous_3)
FNDA:24,(anonymous_4)
FNDA:0,useGroupedTasksByList
FNDA:1698,groupTasksByList
FNDA:16624,(anonymous_1)
FNDA:24728,(anonymous_2)
FNDA:410,(anonymous_3)
FNDA:1512,(anonymous_4)
FNDA:1698,useGroupedTasksByList
FNDA:0,groupTasksByList
FNDA:1698,(anonymous_1)
FNDA:1698,(anonymous_2)
FNDA:1698,(anonymous_3)
FNDA:1698,(anonymous_4)
FNDA:1698,useGroupedTasksByList
DA:18,0
DA:22,1698
DA:24,1711
DA:26,0
DA:27,1711
DA:28,16652
DA:29,16652
DA:30,16652
DA:31,0
DA:34,24728
DA:35,1711
DA:36,1698
DA:37,3806
DA:40,427
DA:41,7
DA:42,413
DA:43,3396
DA:45,1698
DA:46,1698
DA:47,422
DA:48,44
DA:49,44
DA:50,43
DA:53,1711
DA:56,1512
DA:57,1698
DA:64,1698
DA:66,1698
DA:67,1698
DA:68,1698
LF:30
LH:27
BRDA:22,0,0,9
BRDA:28,1,0,1536
BRDA:28,1,1,4
BRDA:36,2,0,427
BRDA:36,2,1,410
BRDA:37,3,0,427
BRDA:37,3,1,410
BRDA:40,4,0,7
BRDA:40,4,1,10
BRDA:41,5,0,4
BRDA:41,5,1,3
BRDA:42,6,0,1
BRDA:42,6,1,2
BRDA:47,7,0,378
BRDA:47,7,1,2
BRDA:47,8,0,422
BRDA:47,8,1,378
BRDA:48,9,0,0
BRDA:48,9,1,2
BRDA:49,10,0,1
BRDA:49,10,1,1
BRDA:55,11,0,1536
BRDA:55,11,1,1513
BRDA:64,12,0,0
BRDA:66,13,0,0
BRDA:22,14,0,1698
BRDA:22,14,1,1698
BRDA:36,15,0,368
BRDA:36,15,1,42
BRDA:37,16,0,0
BRDA:55,17,0,1360
BRDA:55,17,1,152
BRDA:64,18,0,1698
BRDA:64,18,1,1698
BRDA:66,19,0,574
BRDA:17,20,0,0
BRDA:26,21,0,0
BRDA:34,22,0,0
BRDA:34,22,1,0
BRDA:35,23,0,0
BRDA:35,23,1,0
BRDA:36,24,0,0
BRDA:37,25,0,0
BRDA:42,26,0,0
BRDA:42,26,1,0
BRDA:43,27,0,0
BRDA:45,28,0,0
BRDA:50,29,0,0
BRDA:50,29,1,0
BRDA:55,30,0,1512
BRDA:56,31,0,0
BRF:51
BRH:32
end_of_record
TN:
SF:src/_pages/tasks-todo/model/sortTasks.tsx
FN:6,useSortedTasks
FN:7,(anonymous_1)
FN:24,sortTasksByDateWithManualOrder
FN:25,(anonymous_3)
FN:34,sortBlockerTasksBottomWithManualOrder
FN:35,(anonymous_5)
FN:44,sortByManualOrder
FN:45,(anonymous_7)
FN:48,unixTime
FN:6,useSortedTasks
FN:24,sortTasksByDateWithManualOrder
FN:25,(anonymous_4)
FN:34,sortBlockerTasksBottomWithManualOrder
FN:35,(anonymous_6)
FN:44,sortByManualOrder
FN:45,(anonymous_8)
FN:48,unixTime
FN:4,useSortedTasks
FN:6,(anonymous_1)
FN:21,sortTasksByDateWithManualOrder
FN:7,(anonymous_3)
FN:25,sortBlockerTasksBottomWithManualOrder
FN:28,(anonymous_5)
FN:35,sortByManualOrder
FN:38,(anonymous_7)
FN:40,unixTime
FNF:26
FNH:19
FNDA:0,useSortedTasks
FNDA:7501,(anonymous_1)
FNDA:6,sortTasksByDateWithManualOrder
FNDA:16,(anonymous_3)
FNDA:7,sortBlockerTasksBottomWithManualOrder
FNDA:16,(anonymous_5)
FNDA:5,sortByManualOrder
FNDA:9,(anonymous_7)
FNDA:32,unixTime
FNDA:2944,useSortedTasks
FNDA:40,sortTasksByDateWithManualOrder
FNDA:12,(anonymous_4)
FNDA:124,sortBlockerTasksBottomWithManualOrder
FNDA:94,(anonymous_6)
FNDA:2780,sortByManualOrder
FNDA:28838,(anonymous_8)
FNDA:24,unixTime
FNDA:0,useSortedTasks
FNDA:2944,(anonymous_1)
FNDA:0,sortTasksByDateWithManualOrder
FNDA:0,(anonymous_3)
FNDA:0,sortBlockerTasksBottomWithManualOrder
FNDA:0,(anonymous_5)
FNDA:94,sortByManualOrder
FNDA:110,(anonymous_7)
FNDA:0,unixTime
DA:6,0
DA:7,7501
DA:8,3052
DA:10,0
DA:11,2944
DA:13,2944
DA:15,2984
DA:17,124
DA:19,2780
DA:23,0
DA:25,46
DA:26,28
DA:27,28
DA:29,40
DA:30,0
DA:33,0
DA:35,131
DA:36,124
DA:37,110
DA:38,124
DA:39,107
DA:41,0
DA:45,28838
DA:49,56
LF:24
LH:18
BRDA:11,0,0,0
BRDA:11,0,1,2944
BRDA:11,1,0,2944
BRDA:11,1,1,0
BRDA:13,2,0,40
BRDA:13,2,1,124
BRDA:13,2,2,2780
BRDA:27,3,0,10
BRDA:27,3,1,6
BRDA:29,4,0,18
BRDA:29,4,1,13
BRDA:29,5,0,6
BRDA:29,5,1,0
BRDA:37,6,0,3
BRDA:37,6,1,13
BRDA:39,7,0,107
BRDA:39,7,1,94
BRDA:39,8,0,13
BRDA:39,8,1,0
BRDA:45,9,0,28847
BRDA:45,9,1,28839
BRDA:45,10,0,9
BRDA:45,10,1,2
BRDA:49,11,0,55
BRDA:49,11,1,1
BRDA:11,12,0,2944
BRDA:11,12,1,0
BRDA:29,13,0,18
BRDA:29,13,1,13
BRDA:29,14,0,12
BRDA:29,14,1,12
BRDA:39,15,0,107
BRDA:39,15,1,94
BRDA:39,16,0,94
BRDA:39,16,1,94
BRDA:45,17,0,28847
BRDA:45,17,1,28839
BRDA:45,18,0,28838
BRDA:45,18,1,28838
BRDA:8,19,0,0
BRDA:8,19,1,0
BRDA:8,20,0,0
BRDA:8,20,1,0
BRDA:10,21,0,0
BRDA:10,21,1,0
BRDA:10,21,2,0
BRDA:23,22,0,0
BRDA:23,22,1,0
BRDA:30,23,0,0
BRDA:33,24,0,0
BRDA:33,24,1,0
BRDA:38,25,0,0
BRDA:38,25,1,0
BRDA:41,26,0,0
BRDA:41,26,1,0
BRF:55
BRH:34
end_of_record
TN:
SF:src/_pages/tasks-todo/ui/ErrorState.tsx
FN:1,ErrorState
FN:1,ErrorState
FNF:2
FNH:0
FNDA:0,ErrorState
FNDA:0,ErrorState
DA:1,113
DA:2,0
DA:3,0
LF:3
LH:1
BRDA:2,0,0,0
BRDA:2,0,1,0
BRDA:2,1,0,0
BRDA:2,1,1,0
BRDA:1,2,0,0
BRDA:1,2,1,0
BRF:6
BRH:0
end_of_record
TN:
SF:src/_pages/tasks-todo/ui/Goals.tsx
FN:8,Goals
FN:36,(anonymous_1)
FN:8,Goals
FNF:3
FNH:1
FNDA:0,Goals
FNDA:0,(anonymous_1)
FNDA:1674,Goals
DA:8,113
DA:9,1674
DA:11,1664
DA:12,0
DA:24,1664
DA:25,0
DA:32,0
DA:37,0
LF:8
LH:4
BRDA:11,0,0,0
BRDA:11,0,1,0
BRDA:17,1,0,0
BRDA:17,1,1,0
BRDA:24,2,0,414
BRDA:24,2,1,0
BRDA:24,3,0,1664
BRDA:24,3,1,414
BRDA:17,4,0,0
BRDA:17,4,1,0
BRDA:17,5,0,0
BRDA:17,5,1,1664
BRF:12
BRH:4
end_of_record
TN:
SF:src/_pages/tasks-todo/ui/LastSelectedTaskHeader.tsx
FN:10,LastSelectedTaskHeader
FN:14,(anonymous_1)
FN:10,LastSelectedTaskHeader
FN:14,(anonymous_1)
FNF:4
FNH:2
FNDA:0,LastSelectedTaskHeader
FNDA:0,(anonymous_1)
FNDA:1716,LastSelectedTaskHeader
FNDA:30120,(anonymous_1)
DA:10,1716
DA:11,1716
DA:12,1716
DA:14,30120
DA:16,1716
DA:18,0
LF:6
LH:5
BRDA:16,0,0,1564
BRDA:16,0,1,0
BRDA:11,1,0,0
BRF:3
BRH:1
end_of_record
TN:
SF:src/_pages/tasks-todo/ui/Section.tsx
FN:8,ContentSection
FN:8,ContentSection
FNF:2
FNH:1
FNDA:0,ContentSection
FNDA:1664,ContentSection
DA:8,1664
DA:9,0
LF:2
LH:1
BRF:0
BRH:0
end_of_record
TN:
SF:src/_pages/tasks-todo/ui/TaskActions.tsx
FN:12,TaskActions
FN:19,(anonymous_1)
FN:23,(anonymous_2)
FN:24,(anonymous_3)
FN:32,(anonymous_4)
FN:38,(anonymous_5)
FN:43,(anonymous_6)
FN:66,ResetSelectedButton
FN:70,(anonymous_8)
FN:71,(anonymous_9)
FN:12,TaskActions
FN:23,(anonymous_2)
FN:24,(anonymous_3)
FN:32,(anonymous_4)
FN:38,(anonymous_5)
FN:43,(anonymous_6)
FN:66,ResetSelectedButton
FN:70,(anonymous_9)
FN:16,(anonymous_1)
FN:19,(anonymous_2)
FN:21,(anonymous_3)
FN:28,(anonymous_4)
FN:13,(anonymous_9)
FNF:23
FNH:7
FNDA:0,TaskActions
FNDA:14316,(anonymous_1)
FNDA:0,(anonymous_2)
FNDA:0,(anonymous_3)
FNDA:0,(anonymous_4)
FNDA:0,(anonymous_5)
FNDA:0,(anonymous_6)
FNDA:0,ResetSelectedButton
FNDA:0,(anonymous_8)
FNDA:0,(anonymous_9)
FNDA:1246,TaskActions
FNDA:0,(anonymous_2)
FNDA:0,(anonymous_3)
FNDA:0,(anonymous_4)
FNDA:0,(anonymous_5)
FNDA:0,(anonymous_6)
FNDA:24,ResetSelectedButton
FNDA:0,(anonymous_9)
FNDA:1246,(anonymous_1)
FNDA:1246,(anonymous_2)
FNDA:1246,(anonymous_3)
FNDA:0,(anonymous_4)
FNDA:108,(anonymous_9)
DA:12,226
DA:13,1462
DA:14,1246
DA:16,1246
DA:17,1246
DA:19,14316
DA:21,1246
DA:23,1246
DA:24,1246
DA:26,0
DA:27,0
DA:28,0
DA:31,0
DA:32,0
DA:36,0
DA:39,0
DA:44,0
DA:50,0
DA:64,0
DA:66,113
DA:67,24
DA:68,24
DA:70,24
DA:71,0
DA:73,0
DA:74,0
DA:75,0
DA:79,0
LF:28
LH:13
BRDA:14,0,0,0
BRDA:19,1,0,14316
BRDA:19,1,1,24
BRDA:21,2,0,1246
BRDA:21,2,1,1222
BRDA:26,3,0,0
BRDA:26,3,1,0
BRDA:52,4,0,1246
BRDA:52,4,1,0
BRDA:59,5,0,0
BRDA:59,5,1,0
BRDA:59,5,2,0
BRDA:67,6,0,0
BRDA:71,7,0,0
BRDA:71,7,1,0
BRDA:14,8,0,218
BRDA:19,9,0,14316
BRDA:19,9,1,24
BRDA:59,10,0,930
BRDA:59,10,1,24
BRDA:67,11,0,0
BRDA:71,12,0,0
BRDA:71,12,1,0
BRDA:16,13,0,0
BRDA:16,13,1,0
BRDA:17,14,0,0
BRDA:17,14,1,0
BRDA:23,15,0,0
BRDA:48,16,0,0
BRDA:64,17,0,0
BRDA:13,18,0,0
BRDA:13,18,1,0
BRF:32
BRH:10
end_of_record
TN:
SF:src/_pages/tasks-todo/ui/TaskWithActions.tsx
FN:9,TaskWithActions
FN:9,TaskWithActions
FNF:2
FNH:1
FNDA:0,TaskWithActions
FNDA:20854,TaskWithActions
DA:9,20854
DA:11,0
DA:18,20800
DA:20,20800
DA:25,0
LF:5
LH:3
BRF:0
BRH:0
end_of_record
TN:
SF:src/_pages/tasks-todo/ui/Tasks.tsx
FN:30,Tasks
FN:49,(anonymous_1)
FN:55,(anonymous_2)
FN:74,(anonymous_3)
FN:77,(anonymous_4)
FN:85,(anonymous_5)
FN:99,(anonymous_6)
FN:100,(anonymous_7)
FN:104,(anonymous_8)
FN:105,(anonymous_9)
FN:114,(anonymous_10)
FN:115,(anonymous_11)
FN:141,(anonymous_12)
FN:172,(anonymous_13)
FN:176,(anonymous_14)
FN:180,(anonymous_15)
FN:30,Tasks
FN:49,(anonymous_1)
FN:55,(anonymous_2)
FN:74,(anonymous_3)
FN:77,(anonymous_4)
FN:85,(anonymous_5)
FN:100,(anonymous_7)
FN:105,(anonymous_9)
FN:114,(anonymous_10)
FN:115,(anonymous_11)
FN:43,(anonymous_1)
FN:48,(anonymous_2)
FN:67,(anonymous_3)
FN:70,(anonymous_4)
FN:79,(anonymous_5)
FN:92,(anonymous_6)
FN:95,(anonymous_8)
FN:108,(anonymous_10)
FN:109,(anonymous_11)
FN:134,(anonymous_12)
FNF:36
FNH:15
FNDA:0,Tasks
FNDA:330,(anonymous_1)
FNDA:227,(anonymous_2)
FNDA:0,(anonymous_3)
FNDA:0,(anonymous_4)
FNDA:0,(anonymous_5)
FNDA:0,(anonymous_6)
FNDA:1752,(anonymous_7)
FNDA:0,(anonymous_8)
FNDA:1752,(anonymous_9)
FNDA:1752,(anonymous_10)
FNDA:1752,(anonymous_11)
FNDA:0,(anonymous_12)
FNDA:0,(anonymous_13)
FNDA:16624,(anonymous_14)
FNDA:0,(anonymous_15)
FNDA:1752,Tasks
FNDA:330,(anonymous_1)
FNDA:227,(anonymous_2)
FNDA:0,(anonymous_3)
FNDA:0,(anonymous_4)
FNDA:0,(anonymous_5)
FNDA:0,(anonymous_7)
FNDA:0,(anonymous_9)
FNDA:0,(anonymous_10)
FNDA:0,(anonymous_11)
FNDA:1752,(anonymous_1)
FNDA:1752,(anonymous_2)
FNDA:1752,(anonymous_3)
FNDA:1752,(anonymous_4)
FNDA:1752,(anonymous_5)
FNDA:0,(anonymous_6)
FNDA:0,(anonymous_8)
FNDA:0,(anonymous_10)
FNDA:0,(anonymous_11)
FNDA:0,(anonymous_12)
DA:30,113
DA:31,1752
DA:32,1698
DA:33,1698
DA:34,1698
DA:35,1698
DA:36,1698
DA:37,1698
DA:39,1698
DA:40,1698
DA:42,0
DA:43,1698
DA:44,1698
DA:45,1698
DA:48,1698
DA:49,330
DA:52,1698
DA:55,1698
DA:56,227
DA:57,0
DA:60,1698
DA:67,0
DA:68,1698
DA:69,1698
DA:70,3396
DA:71,0
DA:74,1698
DA:75,1698
DA:76,0
DA:77,0
DA:79,0
DA:80,0
DA:81,0
DA:82,1698
DA:83,0
DA:85,1698
DA:86,0
DA:88,1698
DA:89,1698
DA:91,0
DA:92,0
DA:95,3396
DA:96,0
DA:98,1698
DA:99,1698
DA:100,1698
DA:104,0
DA:105,0
DA:108,1698
DA:109,0
DA:110,0
DA:113,1698
DA:114,0
DA:115,0
DA:117,0
DA:119,1698
DA:120,1698
DA:123,1698
DA:124,1698
DA:126,0
DA:127,0
DA:128,0
DA:129,0
DA:130,0
DA:131,0
DA:132,0
DA:133,0
DA:134,0
DA:135,1698
DA:138,0
DA:141,0
DA:142,1698
DA:148,0
DA:154,0
DA:156,1698
DA:157,0
DA:160,1266
DA:161,0
DA:164,0
DA:173,0
DA:176,16624
DA:181,0
LF:82
LH:43
BRDA:43,0,0,0
BRDA:43,0,1,0
BRDA:45,1,0,0
BRDA:45,1,1,0
BRDA:46,2,0,920
BRDA:46,2,1,920
BRDA:48,3,0,330
BRDA:48,3,1,1368
BRDA:48,4,0,1698
BRDA:48,4,1,472
BRDA:49,5,0,330
BRDA:49,5,1,330
BRDA:79,6,0,0
BRDA:79,6,1,0
BRDA:91,7,0,0
BRDA:91,7,1,0
BRDA:91,8,0,0
BRDA:91,8,1,0
BRDA:109,9,0,0
BRDA:109,9,1,0
BRDA:109,10,0,0
BRDA:109,10,1,0
BRDA:109,10,2,0
BRDA:117,11,0,0
BRDA:117,11,1,0
BRDA:117,12,0,0
BRDA:117,12,1,0
BRDA:117,12,2,0
BRDA:127,13,0,0
BRDA:127,13,1,0
BRDA:127,14,0,0
BRDA:127,14,1,0
BRDA:131,15,0,0
BRDA:131,15,1,0
BRDA:154,16,0,0
BRDA:154,16,1,0
BRDA:156,17,0,432
BRDA:156,17,1,0
BRDA:156,18,0,1698
BRDA:156,18,1,432
BRDA:160,19,0,164
BRDA:160,19,1,0
BRDA:190,20,0,0
BRDA:190,20,1,0
BRDA:43,21,0,1698
BRDA:43,21,1,1304
BRDA:44,22,0,1698
BRDA:44,22,1,1698
BRDA:45,23,0,920
BRDA:45,23,1,778
BRDA:46,24,0,920
BRDA:46,24,1,0
BRDA:49,25,0,330
BRDA:49,25,1,330
BRDA:49,26,0,330
BRDA:49,26,1,330
BRDA:127,27,0,0
BRDA:127,27,1,0
BRDA:131,28,0,0
BRDA:190,29,0,0
BRDA:190,29,1,1102
BRDA:39,30,0,0
BRDA:39,30,1,0
BRDA:42,31,0,0
BRDA:42,31,1,0
BRDA:43,32,0,0
BRDA:43,32,1,0
BRDA:43,33,0,0
BRDA:43,33,1,0
BRDA:71,34,0,0
BRDA:83,35,0,0
BRDA:83,36,0,0
BRDA:83,36,1,0
BRDA:98,37,0,0
BRDA:98,38,0,0
BRDA:98,38,1,0
BRDA:98,38,2,0
BRDA:110,39,0,0
BRDA:110,39,1,0
BRDA:110,39,2,0
BRDA:120,40,0,0
BRDA:120,40,1,0
BRDA:120,41,0,0
BRDA:120,41,1,0
BRDA:126,42,0,0
BRDA:148,43,0,0
BRF:86
BRH:24
end_of_record
TN:
SF:src/_pages/tasks-todo/ui/TasksTodoPage.tsx
FN:7,TasksTodoPage
FN:10,(anonymous_1)
FN:7,TasksTodoPage
FN:10,(anonymous_1)
FNF:4
FNH:3
FNDA:0,TasksTodoPage
FNDA:1300,(anonymous_1)
FNDA:991,TasksTodoPage
FNDA:1300,(anonymous_1)
DA:7,1195
DA:8,2073
DA:10,918
DA:11,1300
DA:14,0
LF:5
LH:4
BRF:0
BRH:0
end_of_record
TN:
SF:src/_pages/tasks-todo/ui/TodoList.tsx
FN:19,LoadingState
FN:28,UnauthenticatedState
FN:37,StatusFilterHeader
FN:51,TodoListContent
FN:79,TodoList
FN:19,LoadingState
FN:28,UnauthenticatedState
FN:37,StatusFilterHeader
FN:51,TodoListContent
FN:79,TodoList
FNF:10
FNH:5
FNDA:0,LoadingState
FNDA:0,UnauthenticatedState
FNDA:0,StatusFilterHeader
FNDA:0,TodoListContent
FNDA:0,TodoList
FNDA:558,LoadingState
FNDA:2,UnauthenticatedState
FNDA:1340,StatusFilterHeader
FNDA:1536,TodoListContent
FNDA:1266,TodoList
DA:19,113
DA:20,0
DA:28,113
DA:29,0
DA:37,1340
DA:38,0
DA:48,0
DA:50,0
DA:51,1536
DA:52,1472
DA:53,1472
DA:54,1472
DA:55,1472
DA:57,1472
DA:59,0
DA:79,113
DA:80,1266
DA:81,1202
DA:83,1202
DA:84,0
DA:87,644
DA:88,0
DA:91,0
LF:23
LH:14
BRDA:54,0,0,0
BRDA:54,0,1,0
BRDA:61,1,0,1472
BRDA:61,1,1,0
BRDA:65,2,0,1472
BRDA:65,2,1,0
BRDA:66,3,0,1472
BRDA:66,3,1,0
BRDA:67,4,0,1472
BRDA:67,4,1,0
BRDA:83,5,0,558
BRDA:83,5,1,0
BRDA:87,6,0,2
BRDA:87,6,1,0
BRDA:54,7,0,1472
BRDA:54,7,1,904
BRDA:37,8,0,0
BRDA:37,8,1,0
BRDA:53,9,0,0
BRDA:53,9,1,0
BRDA:64,10,0,0
BRDA:57,11,0,0
BRF:22
BRH:8
end_of_record
TN:
SF:src/app/layout-with-sidebar.tsx
FN:13,MobileMenuButton
FN:22,UserSection
FN:50,(anonymous_2)
FN:75,LayoutWithSidebar
FN:92,(anonymous_4)
FN:13,MobileMenuButton
FN:22,UserSection
FN:50,(anonymous_3)
FN:75,LayoutWithSidebar
FN:92,(anonymous_6)
FN:85,(anonymous_4)
FNF:11
FNH:6
FNDA:0,MobileMenuButton
FNDA:0,UserSection
FNDA:0,(anonymous_2)
FNDA:0,LayoutWithSidebar
FNDA:0,(anonymous_4)
FNDA:1222,MobileMenuButton
FNDA:1106,UserSection
FNDA:168,(anonymous_3)
FNDA:1336,LayoutWithSidebar
FNDA:1416,(anonymous_6)
FNDA:1504,(anonymous_4)
DA:13,760
DA:14,1390
DA:15,0
DA:20,168
DA:22,296
DA:23,1274
DA:24,1274
DA:26,1106
DA:27,0
DA:40,472
DA:41,0
DA:50,466
DA:51,0
DA:52,0
DA:55,0
DA:75,1504
DA:76,1416
DA:77,1416
DA:78,1416
DA:81,1416
DA:83,0
DA:86,1416
DA:93,1416
DA:94,0
LF:24
LH:16
BRDA:26,0,0,634
BRDA:26,0,1,0
BRDA:40,1,0,6
BRDA:40,1,1,0
BRDA:57,2,0,0
BRDA:57,2,1,0
BRDA:58,3,0,0
BRDA:58,3,1,0
BRDA:81,4,0,1248
BRDA:81,4,1,1238
BRDA:81,4,2,694
BRDA:109,5,0,0
BRDA:109,5,1,0
BRDA:136,6,0,1248
BRDA:136,6,1,0
BRDA:58,7,0,0
BRDA:58,8,0,0
BRDA:58,8,1,0
BRDA:64,9,0,0
BRDA:64,9,1,466
BRDA:64,10,0,466
BRDA:64,10,1,466
BRDA:110,11,0,1236
BRDA:48,12,0,0
BRDA:48,12,1,0
BRF:25
BRH:10
end_of_record
TN:
SF:src/app/layout.tsx
FN:49,RootLayout
FN:49,RootLayout
FNF:2
FNH:1
FNDA:0,RootLayout
FNDA:1597,RootLayout
DA:8,303
DA:40,303
DA:54,0
LF:3
LH:2
BRF:0
BRH:0
end_of_record
TN:
SF:src/app/api/api-auth.ts
FN:11,extractApiKey
FN:22,getApiKeyFromHeaders
FN:24,(anonymous_2)
FN:27,getApiKeyFromRequest
FN:28,(anonymous_4)
FN:31,hashApiKey
FN:39,authenticateApiKey
FN:11,extractApiKey
FN:22,getApiKeyFromHeaders
FN:24,(anonymous_2)
FN:27,getApiKeyFromRequest
FN:28,(anonymous_4)
FN:31,hashApiKey
FN:39,authenticateApiKey
FNF:14
FNH:12
FNDA:17,extractApiKey
FNDA:6,getApiKeyFromHeaders
FNDA:20,(anonymous_2)
FNDA:11,getApiKeyFromRequest
FNDA:39,(anonymous_4)
FNDA:17,hashApiKey
FNDA:6,authenticateApiKey
FNDA:572,extractApiKey
FNDA:0,getApiKeyFromHeaders
FNDA:0,(anonymous_2)
FNDA:572,getApiKeyFromRequest
FNDA:2860,(anonymous_4)
FNDA:40,hashApiKey
FNDA:572,authenticateApiKey
DA:12,589
DA:13,589
DA:15,589
DA:16,579
DA:17,2
DA:19,577
DA:23,6
DA:24,20
DA:28,2860
DA:32,40
DA:33,57
DA:34,1
DA:36,56
DA:40,578
DA:41,578
DA:42,573
DA:44,5
DA:45,5
DA:48,5
DA:49,2
DA:51,3
DA:52,3
DA:53,3
DA:59,3
LF:24
LH:24
BRDA:12,0,0,589
BRDA:12,0,1,585
BRDA:13,1,0,589
BRDA:13,1,1,578
BRDA:13,1,2,578
BRDA:15,2,0,10
BRDA:15,2,1,7
BRDA:15,3,0,589
BRDA:15,3,1,11
BRDA:16,4,0,2
BRDA:16,4,1,5
BRDA:16,5,0,579
BRDA:16,5,1,2
BRDA:33,6,0,1
BRDA:33,6,1,16
BRDA:41,7,0,573
BRDA:41,7,1,5
BRDA:48,8,0,2
BRDA:48,8,1,3
BRF:19
BRH:19
end_of_record
TN:
SF:src/app/api/timer-helpers.ts
FN:10,stopRunningTimers
FN:10,stopRunningTimers
FNF:2
FNH:1
FNDA:0,stopRunningTimers
FNDA:104,stopRunningTimers
DA:11,104
DA:13,104
DA:20,104
DA:21,52
DA:22,52
DA:23,52
DA:28,104
LF:7
LH:7
BRF:0
BRH:0
end_of_record
TN:
SF:src/app/api/api-keys/create/route.ts
FN:8,generateApiKey
FN:16,createApiKeyHandler
FN:17,(anonymous_2)
FN:8,generateApiKey
FN:16,createApiKeyHandler
FN:17,(anonymous_2)
FNF:6
FNH:5
FNDA:4,generateApiKey
FNDA:4,createApiKeyHandler
FNDA:1,(anonymous_2)
FNDA:40,generateApiKey
FNDA:40,createApiKeyHandler
FNDA:0,(anonymous_2)
DA:9,44
DA:10,40
DA:11,44
DA:12,44
DA:13,44
DA:17,44
DA:18,44
DA:20,44
DA:21,44
DA:23,44
DA:24,44
DA:35,43
DA:45,20
LF:13
LH:13
BRDA:37,0,0,43
BRDA:37,0,1,12
BRF:2
BRH:2
end_of_record
TN:
SF:src/app/api/api-keys/list/route.ts
FN:7,listApiKeysHandler
FN:12,(anonymous_1)
FN:7,listApiKeysHandler
FN:12,(anonymous_1)
FNF:4
FNH:4
FNDA:3,listApiKeysHandler
FNDA:2,(anonymous_1)
FNDA:413,listApiKeysHandler
FNDA:12042,(anonymous_1)
DA:8,416
DA:12,12042
DA:22,415
DA:25,65
LF:4
LH:4
BRDA:14,0,0,2
BRDA:14,0,1,1
BRDA:18,1,0,2
BRDA:18,1,1,1
BRDA:19,2,0,2
BRDA:19,2,1,1
BRDA:14,3,0,12042
BRDA:14,3,1,3023
BRDA:18,4,0,12042
BRDA:18,4,1,10390
BRDA:19,5,0,12042
BRDA:19,5,1,9049
BRF:12
BRH:12
end_of_record
TN:
SF:src/app/api/api-keys/revoke/route.ts
FN:7,revokeApiKeyHandler
FN:7,revokeApiKeyHandler
FNF:2
FNH:2
FNDA:3,revokeApiKeyHandler
FNDA:10,revokeApiKeyHandler
DA:8,13
DA:9,13
DA:10,13
DA:11,1
DA:14,12
DA:18,11
DA:21,10
LF:7
LH:7
BRDA:10,0,0,1
BRDA:10,0,1,2
BRDA:10,1,0,13
BRDA:10,1,1,12
BRDA:10,1,2,12
BRF:5
BRH:5
end_of_record
TN:
SF:src/app/api/auth/[...better-auth]/route.ts
FNF:0
FNH:0
DA:4,317
LF:1
LH:1
BRF:0
BRH:0
end_of_record
TN:
SF:src/app/api/coverage-data/route.ts
FN:7,GET
FN:7,GET
FNF:2
FNH:1
FNDA:0,GET
FNDA:253,GET
DA:3,198
DA:8,253
DA:9,253
DA:10,0
DA:12,253
LF:5
LH:4
BRDA:9,0,0,0
BRDA:9,0,1,0
BRF:2
BRH:0
end_of_record
TN:
SF:src/app/api/create-completed-task/route.ts
FN:9,createCompletedTaskHandler
FNF:1
FNH:1
FNDA:4,createCompletedTaskHandler
DA:10,4
DA:12,4
DA:13,1
DA:15,3
DA:16,1
DA:19,2
DA:20,2
DA:21,2
DA:22,1
DA:25,1
DA:27,1
DA:28,1
DA:38,1
DA:40,1
DA:48,1
DA:49,1
DA:51,1
DA:54,1
LF:18
LH:18
BRDA:12,0,0,1
BRDA:12,0,1,3
BRDA:12,1,0,4
BRDA:12,1,1,3
BRDA:15,2,0,1
BRDA:15,2,1,2
BRDA:15,3,0,3
BRDA:15,3,1,2
BRDA:21,4,0,1
BRDA:21,4,1,1
BRDA:21,5,0,2
BRDA:21,5,1,2
BRDA:21,5,2,2
BRF:13
BRH:13
end_of_record
TN:
SF:src/app/api/create-goal/route.ts
FN:7,createGoalHandler
FN:7,createGoalHandler
FNF:2
FNH:2
FNDA:3,createGoalHandler
FNDA:179,createGoalHandler
DA:8,182
DA:10,182
DA:11,1
DA:14,181
DA:15,1
DA:18,180
DA:20,180
DA:21,180
DA:23,180
DA:26,84
LF:10
LH:10
BRDA:10,0,0,1
BRDA:10,0,1,2
BRDA:10,1,0,182
BRDA:10,1,1,181
BRDA:10,1,2,181
BRDA:14,2,0,1
BRDA:14,2,1,1
BRDA:14,3,0,181
BRDA:14,3,1,180
BRF:9
BRH:9
end_of_record
TN:
SF:src/app/api/create-goal-milestone/route.ts
FN:7,createGoalMilestoneHandler
FN:7,createGoalMilestoneHandler
FNF:2
FNH:2
FNDA:2,createGoalMilestoneHandler
FNDA:19,createGoalMilestoneHandler
DA:8,21
DA:10,21
DA:14,21
DA:15,1
DA:18,20
DA:22,20
DA:26,20
DA:30,20
DA:34,20
DA:37,19
LF:10
LH:10
BRDA:14,0,0,1
BRDA:14,0,1,1
BRF:2
BRH:2
end_of_record
TN:
SF:src/app/api/create-list/route.ts
FN:9,createListHandler
FNF:1
FNH:1
FNDA:3,createListHandler
DA:10,3
DA:11,3
DA:13,3
DA:14,1
DA:17,2
DA:20,2
DA:22,2
DA:23,1
DA:27,1
DA:33,1
DA:35,1
DA:45,1
DA:49,1
DA:52,1
LF:14
LH:14
BRDA:13,0,0,1
BRDA:13,0,1,2
BRDA:22,1,0,1
BRDA:22,1,1,1
BRDA:33,2,0,1
BRDA:33,2,1,0
BRDA:37,3,0,1
BRDA:37,3,1,1
BRDA:38,4,0,1
BRDA:38,4,1,1
BRDA:41,5,0,1
BRDA:41,5,1,0
BRF:12
BRH:10
end_of_record
TN:
SF:src/app/api/create-task/route.ts
FN:9,createTaskHandler
FN:9,createTaskHandler
FNF:2
FNH:2
FNDA:5,createTaskHandler
FNDA:333,createTaskHandler
DA:10,338
DA:12,338
DA:13,2
DA:16,336
DA:17,2
DA:20,334
DA:28,334
DA:29,334
DA:31,334
DA:34,125
LF:10
LH:10
BRDA:12,0,0,2
BRDA:12,0,1,3
BRDA:12,1,0,338
BRDA:12,1,1,337
BRDA:12,1,2,337
BRDA:16,2,0,2
BRDA:16,2,1,1
BRDA:16,3,0,336
BRDA:16,3,1,335
BRF:9
BRH:9
end_of_record
TN:
SF:src/app/api/current-initiative/route.ts
FN:30,getInitiativeHandler
FN:52,createInitiativeHandler
FN:30,getInitiativeHandler
FN:52,createInitiativeHandler
FNF:4
FNH:3
FNDA:2,getInitiativeHandler
FNDA:3,createInitiativeHandler
FNDA:1288,getInitiativeHandler
FNDA:0,createInitiativeHandler
DA:35,1290
DA:37,1289
DA:45,1289
DA:56,3
DA:57,3
DA:59,3
DA:60,1
DA:63,2
DA:70,2
DA:71,1
DA:74,1
DA:77,263
DA:78,263
LF:13
LH:13
BRDA:38,0,0,1288
BRDA:38,0,1,1
BRDA:39,1,0,1287
BRDA:39,1,1,2
BRDA:59,2,0,1
BRDA:59,2,1,2
BRDA:70,3,0,1
BRDA:70,3,1,1
BRF:8
BRH:8
end_of_record
TN:
SF:src/app/api/current-initiative/[date]/route.ts
FN:23,patchHandler
FN:78,getHandler
FN:101,PATCH
FN:103,(anonymous_3)
FN:108,GET
FN:110,(anonymous_5)
FNF:6
FNH:0
FNDA:0,patchHandler
FNDA:0,getHandler
FNDA:0,PATCH
FNDA:0,(anonymous_3)
FNDA:0,GET
FNDA:0,(anonymous_5)
DA:28,0
DA:29,0
DA:31,0
DA:32,0
DA:35,0
DA:37,0
DA:38,0
DA:41,0
DA:47,0
DA:49,0
DA:50,0
DA:53,0
DA:56,0
DA:58,0
DA:59,0
DA:63,0
DA:71,0
DA:72,0
DA:75,0
DA:83,0
DA:84,0
DA:86,0
DA:87,0
DA:90,0
DA:91,0
DA:93,0
DA:94,0
DA:97,0
DA:102,0
DA:103,0
DA:109,0
DA:110,0
LF:32
LH:0
BRDA:31,0,0,0
BRDA:31,0,1,0
BRDA:37,1,0,0
BRDA:37,1,1,0
BRDA:37,2,0,0
BRDA:37,2,1,0
BRDA:37,2,2,0
BRDA:43,3,0,0
BRDA:43,3,1,0
BRDA:49,4,0,0
BRDA:49,4,1,0
BRDA:58,5,0,0
BRDA:58,5,1,0
BRDA:71,6,0,0
BRDA:71,6,1,0
BRDA:86,7,0,0
BRDA:86,7,1,0
BRDA:93,8,0,0
BRDA:93,8,1,0
BRF:19
BRH:0
end_of_record
TN:
SF:src/app/api/current-initiative/history/route.ts
FN:16,getHistoryHandler
FN:35,(anonymous_1)
FN:16,getHistoryHandler
FN:35,(anonymous_1)
FNF:4
FNH:2
FNDA:0,getHistoryHandler
FNDA:0,(anonymous_1)
FNDA:363,getHistoryHandler
FNDA:726,(anonymous_1)
DA:20,363
DA:22,363
DA:23,363
DA:24,363
DA:25,363
DA:26,363
DA:27,363
DA:28,363
DA:32,363
DA:34,363
DA:35,726
DA:41,75
LF:12
LH:12
BRDA:25,0,0,363
BRDA:25,0,1,0
BRDA:27,1,0,363
BRDA:27,1,1,0
BRDA:27,2,0,363
BRDA:27,2,1,363
BRDA:27,2,2,363
BRF:7
BRH:5
end_of_record
TN:
SF:src/app/api/delete-list/route.ts
FN:10,deleteListHandler
FNF:1
FNH:1
FNDA:6,deleteListHandler
DA:11,6
DA:13,6
DA:14,1
DA:18,5
DA:20,5
DA:21,1
DA:25,4
DA:27,4
DA:28,1
DA:35,3
DA:36,2
DA:38,2
DA:39,1
DA:43,1
DA:47,2
DA:49,2
DA:52,1
LF:17
LH:17
BRDA:13,0,0,1
BRDA:13,0,1,5
BRDA:20,1,0,1
BRDA:20,1,1,4
BRDA:27,2,0,1
BRDA:27,2,1,3
BRDA:27,3,0,4
BRDA:27,3,1,1
BRDA:27,3,2,3
BRDA:35,4,0,2
BRDA:35,4,1,1
BRDA:38,5,0,1
BRDA:38,5,1,1
BRF:13
BRH:13
end_of_record
TN:
SF:src/app/api/delete-time-entry/route.ts
FN:7,deleteTimeEntryHandler
FNF:1
FNH:1
FNDA:2,deleteTimeEntryHandler
DA:8,2
DA:10,2
DA:11,1
DA:14,1
DA:17,1
DA:20,1
LF:6
LH:6
BRDA:10,0,0,1
BRDA:10,0,1,1
BRF:2
BRH:2
end_of_record
TN:
SF:src/app/api/get-goal-milestones/route.ts
FN:7,getGoalMilestonesHandler
FN:7,getGoalMilestonesHandler
FNF:2
FNH:2
FNDA:2,getGoalMilestonesHandler
FNDA:9883,getGoalMilestonesHandler
DA:8,9885
DA:10,9852
DA:14,9852
DA:15,180
DA:18,9672
DA:23,9671
DA:26,269
LF:7
LH:7
BRDA:14,0,0,180
BRDA:14,0,1,1
BRF:2
BRH:2
end_of_record
TN:
SF:src/app/api/get-goals/route.ts
FN:7,getGoalsHandler
FN:7,getGoalsHandler
FNF:2
FNH:2
FNDA:2,getGoalsHandler
FNDA:1248,getGoalsHandler
DA:8,1250
DA:12,1250
DA:15,287
LF:3
LH:3
BRF:0
BRH:0
end_of_record
TN:
SF:src/app/api/get-lists/route.ts
FN:5,getListsHandler
FN:5,getListsHandler
FNF:2
FNH:2
FNDA:4,getListsHandler
FNDA:1683,getListsHandler
DA:6,1687
DA:7,1687
DA:8,1687
DA:13,1687
DA:14,1687
DA:17,1687
DA:18,1
DA:19,1
DA:22,1
DA:25,0
DA:29,1687
DA:32,263
LF:12
LH:11
BRDA:17,0,0,1
BRDA:17,0,1,3
BRF:2
BRH:2
end_of_record
TN:
SF:src/app/api/get-tasks/route.ts
FN:8,getTasksHandler
FN:8,getTasksHandler
FNF:2
FNH:2
FNDA:2,getTasksHandler
FNDA:1808,getTasksHandler
DA:9,1810
DA:10,1808
DA:17,1809
DA:20,314
LF:4
LH:4
BRF:0
BRH:0
end_of_record
TN:
SF:src/app/api/get-time-entries/route.ts
FN:7,getTimeEntriesHandler
FN:7,getTimeEntriesHandler
FNF:2
FNH:2
FNDA:2,getTimeEntriesHandler
FNDA:1136,getTimeEntriesHandler
DA:8,1138
DA:12,1138
DA:15,286
LF:3
LH:3
BRF:0
BRH:0
end_of_record
TN:
SF:src/app/api/goals/route.ts
FN:15,getHandler
FN:42,(anonymous_1)
FN:52,postHandler
FNF:3
FNH:3
FNDA:4,getHandler
FNDA:2,(anonymous_1)
FNDA:5,postHandler
DA:16,4
DA:18,4
DA:19,4
DA:21,4
DA:23,4
DA:24,3
DA:27,4
DA:28,1
DA:29,1
DA:30,1
DA:34,4
DA:42,4
DA:44,4
DA:53,5
DA:55,5
DA:56,2
DA:59,3
DA:60,1
DA:64,2
DA:68,2
DA:69,1
DA:72,1
DA:74,1
DA:85,1
DA:93,1
DA:96,1
DA:97,1
LF:27
LH:27
BRDA:23,0,0,3
BRDA:23,0,1,1
BRDA:27,1,0,1
BRDA:27,1,1,3
BRDA:29,2,0,1
BRDA:29,2,1,0
BRDA:55,3,0,2
BRDA:55,3,1,3
BRDA:55,4,0,5
BRDA:55,4,1,4
BRDA:55,4,2,4
BRDA:59,5,0,1
BRDA:59,5,1,2
BRDA:59,6,0,3
BRDA:59,6,1,2
BRDA:68,7,0,1
BRDA:68,7,1,1
BRDA:77,8,0,1
BRDA:77,8,1,1
BRDA:78,9,0,1
BRDA:78,9,1,1
BRF:21
BRH:20
end_of_record
TN:
SF:src/app/api/goals/serialize.ts
FN:12,serializeGoal
FN:20,serializeGoalWithList
FN:12,serializeGoal
FN:20,serializeGoalWithList
FNF:4
FNH:2
FNDA:11,serializeGoal
FNDA:8,serializeGoalWithList
FNDA:0,serializeGoal
FNDA:0,serializeGoalWithList
DA:13,11
DA:14,11
DA:21,8
LF:3
LH:3
BRDA:23,0,0,8
BRDA:23,0,1,1
BRF:2
BRH:2
end_of_record
TN:
SF:src/app/api/goals/[id]/route.ts
FN:14,GET
FN:15,(anonymous_1)
FN:50,PATCH
FN:51,(anonymous_3)
FN:124,DELETE
FN:125,(anonymous_5)
FN:14,GET
FN:15,(anonymous_1)
FN:50,PATCH
FN:51,(anonymous_3)
FN:124,DELETE
FN:125,(anonymous_5)
FNF:12
FNH:7
FNDA:4,GET
FNDA:3,(anonymous_1)
FNDA:6,PATCH
FNDA:5,(anonymous_3)
FNDA:5,DELETE
FNDA:4,(anonymous_5)
FNDA:0,GET
FNDA:0,(anonymous_1)
FNDA:0,PATCH
FNDA:0,(anonymous_3)
FNDA:179,DELETE
FNDA:0,(anonymous_5)
DA:15,4
DA:16,3
DA:17,3
DA:19,3
DA:20,1
DA:23,2
DA:37,2
DA:38,1
DA:41,1
DA:51,6
DA:52,5
DA:53,5
DA:55,5
DA:56,1
DA:59,4
DA:69,4
DA:70,1
DA:73,3
DA:81,3
DA:83,3
DA:84,3
DA:85,3
DA:86,3
DA:87,3
DA:88,1
DA:91,3
DA:92,1
DA:96,1
DA:97,1
DA:101,2
DA:105,2
DA:113,2
DA:125,184
DA:126,4
DA:127,4
DA:129,4
DA:130,1
DA:133,3
DA:142,3
DA:143,1
DA:146,2
DA:147,2
DA:149,2
DA:150,1
DA:153,1
DA:155,1
DA:159,1
LF:47
LH:47
BRDA:19,0,0,1
BRDA:19,0,1,2
BRDA:37,1,0,1
BRDA:37,1,1,1
BRDA:55,2,0,1
BRDA:55,2,1,4
BRDA:69,3,0,1
BRDA:69,3,1,3
BRDA:83,4,0,1
BRDA:83,4,1,2
BRDA:84,5,0,0
BRDA:84,5,1,3
BRDA:85,6,0,0
BRDA:85,6,1,3
BRDA:86,7,0,1
BRDA:86,7,1,2
BRDA:87,8,0,1
BRDA:87,8,1,2
BRDA:88,9,0,1
BRDA:88,9,1,0
BRDA:91,10,0,1
BRDA:91,10,1,2
BRDA:96,11,0,1
BRDA:96,11,1,0
BRDA:129,12,0,1
BRDA:129,12,1,3
BRDA:142,13,0,1
BRDA:142,13,1,2
BRDA:149,14,0,1
BRDA:149,14,1,1
BRF:30
BRH:26
end_of_record
TN:
SF:src/app/api/initiative/route.ts
FN:13,getHandler
FN:23,(anonymous_1)
FN:44,postHandler
FNF:3
FNH:3
FNDA:5,getHandler
FNDA:9,(anonymous_1)
FNDA:9,postHandler
DA:15,5
DA:17,5
DA:23,9
DA:45,9
DA:46,9
DA:48,9
DA:49,3
DA:52,6
DA:54,6
DA:55,2
DA:58,4
DA:61,1
DA:62,1
LF:13
LH:13
BRDA:19,0,0,2
BRDA:19,0,1,3
BRDA:20,1,0,1
BRDA:20,1,1,4
BRDA:48,2,0,3
BRDA:48,2,1,6
BRDA:54,3,0,2
BRDA:54,3,1,4
BRF:8
BRH:8
end_of_record
TN:
SF:src/app/api/initiative/serialize.ts
FN:19,toDateString
FN:24,serializeInitiative
FN:33,serializeInitiativeWithLists
FN:19,toDateString
FN:24,serializeInitiative
FN:33,serializeInitiativeWithLists
FNF:6
FNH:6
FNDA:24,toDateString
FNDA:24,serializeInitiative
FNDA:11,serializeInitiativeWithLists
FNDA:3300,toDateString
FNDA:3300,serializeInitiative
FNDA:726,serializeInitiativeWithLists
DA:20,3324
DA:21,3324
DA:25,3324
DA:37,726
DA:38,737
LF:5
LH:5
BRDA:20,0,0,0
BRDA:20,0,1,24
BRDA:37,1,0,11
BRDA:37,1,1,9
BRDA:40,2,0,737
BRDA:40,2,1,0
BRDA:40,3,0,737
BRDA:40,3,1,1
BRDA:41,4,0,728
BRDA:41,4,1,9
BRDA:41,5,0,728
BRDA:41,5,1,0
BRDA:42,6,0,737
BRDA:42,6,1,0
BRDA:42,7,0,737
BRDA:42,7,1,1
BRDA:37,8,0,726
BRDA:37,8,1,0
BRF:18
BRH:13
end_of_record
TN:
SF:src/app/api/initiative/[date]/route.ts
FN:22,GET
FN:23,(anonymous_1)
FN:46,PATCH
FN:47,(anonymous_3)
FNF:4
FNH:4
FNDA:7,GET
FNDA:6,(anonymous_1)
FNDA:7,PATCH
FNDA:6,(anonymous_3)
DA:23,7
DA:24,6
DA:26,6
DA:27,3
DA:30,3
DA:31,3
DA:33,3
DA:34,1
DA:37,2
DA:47,7
DA:48,6
DA:50,6
DA:51,1
DA:54,5
DA:56,5
DA:57,1
DA:60,4
DA:66,4
DA:68,4
DA:69,1
DA:72,3
DA:75,3
DA:77,3
DA:78,1
DA:85,2
DA:93,2
DA:94,0
DA:97,2
LF:28
LH:27
BRDA:26,0,0,3
BRDA:26,0,1,3
BRDA:33,1,0,1
BRDA:33,1,1,2
BRDA:50,2,0,1
BRDA:50,2,1,5
BRDA:56,3,0,1
BRDA:56,3,1,4
BRDA:56,4,0,5
BRDA:56,4,1,4
BRDA:56,4,2,4
BRDA:62,5,0,1
BRDA:62,5,1,3
BRDA:68,6,0,1
BRDA:68,6,1,3
BRDA:77,7,0,1
BRDA:77,7,1,2
BRDA:93,8,0,0
BRDA:93,8,1,2
BRF:19
BRH:18
end_of_record
TN:
SF:src/app/api/initiative/history/route.ts
FN:12,getHandler
FN:27,(anonymous_1)
FNF:2
FNH:2
FNDA:9,getHandler
FNDA:8,(anonymous_1)
DA:13,9
DA:14,9
DA:15,9
DA:16,9
DA:17,4
DA:18,4
DA:19,1
DA:23,9
DA:25,9
DA:27,8
DA:35,1
LF:11
LH:11
BRDA:16,0,0,4
BRDA:16,0,1,5
BRDA:18,1,0,1
BRDA:18,1,1,3
BRDA:18,2,0,4
BRDA:18,2,1,3
BRDA:18,2,2,2
BRF:7
BRH:7
end_of_record
TN:
SF:src/app/api/lists/route.ts
FN:16,getHandler
FN:30,postHandler
FN:16,getHandler
FN:30,postHandler
FNF:4
FNH:2
FNDA:3,getHandler
FNDA:5,postHandler
FNDA:0,getHandler
FNDA:0,postHandler
DA:17,3
DA:18,3
DA:20,3
DA:22,3
DA:31,5
DA:33,5
DA:34,2
DA:37,3
DA:38,1
DA:41,2
DA:42,2
DA:43,0
DA:47,2
DA:48,2
DA:49,1
DA:53,1
DA:59,1
DA:61,1
DA:73,1
DA:77,1
DA:80,33
DA:81,33
LF:22
LH:21
BRDA:33,0,0,2
BRDA:33,0,1,3
BRDA:33,1,0,5
BRDA:33,1,1,4
BRDA:33,1,2,4
BRDA:37,2,0,1
BRDA:37,2,1,2
BRDA:42,3,0,0
BRDA:42,3,1,2
BRDA:48,4,0,1
BRDA:48,4,1,1
BRDA:59,5,0,1
BRDA:59,5,1,0
BRDA:64,6,0,1
BRDA:64,6,1,1
BRDA:65,7,0,1
BRDA:65,7,1,1
BRDA:68,8,0,1
BRDA:68,8,1,1
BRDA:33,9,0,5
BRDA:33,9,1,4
BRDA:33,9,2,4
BRDA:64,10,0,0
BRDA:64,10,1,0
BRDA:65,11,0,0
BRDA:65,11,1,0
BRDA:68,12,0,0
BRDA:68,12,1,0
BRF:28
BRH:20
end_of_record
TN:
SF:src/app/api/lists/serialize.ts
FN:12,serializeList
FN:12,serializeList
FNF:2
FNH:1
FNDA:10,serializeList
FNDA:0,serializeList
DA:13,10
LF:1
LH:1
BRF:0
BRH:0
end_of_record
TN:
SF:src/app/api/lists/[id]/route.ts
FN:23,GET
FN:24,(anonymous_1)
FN:47,PATCH
FN:48,(anonymous_3)
FN:138,DELETE
FN:139,(anonymous_5)
FNF:6
FNH:6
FNDA:4,GET
FNDA:3,(anonymous_1)
FNDA:12,PATCH
FNDA:11,(anonymous_3)
FNDA:8,DELETE
FNDA:7,(anonymous_5)
DA:24,4
DA:25,3
DA:26,3
DA:28,3
DA:29,1
DA:32,2
DA:34,2
DA:35,1
DA:38,1
DA:48,12
DA:49,11
DA:50,11
DA:52,11
DA:53,1
DA:56,10
DA:57,10
DA:58,1
DA:61,9
DA:64,9
DA:65,2
DA:66,1
DA:69,1
DA:71,1
DA:75,1
DA:79,7
DA:81,7
DA:82,4
DA:83,1
DA:85,3
DA:86,1
DA:90,2
DA:91,2
DA:92,1
DA:95,1
DA:98,4
DA:99,1
DA:102,4
DA:103,0
DA:104,0
DA:105,0
DA:107,0
DA:110,4
DA:111,1
DA:114,4
DA:115,1
DA:118,3
DA:120,3
DA:124,3
DA:128,3
DA:139,8
DA:140,7
DA:141,7
DA:143,7
DA:144,1
DA:147,6
DA:148,6
DA:149,1
DA:152,5
DA:154,5
DA:155,5
DA:157,5
DA:158,1
DA:168,4
DA:169,3
DA:170,3
DA:171,1
DA:174,2
DA:175,2
DA:176,1
DA:179,1
DA:182,2
DA:184,2
LF:72
LH:68
BRDA:28,0,0,1
BRDA:28,0,1,2
BRDA:34,1,0,1
BRDA:34,1,1,1
BRDA:52,2,0,1
BRDA:52,2,1,10
BRDA:57,3,0,1
BRDA:57,3,1,9
BRDA:64,4,0,2
BRDA:64,4,1,7
BRDA:65,5,0,1
BRDA:65,5,1,1
BRDA:81,6,0,4
BRDA:81,6,1,3
BRDA:82,7,0,1
BRDA:82,7,1,3
BRDA:82,8,0,4
BRDA:82,8,1,4
BRDA:85,9,0,1
BRDA:85,9,1,2
BRDA:91,10,0,1
BRDA:91,10,1,1
BRDA:91,11,0,2
BRDA:91,11,1,2
BRDA:98,12,0,1
BRDA:98,12,1,3
BRDA:102,13,0,0
BRDA:102,13,1,4
BRDA:104,14,0,0
BRDA:104,14,1,0
BRDA:110,15,0,1
BRDA:110,15,1,3
BRDA:114,16,0,1
BRDA:114,16,1,3
BRDA:143,17,0,1
BRDA:143,17,1,6
BRDA:148,18,0,1
BRDA:148,18,1,5
BRDA:157,19,0,1
BRDA:157,19,1,4
BRDA:157,20,0,5
BRDA:157,20,1,1
BRDA:157,20,2,4
BRDA:168,21,0,3
BRDA:168,21,1,1
BRDA:170,22,0,1
BRDA:170,22,1,2
BRDA:175,23,0,1
BRDA:175,23,1,1
BRF:49
BRH:46
end_of_record
TN:
SF:src/app/api/reorder-lists/route.ts
FN:11,reorderListsHandler
FN:26,(anonymous_1)
FN:37,(anonymous_2)
FN:56,(anonymous_3)
FNF:4
FNH:4
FNDA:5,reorderListsHandler
FNDA:6,(anonymous_1)
FNDA:1,(anonymous_2)
FNDA:3,(anonymous_3)
DA:12,5
DA:14,5
DA:15,2
DA:21,3
DA:26,6
DA:30,3
DA:31,1
DA:37,2
DA:38,1
DA:39,3
DA:51,1
DA:56,3
DA:60,1
DA:67,1
LF:14
LH:14
BRDA:14,0,0,2
BRDA:14,0,1,3
BRDA:14,1,0,5
BRDA:14,1,1,4
BRDA:30,2,0,1
BRDA:30,2,1,2
BRF:6
BRH:6
end_of_record
TN:
SF:src/app/api/reorder-tasks/route.ts
FN:15,reorderTasksHandler
FN:31,(anonymous_1)
FN:39,(anonymous_2)
FN:58,(anonymous_3)
FNF:4
FNH:4
FNDA:7,reorderTasksHandler
FNDA:6,(anonymous_1)
FNDA:1,(anonymous_2)
FNDA:3,(anonymous_3)
DA:16,7
DA:18,7
DA:19,2
DA:22,5
DA:23,2
DA:26,3
DA:31,6
DA:35,3
DA:36,1
DA:39,2
DA:40,1
DA:41,3
DA:53,1
DA:58,3
DA:62,1
DA:69,1
LF:16
LH:16
BRDA:18,0,0,2
BRDA:18,0,1,5
BRDA:18,1,0,7
BRDA:18,1,1,6
BRDA:22,2,0,2
BRDA:22,2,1,3
BRDA:22,3,0,5
BRDA:22,3,1,4
BRDA:22,3,2,4
BRDA:35,4,0,1
BRDA:35,4,1,2
BRF:11
BRH:11
end_of_record
TN:
SF:src/app/api/start-timer/route.ts
FN:9,startTimerHandler
FN:9,startTimerHandler
FNF:2
FNH:2
FNDA:2,startTimerHandler
FNDA:52,startTimerHandler
DA:10,54
DA:12,54
DA:13,1
DA:16,53
DA:18,53
DA:20,53
DA:26,53
DA:30,53
DA:33,46
LF:9
LH:9
BRDA:12,0,0,1
BRDA:12,0,1,1
BRF:2
BRH:2
end_of_record
TN:
SF:src/app/api/stop-timer/route.ts
FN:8,stopTimerHandler
FN:8,stopTimerHandler
FNF:2
FNH:2
FNDA:2,stopTimerHandler
FNDA:143,stopTimerHandler
DA:9,143
DA:16,145
DA:17,92
DA:20,53
DA:22,53
DA:26,53
DA:29,86
LF:7
LH:7
BRDA:16,0,0,92
BRDA:16,0,1,1
BRF:2
BRH:2
end_of_record
TN:
SF:src/app/api/tasks/buildTaskListConditions.ts
FN:18,parseDate
FN:24,buildTaskListConditions
FN:55,(anonymous_2)
FN:57,(anonymous_3)
FN:67,(anonymous_4)
FN:18,parseDate
FN:24,buildTaskListConditions
FN:67,(anonymous_4)
FNF:8
FNH:2
FNDA:28,parseDate
FNDA:14,buildTaskListConditions
FNDA:0,(anonymous_2)
FNDA:0,(anonymous_3)
FNDA:0,(anonymous_4)
FNDA:0,parseDate
FNDA:0,buildTaskListConditions
FNDA:0,(anonymous_4)
DA:19,28
DA:20,2
DA:21,2
DA:36,14
DA:38,14
DA:41,14
DA:43,13
DA:44,0
DA:45,0
DA:49,13
DA:53,14
DA:55,14
DA:56,0
DA:57,14
DA:59,14
DA:60,0
DA:61,0
DA:62,0
DA:63,0
DA:64,0
DA:65,0
DA:66,0
DA:67,0
DA:68,0
DA:69,0
DA:70,0
DA:75,0
DA:78,0
DA:79,0
DA:80,0
DA:81,0
DA:84,14
DA:85,14
DA:86,1
DA:88,14
DA:89,14
DA:90,1
DA:95,14
DA:96,4
DA:97,4
DA:98,3
DA:103,14
DA:104,1
DA:105,1
DA:106,1
DA:115,14
DA:116,14
DA:117,1
DA:118,13
DA:119,3
DA:124,14
LF:51
LH:32
BRDA:19,0,0,26
BRDA:19,0,1,2
BRDA:21,1,0,0
BRDA:21,1,1,2
BRDA:33,2,0,13
BRDA:34,3,0,14
BRDA:41,4,0,1
BRDA:41,4,1,13
BRDA:43,5,0,0
BRDA:43,5,1,13
BRDA:53,6,0,0
BRDA:53,6,1,14
BRDA:59,7,0,0
BRDA:59,7,1,14
BRDA:61,8,0,0
BRDA:61,8,1,0
BRDA:63,9,0,0
BRDA:63,9,1,0
BRDA:66,10,0,0
BRDA:66,10,1,0
BRDA:68,11,0,0
BRDA:68,11,1,0
BRDA:68,12,0,0
BRDA:68,12,1,0
BRDA:68,12,2,0
BRDA:78,13,0,0
BRDA:78,13,1,0
BRDA:85,14,0,1
BRDA:85,14,1,13
BRDA:89,15,0,1
BRDA:89,15,1,13
BRDA:95,16,0,4
BRDA:95,16,1,10
BRDA:97,17,0,3
BRDA:97,17,1,1
BRDA:103,18,0,1
BRDA:103,18,1,13
BRDA:105,19,0,1
BRDA:105,19,1,0
BRDA:116,20,0,1
BRDA:116,20,1,13
BRDA:118,21,0,3
BRDA:118,21,1,10
BRDA:33,22,0,0
BRDA:34,23,0,0
BRDA:43,24,0,0
BRDA:43,24,1,0
BRDA:63,25,0,0
BRDA:63,25,1,0
BRDA:66,26,0,0
BRDA:118,27,0,0
BRF:51
BRH:25
end_of_record
TN:
SF:src/app/api/tasks/route.ts
FN:11,getHandler
FN:40,(anonymous_1)
FN:46,(anonymous_2)
FN:56,(anonymous_3)
FN:78,postHandler
FN:11,getHandler
FN:40,(anonymous_1)
FN:46,(anonymous_2)
FN:56,(anonymous_3)
FN:78,postHandler
FNF:10
FNH:5
FNDA:5,getHandler
FNDA:12,(anonymous_1)
FNDA:12,(anonymous_2)
FNDA:2,(anonymous_3)
FNDA:6,postHandler
FNDA:0,getHandler
FNDA:0,(anonymous_1)
FNDA:0,(anonymous_2)
FNDA:0,(anonymous_3)
FNDA:0,postHandler
DA:12,5
DA:13,5
DA:14,5
DA:16,5
DA:30,5
DA:31,5
DA:33,5
DA:39,5
DA:40,5
DA:41,12
DA:42,5
DA:43,5
DA:46,5
DA:47,12
DA:48,5
DA:49,0
DA:50,0
DA:51,0
DA:53,0
DA:56,5
DA:57,2
DA:58,2
DA:69,5
DA:79,6
DA:82,6
DA:83,2
DA:86,4
DA:87,2
DA:91,2
DA:94,2
DA:104,2
DA:105,2
DA:107,2
DA:110,27
DA:111,27
LF:35
LH:31
BRDA:30,0,0,5
BRDA:30,0,1,3
BRDA:31,1,0,5
BRDA:31,1,1,0
BRDA:41,2,0,7
BRDA:41,2,1,5
BRDA:47,3,0,7
BRDA:47,3,1,5
BRDA:48,4,0,5
BRDA:48,4,1,0
BRDA:49,5,0,0
BRDA:49,5,1,0
BRDA:51,6,0,0
BRDA:51,6,1,0
BRDA:82,7,0,2
BRDA:82,7,1,4
BRDA:82,8,0,6
BRDA:82,8,1,5
BRDA:82,8,2,5
BRDA:86,9,0,2
BRDA:86,9,1,2
BRDA:86,10,0,4
BRDA:86,10,1,3
BRDA:82,11,0,6
BRDA:82,11,1,5
BRDA:82,11,2,5
BRDA:86,12,0,4
BRDA:86,12,1,3
BRF:28
BRH:22
end_of_record
TN:
SF:src/app/api/tasks/serialize.ts
FN:20,serializeTask
FN:33,serializeTaskWithDescription
FN:20,serializeTask
FN:33,serializeTaskWithDescription
FNF:4
FNH:3
FNDA:5,serializeTask
FNDA:3,serializeTaskWithDescription
FNDA:333,serializeTask
FNDA:0,serializeTaskWithDescription
DA:21,338
DA:22,338
DA:34,3
LF:3
LH:3
BRDA:36,0,0,3
BRDA:36,0,1,1
BRF:2
BRH:2
end_of_record
TN:
SF:src/app/api/tasks/[id]/route.ts
FN:15,GET
FN:16,(anonymous_1)
FN:52,PATCH
FN:53,(anonymous_3)
FN:118,DELETE
FN:119,(anonymous_5)
FN:15,GET
FN:16,(anonymous_1)
FN:52,PATCH
FN:53,(anonymous_3)
FN:118,DELETE
FN:119,(anonymous_5)
FNF:12
FNH:7
FNDA:4,GET
FNDA:3,(anonymous_1)
FNDA:5,PATCH
FNDA:4,(anonymous_3)
FNDA:5,DELETE
FNDA:4,(anonymous_5)
FNDA:0,GET
FNDA:0,(anonymous_1)
FNDA:0,PATCH
FNDA:0,(anonymous_3)
FNDA:333,DELETE
FNDA:0,(anonymous_5)
DA:16,4
DA:17,3
DA:18,3
DA:20,3
DA:21,1
DA:24,2
DA:38,2
DA:39,1
DA:42,1
DA:53,5
DA:54,4
DA:55,4
DA:57,4
DA:58,1
DA:62,3
DA:72,3
DA:73,1
DA:76,2
DA:78,2
DA:84,2
DA:85,2
DA:86,24
DA:87,2
DA:90,2
DA:92,2
DA:94,2
DA:98,2
DA:106,2
DA:119,338
DA:120,4
DA:121,4
DA:123,4
DA:124,1
DA:128,3
DA:137,3
DA:138,1
DA:141,2
DA:142,2
DA:144,2
DA:146,1
DA:149,1
DA:152,1
DA:156,1
LF:43
LH:43
BRDA:20,0,0,1
BRDA:20,0,1,2
BRDA:38,1,0,1
BRDA:38,1,1,1
BRDA:57,2,0,1
BRDA:57,2,1,3
BRDA:72,3,0,1
BRDA:72,3,1,2
BRDA:86,4,0,2
BRDA:86,4,1,22
BRDA:123,5,0,1
BRDA:123,5,1,3
BRDA:137,6,0,1
BRDA:137,6,1,2
BRDA:144,7,0,1
BRDA:144,7,1,1
BRF:16
BRH:16
end_of_record
TN:
SF:src/app/api/update-goal/route.ts
FN:7,updateGoalHandler
FN:7,updateGoalHandler
FNF:2
FNH:2
FNDA:4,updateGoalHandler
FNDA:57,updateGoalHandler
DA:8,61
DA:16,61
DA:18,61
DA:19,61
DA:20,61
DA:21,61
DA:22,61
DA:23,59
DA:26,61
DA:30,61
DA:34,61
DA:35,1
DA:38,60
DA:41,19
LF:14
LH:14
BRDA:18,0,0,59
BRDA:18,0,1,2
BRDA:19,1,0,57
BRDA:19,1,1,4
BRDA:20,2,0,57
BRDA:20,2,1,4
BRDA:21,3,0,57
BRDA:21,3,1,4
BRDA:22,4,0,59
BRDA:22,4,1,2
BRDA:23,5,0,20
BRDA:23,5,1,39
BRDA:34,6,0,1
BRDA:34,6,1,3
BRF:14
BRH:14
end_of_record
TN:
SF:src/app/api/update-list/route.ts
FN:9,updateListHandler
FN:9,updateListHandler
FNF:2
FNH:2
FNDA:7,updateListHandler
FNDA:16,updateListHandler
DA:10,23
DA:13,23
DA:14,3
DA:16,3
DA:17,1
DA:20,2
DA:21,2
DA:22,1
DA:25,1
DA:27,1
DA:31,1
DA:35,20
DA:37,20
DA:38,1
DA:41,19
DA:43,19
DA:45,19
DA:46,1
DA:49,18
DA:51,18
DA:52,1
DA:55,17
DA:65,17
DA:69,17
DA:72,16
LF:25
LH:25
BRDA:13,0,0,3
BRDA:13,0,1,4
BRDA:16,1,0,1
BRDA:16,1,1,2
BRDA:21,2,0,1
BRDA:21,2,1,1
BRDA:37,3,0,1
BRDA:37,3,1,3
BRDA:45,4,0,1
BRDA:45,4,1,2
BRDA:51,5,0,1
BRDA:51,5,1,1
BRDA:51,6,0,18
BRDA:51,6,1,17
BRDA:58,7,0,17
BRDA:58,7,1,16
BRDA:59,8,0,17
BRDA:59,8,1,16
BRF:18
BRH:18
end_of_record
TN:
SF:src/app/api/update-task/route.ts
FN:14,updateTaskHandler
FN:14,updateTaskHandler
FNF:2
FNH:2
FNDA:2,updateTaskHandler
FNDA:187,updateTaskHandler
DA:8,49
DA:15,189
DA:17,189
DA:18,189
DA:19,2268
DA:20,2162
DA:24,189
DA:26,189
DA:30,189
DA:34,189
DA:35,50
DA:38,139
DA:41,48
LF:13
LH:13
BRDA:19,0,0,2162
BRDA:19,0,1,22
BRDA:34,1,0,50
BRDA:34,1,1,1
BRF:4
BRH:4
end_of_record
TN:
SF:src/app/api/update-time-entry/route.ts
FN:8,updateTimeEntryHandler
FN:8,updateTimeEntryHandler
FNF:2
FNH:2
FNDA:4,updateTimeEntryHandler
FNDA:2,updateTimeEntryHandler
DA:9,6
DA:11,6
DA:12,1
DA:15,5
DA:19,5
DA:20,1
DA:23,4
DA:25,4
DA:26,1
DA:28,4
DA:29,3
DA:32,4
DA:33,4
DA:35,4
DA:36,4
DA:39,4
DA:43,4
DA:47,4
DA:50,1
LF:19
LH:19
BRDA:11,0,0,1
BRDA:11,0,1,3
BRDA:19,1,0,1
BRDA:19,1,1,2
BRDA:25,2,0,1
BRDA:25,2,1,1
BRDA:28,3,0,3
BRDA:28,3,1,1
BRDA:32,4,0,1
BRDA:32,4,1,3
BRDA:33,5,0,3
BRDA:33,5,1,1
BRDA:33,6,0,1
BRDA:33,6,1,0
BRDA:35,7,0,4
BRDA:35,7,1,0
BRF:16
BRH:14
end_of_record
TN:
SF:src/app/login/page.tsx
FN:18,redirectAfterLogin
FN:23,useAuthentication
FN:27,(anonymous_2)
FN:58,(anonymous_3)
FN:111,ErrorMessage
FN:122,AuthFormFields
FN:139,(anonymous_6)
FN:149,(anonymous_7)
FN:158,(anonymous_8)
FN:167,AuthModeToggle
FN:204,TestUserButton
FN:228,LoginPage
FN:238,(anonymous_12)
FN:239,(anonymous_13)
FN:242,(anonymous_14)
FN:247,(anonymous_15)
FN:18,redirectAfterLogin
FN:23,useAuthentication
FN:27,(anonymous_2)
FN:58,(anonymous_3)
FN:111,ErrorMessage
FN:122,AuthFormFields
FN:167,AuthModeToggle
FN:204,TestUserButton
FN:228,LoginPage
FN:238,(anonymous_12)
FN:239,(anonymous_13)
FN:242,(anonymous_14)
FN:247,(anonymous_15)
FN:17,redirectAfterLogin
FN:22,useAuthentication
FN:24,(anonymous_2)
FN:55,(anonymous_3)
FN:225,(anonymous_12)
FN:230,(anonymous_14)
FN:234,(anonymous_15)
FNF:36
FNH:21
FNDA:0,redirectAfterLogin
FNDA:0,useAuthentication
FNDA:0,(anonymous_2)
FNDA:0,(anonymous_3)
FNDA:0,ErrorMessage
FNDA:0,AuthFormFields
FNDA:27,(anonymous_6)
FNDA:43,(anonymous_7)
FNDA:47,(anonymous_8)
FNDA:0,AuthModeToggle
FNDA:0,TestUserButton
FNDA:0,LoginPage
FNDA:0,(anonymous_12)
FNDA:0,(anonymous_13)
FNDA:0,(anonymous_14)
FNDA:0,(anonymous_15)
FNDA:1,redirectAfterLogin
FNDA:76,useAuthentication
FNDA:28,(anonymous_2)
FNDA:27,(anonymous_3)
FNDA:76,ErrorMessage
FNDA:76,AuthFormFields
FNDA:76,AuthModeToggle
FNDA:76,TestUserButton
FNDA:76,LoginPage
FNDA:63,(anonymous_12)
FNDA:99,(anonymous_13)
FNDA:28,(anonymous_14)
FNDA:27,(anonymous_15)
FNDA:0,redirectAfterLogin
FNDA:27,useAuthentication
FNDA:76,(anonymous_2)
FNDA:76,(anonymous_3)
FNDA:0,(anonymous_12)
FNDA:76,(anonymous_14)
FNDA:76,(anonymous_15)
DA:18,0
DA:19,1
DA:23,84
DA:24,103
DA:25,103
DA:27,76
DA:28,76
DA:29,1
DA:31,1
DA:33,1
DA:35,0
DA:38,1
DA:40,1
DA:43,1
DA:44,1
DA:46,1
DA:47,1
DA:50,2
DA:51,1
DA:52,0
DA:53,27
DA:54,0
DA:55,27
DA:56,0
DA:58,76
DA:59,76
DA:60,76
DA:62,27
DA:63,27
DA:64,0
DA:65,76
DA:67,76
DA:68,76
DA:70,0
DA:71,0
DA:73,0
DA:74,0
DA:76,0
DA:77,0
DA:80,0
DA:81,0
DA:82,0
DA:83,0
DA:86,0
DA:87,0
DA:89,0
DA:90,0
DA:93,0
DA:94,0
DA:95,0
DA:96,0
DA:97,27
DA:99,27
DA:102,76
DA:111,76
DA:112,76
DA:114,0
DA:122,103
DA:131,0
DA:139,27
DA:149,43
DA:158,47
DA:167,103
DA:174,0
DA:204,103
DA:211,103
DA:212,27
DA:215,0
DA:220,103
DA:225,27
DA:228,1
DA:229,76
DA:230,76
DA:231,76
DA:232,76
DA:234,27
DA:236,103
DA:238,76
DA:239,99
DA:242,103
DA:243,28
DA:244,28
DA:247,103
DA:248,27
DA:251,0
LF:85
LH:56
BRDA:33,0,0,0
BRDA:33,0,1,1
BRDA:37,1,0,0
BRDA:37,1,1,0
BRDA:46,2,0,0
BRDA:46,2,1,0
BRDA:47,3,0,0
BRDA:47,3,1,0
BRDA:62,4,0,0
BRDA:62,4,1,0
BRDA:62,5,0,0
BRDA:62,5,1,0
BRDA:76,6,0,0
BRDA:76,6,1,0
BRDA:77,7,0,0
BRDA:77,7,1,0
BRDA:89,8,0,0
BRDA:89,8,1,0
BRDA:90,9,0,0
BRDA:90,9,1,0
BRDA:96,10,0,0
BRDA:96,10,1,0
BRDA:112,11,0,76
BRDA:112,11,1,0
BRDA:133,12,0,76
BRDA:133,12,1,0
BRDA:138,13,0,0
BRDA:138,13,1,0
BRDA:176,14,0,0
BRDA:176,14,1,0
BRDA:211,15,0,0
BRDA:211,15,1,0
BRDA:255,16,0,0
BRDA:255,16,1,76
BRDA:257,17,0,0
BRDA:257,17,1,76
BRDA:271,18,0,2
BRDA:271,18,1,74
BRDA:271,19,0,0
BRDA:271,19,1,74
BRDA:37,20,0,0
BRDA:37,20,1,0
BRDA:46,21,0,1
BRDA:46,21,1,1
BRDA:47,22,0,0
BRDA:47,22,1,0
BRDA:76,23,0,0
BRDA:76,23,1,0
BRDA:77,24,0,0
BRDA:77,24,1,0
BRDA:89,25,0,0
BRDA:89,25,1,0
BRDA:90,26,0,0
BRDA:90,26,1,0
BRDA:96,27,0,0
BRDA:96,27,1,0
BRDA:138,28,0,27
BRDA:138,28,1,0
BRDA:177,29,0,0
BRDA:31,30,0,0
BRDA:31,30,1,0
BRDA:35,31,0,0
BRDA:35,31,1,1
BRDA:43,32,0,0
BRDA:44,33,0,0
BRDA:44,33,1,0
BRDA:59,34,0,0
BRDA:59,35,0,0
BRDA:59,35,1,0
BRDA:73,36,0,0
BRDA:74,37,0,0
BRDA:74,37,1,0
BRDA:86,38,0,0
BRDA:87,39,0,0
BRDA:87,39,1,0
BRDA:94,40,0,0
BRDA:94,40,1,0
BRDA:23,41,0,27
BRDA:111,42,0,27
BRDA:132,43,0,0
BRDA:132,43,1,0
BRDA:245,44,0,0
BRDA:245,44,1,27
BRDA:253,45,0,0
BRDA:253,45,1,27
BRDA:266,46,0,0
BRDA:266,46,1,54
BRF:87
BRH:17
end_of_record
TN:
SF:src/app/settings/page.tsx
FN:7,SettingsPage
FN:7,SettingsPage
FNF:2
FNH:1
FNDA:0,SettingsPage
FNDA:96,SettingsPage
DA:7,28
DA:8,0
LF:2
LH:1
BRF:0
BRH:0
end_of_record
TN:
SF:src/entities/current-initiative/model/current-initiative.ts
FN:29,(anonymous_1)
FN:33,(anonymous_2)
FN:34,(anonymous_3)
FN:37,(anonymous_4)
FN:44,(anonymous_5)
FN:51,(anonymous_6)
FN:74,calculateBalance
FN:97,(anonymous_8)
FN:110,getSuggestedList
FN:118,(anonymous_10)
FN:125,(anonymous_11)
FN:141,transformDateToUTCString
FN:34,(anonymous_2)
FN:74,calculateBalance
FN:97,(anonymous_7)
FN:110,getSuggestedList
FN:125,(anonymous_10)
FN:141,transformDateToUTCString
FNF:18
FNH:12
FNDA:5,(anonymous_1)
FNDA:0,(anonymous_2)
FNDA:0,(anonymous_3)
FNDA:0,(anonymous_4)
FNDA:2,(anonymous_5)
FNDA:3,(anonymous_6)
FNDA:23,calculateBalance
FNDA:35,(anonymous_8)
FNDA:15,getSuggestedList
FNDA:27056,(anonymous_10)
FNDA:19,(anonymous_11)
FNDA:0,transformDateToUTCString
FNDA:0,(anonymous_2)
FNDA:1650,calculateBalance
FNDA:34650,(anonymous_7)
FNDA:1287,getSuggestedList
FNDA:84942,(anonymous_10)
FNDA:0,transformDateToUTCString
DA:15,4
DA:24,4
DA:27,4
DA:30,5
DA:34,0
DA:38,0
DA:45,2
DA:52,3
DA:78,1673
DA:81,1673
DA:82,34685
DA:86,1673
DA:87,3300
DA:88,3321
DA:89,3320
DA:90,3320
DA:91,3320
DA:92,2954
DA:97,34650
DA:113,1302
DA:114,1
DA:118,27056
DA:120,1301
DA:121,1
DA:125,1300
DA:127,84961
DA:129,59209
DA:131,25752
DA:132,9
DA:135,7
DA:138,1300
DA:142,0
DA:143,0
LF:33
LH:29
BRDA:45,0,0,2
BRDA:45,0,1,1
BRDA:52,1,0,3
BRDA:52,1,1,2
BRDA:87,2,0,21
BRDA:87,2,1,18
BRDA:88,3,0,3320
BRDA:88,3,1,1
BRDA:88,4,0,3321
BRDA:88,4,1,3321
BRDA:91,5,0,2954
BRDA:91,5,1,3
BRDA:91,6,0,20
BRDA:91,6,1,4
BRDA:100,7,0,34685
BRDA:100,7,1,0
BRDA:101,8,0,34685
BRDA:101,8,1,33019
BRDA:113,9,0,1
BRDA:113,9,1,14
BRDA:120,10,0,1
BRDA:120,10,1,13
BRDA:127,11,0,59209
BRDA:127,11,1,12
BRDA:127,12,0,84961
BRDA:127,12,1,84952
BRDA:131,13,0,25743
BRDA:131,13,1,9
BRDA:132,14,0,2
BRDA:132,14,1,7
BRDA:142,15,0,0
BRDA:142,15,1,0
BRDA:45,16,0,0
BRDA:45,16,1,0
BRDA:24,17,0,0
BRDA:24,17,1,274
BRDA:87,18,0,3300
BRDA:87,18,1,0
BRDA:91,19,0,3320
BRDA:91,19,1,1654
BRF:40
BRH:33
end_of_record
TN:
SF:src/entities/goal/model/goal.ts
FN:22,(anonymous_0)
FN:26,(anonymous_1)
FN:27,(anonymous_2)
FN:30,(anonymous_3)
FN:27,(anonymous_2)
FNF:5
FNH:5
FNDA:1240,(anonymous_0)
FNDA:119,(anonymous_1)
FNDA:11,(anonymous_2)
FNDA:20,(anonymous_3)
FNDA:1201,(anonymous_2)
DA:23,1240
DA:27,1201
DA:31,20
LF:3
LH:3
BRF:0
BRH:0
end_of_record
TN:
SF:src/entities/goal/model/milestone.ts
FN:18,(anonymous_0)
FN:22,(anonymous_1)
FN:23,(anonymous_2)
FN:26,(anonymous_3)
FN:23,(anonymous_2)
FNF:5
FNH:5
FNDA:113,(anonymous_0)
FNDA:901,(anonymous_1)
FNDA:13,(anonymous_2)
FNDA:8,(anonymous_3)
FNDA:86,(anonymous_2)
DA:19,113
DA:23,901
DA:27,8
LF:3
LH:3
BRF:0
BRH:0
end_of_record
TN:
SF:src/entities/goal/ui/Goal.tsx
FN:5,Goal
FN:5,Goal
FNF:2
FNH:1
FNDA:0,Goal
FNDA:12554,Goal
DA:5,12554
DA:6,0
LF:2
LH:1
BRDA:10,0,0,12544
BRDA:10,0,1,0
BRF:2
BRH:1
end_of_record
TN:
SF:src/entities/goal/ui/GoalFormFields.tsx
FN:15,GoalFormFields
FN:40,(anonymous_1)
FN:54,(anonymous_2)
FN:15,GoalFormFields
FN:39,(anonymous_1)
FN:53,(anonymous_2)
FNF:6
FNH:4
FNDA:0,GoalFormFields
FNDA:78,(anonymous_1)
FNDA:0,(anonymous_2)
FNDA:278,GoalFormFields
FNDA:278,(anonymous_1)
FNDA:278,(anonymous_2)
DA:15,278
DA:23,0
DA:39,278
DA:40,78
DA:53,278
DA:54,0
LF:6
LH:4
BRDA:21,0,0,0
BRDA:21,1,0,184
BRDA:22,2,0,0
BRF:3
BRH:1
end_of_record
TN:
SF:src/entities/list/model/list.ts
FN:37,(anonymous_1)
FN:41,(anonymous_2)
FN:45,(anonymous_3)
FN:46,(anonymous_4)
FN:49,(anonymous_5)
FN:54,transformDateToUTCString
FN:46,(anonymous_3)
FN:54,transformDateToUTCString
FNF:8
FNH:4
FNDA:5552,(anonymous_1)
FNDA:3169,(anonymous_2)
FNDA:144,(anonymous_3)
FNDA:0,(anonymous_4)
FNDA:0,(anonymous_5)
FNDA:0,transformDateToUTCString
FNDA:3168,(anonymous_3)
FNDA:0,transformDateToUTCString
DA:18,3
DA:29,3
DA:32,3
DA:35,3
DA:38,5552
DA:42,3169
DA:46,3168
DA:50,0
DA:54,0
DA:55,0
DA:56,0
LF:11
LH:7
BRDA:55,0,0,0
BRDA:55,0,1,0
BRDA:29,1,0,0
BRDA:29,1,1,411
BRDA:54,2,0,0
BRF:5
BRH:1
end_of_record
TN:
SF:src/entities/task/model/task.ts
FN:62,(anonymous_1)
FN:66,(anonymous_2)
FN:67,(anonymous_3)
FN:70,(anonymous_4)
FN:75,isTaskInFuture
FN:79,isTaskInBacklog
FN:83,isTaskDeleted
FN:87,isTaskDeletedAgo
FN:91,isTaskCompletedAgo
FN:95,isTaskSelected
FN:99,isTaskToday
FN:103,isTaskTomorrow
FN:107,isTaskOverdue
FN:111,transformDateToUTCString
FN:67,(anonymous_2)
FN:75,isTaskInFuture
FN:79,isTaskInBacklog
FN:83,isTaskDeleted
FN:87,isTaskDeletedAgo
FN:91,isTaskCompletedAgo
FN:95,isTaskSelected
FN:99,isTaskToday
FN:103,isTaskTomorrow
FN:107,isTaskOverdue
FN:111,transformDateToUTCString
FNF:25
FNH:25
FNDA:3924,(anonymous_1)
FNDA:186,(anonymous_2)
FNDA:3,(anonymous_3)
FNDA:92,(anonymous_4)
FNDA:13,isTaskInFuture
FNDA:12,isTaskInBacklog
FNDA:18,isTaskDeleted
FNDA:5,isTaskDeletedAgo
FNDA:4,isTaskCompletedAgo
FNDA:8,isTaskSelected
FNDA:19,isTaskToday
FNDA:10,isTaskTomorrow
FNDA:13,isTaskOverdue
FNDA:18,transformDateToUTCString
FNDA:3838,(anonymous_2)
FNDA:816,isTaskInFuture
FNDA:40106,isTaskInBacklog
FNDA:75388,isTaskDeleted
FNDA:52824,isTaskDeletedAgo
FNDA:52824,isTaskCompletedAgo
FNDA:43750,isTaskSelected
FNDA:30630,isTaskToday
FNDA:21336,isTaskTomorrow
FNDA:44206,isTaskOverdue
FNDA:580,transformDateToUTCString
DA:25,7
DA:33,7
DA:36,7
DA:41,7
DA:43,4006
DA:48,7
DA:51,7
DA:54,7
DA:56,4006
DA:58,4006
DA:60,4006
DA:63,3924
DA:67,3838
DA:71,92
DA:76,829
DA:80,40118
DA:84,75406
DA:88,52829
DA:92,52828
DA:96,43758
DA:100,30649
DA:104,21346
DA:108,44219
DA:111,290
DA:112,308
DA:113,89
LF:26
LH:26
BRDA:80,0,0,12
BRDA:80,0,1,8
BRDA:88,1,0,5
BRDA:88,1,1,4
BRDA:92,2,0,4
BRDA:92,2,1,2
BRDA:100,3,0,19
BRDA:100,3,1,14
BRDA:104,4,0,10
BRDA:104,4,1,7
BRDA:108,5,0,13
BRDA:108,5,1,10
BRDA:108,5,2,6
BRDA:112,6,0,219
BRDA:112,6,1,9
BRDA:51,7,0,0
BRDA:51,7,1,411
BRDA:54,8,0,0
BRDA:54,8,1,411
BRDA:80,9,0,40106
BRDA:80,9,1,31602
BRDA:88,10,0,52824
BRDA:88,10,1,1046
BRDA:92,11,0,52824
BRDA:92,11,1,32
BRDA:100,12,0,30630
BRDA:100,12,1,8200
BRDA:104,13,0,21336
BRDA:104,13,1,5996
BRDA:108,14,0,44206
BRDA:108,14,1,1776
BRDA:108,14,2,0
BRDA:111,15,0,0
BRF:33
BRH:29
end_of_record
TN:
SF:src/entities/task/model/toggleCompleted.tsx
FN:5,useToggleTaskCompleted
FN:9,(anonymous_1)
FN:14,(anonymous_2)
FN:5,useToggleTaskCompleted
FN:9,(anonymous_1)
FN:14,(anonymous_2)
FN:3,useToggleTaskCompleted
FN:6,(anonymous_1)
FN:12,(anonymous_2)
FNF:9
FNH:4
FNDA:0,useToggleTaskCompleted
FNDA:0,(anonymous_1)
FNDA:0,(anonymous_2)
FNDA:20826,useToggleTaskCompleted
FNDA:3,(anonymous_1)
FNDA:0,(anonymous_2)
FNDA:0,useToggleTaskCompleted
FNDA:20826,(anonymous_1)
FNDA:20826,(anonymous_2)
DA:5,0
DA:6,20826
DA:8,20826
DA:9,20826
DA:10,3
DA:11,3
DA:12,3
DA:13,20826
DA:14,20826
DA:15,0
DA:16,0
DA:17,0
LF:12
LH:8
BRDA:10,0,0,0
BRDA:10,0,1,3
BRDA:15,1,0,0
BRDA:15,1,1,0
BRDA:8,2,0,0
BRDA:8,2,1,0
BRDA:13,3,0,0
BRDA:13,3,1,0
BRF:8
BRH:1
end_of_record
TN:
SF:src/entities/task/ui/Task.tsx
FN:25,Task
FN:30,(anonymous_1)
FN:35,(anonymous_2)
FN:41,(anonymous_3)
FN:46,(anonymous_4)
FN:111,(anonymous_5)
FN:127,(anonymous_6)
FN:25,Task
FN:35,(anonymous_2)
FN:41,(anonymous_3)
FN:46,(anonymous_4)
FN:26,(anonymous_1)
FN:30,(anonymous_2)
FN:37,(anonymous_3)
FNF:14
FNH:9
FNDA:0,Task
FNDA:53461,(anonymous_1)
FNDA:0,(anonymous_2)
FNDA:0,(anonymous_3)
FNDA:0,(anonymous_4)
FNDA:4,(anonymous_5)
FNDA:0,(anonymous_6)
FNDA:20826,Task
FNDA:3,(anonymous_2)
FNDA:20829,(anonymous_3)
FNDA:56,(anonymous_4)
FNDA:20826,(anonymous_1)
FNDA:20826,(anonymous_2)
FNDA:3,(anonymous_3)
DA:25,20826
DA:26,20826
DA:27,20826
DA:28,20826
DA:29,20826
DA:30,53461
DA:31,20826
DA:32,20826
DA:33,20826
DA:35,20826
DA:36,3
DA:37,41652
DA:38,6
DA:41,20826
DA:42,3
DA:43,20829
DA:46,20826
DA:48,56
DA:51,20826
DA:53,20826
DA:54,3
DA:57,3
DA:63,0
DA:64,0
DA:67,3
DA:70,0
DA:111,4
DA:123,0
DA:127,0
LF:29
LH:24
BRDA:25,0,0,0
BRDA:42,1,0,0
BRDA:42,1,1,0
BRDA:48,2,0,53
BRDA:48,2,1,0
BRDA:51,3,0,0
BRDA:51,3,1,0
BRDA:57,4,0,0
BRDA:57,4,1,0
BRDA:58,5,0,3
BRDA:58,5,1,3
BRDA:58,5,2,3
BRDA:58,5,3,3
BRDA:76,6,0,22
BRDA:76,6,1,20804
BRDA:77,7,0,20826
BRDA:77,7,1,110
BRDA:77,7,2,110
BRDA:78,8,0,20826
BRDA:78,8,1,574
BRDA:79,9,0,20826
BRDA:79,9,1,390
BRDA:80,10,0,20826
BRDA:80,10,1,20252
BRDA:81,11,0,20826
BRDA:81,11,1,20
BRDA:84,12,0,574
BRDA:84,12,1,20252
BRDA:84,13,0,22
BRDA:84,13,1,20230
BRDA:84,14,0,20
BRDA:84,14,1,20210
BRDA:88,15,0,20826
BRDA:88,15,1,0
BRDA:93,16,0,20826
BRDA:93,16,1,0
BRDA:107,17,0,20826
BRDA:107,17,1,0
BRDA:123,18,0,20826
BRDA:123,18,1,0
BRDA:25,19,0,0
BRDA:107,20,0,0
BRDA:107,20,1,20826
BRDA:107,21,0,20826
BRDA:107,21,1,20826
BRDA:123,22,0,0
BRDA:123,22,1,20826
BRDA:123,23,0,20826
BRDA:123,23,1,20826
BRDA:16,24,0,0
BRDA:37,25,0,0
BRDA:43,26,0,0
BRDA:46,27,0,0
BRDA:51,28,0,0
BRDA:51,29,0,0
BRDA:51,29,1,0
BRDA:51,29,2,0
BRDA:51,29,3,0
BRDA:67,30,0,0
BRDA:67,30,1,0
BRDA:67,30,2,0
BRDA:70,31,0,0
BRDA:70,31,1,0
BRDA:71,32,0,0
BRDA:71,32,1,0
BRF:65
BRH:34
end_of_record
TN:
SF:src/entities/task/ui/TaskBadges.tsx
FN:15,TaskBadges
FN:18,(anonymous_1)
FN:15,TaskBadges
FN:18,(anonymous_1)
FNF:4
FNH:1
FNDA:0,TaskBadges
FNDA:0,(anonymous_1)
FNDA:21156,TaskBadges
FNDA:0,(anonymous_1)
DA:15,21156
DA:16,21156
DA:17,21156
DA:18,21156
DA:21,21156
DA:22,21156
DA:24,0
LF:7
LH:6
BRDA:17,0,0,0
BRDA:18,1,0,0
BRDA:18,1,1,21156
BRDA:27,2,0,21156
BRDA:27,2,1,984
BRDA:27,2,2,0
BRDA:29,3,0,0
BRDA:29,3,1,0
BRDA:29,3,2,0
BRDA:29,3,3,0
BRDA:31,4,0,21156
BRDA:31,4,1,0
BRDA:31,4,2,0
BRDA:44,5,0,21156
BRDA:44,5,1,0
BRDA:51,6,0,21156
BRDA:51,6,1,0
BRDA:17,7,0,2028
BRDA:29,8,0,21156
BRDA:29,8,1,1000
BRDA:29,8,2,16
BRDA:15,9,0,0
BRDA:22,10,0,0
BRDA:22,10,1,0
BRF:24
BRH:10
end_of_record
TN:
SF:src/entities/task/ui/TaskDetails.tsx
FN:15,TaskDetails
FN:18,(anonymous_1)
FN:42,(anonymous_2)
FN:48,(anonymous_3)
FN:55,(anonymous_4)
FN:62,(anonymous_5)
FN:66,(anonymous_6)
FN:67,(anonymous_7)
FN:73,(anonymous_8)
FN:76,(anonymous_9)
FN:106,DescriptionIndicator
FN:119,(anonymous_11)
FN:137,getCheckboxIndexFromEvent
FN:15,TaskDetails
FN:18,(anonymous_1)
FN:55,(anonymous_4)
FN:62,(anonymous_5)
FN:73,(anonymous_8)
FN:106,DescriptionIndicator
FN:119,(anonymous_11)
FN:137,getCheckboxIndexFromEvent
FN:16,(anonymous_1)
FN:45,(anonymous_3)
FN:61,(anonymous_6)
FN:62,(anonymous_7)
FN:98,(anonymous_11)
FNF:26
FNH:11
FNDA:0,TaskDetails
FNDA:0,(anonymous_1)
FNDA:0,(anonymous_2)
FNDA:0,(anonymous_3)
FNDA:0,(anonymous_4)
FNDA:0,(anonymous_5)
FNDA:3,(anonymous_6)
FNDA:0,(anonymous_7)
FNDA:0,(anonymous_8)
FNDA:0,(anonymous_9)
FNDA:0,DescriptionIndicator
FNDA:0,(anonymous_11)
FNDA:0,getCheckboxIndexFromEvent
FNDA:3274,TaskDetails
FNDA:0,(anonymous_1)
FNDA:72,(anonymous_4)
FNDA:3,(anonymous_5)
FNDA:72,(anonymous_8)
FNDA:3274,DescriptionIndicator
FNDA:4,(anonymous_11)
FNDA:3,getCheckboxIndexFromEvent
FNDA:3274,(anonymous_1)
FNDA:0,(anonymous_3)
FNDA:72,(anonymous_6)
FNDA:3,(anonymous_7)
FNDA:0,(anonymous_11)
DA:15,3274
DA:16,3274
DA:18,24
DA:19,0
DA:20,0
DA:21,0
DA:22,0
DA:23,0
DA:25,0
DA:27,0
DA:42,0
DA:43,0
DA:45,0
DA:48,0
DA:55,72
DA:56,0
DA:58,72
DA:59,72
DA:61,72
DA:62,72
DA:63,3
DA:64,3
DA:66,3
DA:67,0
DA:73,72
DA:74,72
DA:75,0
DA:76,164
DA:79,0
DA:106,3274
DA:107,3274
DA:109,0
DA:120,4
DA:121,4
DA:138,3
DA:139,3
DA:140,3
DA:141,3
LF:38
LH:22
BRDA:16,0,0,3250
BRDA:16,0,1,0
BRDA:16,1,0,3274
BRDA:16,1,1,3274
BRDA:19,2,0,0
BRDA:19,2,1,0
BRDA:19,3,0,0
BRDA:19,3,1,0
BRDA:21,4,0,0
BRDA:21,4,1,0
BRDA:21,5,0,0
BRDA:21,5,1,0
BRDA:56,6,0,0
BRDA:56,6,1,0
BRDA:61,7,0,72
BRDA:61,7,1,72
BRDA:64,8,0,3
BRDA:64,8,1,0
BRDA:75,9,0,72
BRDA:75,9,1,0
BRDA:76,10,0,0
BRDA:76,10,1,0
BRDA:83,11,0,72
BRDA:83,11,1,72
BRDA:84,12,0,72
BRDA:84,12,1,26
BRDA:107,13,0,2848
BRDA:107,13,1,426
BRDA:117,14,0,3274
BRDA:117,14,1,24
BRDA:124,15,0,24
BRDA:124,15,1,3250
BRDA:131,16,0,24
BRDA:131,16,1,3250
BRDA:139,17,0,0
BRDA:139,17,1,0
BRDA:64,18,0,3
BRDA:64,18,1,3
BRDA:74,19,0,72
BRDA:74,19,1,72
BRDA:75,20,0,72
BRDA:75,20,1,72
BRDA:75,21,0,72
BRDA:75,21,1,72
BRDA:76,22,0,164
BRDA:76,22,1,72
BRDA:76,23,0,0
BRDA:76,23,1,72
BRDA:76,24,0,72
BRDA:76,24,1,72
BRDA:15,25,0,0
BRDA:15,26,0,0
BRDA:15,26,1,0
BRDA:18,27,0,0
BRDA:18,28,0,0
BRDA:18,28,1,0
BRDA:20,29,0,0
BRDA:20,29,1,0
BRDA:58,30,0,0
BRDA:72,31,0,0
BRDA:72,31,1,0
BRDA:110,32,0,0
BRDA:110,32,1,0
BRF:63
BRH:32
end_of_record
TN:
SF:src/entities/task/ui/TaskName.tsx
FN:8,TaskName
FN:8,TaskName
FNF:2
FNH:1
FNDA:0,TaskName
FNDA:20818,TaskName
DA:8,20818
DA:9,20818
DA:11,0
LF:3
LH:2
BRDA:15,0,0,0
BRDA:15,0,1,0
BRDA:16,1,0,20818
BRDA:16,1,1,574
BRDA:15,2,0,20818
BRDA:15,2,1,22
BRDA:12,3,0,0
BRDA:12,3,1,0
BRF:8
BRH:4
end_of_record
TN:
SF:src/features/api-keys/manage/api/mutations.ts
FN:8,useCreateApiKeyMutation
FN:11,(anonymous_1)
FN:14,(anonymous_2)
FN:18,(anonymous_3)
FN:22,useRevokeApiKeyMutation
FN:25,(anonymous_5)
FN:28,(anonymous_6)
FN:32,(anonymous_7)
FN:8,useCreateApiKeyMutation
FN:11,(anonymous_1)
FN:14,(anonymous_2)
FN:22,useRevokeApiKeyMutation
FN:25,(anonymous_5)
FN:28,(anonymous_6)
FNF:14
FNH:6
FNDA:0,useCreateApiKeyMutation
FNDA:0,(anonymous_1)
FNDA:0,(anonymous_2)
FNDA:0,(anonymous_3)
FNDA:0,useRevokeApiKeyMutation
FNDA:0,(anonymous_5)
FNDA:0,(anonymous_6)
FNDA:0,(anonymous_7)
FNDA:354,useCreateApiKeyMutation
FNDA:4,(anonymous_1)
FNDA:4,(anonymous_2)
FNDA:354,useRevokeApiKeyMutation
FNDA:1,(anonymous_5)
FNDA:1,(anonymous_6)
DA:9,354
DA:10,354
DA:12,4
DA:15,4
DA:16,4
DA:18,0
DA:23,354
DA:24,354
DA:26,1
DA:29,1
DA:30,1
DA:32,0
LF:12
LH:10
BRF:0
BRH:0
end_of_record
TN:
SF:src/features/api-keys/manage/api/queries.ts
FN:7,useApiKeysQuery
FN:10,(anonymous_1)
FN:7,useApiKeysQuery
FN:10,(anonymous_1)
FNF:4
FNH:2
FNDA:0,useApiKeysQuery
FNDA:0,(anonymous_1)
FNDA:354,useApiKeysQuery
FNDA:33,(anonymous_1)
DA:8,354
DA:11,33
DA:12,29
LF:3
LH:3
BRF:0
BRH:0
end_of_record
TN:
SF:src/features/api-keys/manage/model/types.ts
FNF:0
FNH:0
LF:0
LH:0
BRF:0
BRH:0
end_of_record
TN:
SF:src/features/api-keys/manage/ui/ApiKeyCreateSection.tsx
FN:16,ApiKeyCreateSection
FN:19,(anonymous_1)
FN:37,(anonymous_2)
FN:40,(anonymous_3)
FN:16,ApiKeyCreateSection
FN:19,(anonymous_1)
FN:16,(anonymous_1)
FN:34,(anonymous_2)
FNF:8
FNH:6
FNDA:0,ApiKeyCreateSection
FNDA:0,(anonymous_1)
FNDA:294,(anonymous_2)
FNDA:224,(anonymous_3)
FNDA:282,ApiKeyCreateSection
FNDA:220,(anonymous_1)
FNDA:282,(anonymous_1)
FNDA:282,(anonymous_2)
DA:16,502
DA:17,282
DA:19,282
DA:20,0
DA:21,0
DA:22,0
DA:27,0
DA:34,282
DA:37,294
DA:40,224
LF:10
LH:6
BRDA:20,0,0,0
BRDA:20,0,1,0
BRDA:40,1,0,4
BRDA:40,1,1,1
BRDA:46,2,0,282
BRDA:46,2,1,0
BRF:6
BRH:3
end_of_record
TN:
SF:src/features/api-keys/manage/ui/ApiKeysList.tsx
FN:13,ApiKeysList
FN:23,(anonymous_1)
FN:31,(anonymous_2)
FN:13,ApiKeysList
FN:31,(anonymous_2)
FNF:5
FNH:3
FNDA:0,ApiKeysList
FNDA:0,(anonymous_1)
FNDA:1,(anonymous_2)
FNDA:134,ApiKeysList
FNDA:1702,(anonymous_2)
DA:13,354
DA:14,0
DA:24,0
DA:31,1702
LF:4
LH:2
BRDA:17,0,0,0
BRDA:17,0,1,0
BRDA:19,1,0,0
BRDA:19,1,1,0
BRDA:26,2,0,0
BRDA:26,2,1,0
BRDA:18,3,0,58
BRDA:20,4,0,0
BRDA:26,5,0,1702
BRDA:26,5,1,494
BRDA:26,6,0,0
BRDA:26,6,1,76
BRF:12
BRH:4
end_of_record
TN:
SF:src/features/api-keys/manage/ui/ApiKeysManager.tsx
FN:12,ApiKeysManager
FN:19,(anonymous_1)
FN:19,(anonymous_2)
FN:20,(anonymous_3)
FN:20,(anonymous_4)
FN:37,(anonymous_5)
FN:39,(anonymous_6)
FN:49,(anonymous_7)
FN:12,ApiKeysManager
FN:16,(anonymous_1)
FN:19,(anonymous_3)
FN:36,(anonymous_6)
FN:47,(anonymous_7)
FNF:13
FNH:12
FNDA:0,ApiKeysManager
FNDA:365,(anonymous_1)
FNDA:1942,(anonymous_2)
FNDA:365,(anonymous_3)
FNDA:1942,(anonymous_4)
FNDA:224,(anonymous_5)
FNDA:224,(anonymous_6)
FNDA:221,(anonymous_7)
FNDA:134,ApiKeysManager
FNDA:488,(anonymous_1)
FNDA:488,(anonymous_3)
FNDA:134,(anonymous_6)
FNDA:134,(anonymous_7)
DA:12,248
DA:13,220
DA:14,354
DA:16,574
DA:17,354
DA:19,1722
DA:20,1722
DA:22,0
DA:36,134
DA:38,224
DA:39,224
DA:47,134
DA:49,221
LF:13
LH:12
BRDA:13,0,0,0
BRDA:13,1,0,58
BRDA:12,2,0,220
BRF:3
BRH:2
end_of_record
TN:
SF:src/features/api-keys/manage/ui/RevokedKeysList.tsx
FN:9,RevokedKeysList
FN:15,(anonymous_1)
FN:9,RevokedKeysList
FNF:3
FNH:1
FNDA:0,RevokedKeysList
FNDA:0,(anonymous_1)
FNDA:134,RevokedKeysList
DA:9,794
DA:10,134
DA:11,0
DA:16,0
LF:4
LH:2
BRDA:10,0,0,58
BRDA:10,0,1,0
BRDA:18,1,0,0
BRDA:18,1,1,0
BRDA:18,2,0,558
BRDA:18,2,1,76
BRDA:9,3,0,220
BRDA:18,4,0,0
BRDA:18,4,1,0
BRF:9
BRH:4
end_of_record
TN:
SF:src/features/current-initiative/balance/ui/BalanceIndicator.tsx
FN:10,getDaysAgoLabel
FN:27,calculateDaysSince
FN:36,BalanceIndicator
FN:52,(anonymous_3)
FN:53,(anonymous_4)
FN:57,(anonymous_5)
FN:58,(anonymous_6)
FN:79,(anonymous_7)
FN:10,getDaysAgoLabel
FN:27,calculateDaysSince
FN:36,BalanceIndicator
FN:57,(anonymous_5)
FN:58,(anonymous_6)
FN:79,(anonymous_7)
FN:8,getDaysAgoLabel
FN:25,calculateDaysSince
FN:47,(anonymous_3)
FN:49,(anonymous_5)
FN:49,(anonymous_6)
FNF:19
FNH:12
FNDA:0,getDaysAgoLabel
FNDA:0,calculateDaysSince
FNDA:0,BalanceIndicator
FNDA:8844,(anonymous_3)
FNDA:8442,(anonymous_4)
FNDA:1332,(anonymous_5)
FNDA:0,(anonymous_6)
FNDA:0,(anonymous_7)
FNDA:8442,getDaysAgoLabel
FNDA:61506,calculateDaysSince
FNDA:1332,BalanceIndicator
FNDA:8442,(anonymous_5)
FNDA:28102,(anonymous_6)
FNDA:10012,(anonymous_7)
FNDA:0,getDaysAgoLabel
FNDA:0,calculateDaysSince
FNDA:2664,(anonymous_3)
FNDA:1332,(anonymous_5)
FNDA:1332,(anonymous_6)
DA:6,283
DA:8,128
DA:10,0
DA:11,8442
DA:12,8040
DA:13,0
DA:14,402
DA:15,402
DA:16,402
DA:18,402
DA:19,402
DA:20,0
DA:21,0
DA:22,0
DA:23,0
DA:24,0
DA:27,0
DA:28,61506
DA:29,53064
DA:30,0
DA:31,8442
DA:32,8442
DA:33,8442
DA:36,1698
DA:37,2902
DA:39,1332
DA:40,930
DA:41,0
DA:43,402
DA:44,402
DA:47,402
DA:49,0
DA:50,402
DA:52,8844
DA:53,8442
DA:56,402
DA:57,8442
DA:59,402
DA:60,26532
DA:61,26532
DA:62,804
DA:63,26532
DA:64,8040
DA:65,0
DA:66,0
DA:67,0
DA:69,402
DA:70,0
DA:73,0
DA:78,402
DA:79,402
DA:80,8442
DA:81,8442
DA:82,8442
DA:84,0
LF:55
LH:38
BRDA:11,0,0,8040
BRDA:11,0,1,0
BRDA:18,1,0,402
BRDA:18,1,1,0
BRDA:21,2,0,0
BRDA:21,2,1,0
BRDA:28,3,0,53064
BRDA:28,3,1,0
BRDA:39,4,0,930
BRDA:39,4,1,0
BRDA:43,5,0,0
BRDA:43,5,1,0
BRDA:43,6,0,402
BRDA:43,6,1,402
BRDA:43,6,2,402
BRDA:63,7,0,18492
BRDA:63,7,1,0
BRDA:63,8,0,26532
BRDA:63,8,1,26532
BRDA:64,9,0,8040
BRDA:64,9,1,0
BRDA:65,10,0,0
BRDA:65,10,1,0
BRDA:69,11,0,0
BRDA:69,11,1,0
BRDA:81,12,0,8442
BRDA:81,12,1,402
BRDA:89,13,0,8442
BRDA:89,13,1,0
BRDA:97,14,0,8442
BRDA:97,14,1,0
BRDA:101,15,0,8442
BRDA:101,15,1,8442
BRDA:101,15,2,0
BRDA:10,16,0,0
BRDA:16,17,0,0
BRDA:20,18,0,0
BRDA:27,19,0,0
BRDA:40,20,0,0
BRDA:40,21,0,930
BRDA:40,21,1,402
BRDA:40,21,2,0
BRDA:61,22,0,0
BRDA:61,23,0,0
BRDA:61,23,1,0
BRDA:62,24,0,0
BRDA:63,25,0,18492
BRDA:66,26,0,0
BRDA:79,27,0,0
BRDA:79,27,1,0
BRDA:82,28,0,0
BRDA:82,28,1,0
BRF:52
BRH:20
end_of_record
TN:
SF:src/features/current-initiative/banner/ui/TodayFocusBanner.tsx
FN:13,TodayFocusBanner
FN:30,(anonymous_1)
FN:43,(anonymous_2)
FN:53,(anonymous_3)
FN:58,(anonymous_4)
FN:68,(anonymous_5)
FN:118,(anonymous_6)
FN:135,(anonymous_7)
FN:143,(anonymous_8)
FN:185,(anonymous_9)
FN:13,TodayFocusBanner
FN:30,(anonymous_1)
FN:53,(anonymous_3)
FN:58,(anonymous_4)
FN:68,(anonymous_5)
FN:135,(anonymous_7)
FN:185,(anonymous_9)
FN:24,(anonymous_1)
FN:38,(anonymous_2)
FN:47,(anonymous_3)
FN:52,(anonymous_4)
FN:62,(anonymous_5)
FN:134,(anonymous_8)
FNF:23
FNH:16
FNDA:0,TodayFocusBanner
FNDA:65,(anonymous_1)
FNDA:8008,(anonymous_2)
FNDA:484,(anonymous_3)
FNDA:0,(anonymous_4)
FNDA:0,(anonymous_5)
FNDA:3,(anonymous_6)
FNDA:0,(anonymous_7)
FNDA:2,(anonymous_8)
FNDA:0,(anonymous_9)
FNDA:484,TodayFocusBanner
FNDA:65,(anonymous_1)
FNDA:404,(anonymous_3)
FNDA:2,(anonymous_4)
FNDA:0,(anonymous_5)
FNDA:252,(anonymous_7)
FNDA:0,(anonymous_9)
FNDA:484,(anonymous_1)
FNDA:484,(anonymous_2)
FNDA:484,(anonymous_3)
FNDA:484,(anonymous_4)
FNDA:484,(anonymous_5)
FNDA:484,(anonymous_8)
DA:13,113
DA:14,968
DA:15,968
DA:16,484
DA:18,484
DA:19,484
DA:21,484
DA:24,484
DA:25,484
DA:26,0
DA:30,484
DA:31,484
DA:32,484
DA:34,484
DA:35,120
DA:36,0
DA:38,728
DA:39,0
DA:40,0
DA:42,364
DA:43,8008
DA:45,364
DA:46,364
DA:47,0
DA:49,364
DA:51,0
DA:52,364
DA:53,404
DA:54,364
DA:58,364
DA:59,2
DA:60,2
DA:61,1
DA:62,0
DA:63,2
DA:64,728
DA:65,2
DA:66,0
DA:68,364
DA:69,0
DA:70,0
DA:72,0
DA:73,0
DA:78,0
DA:79,0
DA:85,364
DA:87,0
DA:118,3
DA:134,364
DA:136,252
DA:137,252
DA:139,0
DA:143,2
DA:185,0
LF:54
LH:37
BRDA:25,0,0,0
BRDA:25,0,1,0
BRDA:26,1,0,364
BRDA:26,1,1,364
BRDA:34,2,0,120
BRDA:34,2,1,0
BRDA:38,3,0,0
BRDA:38,3,1,0
BRDA:38,4,0,364
BRDA:38,4,1,364
BRDA:45,5,0,0
BRDA:45,5,1,0
BRDA:52,6,0,364
BRDA:52,6,1,2
BRDA:52,6,2,0
BRDA:52,6,3,0
BRDA:54,7,0,0
BRDA:54,7,1,364
BRDA:56,8,0,364
BRDA:56,8,1,2
BRDA:59,9,0,1
BRDA:59,9,1,1
BRDA:59,10,0,2
BRDA:59,10,1,2
BRDA:69,11,0,0
BRDA:69,11,1,0
BRDA:70,12,0,0
BRDA:70,12,1,0
BRDA:72,13,0,0
BRDA:72,13,1,0
BRDA:85,14,0,0
BRDA:85,14,1,0
BRDA:91,15,0,0
BRDA:91,15,1,364
BRDA:97,16,0,0
BRDA:97,16,1,0
BRDA:101,17,0,364
BRDA:101,17,1,364
BRDA:102,18,0,364
BRDA:102,18,1,0
BRDA:109,19,0,0
BRDA:109,19,1,364
BRDA:123,20,0,364
BRDA:123,20,1,2
BRDA:126,21,0,0
BRDA:126,21,1,364
BRDA:126,22,0,0
BRDA:126,22,1,0
BRDA:128,23,0,364
BRDA:128,23,1,12
BRDA:133,24,0,364
BRDA:133,24,1,0
BRDA:148,25,0,252
BRDA:148,25,1,12
BRDA:152,26,0,252
BRDA:152,26,1,0
BRDA:154,27,0,252
BRDA:154,27,1,12
BRDA:165,28,0,364
BRDA:165,28,1,0
BRDA:177,29,0,0
BRDA:177,29,1,2
BRDA:185,30,0,364
BRDA:185,30,1,0
BRDA:24,31,0,484
BRDA:24,31,1,484
BRDA:25,32,0,364
BRDA:25,32,1,120
BRDA:26,33,0,364
BRDA:26,33,1,0
BRDA:52,34,0,364
BRDA:52,34,1,364
BRDA:52,35,0,364
BRDA:52,35,1,364
BRDA:52,36,0,0
BRDA:52,36,1,0
BRDA:52,37,0,0
BRDA:52,37,1,0
BRDA:85,38,0,364
BRDA:85,38,1,364
BRDA:98,39,0,0
BRDA:101,40,0,0
BRDA:101,40,1,364
BRDA:126,41,0,0
BRDA:126,41,1,0
BRDA:21,42,0,0
BRDA:21,42,1,0
BRDA:31,43,0,0
BRDA:32,44,0,0
BRDA:32,45,0,0
BRDA:32,45,1,0
BRDA:39,46,0,0
BRDA:46,47,0,0
BRDA:46,47,1,364
BRDA:46,47,2,0
BRDA:46,47,3,0
BRDA:49,48,0,0
BRDA:49,48,1,0
BRDA:51,49,0,0
BRDA:51,49,1,0
BRDA:51,50,0,0
BRDA:51,50,1,0
BRDA:63,51,0,1
BRDA:63,51,1,1
BRDA:64,52,0,0
BRDA:65,53,0,0
BRDA:65,53,1,0
BRDA:79,54,0,0
BRDA:79,54,1,0
BRDA:96,55,0,0
BRDA:115,56,0,0
BRDA:115,56,1,0
BRDA:117,57,0,0
BRDA:117,57,1,0
BRDA:136,58,0,364
BRDA:136,58,1,12
BRDA:143,59,0,364
BRDA:143,59,1,12
BRDA:165,60,0,364
BRDA:165,60,1,2
BRF:120
BRH:54
end_of_record
TN:
SF:src/features/current-initiative/history/ui/InitiativeHistory.tsx
FN:7,InitiativeHistory
FN:61,(anonymous_1)
FN:97,formatHistoryDate
FN:7,InitiativeHistory
FN:61,(anonymous_1)
FN:97,formatHistoryDate
FNF:6
FNH:3
FNDA:0,InitiativeHistory
FNDA:0,(anonymous_1)
FNDA:0,formatHistoryDate
FNDA:106,InitiativeHistory
FNDA:320,(anonymous_1)
FNDA:100,formatHistoryDate
DA:7,248
DA:8,326
DA:10,106
DA:11,0
DA:24,50
DA:25,0
DA:38,50
DA:40,0
DA:60,50
DA:62,100
DA:65,0
DA:95,0
DA:97,0
DA:98,100
DA:99,100
DA:100,100
DA:102,100
DA:103,50
DA:105,50
DA:106,50
DA:108,0
LF:21
LH:14
BRDA:10,0,0,56
BRDA:10,0,1,0
BRDA:24,1,0,0
BRDA:24,1,1,0
BRDA:38,2,0,50
BRDA:38,2,1,50
BRDA:47,3,0,0
BRDA:47,3,1,0
BRDA:62,4,0,100
BRDA:62,4,1,100
BRDA:71,5,0,100
BRDA:71,5,1,100
BRDA:74,6,0,0
BRDA:74,6,1,0
BRDA:76,7,0,100
BRDA:76,7,1,100
BRDA:79,8,0,0
BRDA:79,8,1,0
BRDA:83,9,0,100
BRDA:83,9,1,0
BRDA:102,10,0,50
BRDA:102,10,1,0
BRDA:105,11,0,50
BRDA:105,11,1,0
BRDA:38,12,0,50
BRDA:38,12,1,50
BRDA:48,13,0,0
BRDA:71,14,0,100
BRDA:71,14,1,0
BRDA:74,15,0,100
BRDA:74,15,1,0
BRDA:76,16,0,100
BRDA:76,16,1,0
BRDA:79,17,0,0
BRDA:79,17,1,0
BRDA:83,18,0,0
BRDA:83,18,1,100
BRDA:73,19,0,0
BRDA:73,19,1,50
BRDA:7,20,0,0
BRF:40
BRH:19
end_of_record
TN:
SF:src/features/current-initiative/pick/ui/InitiativePicker.tsx
FN:15,getDaysLabel
FN:28,calculateDaysSinceLastUsed
FN:37,InitiativePicker
FN:55,(anonymous_3)
FN:72,(anonymous_4)
FN:78,(anonymous_5)
FN:84,(anonymous_6)
FN:89,(anonymous_7)
FN:99,(anonymous_8)
FN:128,(anonymous_9)
FN:148,(anonymous_10)
FN:160,(anonymous_11)
FN:219,(anonymous_12)
FN:15,getDaysLabel
FN:28,calculateDaysSinceLastUsed
FN:37,InitiativePicker
FN:55,(anonymous_3)
FN:78,(anonymous_5)
FN:84,(anonymous_6)
FN:89,(anonymous_7)
FN:99,(anonymous_8)
FN:148,(anonymous_10)
FN:219,(anonymous_12)
FN:13,getDaysLabel
FN:26,calculateDaysSinceLastUsed
FN:51,(anonymous_3)
FN:68,(anonymous_4)
FN:74,(anonymous_5)
FN:80,(anonymous_6)
FN:82,(anonymous_7)
FN:94,(anonymous_8)
FN:125,(anonymous_9)
FN:151,(anonymous_11)
FNF:33
FNH:22
FNDA:0,getDaysLabel
FNDA:0,calculateDaysSinceLastUsed
FNDA:0,InitiativePicker
FNDA:17,(anonymous_3)
FNDA:748,(anonymous_4)
FNDA:0,(anonymous_5)
FNDA:76,(anonymous_6)
FNDA:0,(anonymous_7)
FNDA:0,(anonymous_8)
FNDA:3,(anonymous_9)
FNDA:0,(anonymous_10)
FNDA:1,(anonymous_11)
FNDA:0,(anonymous_12)
FNDA:126,getDaysLabel
FNDA:126,calculateDaysSinceLastUsed
FNDA:76,InitiativePicker
FNDA:17,(anonymous_3)
FNDA:714,(anonymous_5)
FNDA:714,(anonymous_6)
FNDA:1,(anonymous_7)
FNDA:0,(anonymous_8)
FNDA:126,(anonymous_10)
FNDA:1,(anonymous_12)
FNDA:0,getDaysLabel
FNDA:0,calculateDaysSinceLastUsed
FNDA:76,(anonymous_3)
FNDA:76,(anonymous_4)
FNDA:76,(anonymous_5)
FNDA:76,(anonymous_6)
FNDA:76,(anonymous_7)
FNDA:76,(anonymous_8)
FNDA:76,(anonymous_9)
FNDA:126,(anonymous_11)
DA:8,243
DA:13,113
DA:15,0
DA:16,126
DA:17,120
DA:18,0
DA:19,6
DA:20,6
DA:21,0
DA:22,0
DA:23,0
DA:24,0
DA:25,0
DA:28,0
DA:29,126
DA:30,120
DA:31,0
DA:32,6
DA:33,6
DA:34,6
DA:37,113
DA:38,76
DA:39,152
DA:40,152
DA:42,76
DA:43,76
DA:46,76
DA:48,0
DA:49,76
DA:50,76
DA:51,0
DA:55,76
DA:56,17
DA:59,76
DA:60,0
DA:67,34
DA:68,68
DA:69,0
DA:71,34
DA:72,748
DA:74,34
DA:75,0
DA:78,714
DA:80,34
DA:82,0
DA:83,34
DA:84,714
DA:85,34
DA:89,34
DA:90,1
DA:92,1
DA:94,0
DA:95,34
DA:96,35
DA:97,0
DA:99,34
DA:100,34
DA:101,0
DA:103,0
DA:105,0
DA:107,0
DA:111,0
DA:112,0
DA:117,34
DA:119,0
DA:125,34
DA:128,3
DA:147,34
DA:148,34
DA:149,126
DA:150,126
DA:151,126
DA:152,126
DA:153,126
DA:154,126
DA:156,0
DA:160,1
DA:219,1
LF:78
LH:53
BRDA:16,0,0,120
BRDA:16,0,1,0
BRDA:19,1,0,6
BRDA:19,1,1,0
BRDA:22,2,0,0
BRDA:22,2,1,0
BRDA:29,3,0,120
BRDA:29,3,1,0
BRDA:50,4,0,0
BRDA:50,4,1,0
BRDA:51,5,0,34
BRDA:51,5,1,34
BRDA:59,6,0,42
BRDA:59,6,1,0
BRDA:67,7,0,0
BRDA:67,7,1,0
BRDA:67,8,0,34
BRDA:67,8,1,34
BRDA:74,9,0,0
BRDA:74,9,1,0
BRDA:83,10,0,34
BRDA:83,10,1,0
BRDA:83,10,2,0
BRDA:83,10,3,0
BRDA:85,11,0,0
BRDA:85,11,1,34
BRDA:87,12,0,34
BRDA:87,12,1,0
BRDA:90,13,0,1
BRDA:90,13,1,0
BRDA:90,14,0,1
BRDA:90,14,1,1
BRDA:100,15,0,0
BRDA:100,15,1,0
BRDA:101,16,0,0
BRDA:101,16,1,0
BRDA:103,17,0,0
BRDA:103,17,1,0
BRDA:117,18,0,0
BRDA:117,18,1,0
BRDA:133,19,0,34
BRDA:133,19,1,34
BRDA:133,19,2,34
BRDA:136,20,0,34
BRDA:136,20,1,34
BRDA:137,21,0,34
BRDA:137,21,1,0
BRDA:137,21,2,0
BRDA:141,22,0,34
BRDA:141,22,1,6
BRDA:146,23,0,34
BRDA:146,23,1,0
BRDA:149,24,0,126
BRDA:149,24,1,6
BRDA:151,25,0,126
BRDA:151,25,1,6
BRDA:165,26,0,126
BRDA:165,26,1,6
BRDA:169,27,0,126
BRDA:169,27,1,0
BRDA:173,28,0,126
BRDA:173,28,1,6
BRDA:176,29,0,126
BRDA:176,29,1,0
BRDA:181,30,0,126
BRDA:181,30,1,0
BRDA:190,31,0,34
BRDA:190,31,1,34
BRDA:190,31,2,0
BRDA:205,32,0,0
BRDA:205,32,1,0
BRDA:210,33,0,34
BRDA:210,33,1,34
BRDA:210,33,2,0
BRDA:219,34,0,34
BRDA:219,34,1,0
BRDA:49,35,0,76
BRDA:49,35,1,76
BRDA:50,36,0,34
BRDA:50,36,1,42
BRDA:51,37,0,34
BRDA:51,37,1,0
BRDA:83,38,0,34
BRDA:83,38,1,34
BRDA:83,39,0,34
BRDA:83,39,1,34
BRDA:83,40,0,0
BRDA:83,40,1,0
BRDA:117,41,0,34
BRDA:117,41,1,34
BRDA:136,42,0,34
BRDA:136,42,1,34
BRDA:149,43,0,6
BRDA:149,43,1,120
BRDA:152,44,0,126
BRDA:152,44,1,0
BRDA:15,45,0,0
BRDA:18,46,0,0
BRDA:21,47,0,0
BRDA:28,48,0,0
BRDA:48,49,0,0
BRDA:48,49,1,0
BRDA:69,50,0,0
BRDA:78,51,0,0
BRDA:78,51,1,0
BRDA:78,51,2,0
BRDA:78,51,3,0
BRDA:83,52,0,0
BRDA:83,52,1,0
BRDA:83,53,0,0
BRDA:83,53,1,0
BRDA:95,54,0,0
BRDA:95,54,1,0
BRDA:96,55,0,0
BRDA:97,56,0,0
BRDA:97,56,1,0
BRDA:112,57,0,0
BRDA:112,57,1,0
BRDA:128,58,0,0
BRDA:128,58,1,0
BRDA:147,59,0,34
BRDA:147,59,1,6
BRDA:153,60,0,34
BRDA:153,60,1,6
BRDA:160,61,0,34
BRDA:160,61,1,6
BRDA:171,62,0,34
BRDA:171,62,1,6
BRDA:174,63,0,34
BRDA:174,63,1,6
BRDA:177,64,0,34
BRDA:177,64,1,6
BRDA:193,65,0,34
BRDA:193,65,1,34
BRDA:205,66,0,0
BRDA:205,66,1,0
BRDA:205,66,2,0
BRF:137
BRH:69
end_of_record
TN:
SF:src/features/goals/actions/ui/DeleteGoalButton.tsx
FN:7,DeleteGoalButton
FN:10,(anonymous_1)
FN:7,DeleteGoalButton
FN:10,(anonymous_1)
FN:7,(anonymous_1)
FNF:5
FNH:3
FNDA:0,DeleteGoalButton
FNDA:0,(anonymous_1)
FNDA:12472,DeleteGoalButton
FNDA:1,(anonymous_1)
FNDA:12472,(anonymous_1)
DA:7,12472
DA:8,12472
DA:10,12472
DA:11,1
DA:12,1
DA:15,0
LF:6
LH:5
BRF:0
BRH:0
end_of_record
TN:
SF:src/features/goals/add/AddGoalDialog.tsx
FN:9,AddGoalDialog
FN:16,(anonymous_1)
FN:9,AddGoalDialog
FN:16,(anonymous_1)
FN:13,(anonymous_1)
FNF:5
FNH:3
FNDA:0,AddGoalDialog
FNDA:0,(anonymous_1)
FNDA:1302,AddGoalDialog
FNDA:10,(anonymous_1)
FNDA:1302,(anonymous_1)
DA:9,113
DA:10,1302
DA:11,1302
DA:12,1302
DA:13,1302
DA:14,1302
DA:16,1302
DA:17,1302
DA:18,1302
DA:19,1302
DA:20,10
DA:21,1302
DA:22,10
DA:23,1312
DA:24,10
DA:25,10
DA:28,0
LF:17
LH:16
BRDA:14,0,0,0
BRDA:20,1,0,10
BRDA:20,1,1,0
BRDA:14,2,0,14
BRDA:12,3,0,0
BRDA:18,4,0,0
BRDA:18,4,1,0
BRF:7
BRH:2
end_of_record
TN:
SF:src/features/goals/edit/ui/AddMilestoneForm.tsx
FN:8,AddMilestoneForm
FN:21,(anonymous_1)
FN:28,(anonymous_2)
FN:44,(anonymous_3)
FN:57,(anonymous_4)
FN:8,AddMilestoneForm
FN:21,(anonymous_1)
FN:28,(anonymous_2)
FN:17,(anonymous_1)
FN:26,(anonymous_2)
FN:41,(anonymous_3)
FN:56,(anonymous_4)
FNF:12
FNH:8
FNDA:0,AddMilestoneForm
FNDA:0,(anonymous_1)
FNDA:0,(anonymous_2)
FNDA:21,(anonymous_3)
FNDA:0,(anonymous_4)
FNDA:138,AddMilestoneForm
FNDA:1,(anonymous_1)
FNDA:1,(anonymous_2)
FNDA:138,(anonymous_1)
FNDA:1,(anonymous_2)
FNDA:138,(anonymous_3)
FNDA:138,(anonymous_4)
DA:8,138
DA:11,0
DA:16,0
DA:17,138
DA:18,138
DA:19,138
DA:21,138
DA:22,1
DA:23,1
DA:25,1
DA:26,1
DA:27,1
DA:29,1
DA:30,1
DA:36,0
DA:41,138
DA:44,21
DA:56,138
DA:57,0
LF:19
LH:15
BRDA:23,0,0,0
BRDA:23,0,1,0
BRDA:65,1,0,138
BRDA:65,1,1,44
BRDA:19,2,0,0
BRDA:62,3,0,0
BRDA:62,3,1,0
BRF:7
BRH:2
end_of_record
TN:
SF:src/features/goals/edit/ui/EditGoalButton.tsx
FN:6,EditGoalButton
FN:6,EditGoalButton
FNF:2
FNH:1
FNDA:0,EditGoalButton
FNDA:12532,EditGoalButton
DA:6,12532
DA:7,0
LF:2
LH:1
BRF:0
BRH:0
end_of_record
TN:
SF:src/features/goals/edit/ui/EditGoalDialog.tsx
FN:12,EditGoalDialog
FN:18,(anonymous_1)
FN:58,(anonymous_2)
FN:12,EditGoalDialog
FN:18,(anonymous_1)
FN:14,(anonymous_1)
FNF:6
FNH:4
FNDA:0,EditGoalDialog
FNDA:0,(anonymous_1)
FNDA:1,(anonymous_2)
FNDA:14250,EditGoalDialog
FNDA:2,(anonymous_1)
FNDA:14250,(anonymous_1)
DA:12,14250
DA:13,14250
DA:14,14250
DA:15,14250
DA:16,14250
DA:18,14250
DA:19,2
DA:20,2
DA:21,2
DA:23,2
DA:24,2
DA:27,0
DA:58,1
LF:13
LH:12
BRDA:14,0,0,0
BRDA:14,0,1,0
BRDA:15,1,0,14250
BRDA:15,1,1,14250
BRDA:16,2,0,0
BRDA:14,3,0,14250
BRDA:14,3,1,14250
BRDA:15,4,0,14250
BRDA:15,4,1,0
BRDA:16,5,0,4456
BRDA:12,6,0,0
BRDA:12,6,1,0
BRDA:13,7,0,0
BRF:13
BRH:6
end_of_record
TN:
SF:src/features/goals/edit/ui/MilestoneTimeline.tsx
FN:4,MilestoneTimeline
FN:21,(anonymous_1)
FN:36,formatMilestoneDate
FN:4,MilestoneTimeline
FN:36,formatMilestoneDate
FN:34,formatMilestoneDate
FNF:6
FNH:2
FNDA:0,MilestoneTimeline
FNDA:0,(anonymous_1)
FNDA:0,formatMilestoneDate
FNDA:94,MilestoneTimeline
FNDA:88,formatMilestoneDate
FNDA:0,formatMilestoneDate
DA:4,113
DA:11,94
DA:12,0
DA:15,94
DA:16,0
DA:19,0
DA:22,0
DA:36,0
DA:37,88
DA:38,88
DA:39,88
DA:41,88
DA:42,88
DA:43,0
DA:44,0
DA:45,0
DA:47,0
LF:17
LH:8
BRDA:11,0,0,0
BRDA:11,0,1,0
BRDA:15,1,0,6
BRDA:15,1,1,0
BRDA:41,2,0,88
BRDA:41,2,1,0
BRDA:44,3,0,0
BRDA:44,3,1,0
BRDA:38,4,0,0
BRDA:42,5,0,0
BRF:10
BRH:2
end_of_record
TN:
SF:src/features/lists/manage/api/useArchiveList.ts
FN:3,useArchiveList
FN:6,(anonymous_1)
FN:15,(anonymous_2)
FN:3,useArchiveList
FN:6,(anonymous_1)
FN:15,(anonymous_2)
FNF:6
FNH:4
FNDA:4,useArchiveList
FNDA:2,(anonymous_1)
FNDA:2,(anonymous_2)
FNDA:1388,useArchiveList
FNDA:0,(anonymous_1)
FNDA:0,(anonymous_2)
DA:4,1392
DA:6,1392
DA:7,2
DA:8,2
DA:9,1
DA:11,1
DA:15,1392
DA:16,2
DA:17,2
DA:18,1
DA:20,1
DA:24,1392
LF:12
LH:12
BRF:0
BRH:0
end_of_record
TN:
SF:src/features/lists/manage/api/useCreateList.ts
FN:3,useCreateList
FN:6,(anonymous_1)
FN:3,useCreateList
FN:6,(anonymous_1)
FNF:4
FNH:3
FNDA:4,useCreateList
FNDA:4,(anonymous_1)
FNDA:3308,useCreateList
FNDA:0,(anonymous_1)
DA:4,1658
DA:6,3308
DA:7,1654
DA:9,3
DA:10,3
DA:11,2
DA:12,0
DA:13,1
DA:15,0
DA:17,1658
LF:10
LH:8
BRDA:6,0,0,0
BRDA:7,1,0,1
BRDA:7,1,1,3
BRDA:10,2,0,3
BRDA:10,2,1,2
BRDA:10,3,0,3
BRDA:10,3,1,3
BRDA:6,4,0,0
BRDA:6,5,0,0
BRDA:6,5,1,0
BRDA:6,6,0,0
BRDA:6,6,1,0
BRDA:10,7,0,3
BRDA:10,7,1,2
BRDA:6,8,0,0
BRDA:10,9,0,0
BRDA:10,9,1,0
BRDA:10,10,0,0
BRDA:10,10,1,0
BRF:19
BRH:8
end_of_record
TN:
SF:src/features/lists/manage/api/useDeleteList.ts
FN:3,useDeleteList
FN:6,(anonymous_1)
FN:3,useDeleteList
FN:6,(anonymous_1)
FNF:4
FNH:3
FNDA:2,useDeleteList
FNDA:2,(anonymous_1)
FNDA:1388,useDeleteList
FNDA:0,(anonymous_1)
DA:4,1390
DA:6,1390
DA:7,2
DA:8,2
DA:9,1
DA:11,1
DA:15,1390
LF:7
LH:7
BRF:0
BRH:0
end_of_record
TN:
SF:src/features/lists/manage/api/useUpdateList.ts
FN:3,useUpdateList
FN:6,(anonymous_1)
FN:3,useUpdateList
FN:6,(anonymous_1)
FNF:4
FNH:4
FNDA:4,useUpdateList
FNDA:4,(anonymous_1)
FNDA:1654,useUpdateList
FNDA:1,(anonymous_1)
DA:4,1658
DA:6,1658
DA:7,5
DA:9,4
DA:10,4
DA:11,3
DA:13,1
DA:17,1658
LF:8
LH:8
BRDA:7,0,0,1
BRDA:7,0,1,3
BRDA:10,1,0,4
BRDA:10,1,1,2
BRDA:10,2,0,5
BRDA:10,2,1,5
BRDA:10,3,0,5
BRDA:10,3,1,3
BRF:8
BRH:8
end_of_record
TN:
SF:src/features/lists/manage/ui/ListFormDialog.tsx
FN:24,ListFormDialog
FN:42,(anonymous_1)
FN:55,(anonymous_2)
FN:62,(anonymous_3)
FN:77,(anonymous_4)
FN:82,(anonymous_5)
FN:105,(anonymous_6)
FN:116,(anonymous_7)
FN:129,(anonymous_8)
FN:24,ListFormDialog
FN:42,(anonymous_1)
FN:55,(anonymous_2)
FN:62,(anonymous_3)
FN:77,(anonymous_4)
FN:82,(anonymous_5)
FN:37,(anonymous_1)
FN:53,(anonymous_2)
FN:56,(anonymous_3)
FN:71,(anonymous_4)
FN:75,(anonymous_5)
FN:125,(anonymous_8)
FNF:21
FNH:15
FNDA:0,ListFormDialog
FNDA:1189,(anonymous_1)
FNDA:0,(anonymous_2)
FNDA:0,(anonymous_3)
FNDA:0,(anonymous_4)
FNDA:0,(anonymous_5)
FNDA:40,(anonymous_6)
FNDA:50,(anonymous_7)
FNDA:0,(anonymous_8)
FNDA:1654,ListFormDialog
FNDA:1189,(anonymous_1)
FNDA:4,(anonymous_2)
FNDA:1,(anonymous_3)
FNDA:3,(anonymous_4)
FNDA:40,(anonymous_5)
FNDA:1654,(anonymous_1)
FNDA:1654,(anonymous_2)
FNDA:1654,(anonymous_3)
FNDA:1,(anonymous_4)
FNDA:1654,(anonymous_5)
FNDA:1654,(anonymous_8)
DA:24,1654
DA:27,0
DA:30,0
DA:31,3308
DA:32,1654
DA:34,1654
DA:35,1654
DA:36,1654
DA:37,1654
DA:39,1654
DA:41,0
DA:42,1654
DA:43,1189
DA:44,1202
DA:45,1189
DA:46,1189
DA:47,1189
DA:48,13
DA:49,13
DA:50,13
DA:51,13
DA:53,1654
DA:55,1654
DA:56,4
DA:57,8
DA:58,4
DA:59,1658
DA:60,0
DA:62,1654
DA:63,1
DA:65,1
DA:66,0
[...]
FN:18,(anonymous_1)
FN:29,(anonymous_2)
FN:34,(anonymous_3)
FN:10,SelectTaskCategory
FN:18,(anonymous_1)
FN:15,(anonymous_1)
FN:26,(anonymous_2)
FNF:8
FNH:6
FNDA:0,SelectTaskCategory
FNDA:2356,(anonymous_1)
FNDA:2,(anonymous_2)
FNDA:0,(anonymous_3)
FNDA:4628,SelectTaskCategory
FNDA:2356,(anonymous_1)
FNDA:4628,(anonymous_1)
FNDA:4628,(anonymous_2)
DA:10,4628
DA:11,4628
DA:12,4628
DA:15,0
DA:16,0
DA:17,0
DA:18,4628
DA:19,2356
DA:20,2356
DA:21,55
DA:23,2356
DA:24,2075
DA:26,0
DA:28,0
DA:29,2
DA:35,0
LF:16
LH:10
BRDA:11,0,0,0
BRDA:19,1,0,55
BRDA:19,1,1,0
BRDA:19,2,0,2356
BRDA:19,2,1,281
BRDA:19,2,2,57
BRDA:23,3,0,2075
BRDA:23,3,1,0
BRDA:29,4,0,4176
BRDA:29,4,1,452
BRDA:31,5,0,342
BRDA:31,5,1,4286
BRDA:11,6,0,342
BRDA:10,7,0,0
BRDA:16,8,0,0
BRDA:16,9,0,0
BRDA:16,9,1,0
BRDA:16,9,2,0
BRDA:20,10,0,55
BRDA:26,11,0,0
BRDA:26,11,1,0
BRDA:30,12,0,0
BRDA:30,12,1,0
BRF:23
BRH:11
end_of_record
TN:
SF:src/shared/ui/task/StarredToggle.tsx
FN:10,StarredToggle
FN:13,(anonymous_1)
FN:16,(anonymous_2)
FN:10,StarredToggle
FN:15,(anonymous_2)
FNF:5
FNH:3
FNDA:0,StarredToggle
FNDA:0,(anonymous_1)
FNDA:1,(anonymous_2)
FNDA:4560,StarredToggle
FNDA:4560,(anonymous_2)
DA:10,4560
DA:11,0
DA:13,0
DA:15,4560
DA:16,1
LF:5
LH:3
BRDA:13,0,0,2
BRDA:13,0,1,4558
BRDA:19,1,0,2
BRDA:19,1,1,4558
BRDA:13,2,0,0
BRDA:13,2,1,0
BRDA:17,3,0,0
BRDA:17,3,1,0
BRF:8
BRH:4
end_of_record
TN:
SF:src/shared/ui/task/TaskDatePicker.tsx
FN:9,TaskDatePicker
FN:13,(anonymous_1)
FN:9,TaskDatePicker
FN:12,(anonymous_1)
FNF:4
FNH:2
FNDA:0,TaskDatePicker
FNDA:0,(anonymous_1)
FNDA:4552,TaskDatePicker
FNDA:4552,(anonymous_1)
DA:9,4552
DA:10,0
DA:12,4552
DA:13,0
LF:4
LH:2
BRF:0
BRH:0
end_of_record
TN:
SF:src/shared/ui/task/TaskFormFields.tsx
FN:23,TaskFormFields
FN:45,(anonymous_1)
FN:54,(anonymous_2)
FN:55,(anonymous_3)
FN:67,(anonymous_4)
FN:68,(anonymous_5)
FN:80,(anonymous_6)
FN:81,(anonymous_7)
FN:23,TaskFormFields
FN:43,(anonymous_1)
FN:52,(anonymous_2)
FN:53,(anonymous_3)
FN:65,(anonymous_4)
FN:66,(anonymous_5)
FN:78,(anonymous_6)
FN:79,(anonymous_7)
FNF:16
FNH:9
FNDA:0,TaskFormFields
FNDA:1627,(anonymous_1)
FNDA:0,(anonymous_2)
FNDA:0,(anonymous_3)
FNDA:0,(anonymous_4)
FNDA:0,(anonymous_5)
FNDA:0,(anonymous_6)
FNDA:0,(anonymous_7)
FNDA:4584,TaskFormFields
FNDA:4584,(anonymous_1)
FNDA:4584,(anonymous_2)
FNDA:4584,(anonymous_3)
FNDA:4584,(anonymous_4)
FNDA:4584,(anonymous_5)
FNDA:4584,(anonymous_6)
FNDA:4584,(anonymous_7)
DA:23,4584
DA:25,0
DA:34,4584
DA:35,4584
DA:36,4584
DA:38,0
DA:43,4584
DA:45,1627
DA:52,4584
DA:53,4584
DA:54,0
DA:55,0
DA:65,4584
DA:66,4584
DA:67,0
DA:68,0
DA:78,4584
DA:79,4584
DA:80,0
DA:81,0
LF:20
LH:12
BRDA:34,0,0,9168
BRDA:34,0,1,8568
BRDA:35,1,0,9168
BRDA:35,1,1,8568
BRDA:36,2,0,4584
BRDA:36,2,1,4284
BRDA:50,3,0,4584
BRDA:50,3,1,0
BRDA:50,3,2,0
BRDA:50,3,3,0
BRDA:62,4,0,4584
BRDA:62,4,1,0
BRDA:62,4,2,0
BRDA:62,4,3,0
BRDA:66,5,0,0
BRDA:66,5,1,0
BRDA:75,6,0,4584
BRDA:75,6,1,0
BRDA:75,6,2,0
BRDA:75,6,3,0
BRDA:66,7,0,0
BRDA:66,7,1,0
BRDA:27,8,0,0
BRDA:27,8,1,0
BRDA:64,9,0,4584
BRDA:64,9,1,0
BRF:26
BRH:10
end_of_record
TN:
SF:src/shared/ui/task/TaskMetadataFields.tsx
FN:14,TaskMetadataFields
FN:14,TaskMetadataFields
FNF:2
FNH:1
FNDA:0,TaskMetadataFields
FNDA:4584,TaskMetadataFields
DA:14,4584
DA:15,0
LF:2
LH:1
BRF:0
BRH:0
end_of_record
TN:
SF:src/shared/ui/task/useTaskMetadata.ts
FN:27,useTaskMetadata
FN:33,(anonymous_1)
FN:34,(anonymous_2)
FN:37,(anonymous_3)
FN:27,useTaskMetadata
FN:33,(anonymous_1)
FN:34,(anonymous_2)
FN:37,(anonymous_3)
FNF:8
FNH:7
FNDA:0,useTaskMetadata
FNDA:69,(anonymous_1)
FNDA:69,(anonymous_2)
FNDA:81,(anonymous_3)
FNDA:5622,useTaskMetadata
FNDA:69,(anonymous_1)
FNDA:138,(anonymous_2)
FNDA:81,(anonymous_3)
DA:18,356
DA:28,5622
DA:33,5622
DA:34,138
DA:37,5622
DA:38,81
DA:41,5622
LF:7
LH:7
BRF:0
BRH:0
end_of_record
TN:
SF:src/shared/ui/timeline/DayTimeline.stories.tsx
FN:13,(anonymous_0)
FN:24,todayAt
FN:38,(anonymous_2)
FN:39,(anonymous_3)
FN:75,(anonymous_4)
FN:76,(anonymous_5)
FN:77,(anonymous_6)
FN:78,(anonymous_7)
FN:79,(anonymous_8)
FN:160,(anonymous_9)
FN:161,(anonymous_10)
FN:162,(anonymous_11)
FN:163,(anonymous_12)
FN:164,(anonymous_13)
FN:191,(anonymous_14)
FN:192,(anonymous_15)
FN:193,(anonymous_16)
FN:220,(anonymous_17)
FN:221,(anonymous_18)
FN:222,(anonymous_19)
FN:223,(anonymous_20)
FN:259,(anonymous_21)
FN:260,(anonymous_22)
FN:261,(anonymous_23)
FN:324,(anonymous_24)
FN:325,(anonymous_25)
FN:326,(anonymous_26)
FN:327,(anonymous_27)
FN:328,(anonymous_28)
FN:385,(anonymous_29)
FN:386,(anonymous_30)
FN:387,(anonymous_31)
FN:388,(anonymous_32)
FN:389,(anonymous_33)
FN:463,(anonymous_34)
FN:464,(anonymous_35)
FN:465,(anonymous_36)
FN:466,(anonymous_37)
FN:467,(anonymous_38)
FN:525,(anonymous_39)
FN:526,(anonymous_40)
FN:527,(anonymous_41)
FN:528,(anonymous_42)
FN:529,(anonymous_43)
FNF:44
FNH:0
FNDA:0,(anonymous_0)
FNDA:0,todayAt
FNDA:0,(anonymous_2)
FNDA:0,(anonymous_3)
FNDA:0,(anonymous_4)
FNDA:0,(anonymous_5)
FNDA:0,(anonymous_6)
FNDA:0,(anonymous_7)
FNDA:0,(anonymous_8)
FNDA:0,(anonymous_9)
FNDA:0,(anonymous_10)
FNDA:0,(anonymous_11)
FNDA:0,(anonymous_12)
FNDA:0,(anonymous_13)
FNDA:0,(anonymous_14)
FNDA:0,(anonymous_15)
FNDA:0,(anonymous_16)
FNDA:0,(anonymous_17)
FNDA:0,(anonymous_18)
FNDA:0,(anonymous_19)
FNDA:0,(anonymous_20)
FNDA:0,(anonymous_21)
FNDA:0,(anonymous_22)
FNDA:0,(anonymous_23)
FNDA:0,(anonymous_24)
FNDA:0,(anonymous_25)
FNDA:0,(anonymous_26)
FNDA:0,(anonymous_27)
FNDA:0,(anonymous_28)
FNDA:0,(anonymous_29)
FNDA:0,(anonymous_30)
FNDA:0,(anonymous_31)
FNDA:0,(anonymous_32)
FNDA:0,(anonymous_33)
FNDA:0,(anonymous_34)
FNDA:0,(anonymous_35)
FNDA:0,(anonymous_36)
FNDA:0,(anonymous_37)
FNDA:0,(anonymous_38)
FNDA:0,(anonymous_39)
FNDA:0,(anonymous_40)
FNDA:0,(anonymous_41)
FNDA:0,(anonymous_42)
FNDA:0,(anonymous_43)
DA:5,0
DA:14,0
DA:25,0
DA:26,0
DA:27,0
DA:30,0
DA:34,0
DA:38,0
DA:39,0
DA:43,0
DA:75,0
DA:76,0
DA:77,0
DA:78,0
DA:79,0
DA:83,0
DA:160,0
DA:161,0
DA:162,0
DA:163,0
DA:164,0
DA:168,0
DA:191,0
DA:192,0
DA:193,0
DA:197,0
DA:220,0
DA:221,0
DA:222,0
DA:223,0
DA:227,0
DA:259,0
DA:260,0
DA:261,0
DA:265,0
DA:324,0
DA:325,0
DA:326,0
DA:327,0
DA:328,0
DA:332,0
DA:385,0
DA:386,0
DA:387,0
DA:388,0
DA:389,0
DA:394,0
DA:463,0
DA:464,0
DA:465,0
DA:466,0
DA:467,0
DA:472,0
DA:525,0
DA:526,0
DA:527,0
DA:528,0
DA:529,0
LF:58
LH:0
BRDA:24,0,0,0
BRF:1
BRH:0
end_of_record
TN:
SF:src/shared/ui/timeline/DayTimeline.tsx
FN:28,formatDateHeader
FN:37,computeHourRange
FN:59,timeToMinutesFromStart
FN:64,minutesToTop
FN:68,minutesToHeight
FN:72,formatTimeHHMM
FN:100,blocksVisuallyOverlap
FN:111,assignOverlapColumns
FN:147,(anonymous_8)
FN:186,computeVerticalLayout
FN:193,(anonymous_10)
FN:200,(anonymous_11)
FN:202,(anonymous_12)
FN:256,TimeBlockInlineEditor
FN:274,(anonymous_14)
FN:279,(anonymous_15)
FN:287,(anonymous_16)
FN:292,(anonymous_17)
FN:309,TimeBlock
FN:332,(anonymous_19)
FN:387,(anonymous_20)
FN:398,(anonymous_21)
FN:428,GapBlock
FN:448,(anonymous_23)
FN:460,DayTimeline
FN:472,(anonymous_25)
FN:474,(anonymous_26)
FN:477,(anonymous_27)
FN:512,(anonymous_28)
FN:529,(anonymous_29)
FN:540,(anonymous_30)
FN:547,(anonymous_31)
FN:548,(anonymous_32)
FN:553,(anonymous_33)
FN:28,formatDateHeader
FN:37,computeHourRange
FN:59,timeToMinutesFromStart
FN:64,minutesToTop
FN:68,minutesToHeight
FN:72,formatTimeHHMM
FN:100,blocksVisuallyOverlap
FN:111,assignOverlapColumns
FN:186,computeVerticalLayout
FN:193,(anonymous_10)
FN:256,TimeBlockInlineEditor
FN:309,TimeBlock
FN:332,(anonymous_19)
FN:387,(anonymous_20)
FN:398,(anonymous_21)
FN:428,GapBlock
FN:460,DayTimeline
FN:477,(anonymous_27)
FN:512,(anonymous_28)
FN:13,formatDateHeader
FN:35,computeHourRange
FN:57,timeToMinutesFromStart
FN:62,minutesToTop
FN:66,minutesToHeight
FN:70,formatTimeHHMM
FN:146,(anonymous_8)
FN:184,computeVerticalLayout
FN:192,(anonymous_10)
FN:198,(anonymous_11)
FN:200,(anonymous_12)
FN:273,(anonymous_15)
FN:307,(anonymous_19)
FN:426,(anonymous_23)
FN:523,(anonymous_29)
FNF:68
FNH:32
FNDA:0,formatDateHeader
FNDA:0,computeHourRange
FNDA:0,timeToMinutesFromStart
FNDA:0,minutesToTop
FNDA:0,minutesToHeight
FNDA:0,formatTimeHHMM
FNDA:0,blocksVisuallyOverlap
FNDA:0,assignOverlapColumns
FNDA:26,(anonymous_8)
FNDA:0,computeVerticalLayout
FNDA:20,(anonymous_10)
FNDA:26,(anonymous_11)
FNDA:20,(anonymous_12)
FNDA:0,TimeBlockInlineEditor
FNDA:0,(anonymous_14)
FNDA:0,(anonymous_15)
FNDA:0,(anonymous_16)
FNDA:0,(anonymous_17)
FNDA:0,TimeBlock
FNDA:0,(anonymous_19)
FNDA:0,(anonymous_20)
FNDA:0,(anonymous_21)
FNDA:0,GapBlock
FNDA:0,(anonymous_23)
FNDA:0,DayTimeline
FNDA:28,(anonymous_25)
FNDA:28,(anonymous_26)
FNDA:24,(anonymous_27)
FNDA:0,(anonymous_28)
FNDA:320,(anonymous_29)
FNDA:0,(anonymous_30)
FNDA:20,(anonymous_31)
FNDA:20,(anonymous_32)
FNDA:0,(anonymous_33)
FNDA:8,formatDateHeader
FNDA:8,computeHourRange
FNDA:24,timeToMinutesFromStart
FNDA:12,minutesToTop
FNDA:12,minutesToHeight
FNDA:48,formatTimeHHMM
FNDA:12,blocksVisuallyOverlap
FNDA:8,assignOverlapColumns
FNDA:8,computeVerticalLayout
FNDA:32,(anonymous_10)
FNDA:0,TimeBlockInlineEditor
FNDA:12,TimeBlock
FNDA:0,(anonymous_19)
FNDA:0,(anonymous_20)
FNDA:0,(anonymous_21)
FNDA:0,GapBlock
FNDA:8,DayTimeline
FNDA:24,(anonymous_27)
FNDA:172,(anonymous_28)
FNDA:20,formatDateHeader
FNDA:20,computeHourRange
FNDA:0,timeToMinutesFromStart
FNDA:0,minutesToTop
FNDA:0,minutesToHeight
FNDA:0,formatTimeHHMM
FNDA:8,(anonymous_8)
FNDA:20,computeVerticalLayout
FNDA:8,(anonymous_10)
FNDA:12,(anonymous_11)
FNDA:8,(anonymous_12)
FNDA:0,(anonymous_15)
FNDA:0,(anonymous_19)
FNDA:0,(anonymous_23)
FNDA:152,(anonymous_29)
DA:7,244
DA:10,244
DA:11,244
DA:12,358
DA:14,114
DA:28,20
DA:29,8
DA:37,20
DA:38,8
DA:40,6
DA:41,12
DA:42,6
DA:44,6
DA:45,12
DA:46,18
DA:47,12
DA:48,6
DA:49,12
DA:51,24
DA:52,12
DA:55,0
DA:56,6
DA:59,0
DA:60,24
DA:61,24
DA:64,0
DA:65,12
DA:68,0
DA:69,12
DA:72,0
DA:73,48
DA:74,48
DA:100,0
DA:101,12
DA:102,12
DA:103,12
DA:111,20
DA:112,8
DA:114,0
DA:115,6
DA:116,6
DA:118,6
DA:119,12
DA:121,6
DA:122,6
DA:123,6
DA:124,6
DA:126,6
DA:127,12
DA:128,12
DA:130,12
DA:131,24
DA:132,6
DA:133,12
DA:134,6
DA:137,6
DA:139,6
DA:140,6
DA:144,0
DA:145,6
DA:146,12
DA:147,6
DA:149,6
DA:150,6
DA:152,6
DA:153,12
DA:155,6
DA:156,12
DA:157,12
DA:158,6
DA:159,6
DA:160,6
DA:161,0
DA:162,0
DA:163,0
DA:165,6
DA:167,12
DA:168,12
DA:169,24
DA:170,12
DA:174,6
DA:175,6
DA:176,6
DA:177,12
DA:178,6
DA:179,12
DA:180,0
DA:186,20
DA:190,20
DA:192,8
DA:193,8
DA:194,12
DA:195,12
DA:198,32
DA:200,20
DA:202,32
DA:207,32
DA:210,20
DA:211,28
DA:213,0
DA:214,0
DA:215,28
DA:216,8
DA:217,8
DA:218,26
DA:220,8
DA:221,26
DA:222,8
DA:223,8
DA:225,8
DA:226,8
DA:227,0
DA:228,0
DA:229,0
DA:230,0
DA:231,0
DA:232,0
DA:233,0
DA:235,0
DA:236,0
DA:237,0
DA:239,0
DA:240,0
DA:248,20
DA:253,8
DA:256,456
DA:267,0
DA:268,0
DA:270,0
DA:273,0
DA:274,0
DA:279,0
DA:287,0
DA:292,0
DA:307,0
DA:309,228
DA:324,12
DA:325,12
DA:326,12
DA:327,12
DA:331,12
DA:333,12
DA:334,0
DA:336,12
DA:339,12
DA:340,12
DA:341,12
DA:342,12
DA:345,12
DA:352,0
DA:388,0
DA:389,0
DA:399,0
DA:400,0
DA:426,0
DA:428,154
DA:435,0
DA:437,0
DA:448,0
DA:452,20
DA:458,20
DA:460,320
DA:471,28
DA:472,28
DA:473,28
DA:474,28
DA:475,28
DA:477,28
DA:478,24
DA:479,24
DA:480,92
DA:482,24
DA:485,0
DA:513,472
DA:514,472
DA:515,472
DA:516,472
DA:517,0
DA:523,152
DA:529,320
DA:541,0
DA:547,20
DA:548,20
DA:554,0
LF:184
LH:135
BRDA:38,0,0,2
BRDA:38,0,1,0
BRDA:47,1,0,12
BRDA:47,1,1,0
BRDA:49,2,0,12
BRDA:49,2,1,0
BRDA:51,3,0,12
BRDA:51,3,1,0
BRDA:52,4,0,0
BRDA:52,4,1,0
BRDA:103,5,0,12
BRDA:103,5,1,12
BRDA:112,6,0,2
BRDA:112,6,1,0
BRDA:119,7,0,6
BRDA:119,7,1,0
BRDA:131,8,0,18
BRDA:131,8,1,0
BRDA:132,9,0,6
BRDA:132,9,1,0
BRDA:139,10,0,6
BRDA:139,10,1,0
BRDA:157,11,0,18
BRDA:157,11,1,6
BRDA:158,12,0,0
BRDA:158,12,1,0
BRDA:167,13,0,12
BRDA:167,13,1,0
BRDA:179,14,0,0
BRDA:179,14,1,0
BRDA:195,15,0,12
BRDA:195,15,1,0
BRDA:221,16,0,6
BRDA:221,16,1,0
BRDA:221,17,0,6
BRDA:221,17,1,6
BRDA:221,17,2,6
BRDA:227,18,0,0
BRDA:227,18,1,0
BRDA:239,19,0,0
BRDA:239,19,1,0
BRDA:327,20,0,0
BRDA:327,20,1,12
BRDA:328,21,0,0
BRDA:328,21,1,0
BRDA:339,22,0,12
BRDA:339,22,1,12
BRDA:340,23,0,12
BRDA:340,23,1,0
BRDA:341,24,0,12
BRDA:341,24,1,0
BRDA:342,25,0,12
BRDA:342,25,1,0
BRDA:342,26,0,12
BRDA:342,26,1,0
BRDA:345,27,0,12
BRDA:345,27,1,0
BRDA:358,28,0,12
BRDA:358,28,1,0
BRDA:359,29,0,12
BRDA:359,29,1,0
BRDA:363,30,0,12
BRDA:363,30,1,0
BRDA:366,31,0,12
BRDA:366,31,1,0
BRDA:374,32,0,12
BRDA:374,32,1,0
BRDA:394,33,0,12
BRDA:394,33,1,0
BRDA:408,34,0,12
BRDA:408,34,1,0
BRDA:410,35,0,12
BRDA:410,35,1,0
BRDA:413,36,0,12
BRDA:413,36,1,12
BRDA:413,36,2,0
BRDA:416,37,0,12
BRDA:416,37,1,0
BRDA:419,38,0,0
BRDA:419,38,1,0
BRDA:443,39,0,0
BRDA:443,39,1,0
BRDA:451,40,0,0
BRDA:451,40,1,0
BRDA:451,40,2,0
BRDA:525,41,0,152
BRDA:525,41,1,152
BRDA:525,41,2,0
BRDA:558,42,0,8
BRDA:558,42,1,0
BRDA:157,43,0,18
BRDA:157,43,1,6
BRDA:333,44,0,0
BRDA:333,44,1,0
BRDA:342,45,0,12
BRDA:342,45,1,0
BRDA:448,46,0,0
BRDA:448,46,1,0
BRDA:37,47,0,20
BRDA:46,48,0,0
BRDA:46,48,1,0
BRDA:48,49,0,0
BRDA:48,49,1,0
BRDA:49,50,0,0
BRDA:102,51,0,0
BRDA:102,51,1,0
BRDA:111,52,0,20
BRDA:118,53,0,0
BRDA:130,54,0,0
BRDA:131,55,0,0
BRDA:137,56,0,0
BRDA:156,57,0,0
BRDA:156,57,1,0
BRDA:157,58,0,0
BRDA:165,59,0,0
BRDA:178,60,0,0
BRDA:194,61,0,0
BRDA:194,61,1,0
BRDA:216,62,0,0
BRDA:216,63,0,0
BRDA:216,63,1,0
BRDA:216,63,2,0
BRDA:222,64,0,0
BRDA:233,65,0,0
BRDA:326,66,0,0
BRDA:326,66,1,0
BRDA:327,67,0,0
BRDA:327,67,1,0
BRDA:331,68,0,0
BRDA:331,68,1,0
BRDA:333,69,0,0
BRDA:333,69,1,0
BRDA:336,70,0,0
BRDA:336,70,1,0
BRDA:340,71,0,0
BRDA:340,71,1,0
BRDA:348,72,0,12
BRDA:348,72,1,0
BRDA:370,73,0,0
BRDA:413,74,0,12
BRDA:413,74,1,12
BRDA:309,75,0,0
BRDA:309,75,1,0
BRDA:309,75,2,0
BRDA:546,76,0,20
BRF:145
BRH:50
end_of_record
TN:
SF:src/shared/ui/timeline/TimelineBar.stories.tsx
FN:12,(anonymous_0)
FN:24,todayAt
FN:248,(anonymous_2)
FNF:3
FNH:0
FNDA:0,(anonymous_0)
FNDA:0,todayAt
FNDA:0,(anonymous_2)
DA:4,0
DA:13,0
DA:25,0
DA:26,0
DA:27,0
DA:32,0
DA:48,0
DA:82,0
DA:116,0
DA:186,0
DA:192,0
DA:217,0
DA:248,0
DA:252,0
LF:14
LH:0
BRDA:24,0,0,0
BRF:1
BRH:0
end_of_record
TN:
SF:src/shared/ui/timeline/TimelineBar.tsx
FN:31,formatTime
FN:39,computeLayout
FN:44,(anonymous_2)
FN:50,(anonymous_3)
FN:54,(anonymous_4)
FN:67,(anonymous_5)
FN:126,TimelineBar
FN:127,(anonymous_7)
FN:147,(anonymous_8)
FN:160,(anonymous_9)
FN:174,(anonymous_10)
FN:199,(anonymous_11)
FN:220,(anonymous_12)
FN:221,(anonymous_13)
FN:31,formatTime
FN:39,computeLayout
FN:44,(anonymous_2)
FN:50,(anonymous_3)
FN:67,(anonymous_5)
FN:126,TimelineBar
FN:160,(anonymous_9)
FN:220,(anonymous_12)
FN:221,(anonymous_13)
FN:6,formatTime
FN:37,computeLayout
FN:42,(anonymous_2)
FN:48,(anonymous_3)
FN:52,(anonymous_4)
FN:65,(anonymous_5)
FN:173,(anonymous_10)
FN:198,(anonymous_11)
FNF:31
FNH:17
FNDA:0,formatTime
FNDA:0,computeLayout
FNDA:0,(anonymous_2)
FNDA:0,(anonymous_3)
FNDA:146,(anonymous_4)
FNDA:0,(anonymous_5)
FNDA:0,TimelineBar
FNDA:156,(anonymous_7)
FNDA:0,(anonymous_8)
FNDA:0,(anonymous_9)
FNDA:0,(anonymous_10)
FNDA:1,(anonymous_11)
FNDA:0,(anonymous_12)
FNDA:0,(anonymous_13)
FNDA:1520,formatTime
FNDA:156,computeLayout
FNDA:146,(anonymous_2)
FNDA:78,(anonymous_3)
FNDA:428,(anonymous_5)
FNDA:450,TimelineBar
FNDA:780,(anonymous_9)
FNDA:780,(anonymous_12)
FNDA:0,(anonymous_13)
FNDA:0,formatTime
FNDA:0,computeLayout
FNDA:156,(anonymous_2)
FNDA:156,(anonymous_3)
FNDA:156,(anonymous_4)
FNDA:156,(anonymous_5)
FNDA:780,(anonymous_10)
FNDA:780,(anonymous_11)
DA:31,0
DA:32,1520
DA:39,0
DA:40,156
DA:42,68
DA:44,146
DA:48,0
DA:50,78
DA:52,68
DA:53,68
DA:54,146
DA:58,68
DA:59,68
DA:60,68
DA:62,68
DA:64,68
DA:65,68
DA:67,68
DA:68,428
DA:70,0
DA:71,68
DA:72,68
DA:73,136
DA:74,136
DA:75,136
DA:76,136
DA:77,68
DA:78,0
DA:79,0
DA:89,68
DA:90,68
DA:92,68
DA:93,146
DA:94,146
DA:96,68
DA:97,146
DA:98,146
DA:99,146
DA:100,146
DA:101,16
DA:111,68
DA:113,146
DA:118,68
DA:120,146
DA:121,0
DA:123,68
DA:126,450
DA:127,450
DA:129,450
DA:130,0
DA:143,0
DA:148,0
DA:159,358
DA:160,358
DA:161,780
DA:162,66
DA:163,66
DA:164,66
DA:165,0
DA:173,66
DA:174,0
DA:178,358
DA:180,714
DA:181,714
DA:182,714
DA:183,714
DA:187,0
DA:198,714
DA:199,1
DA:218,358
DA:220,780
DA:222,0
DA:223,0
LF:73
LH:58
BRDA:40,0,0,88
BRDA:40,0,1,0
BRDA:47,1,0,138
BRDA:47,1,1,8
BRDA:54,2,0,0
BRDA:54,2,1,0
BRDA:62,3,0,0
BRDA:62,3,1,0
BRDA:76,4,0,136
BRDA:76,4,1,0
BRDA:76,5,0,136
BRDA:76,5,1,68
BRDA:97,6,0,16
BRDA:97,6,1,0
BRDA:129,7,0,92
BRDA:129,7,1,0
BRDA:161,8,0,66
BRDA:161,8,1,0
BRDA:171,9,0,66
BRDA:171,9,1,66
BRDA:183,10,0,40
BRDA:183,10,1,674
BRDA:184,11,0,40
BRDA:184,11,1,40
BRDA:196,12,0,714
BRDA:196,12,1,40
BRDA:200,13,0,40
BRDA:200,13,1,674
BRDA:207,14,0,714
BRDA:207,14,1,0
BRDA:220,15,0,780
BRDA:220,15,1,714
BRDA:54,16,0,78
BRDA:54,16,1,68
BRDA:174,17,0,0
BRDA:174,17,1,0
BRDA:199,18,0,1
BRDA:199,18,1,1
BRDA:39,19,0,0
BRDA:46,20,0,0
BRDA:46,20,1,0
BRDA:52,21,0,0
BRDA:52,21,1,0
BRDA:60,22,0,0
BRDA:75,23,0,0
BRDA:75,24,0,0
BRDA:75,24,1,0
BRDA:96,25,0,0
BRDA:164,26,0,66
BRDA:164,26,1,714
BRDA:180,27,0,0
BRDA:180,27,1,0
BRDA:185,28,0,0
BRDA:185,28,1,0
BRDA:198,29,0,0
BRDA:198,29,1,0
BRF:56
BRH:28
end_of_record
TN:
SF:src/shared/ui/timer/StartTimerButton.stories.tsx
FN:37,(anonymous_0)
FN:52,(anonymous_1)
FNF:2
FNH:0
FNDA:0,(anonymous_0)
FNDA:0,(anonymous_1)
DA:4,0
DA:16,0
DA:22,0
DA:28,0
DA:35,0
DA:38,0
DA:50,0
DA:53,0
LF:8
LH:0
BRF:0
BRH:0
end_of_record
TN:
SF:src/shared/ui/timer/StartTimerButton.tsx
FN:11,StartTimerButton
FN:11,StartTimerButton
FNF:2
FNH:1
FNDA:0,StartTimerButton
FNDA:20268,StartTimerButton
DA:11,20268
DA:12,0
LF:2
LH:1
BRDA:11,0,0,0
BRDA:11,1,0,0
BRDA:22,2,0,70
BRDA:22,2,1,20198
BRDA:27,3,0,70
BRDA:27,3,1,20198
BRDA:29,4,0,0
BRDA:29,4,1,0
BRDA:11,5,0,0
BRDA:11,6,0,0
BRDA:29,7,0,70
BRDA:11,8,0,0
BRDA:16,9,0,0
BRDA:16,9,1,0
BRDA:18,10,0,0
BRDA:18,10,1,0
BRF:16
BRH:5
end_of_record
TN:
SF:src/shared/ui/timer/TimeSpentBadge.stories.tsx
FNF:0
FNH:0
DA:4,0
DA:16,0
DA:23,0
DA:30,0
DA:37,0
DA:44,0
DA:51,0
DA:58,0
LF:8
LH:0
BRF:0
BRH:0
end_of_record
TN:
SF:src/shared/ui/timer/TimeSpentBadge.tsx
FN:12,TimeSpentBadge
FN:12,TimeSpentBadge
FNF:2
FNH:1
FNDA:0,TimeSpentBadge
FNDA:1024,TimeSpentBadge
DA:12,1024
DA:13,1024
DA:15,1024
DA:16,1024
DA:18,1024
DA:20,0
LF:6
LH:5
BRDA:13,0,0,0
BRDA:13,0,1,0
BRDA:16,1,0,0
BRDA:16,1,1,1024
BRDA:18,2,0,0
BRDA:18,2,1,1024
BRDA:26,3,0,0
BRDA:26,3,1,1024
BRDA:33,4,0,1024
BRDA:33,4,1,0
BRDA:12,5,0,0
BRDA:15,6,0,0
BRDA:15,6,1,0
BRDA:16,7,0,0
BRDA:16,7,1,0
BRDA:23,8,0,0
BRDA:23,8,1,0
BRDA:32,9,0,0
BRF:18
BRH:4
end_of_record
TN:
SF:src/shared/ui/timer/TimerBar.stories.tsx
FN:11,(anonymous_0)
FNF:1
FNH:0
FNDA:0,(anonymous_0)
DA:4,0
DA:12,0
DA:23,0
DA:32,0
DA:42,0
DA:51,0
DA:61,0
DA:71,0
DA:82,0
LF:9
LH:0
BRF:0
BRH:0
end_of_record
TN:
SF:src/shared/ui/timer/TimerBar.tsx
FN:25,TimerBar
FN:64,(anonymous_1)
FN:65,(anonymous_2)
FN:81,(anonymous_3)
FN:82,(anonymous_4)
FN:25,TimerBar
FN:63,(anonymous_1)
FN:64,(anonymous_2)
FN:80,(anonymous_3)
FN:81,(anonymous_4)
FNF:10
FNH:7
FNDA:0,TimerBar
FNDA:0,(anonymous_1)
FNDA:0,(anonymous_2)
FNDA:4,(anonymous_3)
FNDA:2,(anonymous_4)
FNDA:178,TimerBar
FNDA:178,(anonymous_1)
FNDA:178,(anonymous_2)
FNDA:178,(anonymous_3)
FNDA:178,(anonymous_4)
DA:25,178
DA:41,0
DA:63,178
DA:64,178
DA:65,0
DA:80,178
DA:81,178
DA:82,2
LF:8
LH:6
BRDA:30,0,0,0
BRDA:31,1,0,0
BRDA:47,2,0,104
BRDA:47,2,1,74
BRDA:55,3,0,104
BRDA:55,3,1,74
BRDA:68,4,0,178
BRDA:68,4,1,104
BRDA:72,5,0,104
BRDA:72,5,1,74
BRDA:73,6,0,0
BRDA:73,6,1,0
BRDA:80,7,0,74
BRDA:80,7,1,74
BRDA:90,8,0,178
BRDA:90,8,1,104
BRDA:101,9,0,178
BRDA:101,9,1,0
BRDA:102,10,0,0
BRDA:102,10,1,4
BRDA:106,11,0,178
BRDA:106,11,1,0
BRDA:109,12,0,0
BRDA:109,12,1,8
BRDA:115,13,0,178
BRDA:115,13,1,0
BRDA:123,14,0,0
BRDA:123,14,1,0
BRDA:152,15,0,104
BRDA:152,15,1,74
BRDA:30,16,0,0
BRDA:31,17,0,0
BRDA:64,18,0,0
BRDA:64,18,1,0
BRDA:65,19,0,0
BRDA:65,19,1,0
BRDA:74,20,0,104
BRDA:81,21,0,4
BRDA:81,21,1,4
BRDA:82,22,0,2
BRDA:82,22,1,4
BRDA:124,23,0,104
BRDA:40,24,0,0
BRDA:43,25,0,0
BRDA:43,25,1,0
BRDA:55,26,0,0
BRDA:55,26,1,0
BRDA:72,27,0,0
BRDA:72,27,1,0
BRDA:79,28,0,104
BRDA:79,28,1,74
BRDA:87,29,0,0
BRDA:87,29,1,0
BRDA:101,30,0,178
BRDA:101,30,1,4
BRDA:107,31,0,178
BRDA:107,31,1,8
BRDA:149,32,0,0
BRDA:149,32,1,0
BRF:59
BRH:31
end_of_record
